[2023-05-29T22:42:27.482+0000] {processor.py:157} INFO - Started process (PID=47) to work on /home/airflow/.local/lib/python3.7/site-packages/airflow/example_dags/example_latest_only_with_trigger.py
[2023-05-29T22:42:27.483+0000] {processor.py:826} INFO - Processing file /home/airflow/.local/lib/python3.7/site-packages/airflow/example_dags/example_latest_only_with_trigger.py for tasks to queue
[2023-05-29T22:42:27.484+0000] {logging_mixin.py:149} INFO - [2023-05-29T22:42:27.484+0000] {dagbag.py:541} INFO - Filling up the DagBag from /home/airflow/.local/lib/python3.7/site-packages/airflow/example_dags/example_latest_only_with_trigger.py
[2023-05-29T22:42:27.496+0000] {processor.py:836} INFO - DAG(s) dict_keys(['latest_only_with_trigger']) retrieved from /home/airflow/.local/lib/python3.7/site-packages/airflow/example_dags/example_latest_only_with_trigger.py
[2023-05-29T22:42:27.511+0000] {logging_mixin.py:149} INFO - [2023-05-29T22:42:27.511+0000] {dag.py:2726} INFO - Sync 1 DAGs
[2023-05-29T22:42:27.547+0000] {logging_mixin.py:149} INFO - [2023-05-29T22:42:27.547+0000] {dag.py:3490} INFO - Setting next_dagrun for latest_only_with_trigger to 2023-05-29T18:42:27.547184+00:00, run_after=2023-05-29T22:42:27.547184+00:00
[2023-05-29T22:42:27.563+0000] {processor.py:179} INFO - Processing /home/airflow/.local/lib/python3.7/site-packages/airflow/example_dags/example_latest_only_with_trigger.py took 0.088 seconds
[2023-05-29T22:42:58.023+0000] {processor.py:157} INFO - Started process (PID=103) to work on /home/airflow/.local/lib/python3.7/site-packages/airflow/example_dags/example_latest_only_with_trigger.py
[2023-05-29T22:42:58.027+0000] {processor.py:826} INFO - Processing file /home/airflow/.local/lib/python3.7/site-packages/airflow/example_dags/example_latest_only_with_trigger.py for tasks to queue
[2023-05-29T22:42:58.034+0000] {logging_mixin.py:149} INFO - [2023-05-29T22:42:58.034+0000] {dagbag.py:541} INFO - Filling up the DagBag from /home/airflow/.local/lib/python3.7/site-packages/airflow/example_dags/example_latest_only_with_trigger.py
[2023-05-29T22:42:58.044+0000] {processor.py:836} INFO - DAG(s) dict_keys(['latest_only_with_trigger']) retrieved from /home/airflow/.local/lib/python3.7/site-packages/airflow/example_dags/example_latest_only_with_trigger.py
[2023-05-29T22:42:58.071+0000] {logging_mixin.py:149} INFO - [2023-05-29T22:42:58.071+0000] {dag.py:2726} INFO - Sync 1 DAGs
[2023-05-29T22:42:58.088+0000] {logging_mixin.py:149} INFO - [2023-05-29T22:42:58.088+0000] {dag.py:3490} INFO - Setting next_dagrun for latest_only_with_trigger to 2023-05-29T18:42:58.087791+00:00, run_after=2023-05-29T22:42:58.087791+00:00
[2023-05-29T22:42:58.099+0000] {processor.py:179} INFO - Processing /home/airflow/.local/lib/python3.7/site-packages/airflow/example_dags/example_latest_only_with_trigger.py took 0.079 seconds
[2023-05-29T22:43:29.016+0000] {processor.py:157} INFO - Started process (PID=159) to work on /home/airflow/.local/lib/python3.7/site-packages/airflow/example_dags/example_latest_only_with_trigger.py
[2023-05-29T22:43:29.017+0000] {processor.py:826} INFO - Processing file /home/airflow/.local/lib/python3.7/site-packages/airflow/example_dags/example_latest_only_with_trigger.py for tasks to queue
[2023-05-29T22:43:29.018+0000] {logging_mixin.py:149} INFO - [2023-05-29T22:43:29.018+0000] {dagbag.py:541} INFO - Filling up the DagBag from /home/airflow/.local/lib/python3.7/site-packages/airflow/example_dags/example_latest_only_with_trigger.py
[2023-05-29T22:43:29.026+0000] {processor.py:836} INFO - DAG(s) dict_keys(['latest_only_with_trigger']) retrieved from /home/airflow/.local/lib/python3.7/site-packages/airflow/example_dags/example_latest_only_with_trigger.py
[2023-05-29T22:43:29.048+0000] {logging_mixin.py:149} INFO - [2023-05-29T22:43:29.047+0000] {dag.py:2726} INFO - Sync 1 DAGs
[2023-05-29T22:43:29.066+0000] {logging_mixin.py:149} INFO - [2023-05-29T22:43:29.065+0000] {dag.py:3490} INFO - Setting next_dagrun for latest_only_with_trigger to 2023-05-29T18:43:29.065721+00:00, run_after=2023-05-29T22:43:29.065721+00:00
[2023-05-29T22:43:29.079+0000] {processor.py:179} INFO - Processing /home/airflow/.local/lib/python3.7/site-packages/airflow/example_dags/example_latest_only_with_trigger.py took 0.065 seconds
[2023-05-29T22:43:59.544+0000] {processor.py:157} INFO - Started process (PID=215) to work on /home/airflow/.local/lib/python3.7/site-packages/airflow/example_dags/example_latest_only_with_trigger.py
[2023-05-29T22:43:59.545+0000] {processor.py:826} INFO - Processing file /home/airflow/.local/lib/python3.7/site-packages/airflow/example_dags/example_latest_only_with_trigger.py for tasks to queue
[2023-05-29T22:43:59.546+0000] {logging_mixin.py:149} INFO - [2023-05-29T22:43:59.546+0000] {dagbag.py:541} INFO - Filling up the DagBag from /home/airflow/.local/lib/python3.7/site-packages/airflow/example_dags/example_latest_only_with_trigger.py
[2023-05-29T22:43:59.551+0000] {processor.py:836} INFO - DAG(s) dict_keys(['latest_only_with_trigger']) retrieved from /home/airflow/.local/lib/python3.7/site-packages/airflow/example_dags/example_latest_only_with_trigger.py
[2023-05-29T22:43:59.572+0000] {logging_mixin.py:149} INFO - [2023-05-29T22:43:59.572+0000] {dag.py:2726} INFO - Sync 1 DAGs
[2023-05-29T22:43:59.590+0000] {logging_mixin.py:149} INFO - [2023-05-29T22:43:59.590+0000] {dag.py:3490} INFO - Setting next_dagrun for latest_only_with_trigger to 2023-05-29T18:43:59.590512+00:00, run_after=2023-05-29T22:43:59.590512+00:00
[2023-05-29T22:43:59.602+0000] {processor.py:179} INFO - Processing /home/airflow/.local/lib/python3.7/site-packages/airflow/example_dags/example_latest_only_with_trigger.py took 0.061 seconds
[2023-05-29T22:44:29.927+0000] {processor.py:157} INFO - Started process (PID=279) to work on /home/airflow/.local/lib/python3.7/site-packages/airflow/example_dags/example_latest_only_with_trigger.py
[2023-05-29T22:44:29.937+0000] {processor.py:826} INFO - Processing file /home/airflow/.local/lib/python3.7/site-packages/airflow/example_dags/example_latest_only_with_trigger.py for tasks to queue
[2023-05-29T22:44:29.938+0000] {logging_mixin.py:149} INFO - [2023-05-29T22:44:29.938+0000] {dagbag.py:541} INFO - Filling up the DagBag from /home/airflow/.local/lib/python3.7/site-packages/airflow/example_dags/example_latest_only_with_trigger.py
[2023-05-29T22:44:29.944+0000] {processor.py:836} INFO - DAG(s) dict_keys(['latest_only_with_trigger']) retrieved from /home/airflow/.local/lib/python3.7/site-packages/airflow/example_dags/example_latest_only_with_trigger.py
[2023-05-29T22:44:29.965+0000] {logging_mixin.py:149} INFO - [2023-05-29T22:44:29.965+0000] {dag.py:2726} INFO - Sync 1 DAGs
[2023-05-29T22:44:29.982+0000] {logging_mixin.py:149} INFO - [2023-05-29T22:44:29.982+0000] {dag.py:3490} INFO - Setting next_dagrun for latest_only_with_trigger to 2023-05-29T18:44:29.982062+00:00, run_after=2023-05-29T22:44:29.982062+00:00
[2023-05-29T22:44:29.993+0000] {processor.py:179} INFO - Processing /home/airflow/.local/lib/python3.7/site-packages/airflow/example_dags/example_latest_only_with_trigger.py took 0.069 seconds
[2023-05-29T22:45:00.548+0000] {processor.py:157} INFO - Started process (PID=335) to work on /home/airflow/.local/lib/python3.7/site-packages/airflow/example_dags/example_latest_only_with_trigger.py
[2023-05-29T22:45:00.549+0000] {processor.py:826} INFO - Processing file /home/airflow/.local/lib/python3.7/site-packages/airflow/example_dags/example_latest_only_with_trigger.py for tasks to queue
[2023-05-29T22:45:00.550+0000] {logging_mixin.py:149} INFO - [2023-05-29T22:45:00.550+0000] {dagbag.py:541} INFO - Filling up the DagBag from /home/airflow/.local/lib/python3.7/site-packages/airflow/example_dags/example_latest_only_with_trigger.py
[2023-05-29T22:45:00.555+0000] {processor.py:836} INFO - DAG(s) dict_keys(['latest_only_with_trigger']) retrieved from /home/airflow/.local/lib/python3.7/site-packages/airflow/example_dags/example_latest_only_with_trigger.py
[2023-05-29T22:45:00.575+0000] {logging_mixin.py:149} INFO - [2023-05-29T22:45:00.575+0000] {dag.py:2726} INFO - Sync 1 DAGs
[2023-05-29T22:45:00.593+0000] {logging_mixin.py:149} INFO - [2023-05-29T22:45:00.593+0000] {dag.py:3490} INFO - Setting next_dagrun for latest_only_with_trigger to 2023-05-29T18:45:00.592807+00:00, run_after=2023-05-29T22:45:00.592807+00:00
[2023-05-29T22:45:00.605+0000] {processor.py:179} INFO - Processing /home/airflow/.local/lib/python3.7/site-packages/airflow/example_dags/example_latest_only_with_trigger.py took 0.059 seconds
[2023-05-29T22:45:31.056+0000] {processor.py:157} INFO - Started process (PID=391) to work on /home/airflow/.local/lib/python3.7/site-packages/airflow/example_dags/example_latest_only_with_trigger.py
[2023-05-29T22:45:31.057+0000] {processor.py:826} INFO - Processing file /home/airflow/.local/lib/python3.7/site-packages/airflow/example_dags/example_latest_only_with_trigger.py for tasks to queue
[2023-05-29T22:45:31.058+0000] {logging_mixin.py:149} INFO - [2023-05-29T22:45:31.058+0000] {dagbag.py:541} INFO - Filling up the DagBag from /home/airflow/.local/lib/python3.7/site-packages/airflow/example_dags/example_latest_only_with_trigger.py
[2023-05-29T22:45:31.063+0000] {processor.py:836} INFO - DAG(s) dict_keys(['latest_only_with_trigger']) retrieved from /home/airflow/.local/lib/python3.7/site-packages/airflow/example_dags/example_latest_only_with_trigger.py
[2023-05-29T22:45:31.083+0000] {logging_mixin.py:149} INFO - [2023-05-29T22:45:31.083+0000] {dag.py:2726} INFO - Sync 1 DAGs
[2023-05-29T22:45:31.101+0000] {logging_mixin.py:149} INFO - [2023-05-29T22:45:31.101+0000] {dag.py:3490} INFO - Setting next_dagrun for latest_only_with_trigger to 2023-05-29T18:45:31.101545+00:00, run_after=2023-05-29T22:45:31.101545+00:00
[2023-05-29T22:45:31.120+0000] {processor.py:179} INFO - Processing /home/airflow/.local/lib/python3.7/site-packages/airflow/example_dags/example_latest_only_with_trigger.py took 0.067 seconds
[2023-05-29T22:46:01.702+0000] {processor.py:157} INFO - Started process (PID=447) to work on /home/airflow/.local/lib/python3.7/site-packages/airflow/example_dags/example_latest_only_with_trigger.py
[2023-05-29T22:46:01.705+0000] {processor.py:826} INFO - Processing file /home/airflow/.local/lib/python3.7/site-packages/airflow/example_dags/example_latest_only_with_trigger.py for tasks to queue
[2023-05-29T22:46:01.706+0000] {logging_mixin.py:149} INFO - [2023-05-29T22:46:01.706+0000] {dagbag.py:541} INFO - Filling up the DagBag from /home/airflow/.local/lib/python3.7/site-packages/airflow/example_dags/example_latest_only_with_trigger.py
[2023-05-29T22:46:01.717+0000] {processor.py:836} INFO - DAG(s) dict_keys(['latest_only_with_trigger']) retrieved from /home/airflow/.local/lib/python3.7/site-packages/airflow/example_dags/example_latest_only_with_trigger.py
[2023-05-29T22:46:01.745+0000] {logging_mixin.py:149} INFO - [2023-05-29T22:46:01.745+0000] {dag.py:2726} INFO - Sync 1 DAGs
[2023-05-29T22:46:01.772+0000] {logging_mixin.py:149} INFO - [2023-05-29T22:46:01.772+0000] {dag.py:3490} INFO - Setting next_dagrun for latest_only_with_trigger to 2023-05-29T18:46:01.772604+00:00, run_after=2023-05-29T22:46:01.772604+00:00
[2023-05-29T22:46:01.786+0000] {processor.py:179} INFO - Processing /home/airflow/.local/lib/python3.7/site-packages/airflow/example_dags/example_latest_only_with_trigger.py took 0.090 seconds
[2023-05-29T22:46:31.994+0000] {processor.py:157} INFO - Started process (PID=503) to work on /home/airflow/.local/lib/python3.7/site-packages/airflow/example_dags/example_latest_only_with_trigger.py
[2023-05-29T22:46:31.997+0000] {processor.py:826} INFO - Processing file /home/airflow/.local/lib/python3.7/site-packages/airflow/example_dags/example_latest_only_with_trigger.py for tasks to queue
[2023-05-29T22:46:31.998+0000] {logging_mixin.py:149} INFO - [2023-05-29T22:46:31.998+0000] {dagbag.py:541} INFO - Filling up the DagBag from /home/airflow/.local/lib/python3.7/site-packages/airflow/example_dags/example_latest_only_with_trigger.py
[2023-05-29T22:46:32.009+0000] {processor.py:836} INFO - DAG(s) dict_keys(['latest_only_with_trigger']) retrieved from /home/airflow/.local/lib/python3.7/site-packages/airflow/example_dags/example_latest_only_with_trigger.py
[2023-05-29T22:46:32.033+0000] {logging_mixin.py:149} INFO - [2023-05-29T22:46:32.033+0000] {dag.py:2726} INFO - Sync 1 DAGs
[2023-05-29T22:46:32.054+0000] {logging_mixin.py:149} INFO - [2023-05-29T22:46:32.054+0000] {dag.py:3490} INFO - Setting next_dagrun for latest_only_with_trigger to 2023-05-29T18:46:32.054590+00:00, run_after=2023-05-29T22:46:32.054590+00:00
[2023-05-29T22:46:32.067+0000] {processor.py:179} INFO - Processing /home/airflow/.local/lib/python3.7/site-packages/airflow/example_dags/example_latest_only_with_trigger.py took 0.077 seconds
[2023-05-29T22:47:02.203+0000] {processor.py:157} INFO - Started process (PID=559) to work on /home/airflow/.local/lib/python3.7/site-packages/airflow/example_dags/example_latest_only_with_trigger.py
[2023-05-29T22:47:02.210+0000] {processor.py:826} INFO - Processing file /home/airflow/.local/lib/python3.7/site-packages/airflow/example_dags/example_latest_only_with_trigger.py for tasks to queue
[2023-05-29T22:47:02.212+0000] {logging_mixin.py:149} INFO - [2023-05-29T22:47:02.212+0000] {dagbag.py:541} INFO - Filling up the DagBag from /home/airflow/.local/lib/python3.7/site-packages/airflow/example_dags/example_latest_only_with_trigger.py
[2023-05-29T22:47:02.218+0000] {processor.py:836} INFO - DAG(s) dict_keys(['latest_only_with_trigger']) retrieved from /home/airflow/.local/lib/python3.7/site-packages/airflow/example_dags/example_latest_only_with_trigger.py
[2023-05-29T22:47:02.243+0000] {logging_mixin.py:149} INFO - [2023-05-29T22:47:02.243+0000] {dag.py:2726} INFO - Sync 1 DAGs
[2023-05-29T22:47:02.266+0000] {logging_mixin.py:149} INFO - [2023-05-29T22:47:02.266+0000] {dag.py:3490} INFO - Setting next_dagrun for latest_only_with_trigger to 2023-05-29T18:47:02.266258+00:00, run_after=2023-05-29T22:47:02.266258+00:00
[2023-05-29T22:47:02.280+0000] {processor.py:179} INFO - Processing /home/airflow/.local/lib/python3.7/site-packages/airflow/example_dags/example_latest_only_with_trigger.py took 0.081 seconds
[2023-05-29T22:47:32.461+0000] {processor.py:157} INFO - Started process (PID=614) to work on /home/airflow/.local/lib/python3.7/site-packages/airflow/example_dags/example_latest_only_with_trigger.py
[2023-05-29T22:47:32.463+0000] {processor.py:826} INFO - Processing file /home/airflow/.local/lib/python3.7/site-packages/airflow/example_dags/example_latest_only_with_trigger.py for tasks to queue
[2023-05-29T22:47:32.464+0000] {logging_mixin.py:149} INFO - [2023-05-29T22:47:32.463+0000] {dagbag.py:541} INFO - Filling up the DagBag from /home/airflow/.local/lib/python3.7/site-packages/airflow/example_dags/example_latest_only_with_trigger.py
[2023-05-29T22:47:32.468+0000] {processor.py:836} INFO - DAG(s) dict_keys(['latest_only_with_trigger']) retrieved from /home/airflow/.local/lib/python3.7/site-packages/airflow/example_dags/example_latest_only_with_trigger.py
[2023-05-29T22:47:32.488+0000] {logging_mixin.py:149} INFO - [2023-05-29T22:47:32.488+0000] {dag.py:2726} INFO - Sync 1 DAGs
[2023-05-29T22:47:32.507+0000] {logging_mixin.py:149} INFO - [2023-05-29T22:47:32.507+0000] {dag.py:3490} INFO - Setting next_dagrun for latest_only_with_trigger to 2023-05-29T18:47:32.507357+00:00, run_after=2023-05-29T22:47:32.507357+00:00
[2023-05-29T22:47:32.520+0000] {processor.py:179} INFO - Processing /home/airflow/.local/lib/python3.7/site-packages/airflow/example_dags/example_latest_only_with_trigger.py took 0.061 seconds
[2023-05-29T22:48:02.701+0000] {processor.py:157} INFO - Started process (PID=670) to work on /home/airflow/.local/lib/python3.7/site-packages/airflow/example_dags/example_latest_only_with_trigger.py
[2023-05-29T22:48:02.703+0000] {processor.py:826} INFO - Processing file /home/airflow/.local/lib/python3.7/site-packages/airflow/example_dags/example_latest_only_with_trigger.py for tasks to queue
[2023-05-29T22:48:02.704+0000] {logging_mixin.py:149} INFO - [2023-05-29T22:48:02.704+0000] {dagbag.py:541} INFO - Filling up the DagBag from /home/airflow/.local/lib/python3.7/site-packages/airflow/example_dags/example_latest_only_with_trigger.py
[2023-05-29T22:48:02.709+0000] {processor.py:836} INFO - DAG(s) dict_keys(['latest_only_with_trigger']) retrieved from /home/airflow/.local/lib/python3.7/site-packages/airflow/example_dags/example_latest_only_with_trigger.py
[2023-05-29T22:48:02.734+0000] {logging_mixin.py:149} INFO - [2023-05-29T22:48:02.733+0000] {dag.py:2726} INFO - Sync 1 DAGs
[2023-05-29T22:48:02.751+0000] {logging_mixin.py:149} INFO - [2023-05-29T22:48:02.751+0000] {dag.py:3490} INFO - Setting next_dagrun for latest_only_with_trigger to 2023-05-29T18:48:02.751581+00:00, run_after=2023-05-29T22:48:02.751581+00:00
[2023-05-29T22:48:02.763+0000] {processor.py:179} INFO - Processing /home/airflow/.local/lib/python3.7/site-packages/airflow/example_dags/example_latest_only_with_trigger.py took 0.064 seconds
[2023-05-29T22:49:24.938+0000] {processor.py:157} INFO - Started process (PID=48) to work on /home/airflow/.local/lib/python3.7/site-packages/airflow/example_dags/example_latest_only_with_trigger.py
[2023-05-29T22:49:24.940+0000] {processor.py:826} INFO - Processing file /home/airflow/.local/lib/python3.7/site-packages/airflow/example_dags/example_latest_only_with_trigger.py for tasks to queue
[2023-05-29T22:49:24.941+0000] {logging_mixin.py:149} INFO - [2023-05-29T22:49:24.941+0000] {dagbag.py:541} INFO - Filling up the DagBag from /home/airflow/.local/lib/python3.7/site-packages/airflow/example_dags/example_latest_only_with_trigger.py
[2023-05-29T22:49:24.950+0000] {processor.py:836} INFO - DAG(s) dict_keys(['latest_only_with_trigger']) retrieved from /home/airflow/.local/lib/python3.7/site-packages/airflow/example_dags/example_latest_only_with_trigger.py
[2023-05-29T22:49:24.965+0000] {logging_mixin.py:149} INFO - [2023-05-29T22:49:24.964+0000] {dag.py:2726} INFO - Sync 1 DAGs
[2023-05-29T22:49:24.984+0000] {logging_mixin.py:149} INFO - [2023-05-29T22:49:24.984+0000] {dag.py:3490} INFO - Setting next_dagrun for latest_only_with_trigger to 2023-05-29T18:49:24.983922+00:00, run_after=2023-05-29T22:49:24.983922+00:00
[2023-05-29T22:49:25.002+0000] {processor.py:179} INFO - Processing /home/airflow/.local/lib/python3.7/site-packages/airflow/example_dags/example_latest_only_with_trigger.py took 0.067 seconds
[2023-05-29T22:49:55.422+0000] {processor.py:157} INFO - Started process (PID=104) to work on /home/airflow/.local/lib/python3.7/site-packages/airflow/example_dags/example_latest_only_with_trigger.py
[2023-05-29T22:49:55.423+0000] {processor.py:826} INFO - Processing file /home/airflow/.local/lib/python3.7/site-packages/airflow/example_dags/example_latest_only_with_trigger.py for tasks to queue
[2023-05-29T22:49:55.424+0000] {logging_mixin.py:149} INFO - [2023-05-29T22:49:55.424+0000] {dagbag.py:541} INFO - Filling up the DagBag from /home/airflow/.local/lib/python3.7/site-packages/airflow/example_dags/example_latest_only_with_trigger.py
[2023-05-29T22:49:55.430+0000] {processor.py:836} INFO - DAG(s) dict_keys(['latest_only_with_trigger']) retrieved from /home/airflow/.local/lib/python3.7/site-packages/airflow/example_dags/example_latest_only_with_trigger.py
[2023-05-29T22:49:55.449+0000] {logging_mixin.py:149} INFO - [2023-05-29T22:49:55.449+0000] {dag.py:2726} INFO - Sync 1 DAGs
[2023-05-29T22:49:55.468+0000] {logging_mixin.py:149} INFO - [2023-05-29T22:49:55.468+0000] {dag.py:3490} INFO - Setting next_dagrun for latest_only_with_trigger to 2023-05-29T18:49:55.468456+00:00, run_after=2023-05-29T22:49:55.468456+00:00
[2023-05-29T22:49:55.486+0000] {processor.py:179} INFO - Processing /home/airflow/.local/lib/python3.7/site-packages/airflow/example_dags/example_latest_only_with_trigger.py took 0.066 seconds
[2023-05-29T22:50:30.344+0000] {processor.py:157} INFO - Started process (PID=160) to work on /home/airflow/.local/lib/python3.7/site-packages/airflow/example_dags/example_latest_only_with_trigger.py
[2023-05-29T22:50:30.347+0000] {processor.py:826} INFO - Processing file /home/airflow/.local/lib/python3.7/site-packages/airflow/example_dags/example_latest_only_with_trigger.py for tasks to queue
[2023-05-29T22:50:30.350+0000] {logging_mixin.py:149} INFO - [2023-05-29T22:50:30.350+0000] {dagbag.py:541} INFO - Filling up the DagBag from /home/airflow/.local/lib/python3.7/site-packages/airflow/example_dags/example_latest_only_with_trigger.py
[2023-05-29T22:50:30.375+0000] {processor.py:836} INFO - DAG(s) dict_keys(['latest_only_with_trigger']) retrieved from /home/airflow/.local/lib/python3.7/site-packages/airflow/example_dags/example_latest_only_with_trigger.py
[2023-05-29T22:50:30.407+0000] {logging_mixin.py:149} INFO - [2023-05-29T22:50:30.406+0000] {dag.py:2726} INFO - Sync 1 DAGs
[2023-05-29T22:50:30.441+0000] {logging_mixin.py:149} INFO - [2023-05-29T22:50:30.441+0000] {dag.py:3490} INFO - Setting next_dagrun for latest_only_with_trigger to 2023-05-29T18:50:30.441079+00:00, run_after=2023-05-29T22:50:30.441079+00:00
[2023-05-29T22:50:30.475+0000] {processor.py:179} INFO - Processing /home/airflow/.local/lib/python3.7/site-packages/airflow/example_dags/example_latest_only_with_trigger.py took 0.136 seconds
[2023-05-29T22:51:40.948+0000] {processor.py:157} INFO - Started process (PID=48) to work on /home/airflow/.local/lib/python3.7/site-packages/airflow/example_dags/example_latest_only_with_trigger.py
[2023-05-29T22:51:40.950+0000] {processor.py:826} INFO - Processing file /home/airflow/.local/lib/python3.7/site-packages/airflow/example_dags/example_latest_only_with_trigger.py for tasks to queue
[2023-05-29T22:51:40.952+0000] {logging_mixin.py:149} INFO - [2023-05-29T22:51:40.952+0000] {dagbag.py:541} INFO - Filling up the DagBag from /home/airflow/.local/lib/python3.7/site-packages/airflow/example_dags/example_latest_only_with_trigger.py
[2023-05-29T22:51:40.973+0000] {processor.py:836} INFO - DAG(s) dict_keys(['latest_only_with_trigger']) retrieved from /home/airflow/.local/lib/python3.7/site-packages/airflow/example_dags/example_latest_only_with_trigger.py
[2023-05-29T22:51:41.014+0000] {logging_mixin.py:149} INFO - [2023-05-29T22:51:41.014+0000] {dag.py:2726} INFO - Sync 1 DAGs
[2023-05-29T22:51:41.062+0000] {logging_mixin.py:149} INFO - [2023-05-29T22:51:41.062+0000] {dag.py:3490} INFO - Setting next_dagrun for latest_only_with_trigger to 2023-05-29T18:51:41.062030+00:00, run_after=2023-05-29T22:51:41.062030+00:00
[2023-05-29T22:51:41.080+0000] {processor.py:179} INFO - Processing /home/airflow/.local/lib/python3.7/site-packages/airflow/example_dags/example_latest_only_with_trigger.py took 0.135 seconds
[2023-05-29T22:52:11.893+0000] {processor.py:157} INFO - Started process (PID=104) to work on /home/airflow/.local/lib/python3.7/site-packages/airflow/example_dags/example_latest_only_with_trigger.py
[2023-05-29T22:52:11.894+0000] {processor.py:826} INFO - Processing file /home/airflow/.local/lib/python3.7/site-packages/airflow/example_dags/example_latest_only_with_trigger.py for tasks to queue
[2023-05-29T22:52:11.894+0000] {logging_mixin.py:149} INFO - [2023-05-29T22:52:11.894+0000] {dagbag.py:541} INFO - Filling up the DagBag from /home/airflow/.local/lib/python3.7/site-packages/airflow/example_dags/example_latest_only_with_trigger.py
[2023-05-29T22:52:11.901+0000] {processor.py:836} INFO - DAG(s) dict_keys(['latest_only_with_trigger']) retrieved from /home/airflow/.local/lib/python3.7/site-packages/airflow/example_dags/example_latest_only_with_trigger.py
[2023-05-29T22:52:11.924+0000] {logging_mixin.py:149} INFO - [2023-05-29T22:52:11.924+0000] {dag.py:2726} INFO - Sync 1 DAGs
[2023-05-29T22:52:11.943+0000] {logging_mixin.py:149} INFO - [2023-05-29T22:52:11.942+0000] {dag.py:3490} INFO - Setting next_dagrun for latest_only_with_trigger to 2023-05-29T18:52:11.942592+00:00, run_after=2023-05-29T22:52:11.942592+00:00
[2023-05-29T22:52:11.957+0000] {processor.py:179} INFO - Processing /home/airflow/.local/lib/python3.7/site-packages/airflow/example_dags/example_latest_only_with_trigger.py took 0.067 seconds
[2023-05-29T22:52:42.355+0000] {processor.py:157} INFO - Started process (PID=160) to work on /home/airflow/.local/lib/python3.7/site-packages/airflow/example_dags/example_latest_only_with_trigger.py
[2023-05-29T22:52:42.356+0000] {processor.py:826} INFO - Processing file /home/airflow/.local/lib/python3.7/site-packages/airflow/example_dags/example_latest_only_with_trigger.py for tasks to queue
[2023-05-29T22:52:42.357+0000] {logging_mixin.py:149} INFO - [2023-05-29T22:52:42.357+0000] {dagbag.py:541} INFO - Filling up the DagBag from /home/airflow/.local/lib/python3.7/site-packages/airflow/example_dags/example_latest_only_with_trigger.py
[2023-05-29T22:52:42.362+0000] {processor.py:836} INFO - DAG(s) dict_keys(['latest_only_with_trigger']) retrieved from /home/airflow/.local/lib/python3.7/site-packages/airflow/example_dags/example_latest_only_with_trigger.py
[2023-05-29T22:52:42.384+0000] {logging_mixin.py:149} INFO - [2023-05-29T22:52:42.384+0000] {dag.py:2726} INFO - Sync 1 DAGs
[2023-05-29T22:52:42.409+0000] {logging_mixin.py:149} INFO - [2023-05-29T22:52:42.409+0000] {dag.py:3490} INFO - Setting next_dagrun for latest_only_with_trigger to 2023-05-29T18:52:42.408954+00:00, run_after=2023-05-29T22:52:42.408954+00:00
[2023-05-29T22:52:42.431+0000] {processor.py:179} INFO - Processing /home/airflow/.local/lib/python3.7/site-packages/airflow/example_dags/example_latest_only_with_trigger.py took 0.079 seconds
