[2023-05-29T22:42:27.385+0000] {processor.py:157} INFO - Started process (PID=46) to work on /home/airflow/.local/lib/python3.7/site-packages/airflow/example_dags/example_branch_day_of_week_operator.py
[2023-05-29T22:42:27.386+0000] {processor.py:826} INFO - Processing file /home/airflow/.local/lib/python3.7/site-packages/airflow/example_dags/example_branch_day_of_week_operator.py for tasks to queue
[2023-05-29T22:42:27.387+0000] {logging_mixin.py:149} INFO - [2023-05-29T22:42:27.387+0000] {dagbag.py:541} INFO - Filling up the DagBag from /home/airflow/.local/lib/python3.7/site-packages/airflow/example_dags/example_branch_day_of_week_operator.py
[2023-05-29T22:42:27.403+0000] {processor.py:836} INFO - DAG(s) dict_keys(['example_weekday_branch_operator']) retrieved from /home/airflow/.local/lib/python3.7/site-packages/airflow/example_dags/example_branch_day_of_week_operator.py
[2023-05-29T22:42:27.422+0000] {logging_mixin.py:149} INFO - [2023-05-29T22:42:27.422+0000] {dag.py:2726} INFO - Sync 1 DAGs
[2023-05-29T22:42:27.458+0000] {logging_mixin.py:149} INFO - [2023-05-29T22:42:27.458+0000] {dag.py:3490} INFO - Setting next_dagrun for example_weekday_branch_operator to 2023-05-28T00:00:00+00:00, run_after=2023-05-29T00:00:00+00:00
[2023-05-29T22:42:27.474+0000] {processor.py:179} INFO - Processing /home/airflow/.local/lib/python3.7/site-packages/airflow/example_dags/example_branch_day_of_week_operator.py took 0.093 seconds
[2023-05-29T22:42:57.932+0000] {processor.py:157} INFO - Started process (PID=102) to work on /home/airflow/.local/lib/python3.7/site-packages/airflow/example_dags/example_branch_day_of_week_operator.py
[2023-05-29T22:42:57.933+0000] {processor.py:826} INFO - Processing file /home/airflow/.local/lib/python3.7/site-packages/airflow/example_dags/example_branch_day_of_week_operator.py for tasks to queue
[2023-05-29T22:42:57.934+0000] {logging_mixin.py:149} INFO - [2023-05-29T22:42:57.934+0000] {dagbag.py:541} INFO - Filling up the DagBag from /home/airflow/.local/lib/python3.7/site-packages/airflow/example_dags/example_branch_day_of_week_operator.py
[2023-05-29T22:42:57.942+0000] {processor.py:836} INFO - DAG(s) dict_keys(['example_weekday_branch_operator']) retrieved from /home/airflow/.local/lib/python3.7/site-packages/airflow/example_dags/example_branch_day_of_week_operator.py
[2023-05-29T22:42:57.966+0000] {logging_mixin.py:149} INFO - [2023-05-29T22:42:57.966+0000] {dag.py:2726} INFO - Sync 1 DAGs
[2023-05-29T22:42:57.988+0000] {logging_mixin.py:149} INFO - [2023-05-29T22:42:57.988+0000] {dag.py:3490} INFO - Setting next_dagrun for example_weekday_branch_operator to 2023-05-28T00:00:00+00:00, run_after=2023-05-29T00:00:00+00:00
[2023-05-29T22:42:58.001+0000] {processor.py:179} INFO - Processing /home/airflow/.local/lib/python3.7/site-packages/airflow/example_dags/example_branch_day_of_week_operator.py took 0.072 seconds
[2023-05-29T22:43:28.973+0000] {processor.py:157} INFO - Started process (PID=158) to work on /home/airflow/.local/lib/python3.7/site-packages/airflow/example_dags/example_branch_day_of_week_operator.py
[2023-05-29T22:43:28.975+0000] {processor.py:826} INFO - Processing file /home/airflow/.local/lib/python3.7/site-packages/airflow/example_dags/example_branch_day_of_week_operator.py for tasks to queue
[2023-05-29T22:43:28.975+0000] {logging_mixin.py:149} INFO - [2023-05-29T22:43:28.975+0000] {dagbag.py:541} INFO - Filling up the DagBag from /home/airflow/.local/lib/python3.7/site-packages/airflow/example_dags/example_branch_day_of_week_operator.py
[2023-05-29T22:43:28.981+0000] {processor.py:836} INFO - DAG(s) dict_keys(['example_weekday_branch_operator']) retrieved from /home/airflow/.local/lib/python3.7/site-packages/airflow/example_dags/example_branch_day_of_week_operator.py
[2023-05-29T22:43:29.005+0000] {logging_mixin.py:149} INFO - [2023-05-29T22:43:29.005+0000] {dag.py:2726} INFO - Sync 1 DAGs
[2023-05-29T22:43:29.024+0000] {logging_mixin.py:149} INFO - [2023-05-29T22:43:29.024+0000] {dag.py:3490} INFO - Setting next_dagrun for example_weekday_branch_operator to 2023-05-28T00:00:00+00:00, run_after=2023-05-29T00:00:00+00:00
[2023-05-29T22:43:29.037+0000] {processor.py:179} INFO - Processing /home/airflow/.local/lib/python3.7/site-packages/airflow/example_dags/example_branch_day_of_week_operator.py took 0.068 seconds
[2023-05-29T22:43:59.507+0000] {processor.py:157} INFO - Started process (PID=214) to work on /home/airflow/.local/lib/python3.7/site-packages/airflow/example_dags/example_branch_day_of_week_operator.py
[2023-05-29T22:43:59.509+0000] {processor.py:826} INFO - Processing file /home/airflow/.local/lib/python3.7/site-packages/airflow/example_dags/example_branch_day_of_week_operator.py for tasks to queue
[2023-05-29T22:43:59.509+0000] {logging_mixin.py:149} INFO - [2023-05-29T22:43:59.509+0000] {dagbag.py:541} INFO - Filling up the DagBag from /home/airflow/.local/lib/python3.7/site-packages/airflow/example_dags/example_branch_day_of_week_operator.py
[2023-05-29T22:43:59.515+0000] {processor.py:836} INFO - DAG(s) dict_keys(['example_weekday_branch_operator']) retrieved from /home/airflow/.local/lib/python3.7/site-packages/airflow/example_dags/example_branch_day_of_week_operator.py
[2023-05-29T22:43:59.537+0000] {logging_mixin.py:149} INFO - [2023-05-29T22:43:59.537+0000] {dag.py:2726} INFO - Sync 1 DAGs
[2023-05-29T22:43:59.555+0000] {logging_mixin.py:149} INFO - [2023-05-29T22:43:59.555+0000] {dag.py:3490} INFO - Setting next_dagrun for example_weekday_branch_operator to 2023-05-28T00:00:00+00:00, run_after=2023-05-29T00:00:00+00:00
[2023-05-29T22:43:59.568+0000] {processor.py:179} INFO - Processing /home/airflow/.local/lib/python3.7/site-packages/airflow/example_dags/example_branch_day_of_week_operator.py took 0.063 seconds
[2023-05-29T22:44:29.881+0000] {processor.py:157} INFO - Started process (PID=278) to work on /home/airflow/.local/lib/python3.7/site-packages/airflow/example_dags/example_branch_day_of_week_operator.py
[2023-05-29T22:44:29.882+0000] {processor.py:826} INFO - Processing file /home/airflow/.local/lib/python3.7/site-packages/airflow/example_dags/example_branch_day_of_week_operator.py for tasks to queue
[2023-05-29T22:44:29.883+0000] {logging_mixin.py:149} INFO - [2023-05-29T22:44:29.883+0000] {dagbag.py:541} INFO - Filling up the DagBag from /home/airflow/.local/lib/python3.7/site-packages/airflow/example_dags/example_branch_day_of_week_operator.py
[2023-05-29T22:44:29.889+0000] {processor.py:836} INFO - DAG(s) dict_keys(['example_weekday_branch_operator']) retrieved from /home/airflow/.local/lib/python3.7/site-packages/airflow/example_dags/example_branch_day_of_week_operator.py
[2023-05-29T22:44:29.915+0000] {logging_mixin.py:149} INFO - [2023-05-29T22:44:29.915+0000] {dag.py:2726} INFO - Sync 1 DAGs
[2023-05-29T22:44:29.936+0000] {logging_mixin.py:149} INFO - [2023-05-29T22:44:29.935+0000] {dag.py:3490} INFO - Setting next_dagrun for example_weekday_branch_operator to 2023-05-28T00:00:00+00:00, run_after=2023-05-29T00:00:00+00:00
[2023-05-29T22:44:29.949+0000] {processor.py:179} INFO - Processing /home/airflow/.local/lib/python3.7/site-packages/airflow/example_dags/example_branch_day_of_week_operator.py took 0.071 seconds
[2023-05-29T22:45:00.508+0000] {processor.py:157} INFO - Started process (PID=334) to work on /home/airflow/.local/lib/python3.7/site-packages/airflow/example_dags/example_branch_day_of_week_operator.py
[2023-05-29T22:45:00.510+0000] {processor.py:826} INFO - Processing file /home/airflow/.local/lib/python3.7/site-packages/airflow/example_dags/example_branch_day_of_week_operator.py for tasks to queue
[2023-05-29T22:45:00.511+0000] {logging_mixin.py:149} INFO - [2023-05-29T22:45:00.511+0000] {dagbag.py:541} INFO - Filling up the DagBag from /home/airflow/.local/lib/python3.7/site-packages/airflow/example_dags/example_branch_day_of_week_operator.py
[2023-05-29T22:45:00.519+0000] {processor.py:836} INFO - DAG(s) dict_keys(['example_weekday_branch_operator']) retrieved from /home/airflow/.local/lib/python3.7/site-packages/airflow/example_dags/example_branch_day_of_week_operator.py
[2023-05-29T22:45:00.544+0000] {logging_mixin.py:149} INFO - [2023-05-29T22:45:00.543+0000] {dag.py:2726} INFO - Sync 1 DAGs
[2023-05-29T22:45:00.562+0000] {logging_mixin.py:149} INFO - [2023-05-29T22:45:00.562+0000] {dag.py:3490} INFO - Setting next_dagrun for example_weekday_branch_operator to 2023-05-28T00:00:00+00:00, run_after=2023-05-29T00:00:00+00:00
[2023-05-29T22:45:00.573+0000] {processor.py:179} INFO - Processing /home/airflow/.local/lib/python3.7/site-packages/airflow/example_dags/example_branch_day_of_week_operator.py took 0.070 seconds
[2023-05-29T22:45:31.018+0000] {processor.py:157} INFO - Started process (PID=390) to work on /home/airflow/.local/lib/python3.7/site-packages/airflow/example_dags/example_branch_day_of_week_operator.py
[2023-05-29T22:45:31.019+0000] {processor.py:826} INFO - Processing file /home/airflow/.local/lib/python3.7/site-packages/airflow/example_dags/example_branch_day_of_week_operator.py for tasks to queue
[2023-05-29T22:45:31.020+0000] {logging_mixin.py:149} INFO - [2023-05-29T22:45:31.020+0000] {dagbag.py:541} INFO - Filling up the DagBag from /home/airflow/.local/lib/python3.7/site-packages/airflow/example_dags/example_branch_day_of_week_operator.py
[2023-05-29T22:45:31.027+0000] {processor.py:836} INFO - DAG(s) dict_keys(['example_weekday_branch_operator']) retrieved from /home/airflow/.local/lib/python3.7/site-packages/airflow/example_dags/example_branch_day_of_week_operator.py
[2023-05-29T22:45:31.053+0000] {logging_mixin.py:149} INFO - [2023-05-29T22:45:31.053+0000] {dag.py:2726} INFO - Sync 1 DAGs
[2023-05-29T22:45:31.071+0000] {logging_mixin.py:149} INFO - [2023-05-29T22:45:31.071+0000] {dag.py:3490} INFO - Setting next_dagrun for example_weekday_branch_operator to 2023-05-28T00:00:00+00:00, run_after=2023-05-29T00:00:00+00:00
[2023-05-29T22:45:31.083+0000] {processor.py:179} INFO - Processing /home/airflow/.local/lib/python3.7/site-packages/airflow/example_dags/example_branch_day_of_week_operator.py took 0.069 seconds
[2023-05-29T22:46:01.649+0000] {processor.py:157} INFO - Started process (PID=446) to work on /home/airflow/.local/lib/python3.7/site-packages/airflow/example_dags/example_branch_day_of_week_operator.py
[2023-05-29T22:46:01.651+0000] {processor.py:826} INFO - Processing file /home/airflow/.local/lib/python3.7/site-packages/airflow/example_dags/example_branch_day_of_week_operator.py for tasks to queue
[2023-05-29T22:46:01.652+0000] {logging_mixin.py:149} INFO - [2023-05-29T22:46:01.652+0000] {dagbag.py:541} INFO - Filling up the DagBag from /home/airflow/.local/lib/python3.7/site-packages/airflow/example_dags/example_branch_day_of_week_operator.py
[2023-05-29T22:46:01.667+0000] {processor.py:836} INFO - DAG(s) dict_keys(['example_weekday_branch_operator']) retrieved from /home/airflow/.local/lib/python3.7/site-packages/airflow/example_dags/example_branch_day_of_week_operator.py
[2023-05-29T22:46:01.704+0000] {logging_mixin.py:149} INFO - [2023-05-29T22:46:01.703+0000] {dag.py:2726} INFO - Sync 1 DAGs
[2023-05-29T22:46:01.726+0000] {logging_mixin.py:149} INFO - [2023-05-29T22:46:01.726+0000] {dag.py:3490} INFO - Setting next_dagrun for example_weekday_branch_operator to 2023-05-28T00:00:00+00:00, run_after=2023-05-29T00:00:00+00:00
[2023-05-29T22:46:01.744+0000] {processor.py:179} INFO - Processing /home/airflow/.local/lib/python3.7/site-packages/airflow/example_dags/example_branch_day_of_week_operator.py took 0.099 seconds
[2023-05-29T22:46:31.947+0000] {processor.py:157} INFO - Started process (PID=502) to work on /home/airflow/.local/lib/python3.7/site-packages/airflow/example_dags/example_branch_day_of_week_operator.py
[2023-05-29T22:46:31.948+0000] {processor.py:826} INFO - Processing file /home/airflow/.local/lib/python3.7/site-packages/airflow/example_dags/example_branch_day_of_week_operator.py for tasks to queue
[2023-05-29T22:46:31.949+0000] {logging_mixin.py:149} INFO - [2023-05-29T22:46:31.949+0000] {dagbag.py:541} INFO - Filling up the DagBag from /home/airflow/.local/lib/python3.7/site-packages/airflow/example_dags/example_branch_day_of_week_operator.py
[2023-05-29T22:46:31.963+0000] {processor.py:836} INFO - DAG(s) dict_keys(['example_weekday_branch_operator']) retrieved from /home/airflow/.local/lib/python3.7/site-packages/airflow/example_dags/example_branch_day_of_week_operator.py
[2023-05-29T22:46:32.001+0000] {logging_mixin.py:149} INFO - [2023-05-29T22:46:32.001+0000] {dag.py:2726} INFO - Sync 1 DAGs
[2023-05-29T22:46:32.025+0000] {logging_mixin.py:149} INFO - [2023-05-29T22:46:32.025+0000] {dag.py:3490} INFO - Setting next_dagrun for example_weekday_branch_operator to 2023-05-28T00:00:00+00:00, run_after=2023-05-29T00:00:00+00:00
[2023-05-29T22:46:32.038+0000] {processor.py:179} INFO - Processing /home/airflow/.local/lib/python3.7/site-packages/airflow/example_dags/example_branch_day_of_week_operator.py took 0.094 seconds
[2023-05-29T22:47:02.135+0000] {processor.py:157} INFO - Started process (PID=558) to work on /home/airflow/.local/lib/python3.7/site-packages/airflow/example_dags/example_branch_day_of_week_operator.py
[2023-05-29T22:47:02.136+0000] {processor.py:826} INFO - Processing file /home/airflow/.local/lib/python3.7/site-packages/airflow/example_dags/example_branch_day_of_week_operator.py for tasks to queue
[2023-05-29T22:47:02.137+0000] {logging_mixin.py:149} INFO - [2023-05-29T22:47:02.137+0000] {dagbag.py:541} INFO - Filling up the DagBag from /home/airflow/.local/lib/python3.7/site-packages/airflow/example_dags/example_branch_day_of_week_operator.py
[2023-05-29T22:47:02.147+0000] {processor.py:836} INFO - DAG(s) dict_keys(['example_weekday_branch_operator']) retrieved from /home/airflow/.local/lib/python3.7/site-packages/airflow/example_dags/example_branch_day_of_week_operator.py
[2023-05-29T22:47:02.184+0000] {logging_mixin.py:149} INFO - [2023-05-29T22:47:02.184+0000] {dag.py:2726} INFO - Sync 1 DAGs
[2023-05-29T22:47:02.207+0000] {logging_mixin.py:149} INFO - [2023-05-29T22:47:02.207+0000] {dag.py:3490} INFO - Setting next_dagrun for example_weekday_branch_operator to 2023-05-28T00:00:00+00:00, run_after=2023-05-29T00:00:00+00:00
[2023-05-29T22:47:02.226+0000] {processor.py:179} INFO - Processing /home/airflow/.local/lib/python3.7/site-packages/airflow/example_dags/example_branch_day_of_week_operator.py took 0.095 seconds
[2023-05-29T22:47:32.424+0000] {processor.py:157} INFO - Started process (PID=613) to work on /home/airflow/.local/lib/python3.7/site-packages/airflow/example_dags/example_branch_day_of_week_operator.py
[2023-05-29T22:47:32.426+0000] {processor.py:826} INFO - Processing file /home/airflow/.local/lib/python3.7/site-packages/airflow/example_dags/example_branch_day_of_week_operator.py for tasks to queue
[2023-05-29T22:47:32.426+0000] {logging_mixin.py:149} INFO - [2023-05-29T22:47:32.426+0000] {dagbag.py:541} INFO - Filling up the DagBag from /home/airflow/.local/lib/python3.7/site-packages/airflow/example_dags/example_branch_day_of_week_operator.py
[2023-05-29T22:47:32.432+0000] {processor.py:836} INFO - DAG(s) dict_keys(['example_weekday_branch_operator']) retrieved from /home/airflow/.local/lib/python3.7/site-packages/airflow/example_dags/example_branch_day_of_week_operator.py
[2023-05-29T22:47:32.455+0000] {logging_mixin.py:149} INFO - [2023-05-29T22:47:32.455+0000] {dag.py:2726} INFO - Sync 1 DAGs
[2023-05-29T22:47:32.473+0000] {logging_mixin.py:149} INFO - [2023-05-29T22:47:32.473+0000] {dag.py:3490} INFO - Setting next_dagrun for example_weekday_branch_operator to 2023-05-28T00:00:00+00:00, run_after=2023-05-29T00:00:00+00:00
[2023-05-29T22:47:32.484+0000] {processor.py:179} INFO - Processing /home/airflow/.local/lib/python3.7/site-packages/airflow/example_dags/example_branch_day_of_week_operator.py took 0.062 seconds
[2023-05-29T22:48:02.622+0000] {processor.py:157} INFO - Started process (PID=669) to work on /home/airflow/.local/lib/python3.7/site-packages/airflow/example_dags/example_branch_day_of_week_operator.py
[2023-05-29T22:48:02.623+0000] {processor.py:826} INFO - Processing file /home/airflow/.local/lib/python3.7/site-packages/airflow/example_dags/example_branch_day_of_week_operator.py for tasks to queue
[2023-05-29T22:48:02.623+0000] {logging_mixin.py:149} INFO - [2023-05-29T22:48:02.623+0000] {dagbag.py:541} INFO - Filling up the DagBag from /home/airflow/.local/lib/python3.7/site-packages/airflow/example_dags/example_branch_day_of_week_operator.py
[2023-05-29T22:48:02.629+0000] {processor.py:836} INFO - DAG(s) dict_keys(['example_weekday_branch_operator']) retrieved from /home/airflow/.local/lib/python3.7/site-packages/airflow/example_dags/example_branch_day_of_week_operator.py
[2023-05-29T22:48:02.648+0000] {logging_mixin.py:149} INFO - [2023-05-29T22:48:02.648+0000] {dag.py:2726} INFO - Sync 1 DAGs
[2023-05-29T22:48:02.668+0000] {logging_mixin.py:149} INFO - [2023-05-29T22:48:02.668+0000] {dag.py:3490} INFO - Setting next_dagrun for example_weekday_branch_operator to 2023-05-28T00:00:00+00:00, run_after=2023-05-29T00:00:00+00:00
[2023-05-29T22:48:02.680+0000] {processor.py:179} INFO - Processing /home/airflow/.local/lib/python3.7/site-packages/airflow/example_dags/example_branch_day_of_week_operator.py took 0.061 seconds
[2023-05-29T22:49:24.814+0000] {processor.py:157} INFO - Started process (PID=47) to work on /home/airflow/.local/lib/python3.7/site-packages/airflow/example_dags/example_branch_day_of_week_operator.py
[2023-05-29T22:49:24.815+0000] {processor.py:826} INFO - Processing file /home/airflow/.local/lib/python3.7/site-packages/airflow/example_dags/example_branch_day_of_week_operator.py for tasks to queue
[2023-05-29T22:49:24.817+0000] {logging_mixin.py:149} INFO - [2023-05-29T22:49:24.816+0000] {dagbag.py:541} INFO - Filling up the DagBag from /home/airflow/.local/lib/python3.7/site-packages/airflow/example_dags/example_branch_day_of_week_operator.py
[2023-05-29T22:49:24.826+0000] {processor.py:836} INFO - DAG(s) dict_keys(['example_weekday_branch_operator']) retrieved from /home/airflow/.local/lib/python3.7/site-packages/airflow/example_dags/example_branch_day_of_week_operator.py
[2023-05-29T22:49:24.843+0000] {logging_mixin.py:149} INFO - [2023-05-29T22:49:24.843+0000] {dag.py:2726} INFO - Sync 1 DAGs
[2023-05-29T22:49:24.875+0000] {logging_mixin.py:149} INFO - [2023-05-29T22:49:24.874+0000] {dag.py:3490} INFO - Setting next_dagrun for example_weekday_branch_operator to 2023-05-28T00:00:00+00:00, run_after=2023-05-29T00:00:00+00:00
[2023-05-29T22:49:24.900+0000] {processor.py:179} INFO - Processing /home/airflow/.local/lib/python3.7/site-packages/airflow/example_dags/example_branch_day_of_week_operator.py took 0.090 seconds
[2023-05-29T22:49:55.346+0000] {processor.py:157} INFO - Started process (PID=103) to work on /home/airflow/.local/lib/python3.7/site-packages/airflow/example_dags/example_branch_day_of_week_operator.py
[2023-05-29T22:49:55.347+0000] {processor.py:826} INFO - Processing file /home/airflow/.local/lib/python3.7/site-packages/airflow/example_dags/example_branch_day_of_week_operator.py for tasks to queue
[2023-05-29T22:49:55.348+0000] {logging_mixin.py:149} INFO - [2023-05-29T22:49:55.348+0000] {dagbag.py:541} INFO - Filling up the DagBag from /home/airflow/.local/lib/python3.7/site-packages/airflow/example_dags/example_branch_day_of_week_operator.py
[2023-05-29T22:49:55.354+0000] {processor.py:836} INFO - DAG(s) dict_keys(['example_weekday_branch_operator']) retrieved from /home/airflow/.local/lib/python3.7/site-packages/airflow/example_dags/example_branch_day_of_week_operator.py
[2023-05-29T22:49:55.372+0000] {logging_mixin.py:149} INFO - [2023-05-29T22:49:55.372+0000] {dag.py:2726} INFO - Sync 1 DAGs
[2023-05-29T22:49:55.388+0000] {logging_mixin.py:149} INFO - [2023-05-29T22:49:55.387+0000] {dag.py:3490} INFO - Setting next_dagrun for example_weekday_branch_operator to 2023-05-28T00:00:00+00:00, run_after=2023-05-29T00:00:00+00:00
[2023-05-29T22:49:55.402+0000] {processor.py:179} INFO - Processing /home/airflow/.local/lib/python3.7/site-packages/airflow/example_dags/example_branch_day_of_week_operator.py took 0.058 seconds
[2023-05-29T22:50:30.325+0000] {processor.py:157} INFO - Started process (PID=159) to work on /home/airflow/.local/lib/python3.7/site-packages/airflow/example_dags/example_branch_day_of_week_operator.py
[2023-05-29T22:50:30.328+0000] {processor.py:826} INFO - Processing file /home/airflow/.local/lib/python3.7/site-packages/airflow/example_dags/example_branch_day_of_week_operator.py for tasks to queue
[2023-05-29T22:50:30.336+0000] {logging_mixin.py:149} INFO - [2023-05-29T22:50:30.335+0000] {dagbag.py:541} INFO - Filling up the DagBag from /home/airflow/.local/lib/python3.7/site-packages/airflow/example_dags/example_branch_day_of_week_operator.py
[2023-05-29T22:50:30.350+0000] {processor.py:836} INFO - DAG(s) dict_keys(['example_weekday_branch_operator']) retrieved from /home/airflow/.local/lib/python3.7/site-packages/airflow/example_dags/example_branch_day_of_week_operator.py
[2023-05-29T22:50:30.390+0000] {logging_mixin.py:149} INFO - [2023-05-29T22:50:30.390+0000] {dag.py:2726} INFO - Sync 1 DAGs
[2023-05-29T22:50:30.435+0000] {logging_mixin.py:149} INFO - [2023-05-29T22:50:30.434+0000] {dag.py:3490} INFO - Setting next_dagrun for example_weekday_branch_operator to 2023-05-28T00:00:00+00:00, run_after=2023-05-29T00:00:00+00:00
[2023-05-29T22:50:30.475+0000] {processor.py:179} INFO - Processing /home/airflow/.local/lib/python3.7/site-packages/airflow/example_dags/example_branch_day_of_week_operator.py took 0.157 seconds
[2023-05-29T22:51:40.887+0000] {processor.py:157} INFO - Started process (PID=47) to work on /home/airflow/.local/lib/python3.7/site-packages/airflow/example_dags/example_branch_day_of_week_operator.py
[2023-05-29T22:51:40.889+0000] {processor.py:826} INFO - Processing file /home/airflow/.local/lib/python3.7/site-packages/airflow/example_dags/example_branch_day_of_week_operator.py for tasks to queue
[2023-05-29T22:51:40.891+0000] {logging_mixin.py:149} INFO - [2023-05-29T22:51:40.890+0000] {dagbag.py:541} INFO - Filling up the DagBag from /home/airflow/.local/lib/python3.7/site-packages/airflow/example_dags/example_branch_day_of_week_operator.py
[2023-05-29T22:51:40.900+0000] {processor.py:836} INFO - DAG(s) dict_keys(['example_weekday_branch_operator']) retrieved from /home/airflow/.local/lib/python3.7/site-packages/airflow/example_dags/example_branch_day_of_week_operator.py
[2023-05-29T22:51:40.925+0000] {logging_mixin.py:149} INFO - [2023-05-29T22:51:40.924+0000] {dag.py:2726} INFO - Sync 1 DAGs
[2023-05-29T22:51:40.981+0000] {logging_mixin.py:149} INFO - [2023-05-29T22:51:40.980+0000] {dag.py:3490} INFO - Setting next_dagrun for example_weekday_branch_operator to 2023-05-28T00:00:00+00:00, run_after=2023-05-29T00:00:00+00:00
[2023-05-29T22:51:41.018+0000] {processor.py:179} INFO - Processing /home/airflow/.local/lib/python3.7/site-packages/airflow/example_dags/example_branch_day_of_week_operator.py took 0.134 seconds
[2023-05-29T22:52:11.790+0000] {processor.py:157} INFO - Started process (PID=103) to work on /home/airflow/.local/lib/python3.7/site-packages/airflow/example_dags/example_branch_day_of_week_operator.py
[2023-05-29T22:52:11.801+0000] {processor.py:826} INFO - Processing file /home/airflow/.local/lib/python3.7/site-packages/airflow/example_dags/example_branch_day_of_week_operator.py for tasks to queue
[2023-05-29T22:52:11.803+0000] {logging_mixin.py:149} INFO - [2023-05-29T22:52:11.803+0000] {dagbag.py:541} INFO - Filling up the DagBag from /home/airflow/.local/lib/python3.7/site-packages/airflow/example_dags/example_branch_day_of_week_operator.py
[2023-05-29T22:52:11.817+0000] {processor.py:836} INFO - DAG(s) dict_keys(['example_weekday_branch_operator']) retrieved from /home/airflow/.local/lib/python3.7/site-packages/airflow/example_dags/example_branch_day_of_week_operator.py
[2023-05-29T22:52:11.842+0000] {logging_mixin.py:149} INFO - [2023-05-29T22:52:11.842+0000] {dag.py:2726} INFO - Sync 1 DAGs
[2023-05-29T22:52:11.857+0000] {logging_mixin.py:149} INFO - [2023-05-29T22:52:11.857+0000] {dag.py:3490} INFO - Setting next_dagrun for example_weekday_branch_operator to 2023-05-28T00:00:00+00:00, run_after=2023-05-29T00:00:00+00:00
[2023-05-29T22:52:11.872+0000] {processor.py:179} INFO - Processing /home/airflow/.local/lib/python3.7/site-packages/airflow/example_dags/example_branch_day_of_week_operator.py took 0.087 seconds
[2023-05-29T22:52:42.281+0000] {processor.py:157} INFO - Started process (PID=159) to work on /home/airflow/.local/lib/python3.7/site-packages/airflow/example_dags/example_branch_day_of_week_operator.py
[2023-05-29T22:52:42.282+0000] {processor.py:826} INFO - Processing file /home/airflow/.local/lib/python3.7/site-packages/airflow/example_dags/example_branch_day_of_week_operator.py for tasks to queue
[2023-05-29T22:52:42.283+0000] {logging_mixin.py:149} INFO - [2023-05-29T22:52:42.282+0000] {dagbag.py:541} INFO - Filling up the DagBag from /home/airflow/.local/lib/python3.7/site-packages/airflow/example_dags/example_branch_day_of_week_operator.py
[2023-05-29T22:52:42.289+0000] {processor.py:836} INFO - DAG(s) dict_keys(['example_weekday_branch_operator']) retrieved from /home/airflow/.local/lib/python3.7/site-packages/airflow/example_dags/example_branch_day_of_week_operator.py
[2023-05-29T22:52:42.308+0000] {logging_mixin.py:149} INFO - [2023-05-29T22:52:42.308+0000] {dag.py:2726} INFO - Sync 1 DAGs
[2023-05-29T22:52:42.324+0000] {logging_mixin.py:149} INFO - [2023-05-29T22:52:42.324+0000] {dag.py:3490} INFO - Setting next_dagrun for example_weekday_branch_operator to 2023-05-28T00:00:00+00:00, run_after=2023-05-29T00:00:00+00:00
[2023-05-29T22:52:42.334+0000] {processor.py:179} INFO - Processing /home/airflow/.local/lib/python3.7/site-packages/airflow/example_dags/example_branch_day_of_week_operator.py took 0.056 seconds
