[2023-05-29T22:42:31.390+0000] {processor.py:157} INFO - Started process (PID=64) to work on /home/airflow/.local/lib/python3.7/site-packages/airflow/example_dags/example_dynamic_task_mapping.py
[2023-05-29T22:42:31.397+0000] {processor.py:826} INFO - Processing file /home/airflow/.local/lib/python3.7/site-packages/airflow/example_dags/example_dynamic_task_mapping.py for tasks to queue
[2023-05-29T22:42:31.400+0000] {logging_mixin.py:149} INFO - [2023-05-29T22:42:31.400+0000] {dagbag.py:541} INFO - Filling up the DagBag from /home/airflow/.local/lib/python3.7/site-packages/airflow/example_dags/example_dynamic_task_mapping.py
[2023-05-29T22:42:31.437+0000] {processor.py:836} INFO - DAG(s) dict_keys(['example_dynamic_task_mapping']) retrieved from /home/airflow/.local/lib/python3.7/site-packages/airflow/example_dags/example_dynamic_task_mapping.py
[2023-05-29T22:42:31.500+0000] {logging_mixin.py:149} INFO - [2023-05-29T22:42:31.500+0000] {dag.py:2726} INFO - Sync 1 DAGs
[2023-05-29T22:42:31.651+0000] {logging_mixin.py:149} INFO - [2023-05-29T22:42:31.648+0000] {dag.py:3490} INFO - Setting next_dagrun for example_dynamic_task_mapping to 2022-03-04T00:00:00+00:00, run_after=2022-03-05T00:00:00+00:00
[2023-05-29T22:42:31.726+0000] {processor.py:179} INFO - Processing /home/airflow/.local/lib/python3.7/site-packages/airflow/example_dags/example_dynamic_task_mapping.py took 0.361 seconds
[2023-05-29T22:43:02.045+0000] {processor.py:157} INFO - Started process (PID=120) to work on /home/airflow/.local/lib/python3.7/site-packages/airflow/example_dags/example_dynamic_task_mapping.py
[2023-05-29T22:43:02.048+0000] {processor.py:826} INFO - Processing file /home/airflow/.local/lib/python3.7/site-packages/airflow/example_dags/example_dynamic_task_mapping.py for tasks to queue
[2023-05-29T22:43:02.049+0000] {logging_mixin.py:149} INFO - [2023-05-29T22:43:02.049+0000] {dagbag.py:541} INFO - Filling up the DagBag from /home/airflow/.local/lib/python3.7/site-packages/airflow/example_dags/example_dynamic_task_mapping.py
[2023-05-29T22:43:02.057+0000] {processor.py:836} INFO - DAG(s) dict_keys(['example_dynamic_task_mapping']) retrieved from /home/airflow/.local/lib/python3.7/site-packages/airflow/example_dags/example_dynamic_task_mapping.py
[2023-05-29T22:43:02.076+0000] {logging_mixin.py:149} INFO - [2023-05-29T22:43:02.076+0000] {dag.py:2726} INFO - Sync 1 DAGs
[2023-05-29T22:43:02.093+0000] {logging_mixin.py:149} INFO - [2023-05-29T22:43:02.092+0000] {dag.py:3490} INFO - Setting next_dagrun for example_dynamic_task_mapping to 2022-03-04T00:00:00+00:00, run_after=2022-03-05T00:00:00+00:00
[2023-05-29T22:43:02.103+0000] {processor.py:179} INFO - Processing /home/airflow/.local/lib/python3.7/site-packages/airflow/example_dags/example_dynamic_task_mapping.py took 0.067 seconds
[2023-05-29T22:43:33.240+0000] {processor.py:157} INFO - Started process (PID=176) to work on /home/airflow/.local/lib/python3.7/site-packages/airflow/example_dags/example_dynamic_task_mapping.py
[2023-05-29T22:43:33.241+0000] {processor.py:826} INFO - Processing file /home/airflow/.local/lib/python3.7/site-packages/airflow/example_dags/example_dynamic_task_mapping.py for tasks to queue
[2023-05-29T22:43:33.242+0000] {logging_mixin.py:149} INFO - [2023-05-29T22:43:33.241+0000] {dagbag.py:541} INFO - Filling up the DagBag from /home/airflow/.local/lib/python3.7/site-packages/airflow/example_dags/example_dynamic_task_mapping.py
[2023-05-29T22:43:33.252+0000] {processor.py:836} INFO - DAG(s) dict_keys(['example_dynamic_task_mapping']) retrieved from /home/airflow/.local/lib/python3.7/site-packages/airflow/example_dags/example_dynamic_task_mapping.py
[2023-05-29T22:43:33.274+0000] {logging_mixin.py:149} INFO - [2023-05-29T22:43:33.274+0000] {dag.py:2726} INFO - Sync 1 DAGs
[2023-05-29T22:43:33.290+0000] {logging_mixin.py:149} INFO - [2023-05-29T22:43:33.290+0000] {dag.py:3490} INFO - Setting next_dagrun for example_dynamic_task_mapping to 2022-03-04T00:00:00+00:00, run_after=2022-03-05T00:00:00+00:00
[2023-05-29T22:43:33.300+0000] {processor.py:179} INFO - Processing /home/airflow/.local/lib/python3.7/site-packages/airflow/example_dags/example_dynamic_task_mapping.py took 0.063 seconds
[2023-05-29T22:44:04.013+0000] {processor.py:157} INFO - Started process (PID=232) to work on /home/airflow/.local/lib/python3.7/site-packages/airflow/example_dags/example_dynamic_task_mapping.py
[2023-05-29T22:44:04.017+0000] {processor.py:826} INFO - Processing file /home/airflow/.local/lib/python3.7/site-packages/airflow/example_dags/example_dynamic_task_mapping.py for tasks to queue
[2023-05-29T22:44:04.019+0000] {logging_mixin.py:149} INFO - [2023-05-29T22:44:04.018+0000] {dagbag.py:541} INFO - Filling up the DagBag from /home/airflow/.local/lib/python3.7/site-packages/airflow/example_dags/example_dynamic_task_mapping.py
[2023-05-29T22:44:04.032+0000] {processor.py:836} INFO - DAG(s) dict_keys(['example_dynamic_task_mapping']) retrieved from /home/airflow/.local/lib/python3.7/site-packages/airflow/example_dags/example_dynamic_task_mapping.py
[2023-05-29T22:44:04.058+0000] {logging_mixin.py:149} INFO - [2023-05-29T22:44:04.058+0000] {dag.py:2726} INFO - Sync 1 DAGs
[2023-05-29T22:44:04.076+0000] {logging_mixin.py:149} INFO - [2023-05-29T22:44:04.076+0000] {dag.py:3490} INFO - Setting next_dagrun for example_dynamic_task_mapping to 2022-03-04T00:00:00+00:00, run_after=2022-03-05T00:00:00+00:00
[2023-05-29T22:44:04.088+0000] {processor.py:179} INFO - Processing /home/airflow/.local/lib/python3.7/site-packages/airflow/example_dags/example_dynamic_task_mapping.py took 0.080 seconds
[2023-05-29T22:44:35.409+0000] {processor.py:157} INFO - Started process (PID=296) to work on /home/airflow/.local/lib/python3.7/site-packages/airflow/example_dags/example_dynamic_task_mapping.py
[2023-05-29T22:44:35.411+0000] {processor.py:826} INFO - Processing file /home/airflow/.local/lib/python3.7/site-packages/airflow/example_dags/example_dynamic_task_mapping.py for tasks to queue
[2023-05-29T22:44:35.412+0000] {logging_mixin.py:149} INFO - [2023-05-29T22:44:35.412+0000] {dagbag.py:541} INFO - Filling up the DagBag from /home/airflow/.local/lib/python3.7/site-packages/airflow/example_dags/example_dynamic_task_mapping.py
[2023-05-29T22:44:35.420+0000] {processor.py:836} INFO - DAG(s) dict_keys(['example_dynamic_task_mapping']) retrieved from /home/airflow/.local/lib/python3.7/site-packages/airflow/example_dags/example_dynamic_task_mapping.py
[2023-05-29T22:44:35.446+0000] {logging_mixin.py:149} INFO - [2023-05-29T22:44:35.446+0000] {dag.py:2726} INFO - Sync 1 DAGs
[2023-05-29T22:44:35.469+0000] {logging_mixin.py:149} INFO - [2023-05-29T22:44:35.469+0000] {dag.py:3490} INFO - Setting next_dagrun for example_dynamic_task_mapping to 2022-03-04T00:00:00+00:00, run_after=2022-03-05T00:00:00+00:00
[2023-05-29T22:44:35.485+0000] {processor.py:179} INFO - Processing /home/airflow/.local/lib/python3.7/site-packages/airflow/example_dags/example_dynamic_task_mapping.py took 0.081 seconds
[2023-05-29T22:45:06.336+0000] {processor.py:157} INFO - Started process (PID=352) to work on /home/airflow/.local/lib/python3.7/site-packages/airflow/example_dags/example_dynamic_task_mapping.py
[2023-05-29T22:45:06.338+0000] {processor.py:826} INFO - Processing file /home/airflow/.local/lib/python3.7/site-packages/airflow/example_dags/example_dynamic_task_mapping.py for tasks to queue
[2023-05-29T22:45:06.339+0000] {logging_mixin.py:149} INFO - [2023-05-29T22:45:06.339+0000] {dagbag.py:541} INFO - Filling up the DagBag from /home/airflow/.local/lib/python3.7/site-packages/airflow/example_dags/example_dynamic_task_mapping.py
[2023-05-29T22:45:06.349+0000] {processor.py:836} INFO - DAG(s) dict_keys(['example_dynamic_task_mapping']) retrieved from /home/airflow/.local/lib/python3.7/site-packages/airflow/example_dags/example_dynamic_task_mapping.py
[2023-05-29T22:45:06.373+0000] {logging_mixin.py:149} INFO - [2023-05-29T22:45:06.373+0000] {dag.py:2726} INFO - Sync 1 DAGs
[2023-05-29T22:45:06.392+0000] {logging_mixin.py:149} INFO - [2023-05-29T22:45:06.392+0000] {dag.py:3490} INFO - Setting next_dagrun for example_dynamic_task_mapping to 2022-03-04T00:00:00+00:00, run_after=2022-03-05T00:00:00+00:00
[2023-05-29T22:45:06.404+0000] {processor.py:179} INFO - Processing /home/airflow/.local/lib/python3.7/site-packages/airflow/example_dags/example_dynamic_task_mapping.py took 0.073 seconds
[2023-05-29T22:45:37.587+0000] {processor.py:157} INFO - Started process (PID=408) to work on /home/airflow/.local/lib/python3.7/site-packages/airflow/example_dags/example_dynamic_task_mapping.py
[2023-05-29T22:45:37.597+0000] {processor.py:826} INFO - Processing file /home/airflow/.local/lib/python3.7/site-packages/airflow/example_dags/example_dynamic_task_mapping.py for tasks to queue
[2023-05-29T22:45:37.614+0000] {logging_mixin.py:149} INFO - [2023-05-29T22:45:37.614+0000] {dagbag.py:541} INFO - Filling up the DagBag from /home/airflow/.local/lib/python3.7/site-packages/airflow/example_dags/example_dynamic_task_mapping.py
[2023-05-29T22:45:37.639+0000] {processor.py:836} INFO - DAG(s) dict_keys(['example_dynamic_task_mapping']) retrieved from /home/airflow/.local/lib/python3.7/site-packages/airflow/example_dags/example_dynamic_task_mapping.py
[2023-05-29T22:45:37.671+0000] {logging_mixin.py:149} INFO - [2023-05-29T22:45:37.671+0000] {dag.py:2726} INFO - Sync 1 DAGs
[2023-05-29T22:45:37.692+0000] {logging_mixin.py:149} INFO - [2023-05-29T22:45:37.692+0000] {dag.py:3490} INFO - Setting next_dagrun for example_dynamic_task_mapping to 2022-03-04T00:00:00+00:00, run_after=2022-03-05T00:00:00+00:00
[2023-05-29T22:45:37.706+0000] {processor.py:179} INFO - Processing /home/airflow/.local/lib/python3.7/site-packages/airflow/example_dags/example_dynamic_task_mapping.py took 0.122 seconds
[2023-05-29T22:46:08.971+0000] {processor.py:157} INFO - Started process (PID=464) to work on /home/airflow/.local/lib/python3.7/site-packages/airflow/example_dags/example_dynamic_task_mapping.py
[2023-05-29T22:46:08.974+0000] {processor.py:826} INFO - Processing file /home/airflow/.local/lib/python3.7/site-packages/airflow/example_dags/example_dynamic_task_mapping.py for tasks to queue
[2023-05-29T22:46:08.975+0000] {logging_mixin.py:149} INFO - [2023-05-29T22:46:08.975+0000] {dagbag.py:541} INFO - Filling up the DagBag from /home/airflow/.local/lib/python3.7/site-packages/airflow/example_dags/example_dynamic_task_mapping.py
[2023-05-29T22:46:08.985+0000] {processor.py:836} INFO - DAG(s) dict_keys(['example_dynamic_task_mapping']) retrieved from /home/airflow/.local/lib/python3.7/site-packages/airflow/example_dags/example_dynamic_task_mapping.py
[2023-05-29T22:46:09.019+0000] {logging_mixin.py:149} INFO - [2023-05-29T22:46:09.018+0000] {dag.py:2726} INFO - Sync 1 DAGs
[2023-05-29T22:46:09.045+0000] {logging_mixin.py:149} INFO - [2023-05-29T22:46:09.045+0000] {dag.py:3490} INFO - Setting next_dagrun for example_dynamic_task_mapping to 2022-03-04T00:00:00+00:00, run_after=2022-03-05T00:00:00+00:00
[2023-05-29T22:46:09.062+0000] {processor.py:179} INFO - Processing /home/airflow/.local/lib/python3.7/site-packages/airflow/example_dags/example_dynamic_task_mapping.py took 0.099 seconds
[2023-05-29T22:46:39.651+0000] {processor.py:157} INFO - Started process (PID=520) to work on /home/airflow/.local/lib/python3.7/site-packages/airflow/example_dags/example_dynamic_task_mapping.py
[2023-05-29T22:46:39.659+0000] {processor.py:826} INFO - Processing file /home/airflow/.local/lib/python3.7/site-packages/airflow/example_dags/example_dynamic_task_mapping.py for tasks to queue
[2023-05-29T22:46:39.666+0000] {logging_mixin.py:149} INFO - [2023-05-29T22:46:39.665+0000] {dagbag.py:541} INFO - Filling up the DagBag from /home/airflow/.local/lib/python3.7/site-packages/airflow/example_dags/example_dynamic_task_mapping.py
[2023-05-29T22:46:39.682+0000] {processor.py:836} INFO - DAG(s) dict_keys(['example_dynamic_task_mapping']) retrieved from /home/airflow/.local/lib/python3.7/site-packages/airflow/example_dags/example_dynamic_task_mapping.py
[2023-05-29T22:46:39.793+0000] {logging_mixin.py:149} INFO - [2023-05-29T22:46:39.792+0000] {dag.py:2726} INFO - Sync 1 DAGs
[2023-05-29T22:46:39.833+0000] {logging_mixin.py:149} INFO - [2023-05-29T22:46:39.833+0000] {dag.py:3490} INFO - Setting next_dagrun for example_dynamic_task_mapping to 2022-03-04T00:00:00+00:00, run_after=2022-03-05T00:00:00+00:00
[2023-05-29T22:46:39.864+0000] {processor.py:179} INFO - Processing /home/airflow/.local/lib/python3.7/site-packages/airflow/example_dags/example_dynamic_task_mapping.py took 0.223 seconds
[2023-05-29T22:47:10.562+0000] {processor.py:157} INFO - Started process (PID=576) to work on /home/airflow/.local/lib/python3.7/site-packages/airflow/example_dags/example_dynamic_task_mapping.py
[2023-05-29T22:47:10.564+0000] {processor.py:826} INFO - Processing file /home/airflow/.local/lib/python3.7/site-packages/airflow/example_dags/example_dynamic_task_mapping.py for tasks to queue
[2023-05-29T22:47:10.565+0000] {logging_mixin.py:149} INFO - [2023-05-29T22:47:10.564+0000] {dagbag.py:541} INFO - Filling up the DagBag from /home/airflow/.local/lib/python3.7/site-packages/airflow/example_dags/example_dynamic_task_mapping.py
[2023-05-29T22:47:10.573+0000] {processor.py:836} INFO - DAG(s) dict_keys(['example_dynamic_task_mapping']) retrieved from /home/airflow/.local/lib/python3.7/site-packages/airflow/example_dags/example_dynamic_task_mapping.py
[2023-05-29T22:47:10.597+0000] {logging_mixin.py:149} INFO - [2023-05-29T22:47:10.597+0000] {dag.py:2726} INFO - Sync 1 DAGs
[2023-05-29T22:47:10.616+0000] {logging_mixin.py:149} INFO - [2023-05-29T22:47:10.616+0000] {dag.py:3490} INFO - Setting next_dagrun for example_dynamic_task_mapping to 2022-03-04T00:00:00+00:00, run_after=2022-03-05T00:00:00+00:00
[2023-05-29T22:47:10.629+0000] {processor.py:179} INFO - Processing /home/airflow/.local/lib/python3.7/site-packages/airflow/example_dags/example_dynamic_task_mapping.py took 0.075 seconds
[2023-05-29T22:47:41.109+0000] {processor.py:157} INFO - Started process (PID=631) to work on /home/airflow/.local/lib/python3.7/site-packages/airflow/example_dags/example_dynamic_task_mapping.py
[2023-05-29T22:47:41.111+0000] {processor.py:826} INFO - Processing file /home/airflow/.local/lib/python3.7/site-packages/airflow/example_dags/example_dynamic_task_mapping.py for tasks to queue
[2023-05-29T22:47:41.111+0000] {logging_mixin.py:149} INFO - [2023-05-29T22:47:41.111+0000] {dagbag.py:541} INFO - Filling up the DagBag from /home/airflow/.local/lib/python3.7/site-packages/airflow/example_dags/example_dynamic_task_mapping.py
[2023-05-29T22:47:41.120+0000] {processor.py:836} INFO - DAG(s) dict_keys(['example_dynamic_task_mapping']) retrieved from /home/airflow/.local/lib/python3.7/site-packages/airflow/example_dags/example_dynamic_task_mapping.py
[2023-05-29T22:47:41.138+0000] {logging_mixin.py:149} INFO - [2023-05-29T22:47:41.138+0000] {dag.py:2726} INFO - Sync 1 DAGs
[2023-05-29T22:47:41.163+0000] {logging_mixin.py:149} INFO - [2023-05-29T22:47:41.163+0000] {dag.py:3490} INFO - Setting next_dagrun for example_dynamic_task_mapping to 2022-03-04T00:00:00+00:00, run_after=2022-03-05T00:00:00+00:00
[2023-05-29T22:47:41.175+0000] {processor.py:179} INFO - Processing /home/airflow/.local/lib/python3.7/site-packages/airflow/example_dags/example_dynamic_task_mapping.py took 0.072 seconds
[2023-05-29T22:48:11.877+0000] {processor.py:157} INFO - Started process (PID=687) to work on /home/airflow/.local/lib/python3.7/site-packages/airflow/example_dags/example_dynamic_task_mapping.py
[2023-05-29T22:48:11.878+0000] {processor.py:826} INFO - Processing file /home/airflow/.local/lib/python3.7/site-packages/airflow/example_dags/example_dynamic_task_mapping.py for tasks to queue
[2023-05-29T22:48:11.879+0000] {logging_mixin.py:149} INFO - [2023-05-29T22:48:11.879+0000] {dagbag.py:541} INFO - Filling up the DagBag from /home/airflow/.local/lib/python3.7/site-packages/airflow/example_dags/example_dynamic_task_mapping.py
[2023-05-29T22:48:11.895+0000] {processor.py:836} INFO - DAG(s) dict_keys(['example_dynamic_task_mapping']) retrieved from /home/airflow/.local/lib/python3.7/site-packages/airflow/example_dags/example_dynamic_task_mapping.py
[2023-05-29T22:48:11.924+0000] {logging_mixin.py:149} INFO - [2023-05-29T22:48:11.924+0000] {dag.py:2726} INFO - Sync 1 DAGs
[2023-05-29T22:48:11.947+0000] {logging_mixin.py:149} INFO - [2023-05-29T22:48:11.947+0000] {dag.py:3490} INFO - Setting next_dagrun for example_dynamic_task_mapping to 2022-03-04T00:00:00+00:00, run_after=2022-03-05T00:00:00+00:00
[2023-05-29T22:48:11.962+0000] {processor.py:179} INFO - Processing /home/airflow/.local/lib/python3.7/site-packages/airflow/example_dags/example_dynamic_task_mapping.py took 0.089 seconds
[2023-05-29T22:49:27.854+0000] {processor.py:157} INFO - Started process (PID=65) to work on /home/airflow/.local/lib/python3.7/site-packages/airflow/example_dags/example_dynamic_task_mapping.py
[2023-05-29T22:49:27.861+0000] {processor.py:826} INFO - Processing file /home/airflow/.local/lib/python3.7/site-packages/airflow/example_dags/example_dynamic_task_mapping.py for tasks to queue
[2023-05-29T22:49:27.890+0000] {logging_mixin.py:149} INFO - [2023-05-29T22:49:27.890+0000] {dagbag.py:541} INFO - Filling up the DagBag from /home/airflow/.local/lib/python3.7/site-packages/airflow/example_dags/example_dynamic_task_mapping.py
[2023-05-29T22:49:27.964+0000] {processor.py:836} INFO - DAG(s) dict_keys(['example_dynamic_task_mapping']) retrieved from /home/airflow/.local/lib/python3.7/site-packages/airflow/example_dags/example_dynamic_task_mapping.py
[2023-05-29T22:49:28.037+0000] {logging_mixin.py:149} INFO - [2023-05-29T22:49:28.037+0000] {dag.py:2726} INFO - Sync 1 DAGs
[2023-05-29T22:49:28.109+0000] {logging_mixin.py:149} INFO - [2023-05-29T22:49:28.109+0000] {dag.py:3490} INFO - Setting next_dagrun for example_dynamic_task_mapping to 2022-03-04T00:00:00+00:00, run_after=2022-03-05T00:00:00+00:00
[2023-05-29T22:49:28.165+0000] {processor.py:179} INFO - Processing /home/airflow/.local/lib/python3.7/site-packages/airflow/example_dags/example_dynamic_task_mapping.py took 0.323 seconds
[2023-05-29T22:49:58.703+0000] {processor.py:157} INFO - Started process (PID=121) to work on /home/airflow/.local/lib/python3.7/site-packages/airflow/example_dags/example_dynamic_task_mapping.py
[2023-05-29T22:49:58.705+0000] {processor.py:826} INFO - Processing file /home/airflow/.local/lib/python3.7/site-packages/airflow/example_dags/example_dynamic_task_mapping.py for tasks to queue
[2023-05-29T22:49:58.706+0000] {logging_mixin.py:149} INFO - [2023-05-29T22:49:58.706+0000] {dagbag.py:541} INFO - Filling up the DagBag from /home/airflow/.local/lib/python3.7/site-packages/airflow/example_dags/example_dynamic_task_mapping.py
[2023-05-29T22:49:58.714+0000] {processor.py:836} INFO - DAG(s) dict_keys(['example_dynamic_task_mapping']) retrieved from /home/airflow/.local/lib/python3.7/site-packages/airflow/example_dags/example_dynamic_task_mapping.py
[2023-05-29T22:49:58.734+0000] {logging_mixin.py:149} INFO - [2023-05-29T22:49:58.734+0000] {dag.py:2726} INFO - Sync 1 DAGs
[2023-05-29T22:49:58.749+0000] {logging_mixin.py:149} INFO - [2023-05-29T22:49:58.749+0000] {dag.py:3490} INFO - Setting next_dagrun for example_dynamic_task_mapping to 2022-03-04T00:00:00+00:00, run_after=2022-03-05T00:00:00+00:00
[2023-05-29T22:49:58.759+0000] {processor.py:179} INFO - Processing /home/airflow/.local/lib/python3.7/site-packages/airflow/example_dags/example_dynamic_task_mapping.py took 0.059 seconds
[2023-05-29T22:50:36.310+0000] {processor.py:157} INFO - Started process (PID=177) to work on /home/airflow/.local/lib/python3.7/site-packages/airflow/example_dags/example_dynamic_task_mapping.py
[2023-05-29T22:50:36.312+0000] {processor.py:826} INFO - Processing file /home/airflow/.local/lib/python3.7/site-packages/airflow/example_dags/example_dynamic_task_mapping.py for tasks to queue
[2023-05-29T22:50:36.313+0000] {logging_mixin.py:149} INFO - [2023-05-29T22:50:36.313+0000] {dagbag.py:541} INFO - Filling up the DagBag from /home/airflow/.local/lib/python3.7/site-packages/airflow/example_dags/example_dynamic_task_mapping.py
[2023-05-29T22:50:36.330+0000] {processor.py:836} INFO - DAG(s) dict_keys(['example_dynamic_task_mapping']) retrieved from /home/airflow/.local/lib/python3.7/site-packages/airflow/example_dags/example_dynamic_task_mapping.py
[2023-05-29T22:50:36.432+0000] {logging_mixin.py:149} INFO - [2023-05-29T22:50:36.431+0000] {dag.py:2726} INFO - Sync 1 DAGs
[2023-05-29T22:50:36.536+0000] {logging_mixin.py:149} INFO - [2023-05-29T22:50:36.535+0000] {dag.py:3490} INFO - Setting next_dagrun for example_dynamic_task_mapping to 2022-03-04T00:00:00+00:00, run_after=2022-03-05T00:00:00+00:00
[2023-05-29T22:50:36.599+0000] {processor.py:179} INFO - Processing /home/airflow/.local/lib/python3.7/site-packages/airflow/example_dags/example_dynamic_task_mapping.py took 0.294 seconds
[2023-05-29T22:51:43.945+0000] {processor.py:157} INFO - Started process (PID=65) to work on /home/airflow/.local/lib/python3.7/site-packages/airflow/example_dags/example_dynamic_task_mapping.py
[2023-05-29T22:51:43.947+0000] {processor.py:826} INFO - Processing file /home/airflow/.local/lib/python3.7/site-packages/airflow/example_dags/example_dynamic_task_mapping.py for tasks to queue
[2023-05-29T22:51:43.948+0000] {logging_mixin.py:149} INFO - [2023-05-29T22:51:43.948+0000] {dagbag.py:541} INFO - Filling up the DagBag from /home/airflow/.local/lib/python3.7/site-packages/airflow/example_dags/example_dynamic_task_mapping.py
[2023-05-29T22:51:43.975+0000] {processor.py:836} INFO - DAG(s) dict_keys(['example_dynamic_task_mapping']) retrieved from /home/airflow/.local/lib/python3.7/site-packages/airflow/example_dags/example_dynamic_task_mapping.py
[2023-05-29T22:51:44.003+0000] {logging_mixin.py:149} INFO - [2023-05-29T22:51:44.003+0000] {dag.py:2726} INFO - Sync 1 DAGs
[2023-05-29T22:51:44.051+0000] {logging_mixin.py:149} INFO - [2023-05-29T22:51:44.050+0000] {dag.py:3490} INFO - Setting next_dagrun for example_dynamic_task_mapping to 2022-03-04T00:00:00+00:00, run_after=2022-03-05T00:00:00+00:00
[2023-05-29T22:51:44.094+0000] {processor.py:179} INFO - Processing /home/airflow/.local/lib/python3.7/site-packages/airflow/example_dags/example_dynamic_task_mapping.py took 0.156 seconds
[2023-05-29T22:52:15.235+0000] {processor.py:157} INFO - Started process (PID=121) to work on /home/airflow/.local/lib/python3.7/site-packages/airflow/example_dags/example_dynamic_task_mapping.py
[2023-05-29T22:52:15.236+0000] {processor.py:826} INFO - Processing file /home/airflow/.local/lib/python3.7/site-packages/airflow/example_dags/example_dynamic_task_mapping.py for tasks to queue
[2023-05-29T22:52:15.237+0000] {logging_mixin.py:149} INFO - [2023-05-29T22:52:15.237+0000] {dagbag.py:541} INFO - Filling up the DagBag from /home/airflow/.local/lib/python3.7/site-packages/airflow/example_dags/example_dynamic_task_mapping.py
[2023-05-29T22:52:15.246+0000] {processor.py:836} INFO - DAG(s) dict_keys(['example_dynamic_task_mapping']) retrieved from /home/airflow/.local/lib/python3.7/site-packages/airflow/example_dags/example_dynamic_task_mapping.py
[2023-05-29T22:52:15.267+0000] {logging_mixin.py:149} INFO - [2023-05-29T22:52:15.267+0000] {dag.py:2726} INFO - Sync 1 DAGs
[2023-05-29T22:52:15.296+0000] {logging_mixin.py:149} INFO - [2023-05-29T22:52:15.295+0000] {dag.py:3490} INFO - Setting next_dagrun for example_dynamic_task_mapping to 2022-03-04T00:00:00+00:00, run_after=2022-03-05T00:00:00+00:00
[2023-05-29T22:52:15.324+0000] {processor.py:179} INFO - Processing /home/airflow/.local/lib/python3.7/site-packages/airflow/example_dags/example_dynamic_task_mapping.py took 0.092 seconds
[2023-05-29T22:52:46.611+0000] {processor.py:157} INFO - Started process (PID=177) to work on /home/airflow/.local/lib/python3.7/site-packages/airflow/example_dags/example_dynamic_task_mapping.py
[2023-05-29T22:52:46.613+0000] {processor.py:826} INFO - Processing file /home/airflow/.local/lib/python3.7/site-packages/airflow/example_dags/example_dynamic_task_mapping.py for tasks to queue
[2023-05-29T22:52:46.614+0000] {logging_mixin.py:149} INFO - [2023-05-29T22:52:46.613+0000] {dagbag.py:541} INFO - Filling up the DagBag from /home/airflow/.local/lib/python3.7/site-packages/airflow/example_dags/example_dynamic_task_mapping.py
[2023-05-29T22:52:46.620+0000] {processor.py:836} INFO - DAG(s) dict_keys(['example_dynamic_task_mapping']) retrieved from /home/airflow/.local/lib/python3.7/site-packages/airflow/example_dags/example_dynamic_task_mapping.py
[2023-05-29T22:52:46.639+0000] {logging_mixin.py:149} INFO - [2023-05-29T22:52:46.639+0000] {dag.py:2726} INFO - Sync 1 DAGs
[2023-05-29T22:52:46.656+0000] {logging_mixin.py:149} INFO - [2023-05-29T22:52:46.656+0000] {dag.py:3490} INFO - Setting next_dagrun for example_dynamic_task_mapping to 2022-03-04T00:00:00+00:00, run_after=2022-03-05T00:00:00+00:00
[2023-05-29T22:52:46.670+0000] {processor.py:179} INFO - Processing /home/airflow/.local/lib/python3.7/site-packages/airflow/example_dags/example_dynamic_task_mapping.py took 0.062 seconds
