[2023-05-29T22:42:28.758+0000] {processor.py:157} INFO - Started process (PID=60) to work on /home/airflow/.local/lib/python3.7/site-packages/airflow/example_dags/example_sla_dag.py
[2023-05-29T22:42:28.760+0000] {processor.py:826} INFO - Processing file /home/airflow/.local/lib/python3.7/site-packages/airflow/example_dags/example_sla_dag.py for tasks to queue
[2023-05-29T22:42:28.762+0000] {logging_mixin.py:149} INFO - [2023-05-29T22:42:28.762+0000] {dagbag.py:541} INFO - Filling up the DagBag from /home/airflow/.local/lib/python3.7/site-packages/airflow/example_dags/example_sla_dag.py
[2023-05-29T22:42:28.798+0000] {processor.py:836} INFO - DAG(s) dict_keys(['example_sla_dag']) retrieved from /home/airflow/.local/lib/python3.7/site-packages/airflow/example_dags/example_sla_dag.py
[2023-05-29T22:42:28.829+0000] {logging_mixin.py:149} INFO - [2023-05-29T22:42:28.828+0000] {dag.py:2726} INFO - Sync 1 DAGs
[2023-05-29T22:42:28.883+0000] {logging_mixin.py:149} INFO - [2023-05-29T22:42:28.882+0000] {dag.py:3490} INFO - Setting next_dagrun for example_sla_dag to 2023-05-29T22:40:00+00:00, run_after=2023-05-29T22:42:00+00:00
[2023-05-29T22:42:28.911+0000] {processor.py:179} INFO - Processing /home/airflow/.local/lib/python3.7/site-packages/airflow/example_dags/example_sla_dag.py took 0.162 seconds
[2023-05-29T22:42:59.156+0000] {processor.py:157} INFO - Started process (PID=115) to work on /home/airflow/.local/lib/python3.7/site-packages/airflow/example_dags/example_sla_dag.py
[2023-05-29T22:42:59.163+0000] {processor.py:826} INFO - Processing file /home/airflow/.local/lib/python3.7/site-packages/airflow/example_dags/example_sla_dag.py for tasks to queue
[2023-05-29T22:42:59.165+0000] {logging_mixin.py:149} INFO - [2023-05-29T22:42:59.165+0000] {dagbag.py:541} INFO - Filling up the DagBag from /home/airflow/.local/lib/python3.7/site-packages/airflow/example_dags/example_sla_dag.py
[2023-05-29T22:42:59.177+0000] {processor.py:836} INFO - DAG(s) dict_keys(['example_sla_dag']) retrieved from /home/airflow/.local/lib/python3.7/site-packages/airflow/example_dags/example_sla_dag.py
[2023-05-29T22:42:59.207+0000] {logging_mixin.py:149} INFO - [2023-05-29T22:42:59.207+0000] {dag.py:2726} INFO - Sync 1 DAGs
[2023-05-29T22:42:59.237+0000] {logging_mixin.py:149} INFO - [2023-05-29T22:42:59.237+0000] {dag.py:3490} INFO - Setting next_dagrun for example_sla_dag to 2023-05-29T22:40:00+00:00, run_after=2023-05-29T22:42:00+00:00
[2023-05-29T22:42:59.257+0000] {processor.py:179} INFO - Processing /home/airflow/.local/lib/python3.7/site-packages/airflow/example_dags/example_sla_dag.py took 0.107 seconds
[2023-05-29T22:43:29.647+0000] {processor.py:157} INFO - Started process (PID=171) to work on /home/airflow/.local/lib/python3.7/site-packages/airflow/example_dags/example_sla_dag.py
[2023-05-29T22:43:29.649+0000] {processor.py:826} INFO - Processing file /home/airflow/.local/lib/python3.7/site-packages/airflow/example_dags/example_sla_dag.py for tasks to queue
[2023-05-29T22:43:29.651+0000] {logging_mixin.py:149} INFO - [2023-05-29T22:43:29.651+0000] {dagbag.py:541} INFO - Filling up the DagBag from /home/airflow/.local/lib/python3.7/site-packages/airflow/example_dags/example_sla_dag.py
[2023-05-29T22:43:29.662+0000] {processor.py:836} INFO - DAG(s) dict_keys(['example_sla_dag']) retrieved from /home/airflow/.local/lib/python3.7/site-packages/airflow/example_dags/example_sla_dag.py
[2023-05-29T22:43:29.684+0000] {logging_mixin.py:149} INFO - [2023-05-29T22:43:29.684+0000] {dag.py:2726} INFO - Sync 1 DAGs
[2023-05-29T22:43:29.703+0000] {logging_mixin.py:149} INFO - [2023-05-29T22:43:29.703+0000] {dag.py:3490} INFO - Setting next_dagrun for example_sla_dag to 2023-05-29T22:40:00+00:00, run_after=2023-05-29T22:42:00+00:00
[2023-05-29T22:43:29.714+0000] {processor.py:179} INFO - Processing /home/airflow/.local/lib/python3.7/site-packages/airflow/example_dags/example_sla_dag.py took 0.072 seconds
[2023-05-29T22:44:00.166+0000] {processor.py:157} INFO - Started process (PID=227) to work on /home/airflow/.local/lib/python3.7/site-packages/airflow/example_dags/example_sla_dag.py
[2023-05-29T22:44:00.167+0000] {processor.py:826} INFO - Processing file /home/airflow/.local/lib/python3.7/site-packages/airflow/example_dags/example_sla_dag.py for tasks to queue
[2023-05-29T22:44:00.168+0000] {logging_mixin.py:149} INFO - [2023-05-29T22:44:00.168+0000] {dagbag.py:541} INFO - Filling up the DagBag from /home/airflow/.local/lib/python3.7/site-packages/airflow/example_dags/example_sla_dag.py
[2023-05-29T22:44:00.176+0000] {processor.py:836} INFO - DAG(s) dict_keys(['example_sla_dag']) retrieved from /home/airflow/.local/lib/python3.7/site-packages/airflow/example_dags/example_sla_dag.py
[2023-05-29T22:44:00.195+0000] {logging_mixin.py:149} INFO - [2023-05-29T22:44:00.194+0000] {dag.py:2726} INFO - Sync 1 DAGs
[2023-05-29T22:44:00.212+0000] {logging_mixin.py:149} INFO - [2023-05-29T22:44:00.212+0000] {dag.py:3490} INFO - Setting next_dagrun for example_sla_dag to 2023-05-29T22:42:00+00:00, run_after=2023-05-29T22:44:00+00:00
[2023-05-29T22:44:00.224+0000] {processor.py:179} INFO - Processing /home/airflow/.local/lib/python3.7/site-packages/airflow/example_dags/example_sla_dag.py took 0.061 seconds
[2023-05-29T22:44:30.585+0000] {processor.py:157} INFO - Started process (PID=291) to work on /home/airflow/.local/lib/python3.7/site-packages/airflow/example_dags/example_sla_dag.py
[2023-05-29T22:44:30.586+0000] {processor.py:826} INFO - Processing file /home/airflow/.local/lib/python3.7/site-packages/airflow/example_dags/example_sla_dag.py for tasks to queue
[2023-05-29T22:44:30.587+0000] {logging_mixin.py:149} INFO - [2023-05-29T22:44:30.587+0000] {dagbag.py:541} INFO - Filling up the DagBag from /home/airflow/.local/lib/python3.7/site-packages/airflow/example_dags/example_sla_dag.py
[2023-05-29T22:44:30.593+0000] {processor.py:836} INFO - DAG(s) dict_keys(['example_sla_dag']) retrieved from /home/airflow/.local/lib/python3.7/site-packages/airflow/example_dags/example_sla_dag.py
[2023-05-29T22:44:30.611+0000] {logging_mixin.py:149} INFO - [2023-05-29T22:44:30.611+0000] {dag.py:2726} INFO - Sync 1 DAGs
[2023-05-29T22:44:30.627+0000] {logging_mixin.py:149} INFO - [2023-05-29T22:44:30.627+0000] {dag.py:3490} INFO - Setting next_dagrun for example_sla_dag to 2023-05-29T22:42:00+00:00, run_after=2023-05-29T22:44:00+00:00
[2023-05-29T22:44:30.637+0000] {processor.py:179} INFO - Processing /home/airflow/.local/lib/python3.7/site-packages/airflow/example_dags/example_sla_dag.py took 0.054 seconds
[2023-05-29T22:45:01.269+0000] {processor.py:157} INFO - Started process (PID=347) to work on /home/airflow/.local/lib/python3.7/site-packages/airflow/example_dags/example_sla_dag.py
[2023-05-29T22:45:01.281+0000] {processor.py:826} INFO - Processing file /home/airflow/.local/lib/python3.7/site-packages/airflow/example_dags/example_sla_dag.py for tasks to queue
[2023-05-29T22:45:01.283+0000] {logging_mixin.py:149} INFO - [2023-05-29T22:45:01.283+0000] {dagbag.py:541} INFO - Filling up the DagBag from /home/airflow/.local/lib/python3.7/site-packages/airflow/example_dags/example_sla_dag.py
[2023-05-29T22:45:01.291+0000] {processor.py:836} INFO - DAG(s) dict_keys(['example_sla_dag']) retrieved from /home/airflow/.local/lib/python3.7/site-packages/airflow/example_dags/example_sla_dag.py
[2023-05-29T22:45:01.320+0000] {logging_mixin.py:149} INFO - [2023-05-29T22:45:01.320+0000] {dag.py:2726} INFO - Sync 1 DAGs
[2023-05-29T22:45:01.340+0000] {logging_mixin.py:149} INFO - [2023-05-29T22:45:01.339+0000] {dag.py:3490} INFO - Setting next_dagrun for example_sla_dag to 2023-05-29T22:42:00+00:00, run_after=2023-05-29T22:44:00+00:00
[2023-05-29T22:45:01.356+0000] {processor.py:179} INFO - Processing /home/airflow/.local/lib/python3.7/site-packages/airflow/example_dags/example_sla_dag.py took 0.093 seconds
[2023-05-29T22:45:31.762+0000] {processor.py:157} INFO - Started process (PID=403) to work on /home/airflow/.local/lib/python3.7/site-packages/airflow/example_dags/example_sla_dag.py
[2023-05-29T22:45:31.763+0000] {processor.py:826} INFO - Processing file /home/airflow/.local/lib/python3.7/site-packages/airflow/example_dags/example_sla_dag.py for tasks to queue
[2023-05-29T22:45:31.764+0000] {logging_mixin.py:149} INFO - [2023-05-29T22:45:31.764+0000] {dagbag.py:541} INFO - Filling up the DagBag from /home/airflow/.local/lib/python3.7/site-packages/airflow/example_dags/example_sla_dag.py
[2023-05-29T22:45:31.771+0000] {processor.py:836} INFO - DAG(s) dict_keys(['example_sla_dag']) retrieved from /home/airflow/.local/lib/python3.7/site-packages/airflow/example_dags/example_sla_dag.py
[2023-05-29T22:45:31.790+0000] {logging_mixin.py:149} INFO - [2023-05-29T22:45:31.790+0000] {dag.py:2726} INFO - Sync 1 DAGs
[2023-05-29T22:45:31.809+0000] {logging_mixin.py:149} INFO - [2023-05-29T22:45:31.808+0000] {dag.py:3490} INFO - Setting next_dagrun for example_sla_dag to 2023-05-29T22:42:00+00:00, run_after=2023-05-29T22:44:00+00:00
[2023-05-29T22:45:31.826+0000] {processor.py:179} INFO - Processing /home/airflow/.local/lib/python3.7/site-packages/airflow/example_dags/example_sla_dag.py took 0.067 seconds
[2023-05-29T22:46:03.004+0000] {processor.py:157} INFO - Started process (PID=459) to work on /home/airflow/.local/lib/python3.7/site-packages/airflow/example_dags/example_sla_dag.py
[2023-05-29T22:46:03.005+0000] {processor.py:826} INFO - Processing file /home/airflow/.local/lib/python3.7/site-packages/airflow/example_dags/example_sla_dag.py for tasks to queue
[2023-05-29T22:46:03.006+0000] {logging_mixin.py:149} INFO - [2023-05-29T22:46:03.006+0000] {dagbag.py:541} INFO - Filling up the DagBag from /home/airflow/.local/lib/python3.7/site-packages/airflow/example_dags/example_sla_dag.py
[2023-05-29T22:46:03.014+0000] {processor.py:836} INFO - DAG(s) dict_keys(['example_sla_dag']) retrieved from /home/airflow/.local/lib/python3.7/site-packages/airflow/example_dags/example_sla_dag.py
[2023-05-29T22:46:03.036+0000] {logging_mixin.py:149} INFO - [2023-05-29T22:46:03.036+0000] {dag.py:2726} INFO - Sync 1 DAGs
[2023-05-29T22:46:03.054+0000] {logging_mixin.py:149} INFO - [2023-05-29T22:46:03.054+0000] {dag.py:3490} INFO - Setting next_dagrun for example_sla_dag to 2023-05-29T22:44:00+00:00, run_after=2023-05-29T22:46:00+00:00
[2023-05-29T22:46:03.065+0000] {processor.py:179} INFO - Processing /home/airflow/.local/lib/python3.7/site-packages/airflow/example_dags/example_sla_dag.py took 0.064 seconds
[2023-05-29T22:46:33.747+0000] {processor.py:157} INFO - Started process (PID=515) to work on /home/airflow/.local/lib/python3.7/site-packages/airflow/example_dags/example_sla_dag.py
[2023-05-29T22:46:33.749+0000] {processor.py:826} INFO - Processing file /home/airflow/.local/lib/python3.7/site-packages/airflow/example_dags/example_sla_dag.py for tasks to queue
[2023-05-29T22:46:33.751+0000] {logging_mixin.py:149} INFO - [2023-05-29T22:46:33.750+0000] {dagbag.py:541} INFO - Filling up the DagBag from /home/airflow/.local/lib/python3.7/site-packages/airflow/example_dags/example_sla_dag.py
[2023-05-29T22:46:33.758+0000] {processor.py:836} INFO - DAG(s) dict_keys(['example_sla_dag']) retrieved from /home/airflow/.local/lib/python3.7/site-packages/airflow/example_dags/example_sla_dag.py
[2023-05-29T22:46:33.783+0000] {logging_mixin.py:149} INFO - [2023-05-29T22:46:33.783+0000] {dag.py:2726} INFO - Sync 1 DAGs
[2023-05-29T22:46:33.804+0000] {logging_mixin.py:149} INFO - [2023-05-29T22:46:33.804+0000] {dag.py:3490} INFO - Setting next_dagrun for example_sla_dag to 2023-05-29T22:44:00+00:00, run_after=2023-05-29T22:46:00+00:00
[2023-05-29T22:46:33.814+0000] {processor.py:179} INFO - Processing /home/airflow/.local/lib/python3.7/site-packages/airflow/example_dags/example_sla_dag.py took 0.073 seconds
[2023-05-29T22:47:04.064+0000] {processor.py:157} INFO - Started process (PID=571) to work on /home/airflow/.local/lib/python3.7/site-packages/airflow/example_dags/example_sla_dag.py
[2023-05-29T22:47:04.089+0000] {processor.py:826} INFO - Processing file /home/airflow/.local/lib/python3.7/site-packages/airflow/example_dags/example_sla_dag.py for tasks to queue
[2023-05-29T22:47:04.096+0000] {logging_mixin.py:149} INFO - [2023-05-29T22:47:04.096+0000] {dagbag.py:541} INFO - Filling up the DagBag from /home/airflow/.local/lib/python3.7/site-packages/airflow/example_dags/example_sla_dag.py
[2023-05-29T22:47:04.119+0000] {processor.py:836} INFO - DAG(s) dict_keys(['example_sla_dag']) retrieved from /home/airflow/.local/lib/python3.7/site-packages/airflow/example_dags/example_sla_dag.py
[2023-05-29T22:47:04.176+0000] {logging_mixin.py:149} INFO - [2023-05-29T22:47:04.176+0000] {dag.py:2726} INFO - Sync 1 DAGs
[2023-05-29T22:47:04.212+0000] {logging_mixin.py:149} INFO - [2023-05-29T22:47:04.212+0000] {dag.py:3490} INFO - Setting next_dagrun for example_sla_dag to 2023-05-29T22:44:00+00:00, run_after=2023-05-29T22:46:00+00:00
[2023-05-29T22:47:04.229+0000] {processor.py:179} INFO - Processing /home/airflow/.local/lib/python3.7/site-packages/airflow/example_dags/example_sla_dag.py took 0.177 seconds
[2023-05-29T22:47:35.296+0000] {processor.py:157} INFO - Started process (PID=626) to work on /home/airflow/.local/lib/python3.7/site-packages/airflow/example_dags/example_sla_dag.py
[2023-05-29T22:47:35.298+0000] {processor.py:826} INFO - Processing file /home/airflow/.local/lib/python3.7/site-packages/airflow/example_dags/example_sla_dag.py for tasks to queue
[2023-05-29T22:47:35.298+0000] {logging_mixin.py:149} INFO - [2023-05-29T22:47:35.298+0000] {dagbag.py:541} INFO - Filling up the DagBag from /home/airflow/.local/lib/python3.7/site-packages/airflow/example_dags/example_sla_dag.py
[2023-05-29T22:47:35.306+0000] {processor.py:836} INFO - DAG(s) dict_keys(['example_sla_dag']) retrieved from /home/airflow/.local/lib/python3.7/site-packages/airflow/example_dags/example_sla_dag.py
[2023-05-29T22:47:35.325+0000] {logging_mixin.py:149} INFO - [2023-05-29T22:47:35.325+0000] {dag.py:2726} INFO - Sync 1 DAGs
[2023-05-29T22:47:35.347+0000] {logging_mixin.py:149} INFO - [2023-05-29T22:47:35.347+0000] {dag.py:3490} INFO - Setting next_dagrun for example_sla_dag to 2023-05-29T22:44:00+00:00, run_after=2023-05-29T22:46:00+00:00
[2023-05-29T22:47:35.360+0000] {processor.py:179} INFO - Processing /home/airflow/.local/lib/python3.7/site-packages/airflow/example_dags/example_sla_dag.py took 0.066 seconds
[2023-05-29T22:48:06.278+0000] {processor.py:157} INFO - Started process (PID=682) to work on /home/airflow/.local/lib/python3.7/site-packages/airflow/example_dags/example_sla_dag.py
[2023-05-29T22:48:06.279+0000] {processor.py:826} INFO - Processing file /home/airflow/.local/lib/python3.7/site-packages/airflow/example_dags/example_sla_dag.py for tasks to queue
[2023-05-29T22:48:06.280+0000] {logging_mixin.py:149} INFO - [2023-05-29T22:48:06.280+0000] {dagbag.py:541} INFO - Filling up the DagBag from /home/airflow/.local/lib/python3.7/site-packages/airflow/example_dags/example_sla_dag.py
[2023-05-29T22:48:06.287+0000] {processor.py:836} INFO - DAG(s) dict_keys(['example_sla_dag']) retrieved from /home/airflow/.local/lib/python3.7/site-packages/airflow/example_dags/example_sla_dag.py
[2023-05-29T22:48:06.306+0000] {logging_mixin.py:149} INFO - [2023-05-29T22:48:06.306+0000] {dag.py:2726} INFO - Sync 1 DAGs
[2023-05-29T22:48:06.323+0000] {logging_mixin.py:149} INFO - [2023-05-29T22:48:06.323+0000] {dag.py:3490} INFO - Setting next_dagrun for example_sla_dag to 2023-05-29T22:46:00+00:00, run_after=2023-05-29T22:48:00+00:00
[2023-05-29T22:48:06.334+0000] {processor.py:179} INFO - Processing /home/airflow/.local/lib/python3.7/site-packages/airflow/example_dags/example_sla_dag.py took 0.060 seconds
[2023-05-29T22:49:26.077+0000] {processor.py:157} INFO - Started process (PID=61) to work on /home/airflow/.local/lib/python3.7/site-packages/airflow/example_dags/example_sla_dag.py
[2023-05-29T22:49:26.082+0000] {processor.py:826} INFO - Processing file /home/airflow/.local/lib/python3.7/site-packages/airflow/example_dags/example_sla_dag.py for tasks to queue
[2023-05-29T22:49:26.083+0000] {logging_mixin.py:149} INFO - [2023-05-29T22:49:26.083+0000] {dagbag.py:541} INFO - Filling up the DagBag from /home/airflow/.local/lib/python3.7/site-packages/airflow/example_dags/example_sla_dag.py
[2023-05-29T22:49:26.100+0000] {processor.py:836} INFO - DAG(s) dict_keys(['example_sla_dag']) retrieved from /home/airflow/.local/lib/python3.7/site-packages/airflow/example_dags/example_sla_dag.py
[2023-05-29T22:49:26.145+0000] {logging_mixin.py:149} INFO - [2023-05-29T22:49:26.145+0000] {dag.py:2726} INFO - Sync 1 DAGs
[2023-05-29T22:49:26.201+0000] {logging_mixin.py:149} INFO - [2023-05-29T22:49:26.201+0000] {dag.py:3490} INFO - Setting next_dagrun for example_sla_dag to 2023-05-29T22:46:00+00:00, run_after=2023-05-29T22:48:00+00:00
[2023-05-29T22:49:26.233+0000] {processor.py:179} INFO - Processing /home/airflow/.local/lib/python3.7/site-packages/airflow/example_dags/example_sla_dag.py took 0.161 seconds
[2023-05-29T22:49:57.029+0000] {processor.py:157} INFO - Started process (PID=116) to work on /home/airflow/.local/lib/python3.7/site-packages/airflow/example_dags/example_sla_dag.py
[2023-05-29T22:49:57.031+0000] {processor.py:826} INFO - Processing file /home/airflow/.local/lib/python3.7/site-packages/airflow/example_dags/example_sla_dag.py for tasks to queue
[2023-05-29T22:49:57.032+0000] {logging_mixin.py:149} INFO - [2023-05-29T22:49:57.032+0000] {dagbag.py:541} INFO - Filling up the DagBag from /home/airflow/.local/lib/python3.7/site-packages/airflow/example_dags/example_sla_dag.py
[2023-05-29T22:49:57.043+0000] {processor.py:836} INFO - DAG(s) dict_keys(['example_sla_dag']) retrieved from /home/airflow/.local/lib/python3.7/site-packages/airflow/example_dags/example_sla_dag.py
[2023-05-29T22:49:57.065+0000] {logging_mixin.py:149} INFO - [2023-05-29T22:49:57.065+0000] {dag.py:2726} INFO - Sync 1 DAGs
[2023-05-29T22:49:57.083+0000] {logging_mixin.py:149} INFO - [2023-05-29T22:49:57.083+0000] {dag.py:3490} INFO - Setting next_dagrun for example_sla_dag to 2023-05-29T22:46:00+00:00, run_after=2023-05-29T22:48:00+00:00
[2023-05-29T22:49:57.099+0000] {processor.py:179} INFO - Processing /home/airflow/.local/lib/python3.7/site-packages/airflow/example_dags/example_sla_dag.py took 0.075 seconds
[2023-05-29T22:50:34.492+0000] {processor.py:157} INFO - Started process (PID=173) to work on /home/airflow/.local/lib/python3.7/site-packages/airflow/example_dags/example_sla_dag.py
[2023-05-29T22:50:34.493+0000] {processor.py:826} INFO - Processing file /home/airflow/.local/lib/python3.7/site-packages/airflow/example_dags/example_sla_dag.py for tasks to queue
[2023-05-29T22:50:34.494+0000] {logging_mixin.py:149} INFO - [2023-05-29T22:50:34.494+0000] {dagbag.py:541} INFO - Filling up the DagBag from /home/airflow/.local/lib/python3.7/site-packages/airflow/example_dags/example_sla_dag.py
[2023-05-29T22:50:34.501+0000] {processor.py:836} INFO - DAG(s) dict_keys(['example_sla_dag']) retrieved from /home/airflow/.local/lib/python3.7/site-packages/airflow/example_dags/example_sla_dag.py
[2023-05-29T22:50:34.521+0000] {logging_mixin.py:149} INFO - [2023-05-29T22:50:34.521+0000] {dag.py:2726} INFO - Sync 1 DAGs
[2023-05-29T22:50:34.551+0000] {logging_mixin.py:149} INFO - [2023-05-29T22:50:34.551+0000] {dag.py:3490} INFO - Setting next_dagrun for example_sla_dag to 2023-05-29T22:48:00+00:00, run_after=2023-05-29T22:50:00+00:00
[2023-05-29T22:50:34.576+0000] {processor.py:179} INFO - Processing /home/airflow/.local/lib/python3.7/site-packages/airflow/example_dags/example_sla_dag.py took 0.088 seconds
[2023-05-29T22:51:42.283+0000] {processor.py:157} INFO - Started process (PID=61) to work on /home/airflow/.local/lib/python3.7/site-packages/airflow/example_dags/example_sla_dag.py
[2023-05-29T22:51:42.284+0000] {processor.py:826} INFO - Processing file /home/airflow/.local/lib/python3.7/site-packages/airflow/example_dags/example_sla_dag.py for tasks to queue
[2023-05-29T22:51:42.285+0000] {logging_mixin.py:149} INFO - [2023-05-29T22:51:42.285+0000] {dagbag.py:541} INFO - Filling up the DagBag from /home/airflow/.local/lib/python3.7/site-packages/airflow/example_dags/example_sla_dag.py
[2023-05-29T22:51:42.298+0000] {processor.py:836} INFO - DAG(s) dict_keys(['example_sla_dag']) retrieved from /home/airflow/.local/lib/python3.7/site-packages/airflow/example_dags/example_sla_dag.py
[2023-05-29T22:51:42.323+0000] {logging_mixin.py:149} INFO - [2023-05-29T22:51:42.322+0000] {dag.py:2726} INFO - Sync 1 DAGs
[2023-05-29T22:51:42.369+0000] {logging_mixin.py:149} INFO - [2023-05-29T22:51:42.368+0000] {dag.py:3490} INFO - Setting next_dagrun for example_sla_dag to 2023-05-29T22:48:00+00:00, run_after=2023-05-29T22:50:00+00:00
[2023-05-29T22:51:42.406+0000] {processor.py:179} INFO - Processing /home/airflow/.local/lib/python3.7/site-packages/airflow/example_dags/example_sla_dag.py took 0.128 seconds
[2023-05-29T22:52:12.481+0000] {processor.py:157} INFO - Started process (PID=116) to work on /home/airflow/.local/lib/python3.7/site-packages/airflow/example_dags/example_sla_dag.py
[2023-05-29T22:52:12.482+0000] {processor.py:826} INFO - Processing file /home/airflow/.local/lib/python3.7/site-packages/airflow/example_dags/example_sla_dag.py for tasks to queue
[2023-05-29T22:52:12.483+0000] {logging_mixin.py:149} INFO - [2023-05-29T22:52:12.483+0000] {dagbag.py:541} INFO - Filling up the DagBag from /home/airflow/.local/lib/python3.7/site-packages/airflow/example_dags/example_sla_dag.py
[2023-05-29T22:52:12.489+0000] {processor.py:836} INFO - DAG(s) dict_keys(['example_sla_dag']) retrieved from /home/airflow/.local/lib/python3.7/site-packages/airflow/example_dags/example_sla_dag.py
[2023-05-29T22:52:12.508+0000] {logging_mixin.py:149} INFO - [2023-05-29T22:52:12.508+0000] {dag.py:2726} INFO - Sync 1 DAGs
[2023-05-29T22:52:12.525+0000] {logging_mixin.py:149} INFO - [2023-05-29T22:52:12.525+0000] {dag.py:3490} INFO - Setting next_dagrun for example_sla_dag to 2023-05-29T22:50:00+00:00, run_after=2023-05-29T22:52:00+00:00
[2023-05-29T22:52:12.535+0000] {processor.py:179} INFO - Processing /home/airflow/.local/lib/python3.7/site-packages/airflow/example_dags/example_sla_dag.py took 0.057 seconds
[2023-05-29T22:52:42.910+0000] {processor.py:157} INFO - Started process (PID=172) to work on /home/airflow/.local/lib/python3.7/site-packages/airflow/example_dags/example_sla_dag.py
[2023-05-29T22:52:42.911+0000] {processor.py:826} INFO - Processing file /home/airflow/.local/lib/python3.7/site-packages/airflow/example_dags/example_sla_dag.py for tasks to queue
[2023-05-29T22:52:42.912+0000] {logging_mixin.py:149} INFO - [2023-05-29T22:52:42.912+0000] {dagbag.py:541} INFO - Filling up the DagBag from /home/airflow/.local/lib/python3.7/site-packages/airflow/example_dags/example_sla_dag.py
[2023-05-29T22:52:42.918+0000] {processor.py:836} INFO - DAG(s) dict_keys(['example_sla_dag']) retrieved from /home/airflow/.local/lib/python3.7/site-packages/airflow/example_dags/example_sla_dag.py
[2023-05-29T22:52:42.940+0000] {logging_mixin.py:149} INFO - [2023-05-29T22:52:42.939+0000] {dag.py:2726} INFO - Sync 1 DAGs
[2023-05-29T22:52:42.958+0000] {logging_mixin.py:149} INFO - [2023-05-29T22:52:42.958+0000] {dag.py:3490} INFO - Setting next_dagrun for example_sla_dag to 2023-05-29T22:50:00+00:00, run_after=2023-05-29T22:52:00+00:00
[2023-05-29T22:52:42.970+0000] {processor.py:179} INFO - Processing /home/airflow/.local/lib/python3.7/site-packages/airflow/example_dags/example_sla_dag.py took 0.063 seconds
