[2023-05-29T22:42:29.824+0000] {processor.py:157} INFO - Started process (PID=63) to work on /home/airflow/.local/lib/python3.7/site-packages/airflow/example_dags/example_kubernetes_executor.py
[2023-05-29T22:42:29.872+0000] {processor.py:826} INFO - Processing file /home/airflow/.local/lib/python3.7/site-packages/airflow/example_dags/example_kubernetes_executor.py for tasks to queue
[2023-05-29T22:42:29.881+0000] {logging_mixin.py:149} INFO - [2023-05-29T22:42:29.880+0000] {dagbag.py:541} INFO - Filling up the DagBag from /home/airflow/.local/lib/python3.7/site-packages/airflow/example_dags/example_kubernetes_executor.py
[2023-05-29T22:42:30.764+0000] {processor.py:836} INFO - DAG(s) dict_keys(['example_kubernetes_executor']) retrieved from /home/airflow/.local/lib/python3.7/site-packages/airflow/example_dags/example_kubernetes_executor.py
[2023-05-29T22:42:30.827+0000] {logging_mixin.py:149} INFO - [2023-05-29T22:42:30.825+0000] {dag.py:2726} INFO - Sync 1 DAGs
[2023-05-29T22:42:30.912+0000] {logging_mixin.py:149} INFO - [2023-05-29T22:42:30.911+0000] {dag.py:3490} INFO - Setting next_dagrun for example_kubernetes_executor to None, run_after=None
[2023-05-29T22:42:31.022+0000] {processor.py:179} INFO - Processing /home/airflow/.local/lib/python3.7/site-packages/airflow/example_dags/example_kubernetes_executor.py took 1.226 seconds
[2023-05-29T22:43:01.503+0000] {processor.py:157} INFO - Started process (PID=119) to work on /home/airflow/.local/lib/python3.7/site-packages/airflow/example_dags/example_kubernetes_executor.py
[2023-05-29T22:43:01.507+0000] {processor.py:826} INFO - Processing file /home/airflow/.local/lib/python3.7/site-packages/airflow/example_dags/example_kubernetes_executor.py for tasks to queue
[2023-05-29T22:43:01.508+0000] {logging_mixin.py:149} INFO - [2023-05-29T22:43:01.508+0000] {dagbag.py:541} INFO - Filling up the DagBag from /home/airflow/.local/lib/python3.7/site-packages/airflow/example_dags/example_kubernetes_executor.py
[2023-05-29T22:43:01.876+0000] {processor.py:836} INFO - DAG(s) dict_keys(['example_kubernetes_executor']) retrieved from /home/airflow/.local/lib/python3.7/site-packages/airflow/example_dags/example_kubernetes_executor.py
[2023-05-29T22:43:01.965+0000] {logging_mixin.py:149} INFO - [2023-05-29T22:43:01.964+0000] {dag.py:2726} INFO - Sync 1 DAGs
[2023-05-29T22:43:01.990+0000] {logging_mixin.py:149} INFO - [2023-05-29T22:43:01.990+0000] {dag.py:3490} INFO - Setting next_dagrun for example_kubernetes_executor to None, run_after=None
[2023-05-29T22:43:02.005+0000] {processor.py:179} INFO - Processing /home/airflow/.local/lib/python3.7/site-packages/airflow/example_dags/example_kubernetes_executor.py took 0.508 seconds
[2023-05-29T22:43:32.860+0000] {processor.py:157} INFO - Started process (PID=175) to work on /home/airflow/.local/lib/python3.7/site-packages/airflow/example_dags/example_kubernetes_executor.py
[2023-05-29T22:43:32.865+0000] {processor.py:826} INFO - Processing file /home/airflow/.local/lib/python3.7/site-packages/airflow/example_dags/example_kubernetes_executor.py for tasks to queue
[2023-05-29T22:43:32.867+0000] {logging_mixin.py:149} INFO - [2023-05-29T22:43:32.867+0000] {dagbag.py:541} INFO - Filling up the DagBag from /home/airflow/.local/lib/python3.7/site-packages/airflow/example_dags/example_kubernetes_executor.py
[2023-05-29T22:43:33.106+0000] {processor.py:836} INFO - DAG(s) dict_keys(['example_kubernetes_executor']) retrieved from /home/airflow/.local/lib/python3.7/site-packages/airflow/example_dags/example_kubernetes_executor.py
[2023-05-29T22:43:33.166+0000] {logging_mixin.py:149} INFO - [2023-05-29T22:43:33.166+0000] {dag.py:2726} INFO - Sync 1 DAGs
[2023-05-29T22:43:33.190+0000] {logging_mixin.py:149} INFO - [2023-05-29T22:43:33.190+0000] {dag.py:3490} INFO - Setting next_dagrun for example_kubernetes_executor to None, run_after=None
[2023-05-29T22:43:33.205+0000] {processor.py:179} INFO - Processing /home/airflow/.local/lib/python3.7/site-packages/airflow/example_dags/example_kubernetes_executor.py took 0.357 seconds
[2023-05-29T22:44:03.389+0000] {processor.py:157} INFO - Started process (PID=231) to work on /home/airflow/.local/lib/python3.7/site-packages/airflow/example_dags/example_kubernetes_executor.py
[2023-05-29T22:44:03.392+0000] {processor.py:826} INFO - Processing file /home/airflow/.local/lib/python3.7/site-packages/airflow/example_dags/example_kubernetes_executor.py for tasks to queue
[2023-05-29T22:44:03.393+0000] {logging_mixin.py:149} INFO - [2023-05-29T22:44:03.393+0000] {dagbag.py:541} INFO - Filling up the DagBag from /home/airflow/.local/lib/python3.7/site-packages/airflow/example_dags/example_kubernetes_executor.py
[2023-05-29T22:44:03.726+0000] {processor.py:836} INFO - DAG(s) dict_keys(['example_kubernetes_executor']) retrieved from /home/airflow/.local/lib/python3.7/site-packages/airflow/example_dags/example_kubernetes_executor.py
[2023-05-29T22:44:03.880+0000] {logging_mixin.py:149} INFO - [2023-05-29T22:44:03.880+0000] {dag.py:2726} INFO - Sync 1 DAGs
[2023-05-29T22:44:03.921+0000] {logging_mixin.py:149} INFO - [2023-05-29T22:44:03.921+0000] {dag.py:3490} INFO - Setting next_dagrun for example_kubernetes_executor to None, run_after=None
[2023-05-29T22:44:03.949+0000] {processor.py:179} INFO - Processing /home/airflow/.local/lib/python3.7/site-packages/airflow/example_dags/example_kubernetes_executor.py took 0.567 seconds
[2023-05-29T22:44:34.893+0000] {processor.py:157} INFO - Started process (PID=295) to work on /home/airflow/.local/lib/python3.7/site-packages/airflow/example_dags/example_kubernetes_executor.py
[2023-05-29T22:44:34.902+0000] {processor.py:826} INFO - Processing file /home/airflow/.local/lib/python3.7/site-packages/airflow/example_dags/example_kubernetes_executor.py for tasks to queue
[2023-05-29T22:44:34.905+0000] {logging_mixin.py:149} INFO - [2023-05-29T22:44:34.905+0000] {dagbag.py:541} INFO - Filling up the DagBag from /home/airflow/.local/lib/python3.7/site-packages/airflow/example_dags/example_kubernetes_executor.py
[2023-05-29T22:44:35.221+0000] {processor.py:836} INFO - DAG(s) dict_keys(['example_kubernetes_executor']) retrieved from /home/airflow/.local/lib/python3.7/site-packages/airflow/example_dags/example_kubernetes_executor.py
[2023-05-29T22:44:35.285+0000] {logging_mixin.py:149} INFO - [2023-05-29T22:44:35.285+0000] {dag.py:2726} INFO - Sync 1 DAGs
[2023-05-29T22:44:35.318+0000] {logging_mixin.py:149} INFO - [2023-05-29T22:44:35.318+0000] {dag.py:3490} INFO - Setting next_dagrun for example_kubernetes_executor to None, run_after=None
[2023-05-29T22:44:35.345+0000] {processor.py:179} INFO - Processing /home/airflow/.local/lib/python3.7/site-packages/airflow/example_dags/example_kubernetes_executor.py took 0.458 seconds
[2023-05-29T22:45:05.612+0000] {processor.py:157} INFO - Started process (PID=351) to work on /home/airflow/.local/lib/python3.7/site-packages/airflow/example_dags/example_kubernetes_executor.py
[2023-05-29T22:45:05.619+0000] {processor.py:826} INFO - Processing file /home/airflow/.local/lib/python3.7/site-packages/airflow/example_dags/example_kubernetes_executor.py for tasks to queue
[2023-05-29T22:45:05.622+0000] {logging_mixin.py:149} INFO - [2023-05-29T22:45:05.622+0000] {dagbag.py:541} INFO - Filling up the DagBag from /home/airflow/.local/lib/python3.7/site-packages/airflow/example_dags/example_kubernetes_executor.py
[2023-05-29T22:45:06.154+0000] {processor.py:836} INFO - DAG(s) dict_keys(['example_kubernetes_executor']) retrieved from /home/airflow/.local/lib/python3.7/site-packages/airflow/example_dags/example_kubernetes_executor.py
[2023-05-29T22:45:06.247+0000] {logging_mixin.py:149} INFO - [2023-05-29T22:45:06.247+0000] {dag.py:2726} INFO - Sync 1 DAGs
[2023-05-29T22:45:06.277+0000] {logging_mixin.py:149} INFO - [2023-05-29T22:45:06.276+0000] {dag.py:3490} INFO - Setting next_dagrun for example_kubernetes_executor to None, run_after=None
[2023-05-29T22:45:06.293+0000] {processor.py:179} INFO - Processing /home/airflow/.local/lib/python3.7/site-packages/airflow/example_dags/example_kubernetes_executor.py took 0.695 seconds
[2023-05-29T22:45:37.139+0000] {processor.py:157} INFO - Started process (PID=407) to work on /home/airflow/.local/lib/python3.7/site-packages/airflow/example_dags/example_kubernetes_executor.py
[2023-05-29T22:45:37.146+0000] {processor.py:826} INFO - Processing file /home/airflow/.local/lib/python3.7/site-packages/airflow/example_dags/example_kubernetes_executor.py for tasks to queue
[2023-05-29T22:45:37.149+0000] {logging_mixin.py:149} INFO - [2023-05-29T22:45:37.149+0000] {dagbag.py:541} INFO - Filling up the DagBag from /home/airflow/.local/lib/python3.7/site-packages/airflow/example_dags/example_kubernetes_executor.py
[2023-05-29T22:45:37.422+0000] {processor.py:836} INFO - DAG(s) dict_keys(['example_kubernetes_executor']) retrieved from /home/airflow/.local/lib/python3.7/site-packages/airflow/example_dags/example_kubernetes_executor.py
[2023-05-29T22:45:37.493+0000] {logging_mixin.py:149} INFO - [2023-05-29T22:45:37.493+0000] {dag.py:2726} INFO - Sync 1 DAGs
[2023-05-29T22:45:37.524+0000] {logging_mixin.py:149} INFO - [2023-05-29T22:45:37.524+0000] {dag.py:3490} INFO - Setting next_dagrun for example_kubernetes_executor to None, run_after=None
[2023-05-29T22:45:37.542+0000] {processor.py:179} INFO - Processing /home/airflow/.local/lib/python3.7/site-packages/airflow/example_dags/example_kubernetes_executor.py took 0.411 seconds
[2023-05-29T22:46:08.331+0000] {processor.py:157} INFO - Started process (PID=463) to work on /home/airflow/.local/lib/python3.7/site-packages/airflow/example_dags/example_kubernetes_executor.py
[2023-05-29T22:46:08.339+0000] {processor.py:826} INFO - Processing file /home/airflow/.local/lib/python3.7/site-packages/airflow/example_dags/example_kubernetes_executor.py for tasks to queue
[2023-05-29T22:46:08.344+0000] {logging_mixin.py:149} INFO - [2023-05-29T22:46:08.343+0000] {dagbag.py:541} INFO - Filling up the DagBag from /home/airflow/.local/lib/python3.7/site-packages/airflow/example_dags/example_kubernetes_executor.py
[2023-05-29T22:46:08.741+0000] {processor.py:836} INFO - DAG(s) dict_keys(['example_kubernetes_executor']) retrieved from /home/airflow/.local/lib/python3.7/site-packages/airflow/example_dags/example_kubernetes_executor.py
[2023-05-29T22:46:08.833+0000] {logging_mixin.py:149} INFO - [2023-05-29T22:46:08.832+0000] {dag.py:2726} INFO - Sync 1 DAGs
[2023-05-29T22:46:08.861+0000] {logging_mixin.py:149} INFO - [2023-05-29T22:46:08.861+0000] {dag.py:3490} INFO - Setting next_dagrun for example_kubernetes_executor to None, run_after=None
[2023-05-29T22:46:08.881+0000] {processor.py:179} INFO - Processing /home/airflow/.local/lib/python3.7/site-packages/airflow/example_dags/example_kubernetes_executor.py took 0.557 seconds
[2023-05-29T22:46:39.051+0000] {processor.py:157} INFO - Started process (PID=519) to work on /home/airflow/.local/lib/python3.7/site-packages/airflow/example_dags/example_kubernetes_executor.py
[2023-05-29T22:46:39.054+0000] {processor.py:826} INFO - Processing file /home/airflow/.local/lib/python3.7/site-packages/airflow/example_dags/example_kubernetes_executor.py for tasks to queue
[2023-05-29T22:46:39.056+0000] {logging_mixin.py:149} INFO - [2023-05-29T22:46:39.056+0000] {dagbag.py:541} INFO - Filling up the DagBag from /home/airflow/.local/lib/python3.7/site-packages/airflow/example_dags/example_kubernetes_executor.py
[2023-05-29T22:46:39.488+0000] {processor.py:836} INFO - DAG(s) dict_keys(['example_kubernetes_executor']) retrieved from /home/airflow/.local/lib/python3.7/site-packages/airflow/example_dags/example_kubernetes_executor.py
[2023-05-29T22:46:39.537+0000] {logging_mixin.py:149} INFO - [2023-05-29T22:46:39.537+0000] {dag.py:2726} INFO - Sync 1 DAGs
[2023-05-29T22:46:39.558+0000] {logging_mixin.py:149} INFO - [2023-05-29T22:46:39.558+0000] {dag.py:3490} INFO - Setting next_dagrun for example_kubernetes_executor to None, run_after=None
[2023-05-29T22:46:39.575+0000] {processor.py:179} INFO - Processing /home/airflow/.local/lib/python3.7/site-packages/airflow/example_dags/example_kubernetes_executor.py took 0.533 seconds
[2023-05-29T22:47:10.093+0000] {processor.py:157} INFO - Started process (PID=575) to work on /home/airflow/.local/lib/python3.7/site-packages/airflow/example_dags/example_kubernetes_executor.py
[2023-05-29T22:47:10.096+0000] {processor.py:826} INFO - Processing file /home/airflow/.local/lib/python3.7/site-packages/airflow/example_dags/example_kubernetes_executor.py for tasks to queue
[2023-05-29T22:47:10.097+0000] {logging_mixin.py:149} INFO - [2023-05-29T22:47:10.097+0000] {dagbag.py:541} INFO - Filling up the DagBag from /home/airflow/.local/lib/python3.7/site-packages/airflow/example_dags/example_kubernetes_executor.py
[2023-05-29T22:47:10.411+0000] {processor.py:836} INFO - DAG(s) dict_keys(['example_kubernetes_executor']) retrieved from /home/airflow/.local/lib/python3.7/site-packages/airflow/example_dags/example_kubernetes_executor.py
[2023-05-29T22:47:10.477+0000] {logging_mixin.py:149} INFO - [2023-05-29T22:47:10.477+0000] {dag.py:2726} INFO - Sync 1 DAGs
[2023-05-29T22:47:10.504+0000] {logging_mixin.py:149} INFO - [2023-05-29T22:47:10.504+0000] {dag.py:3490} INFO - Setting next_dagrun for example_kubernetes_executor to None, run_after=None
[2023-05-29T22:47:10.519+0000] {processor.py:179} INFO - Processing /home/airflow/.local/lib/python3.7/site-packages/airflow/example_dags/example_kubernetes_executor.py took 0.431 seconds
[2023-05-29T22:47:40.698+0000] {processor.py:157} INFO - Started process (PID=630) to work on /home/airflow/.local/lib/python3.7/site-packages/airflow/example_dags/example_kubernetes_executor.py
[2023-05-29T22:47:40.700+0000] {processor.py:826} INFO - Processing file /home/airflow/.local/lib/python3.7/site-packages/airflow/example_dags/example_kubernetes_executor.py for tasks to queue
[2023-05-29T22:47:40.701+0000] {logging_mixin.py:149} INFO - [2023-05-29T22:47:40.701+0000] {dagbag.py:541} INFO - Filling up the DagBag from /home/airflow/.local/lib/python3.7/site-packages/airflow/example_dags/example_kubernetes_executor.py
[2023-05-29T22:47:40.953+0000] {processor.py:836} INFO - DAG(s) dict_keys(['example_kubernetes_executor']) retrieved from /home/airflow/.local/lib/python3.7/site-packages/airflow/example_dags/example_kubernetes_executor.py
[2023-05-29T22:47:41.016+0000] {logging_mixin.py:149} INFO - [2023-05-29T22:47:41.016+0000] {dag.py:2726} INFO - Sync 1 DAGs
[2023-05-29T22:47:41.053+0000] {logging_mixin.py:149} INFO - [2023-05-29T22:47:41.053+0000] {dag.py:3490} INFO - Setting next_dagrun for example_kubernetes_executor to None, run_after=None
[2023-05-29T22:47:41.070+0000] {processor.py:179} INFO - Processing /home/airflow/.local/lib/python3.7/site-packages/airflow/example_dags/example_kubernetes_executor.py took 0.376 seconds
[2023-05-29T22:48:11.558+0000] {processor.py:157} INFO - Started process (PID=686) to work on /home/airflow/.local/lib/python3.7/site-packages/airflow/example_dags/example_kubernetes_executor.py
[2023-05-29T22:48:11.559+0000] {processor.py:826} INFO - Processing file /home/airflow/.local/lib/python3.7/site-packages/airflow/example_dags/example_kubernetes_executor.py for tasks to queue
[2023-05-29T22:48:11.560+0000] {logging_mixin.py:149} INFO - [2023-05-29T22:48:11.560+0000] {dagbag.py:541} INFO - Filling up the DagBag from /home/airflow/.local/lib/python3.7/site-packages/airflow/example_dags/example_kubernetes_executor.py
[2023-05-29T22:48:11.741+0000] {processor.py:836} INFO - DAG(s) dict_keys(['example_kubernetes_executor']) retrieved from /home/airflow/.local/lib/python3.7/site-packages/airflow/example_dags/example_kubernetes_executor.py
[2023-05-29T22:48:11.784+0000] {logging_mixin.py:149} INFO - [2023-05-29T22:48:11.784+0000] {dag.py:2726} INFO - Sync 1 DAGs
[2023-05-29T22:48:11.812+0000] {logging_mixin.py:149} INFO - [2023-05-29T22:48:11.812+0000] {dag.py:3490} INFO - Setting next_dagrun for example_kubernetes_executor to None, run_after=None
[2023-05-29T22:48:11.834+0000] {processor.py:179} INFO - Processing /home/airflow/.local/lib/python3.7/site-packages/airflow/example_dags/example_kubernetes_executor.py took 0.280 seconds
[2023-05-29T22:49:26.881+0000] {processor.py:157} INFO - Started process (PID=64) to work on /home/airflow/.local/lib/python3.7/site-packages/airflow/example_dags/example_kubernetes_executor.py
[2023-05-29T22:49:26.885+0000] {processor.py:826} INFO - Processing file /home/airflow/.local/lib/python3.7/site-packages/airflow/example_dags/example_kubernetes_executor.py for tasks to queue
[2023-05-29T22:49:26.886+0000] {logging_mixin.py:149} INFO - [2023-05-29T22:49:26.886+0000] {dagbag.py:541} INFO - Filling up the DagBag from /home/airflow/.local/lib/python3.7/site-packages/airflow/example_dags/example_kubernetes_executor.py
[2023-05-29T22:49:27.625+0000] {processor.py:836} INFO - DAG(s) dict_keys(['example_kubernetes_executor']) retrieved from /home/airflow/.local/lib/python3.7/site-packages/airflow/example_dags/example_kubernetes_executor.py
[2023-05-29T22:49:27.665+0000] {logging_mixin.py:149} INFO - [2023-05-29T22:49:27.665+0000] {dag.py:2726} INFO - Sync 1 DAGs
[2023-05-29T22:49:27.713+0000] {logging_mixin.py:149} INFO - [2023-05-29T22:49:27.713+0000] {dag.py:3490} INFO - Setting next_dagrun for example_kubernetes_executor to None, run_after=None
[2023-05-29T22:49:27.734+0000] {processor.py:179} INFO - Processing /home/airflow/.local/lib/python3.7/site-packages/airflow/example_dags/example_kubernetes_executor.py took 0.864 seconds
[2023-05-29T22:49:58.250+0000] {processor.py:157} INFO - Started process (PID=120) to work on /home/airflow/.local/lib/python3.7/site-packages/airflow/example_dags/example_kubernetes_executor.py
[2023-05-29T22:49:58.253+0000] {processor.py:826} INFO - Processing file /home/airflow/.local/lib/python3.7/site-packages/airflow/example_dags/example_kubernetes_executor.py for tasks to queue
[2023-05-29T22:49:58.255+0000] {logging_mixin.py:149} INFO - [2023-05-29T22:49:58.254+0000] {dagbag.py:541} INFO - Filling up the DagBag from /home/airflow/.local/lib/python3.7/site-packages/airflow/example_dags/example_kubernetes_executor.py
[2023-05-29T22:49:58.557+0000] {processor.py:836} INFO - DAG(s) dict_keys(['example_kubernetes_executor']) retrieved from /home/airflow/.local/lib/python3.7/site-packages/airflow/example_dags/example_kubernetes_executor.py
[2023-05-29T22:49:58.625+0000] {logging_mixin.py:149} INFO - [2023-05-29T22:49:58.625+0000] {dag.py:2726} INFO - Sync 1 DAGs
[2023-05-29T22:49:58.645+0000] {logging_mixin.py:149} INFO - [2023-05-29T22:49:58.645+0000] {dag.py:3490} INFO - Setting next_dagrun for example_kubernetes_executor to None, run_after=None
[2023-05-29T22:49:58.664+0000] {processor.py:179} INFO - Processing /home/airflow/.local/lib/python3.7/site-packages/airflow/example_dags/example_kubernetes_executor.py took 0.417 seconds
[2023-05-29T22:50:36.272+0000] {processor.py:157} INFO - Started process (PID=176) to work on /home/airflow/.local/lib/python3.7/site-packages/airflow/example_dags/example_kubernetes_executor.py
[2023-05-29T22:50:36.277+0000] {processor.py:826} INFO - Processing file /home/airflow/.local/lib/python3.7/site-packages/airflow/example_dags/example_kubernetes_executor.py for tasks to queue
[2023-05-29T22:50:36.280+0000] {logging_mixin.py:149} INFO - [2023-05-29T22:50:36.280+0000] {dagbag.py:541} INFO - Filling up the DagBag from /home/airflow/.local/lib/python3.7/site-packages/airflow/example_dags/example_kubernetes_executor.py
[2023-05-29T22:51:43.245+0000] {processor.py:157} INFO - Started process (PID=64) to work on /home/airflow/.local/lib/python3.7/site-packages/airflow/example_dags/example_kubernetes_executor.py
[2023-05-29T22:51:43.249+0000] {processor.py:826} INFO - Processing file /home/airflow/.local/lib/python3.7/site-packages/airflow/example_dags/example_kubernetes_executor.py for tasks to queue
[2023-05-29T22:51:43.252+0000] {logging_mixin.py:149} INFO - [2023-05-29T22:51:43.252+0000] {dagbag.py:541} INFO - Filling up the DagBag from /home/airflow/.local/lib/python3.7/site-packages/airflow/example_dags/example_kubernetes_executor.py
[2023-05-29T22:51:43.767+0000] {processor.py:836} INFO - DAG(s) dict_keys(['example_kubernetes_executor']) retrieved from /home/airflow/.local/lib/python3.7/site-packages/airflow/example_dags/example_kubernetes_executor.py
[2023-05-29T22:51:43.816+0000] {logging_mixin.py:149} INFO - [2023-05-29T22:51:43.815+0000] {dag.py:2726} INFO - Sync 1 DAGs
[2023-05-29T22:51:43.851+0000] {logging_mixin.py:149} INFO - [2023-05-29T22:51:43.851+0000] {dag.py:3490} INFO - Setting next_dagrun for example_kubernetes_executor to None, run_after=None
[2023-05-29T22:51:43.912+0000] {processor.py:179} INFO - Processing /home/airflow/.local/lib/python3.7/site-packages/airflow/example_dags/example_kubernetes_executor.py took 0.673 seconds
[2023-05-29T22:52:14.724+0000] {processor.py:157} INFO - Started process (PID=120) to work on /home/airflow/.local/lib/python3.7/site-packages/airflow/example_dags/example_kubernetes_executor.py
[2023-05-29T22:52:14.726+0000] {processor.py:826} INFO - Processing file /home/airflow/.local/lib/python3.7/site-packages/airflow/example_dags/example_kubernetes_executor.py for tasks to queue
[2023-05-29T22:52:14.728+0000] {logging_mixin.py:149} INFO - [2023-05-29T22:52:14.727+0000] {dagbag.py:541} INFO - Filling up the DagBag from /home/airflow/.local/lib/python3.7/site-packages/airflow/example_dags/example_kubernetes_executor.py
[2023-05-29T22:52:15.071+0000] {processor.py:836} INFO - DAG(s) dict_keys(['example_kubernetes_executor']) retrieved from /home/airflow/.local/lib/python3.7/site-packages/airflow/example_dags/example_kubernetes_executor.py
[2023-05-29T22:52:15.143+0000] {logging_mixin.py:149} INFO - [2023-05-29T22:52:15.142+0000] {dag.py:2726} INFO - Sync 1 DAGs
[2023-05-29T22:52:15.177+0000] {logging_mixin.py:149} INFO - [2023-05-29T22:52:15.177+0000] {dag.py:3490} INFO - Setting next_dagrun for example_kubernetes_executor to None, run_after=None
[2023-05-29T22:52:15.193+0000] {processor.py:179} INFO - Processing /home/airflow/.local/lib/python3.7/site-packages/airflow/example_dags/example_kubernetes_executor.py took 0.473 seconds
[2023-05-29T22:52:46.194+0000] {processor.py:157} INFO - Started process (PID=176) to work on /home/airflow/.local/lib/python3.7/site-packages/airflow/example_dags/example_kubernetes_executor.py
[2023-05-29T22:52:46.195+0000] {processor.py:826} INFO - Processing file /home/airflow/.local/lib/python3.7/site-packages/airflow/example_dags/example_kubernetes_executor.py for tasks to queue
[2023-05-29T22:52:46.196+0000] {logging_mixin.py:149} INFO - [2023-05-29T22:52:46.196+0000] {dagbag.py:541} INFO - Filling up the DagBag from /home/airflow/.local/lib/python3.7/site-packages/airflow/example_dags/example_kubernetes_executor.py
[2023-05-29T22:52:46.480+0000] {processor.py:836} INFO - DAG(s) dict_keys(['example_kubernetes_executor']) retrieved from /home/airflow/.local/lib/python3.7/site-packages/airflow/example_dags/example_kubernetes_executor.py
[2023-05-29T22:52:46.536+0000] {logging_mixin.py:149} INFO - [2023-05-29T22:52:46.536+0000] {dag.py:2726} INFO - Sync 1 DAGs
[2023-05-29T22:52:46.558+0000] {logging_mixin.py:149} INFO - [2023-05-29T22:52:46.557+0000] {dag.py:3490} INFO - Setting next_dagrun for example_kubernetes_executor to None, run_after=None
[2023-05-29T22:52:46.572+0000] {processor.py:179} INFO - Processing /home/airflow/.local/lib/python3.7/site-packages/airflow/example_dags/example_kubernetes_executor.py took 0.380 seconds
