[2023-05-29T22:42:27.129+0000] {processor.py:157} INFO - Started process (PID=42) to work on /home/airflow/.local/lib/python3.7/site-packages/airflow/example_dags/example_xcom.py
[2023-05-29T22:42:27.130+0000] {processor.py:826} INFO - Processing file /home/airflow/.local/lib/python3.7/site-packages/airflow/example_dags/example_xcom.py for tasks to queue
[2023-05-29T22:42:27.130+0000] {logging_mixin.py:149} INFO - [2023-05-29T22:42:27.130+0000] {dagbag.py:541} INFO - Filling up the DagBag from /home/airflow/.local/lib/python3.7/site-packages/airflow/example_dags/example_xcom.py
[2023-05-29T22:42:27.139+0000] {processor.py:836} INFO - DAG(s) dict_keys(['example_xcom']) retrieved from /home/airflow/.local/lib/python3.7/site-packages/airflow/example_dags/example_xcom.py
[2023-05-29T22:42:27.163+0000] {logging_mixin.py:149} INFO - [2023-05-29T22:42:27.162+0000] {dag.py:2726} INFO - Sync 1 DAGs
[2023-05-29T22:42:27.183+0000] {logging_mixin.py:149} INFO - [2023-05-29T22:42:27.183+0000] {dag.py:3490} INFO - Setting next_dagrun for example_xcom to 2021-01-01T00:00:00+00:00, run_after=2021-01-01T00:00:00+00:00
[2023-05-29T22:42:27.203+0000] {processor.py:179} INFO - Processing /home/airflow/.local/lib/python3.7/site-packages/airflow/example_dags/example_xcom.py took 0.080 seconds
[2023-05-29T22:42:57.627+0000] {processor.py:157} INFO - Started process (PID=98) to work on /home/airflow/.local/lib/python3.7/site-packages/airflow/example_dags/example_xcom.py
[2023-05-29T22:42:57.631+0000] {processor.py:826} INFO - Processing file /home/airflow/.local/lib/python3.7/site-packages/airflow/example_dags/example_xcom.py for tasks to queue
[2023-05-29T22:42:57.632+0000] {logging_mixin.py:149} INFO - [2023-05-29T22:42:57.632+0000] {dagbag.py:541} INFO - Filling up the DagBag from /home/airflow/.local/lib/python3.7/site-packages/airflow/example_dags/example_xcom.py
[2023-05-29T22:42:57.638+0000] {processor.py:836} INFO - DAG(s) dict_keys(['example_xcom']) retrieved from /home/airflow/.local/lib/python3.7/site-packages/airflow/example_dags/example_xcom.py
[2023-05-29T22:42:57.661+0000] {logging_mixin.py:149} INFO - [2023-05-29T22:42:57.661+0000] {dag.py:2726} INFO - Sync 1 DAGs
[2023-05-29T22:42:57.685+0000] {logging_mixin.py:149} INFO - [2023-05-29T22:42:57.685+0000] {dag.py:3490} INFO - Setting next_dagrun for example_xcom to 2021-01-01T00:00:00+00:00, run_after=2021-01-01T00:00:00+00:00
[2023-05-29T22:42:57.699+0000] {processor.py:179} INFO - Processing /home/airflow/.local/lib/python3.7/site-packages/airflow/example_dags/example_xcom.py took 0.076 seconds
[2023-05-29T22:43:27.740+0000] {processor.py:157} INFO - Started process (PID=154) to work on /home/airflow/.local/lib/python3.7/site-packages/airflow/example_dags/example_xcom.py
[2023-05-29T22:43:27.742+0000] {processor.py:826} INFO - Processing file /home/airflow/.local/lib/python3.7/site-packages/airflow/example_dags/example_xcom.py for tasks to queue
[2023-05-29T22:43:27.743+0000] {logging_mixin.py:149} INFO - [2023-05-29T22:43:27.743+0000] {dagbag.py:541} INFO - Filling up the DagBag from /home/airflow/.local/lib/python3.7/site-packages/airflow/example_dags/example_xcom.py
[2023-05-29T22:43:27.750+0000] {processor.py:836} INFO - DAG(s) dict_keys(['example_xcom']) retrieved from /home/airflow/.local/lib/python3.7/site-packages/airflow/example_dags/example_xcom.py
[2023-05-29T22:43:27.771+0000] {logging_mixin.py:149} INFO - [2023-05-29T22:43:27.770+0000] {dag.py:2726} INFO - Sync 1 DAGs
[2023-05-29T22:43:27.788+0000] {logging_mixin.py:149} INFO - [2023-05-29T22:43:27.788+0000] {dag.py:3490} INFO - Setting next_dagrun for example_xcom to 2021-01-01T00:00:00+00:00, run_after=2021-01-01T00:00:00+00:00
[2023-05-29T22:43:27.800+0000] {processor.py:179} INFO - Processing /home/airflow/.local/lib/python3.7/site-packages/airflow/example_dags/example_xcom.py took 0.065 seconds
[2023-05-29T22:43:58.301+0000] {processor.py:157} INFO - Started process (PID=210) to work on /home/airflow/.local/lib/python3.7/site-packages/airflow/example_dags/example_xcom.py
[2023-05-29T22:43:58.303+0000] {processor.py:826} INFO - Processing file /home/airflow/.local/lib/python3.7/site-packages/airflow/example_dags/example_xcom.py for tasks to queue
[2023-05-29T22:43:58.304+0000] {logging_mixin.py:149} INFO - [2023-05-29T22:43:58.304+0000] {dagbag.py:541} INFO - Filling up the DagBag from /home/airflow/.local/lib/python3.7/site-packages/airflow/example_dags/example_xcom.py
[2023-05-29T22:43:58.310+0000] {processor.py:836} INFO - DAG(s) dict_keys(['example_xcom']) retrieved from /home/airflow/.local/lib/python3.7/site-packages/airflow/example_dags/example_xcom.py
[2023-05-29T22:43:58.331+0000] {logging_mixin.py:149} INFO - [2023-05-29T22:43:58.330+0000] {dag.py:2726} INFO - Sync 1 DAGs
[2023-05-29T22:43:58.346+0000] {logging_mixin.py:149} INFO - [2023-05-29T22:43:58.346+0000] {dag.py:3490} INFO - Setting next_dagrun for example_xcom to 2021-01-01T00:00:00+00:00, run_after=2021-01-01T00:00:00+00:00
[2023-05-29T22:43:58.357+0000] {processor.py:179} INFO - Processing /home/airflow/.local/lib/python3.7/site-packages/airflow/example_dags/example_xcom.py took 0.058 seconds
[2023-05-29T22:44:28.668+0000] {processor.py:157} INFO - Started process (PID=274) to work on /home/airflow/.local/lib/python3.7/site-packages/airflow/example_dags/example_xcom.py
[2023-05-29T22:44:28.669+0000] {processor.py:826} INFO - Processing file /home/airflow/.local/lib/python3.7/site-packages/airflow/example_dags/example_xcom.py for tasks to queue
[2023-05-29T22:44:28.670+0000] {logging_mixin.py:149} INFO - [2023-05-29T22:44:28.670+0000] {dagbag.py:541} INFO - Filling up the DagBag from /home/airflow/.local/lib/python3.7/site-packages/airflow/example_dags/example_xcom.py
[2023-05-29T22:44:28.676+0000] {processor.py:836} INFO - DAG(s) dict_keys(['example_xcom']) retrieved from /home/airflow/.local/lib/python3.7/site-packages/airflow/example_dags/example_xcom.py
[2023-05-29T22:44:28.697+0000] {logging_mixin.py:149} INFO - [2023-05-29T22:44:28.696+0000] {dag.py:2726} INFO - Sync 1 DAGs
[2023-05-29T22:44:28.712+0000] {logging_mixin.py:149} INFO - [2023-05-29T22:44:28.712+0000] {dag.py:3490} INFO - Setting next_dagrun for example_xcom to 2021-01-01T00:00:00+00:00, run_after=2021-01-01T00:00:00+00:00
[2023-05-29T22:44:28.723+0000] {processor.py:179} INFO - Processing /home/airflow/.local/lib/python3.7/site-packages/airflow/example_dags/example_xcom.py took 0.057 seconds
[2023-05-29T22:44:59.190+0000] {processor.py:157} INFO - Started process (PID=330) to work on /home/airflow/.local/lib/python3.7/site-packages/airflow/example_dags/example_xcom.py
[2023-05-29T22:44:59.191+0000] {processor.py:826} INFO - Processing file /home/airflow/.local/lib/python3.7/site-packages/airflow/example_dags/example_xcom.py for tasks to queue
[2023-05-29T22:44:59.192+0000] {logging_mixin.py:149} INFO - [2023-05-29T22:44:59.192+0000] {dagbag.py:541} INFO - Filling up the DagBag from /home/airflow/.local/lib/python3.7/site-packages/airflow/example_dags/example_xcom.py
[2023-05-29T22:44:59.197+0000] {processor.py:836} INFO - DAG(s) dict_keys(['example_xcom']) retrieved from /home/airflow/.local/lib/python3.7/site-packages/airflow/example_dags/example_xcom.py
[2023-05-29T22:44:59.217+0000] {logging_mixin.py:149} INFO - [2023-05-29T22:44:59.217+0000] {dag.py:2726} INFO - Sync 1 DAGs
[2023-05-29T22:44:59.242+0000] {logging_mixin.py:149} INFO - [2023-05-29T22:44:59.242+0000] {dag.py:3490} INFO - Setting next_dagrun for example_xcom to 2021-01-01T00:00:00+00:00, run_after=2021-01-01T00:00:00+00:00
[2023-05-29T22:44:59.279+0000] {processor.py:179} INFO - Processing /home/airflow/.local/lib/python3.7/site-packages/airflow/example_dags/example_xcom.py took 0.092 seconds
[2023-05-29T22:45:29.678+0000] {processor.py:157} INFO - Started process (PID=386) to work on /home/airflow/.local/lib/python3.7/site-packages/airflow/example_dags/example_xcom.py
[2023-05-29T22:45:29.679+0000] {processor.py:826} INFO - Processing file /home/airflow/.local/lib/python3.7/site-packages/airflow/example_dags/example_xcom.py for tasks to queue
[2023-05-29T22:45:29.680+0000] {logging_mixin.py:149} INFO - [2023-05-29T22:45:29.680+0000] {dagbag.py:541} INFO - Filling up the DagBag from /home/airflow/.local/lib/python3.7/site-packages/airflow/example_dags/example_xcom.py
[2023-05-29T22:45:29.690+0000] {processor.py:836} INFO - DAG(s) dict_keys(['example_xcom']) retrieved from /home/airflow/.local/lib/python3.7/site-packages/airflow/example_dags/example_xcom.py
[2023-05-29T22:45:29.714+0000] {logging_mixin.py:149} INFO - [2023-05-29T22:45:29.714+0000] {dag.py:2726} INFO - Sync 1 DAGs
[2023-05-29T22:45:29.736+0000] {logging_mixin.py:149} INFO - [2023-05-29T22:45:29.735+0000] {dag.py:3490} INFO - Setting next_dagrun for example_xcom to 2021-01-01T00:00:00+00:00, run_after=2021-01-01T00:00:00+00:00
[2023-05-29T22:45:29.750+0000] {processor.py:179} INFO - Processing /home/airflow/.local/lib/python3.7/site-packages/airflow/example_dags/example_xcom.py took 0.076 seconds
[2023-05-29T22:46:00.280+0000] {processor.py:157} INFO - Started process (PID=442) to work on /home/airflow/.local/lib/python3.7/site-packages/airflow/example_dags/example_xcom.py
[2023-05-29T22:46:00.281+0000] {processor.py:826} INFO - Processing file /home/airflow/.local/lib/python3.7/site-packages/airflow/example_dags/example_xcom.py for tasks to queue
[2023-05-29T22:46:00.282+0000] {logging_mixin.py:149} INFO - [2023-05-29T22:46:00.282+0000] {dagbag.py:541} INFO - Filling up the DagBag from /home/airflow/.local/lib/python3.7/site-packages/airflow/example_dags/example_xcom.py
[2023-05-29T22:46:00.291+0000] {processor.py:836} INFO - DAG(s) dict_keys(['example_xcom']) retrieved from /home/airflow/.local/lib/python3.7/site-packages/airflow/example_dags/example_xcom.py
[2023-05-29T22:46:00.340+0000] {logging_mixin.py:149} INFO - [2023-05-29T22:46:00.339+0000] {dag.py:2726} INFO - Sync 1 DAGs
[2023-05-29T22:46:00.383+0000] {logging_mixin.py:149} INFO - [2023-05-29T22:46:00.383+0000] {dag.py:3490} INFO - Setting next_dagrun for example_xcom to 2021-01-01T00:00:00+00:00, run_after=2021-01-01T00:00:00+00:00
[2023-05-29T22:46:00.407+0000] {processor.py:179} INFO - Processing /home/airflow/.local/lib/python3.7/site-packages/airflow/example_dags/example_xcom.py took 0.130 seconds
[2023-05-29T22:46:30.615+0000] {processor.py:157} INFO - Started process (PID=498) to work on /home/airflow/.local/lib/python3.7/site-packages/airflow/example_dags/example_xcom.py
[2023-05-29T22:46:30.617+0000] {processor.py:826} INFO - Processing file /home/airflow/.local/lib/python3.7/site-packages/airflow/example_dags/example_xcom.py for tasks to queue
[2023-05-29T22:46:30.618+0000] {logging_mixin.py:149} INFO - [2023-05-29T22:46:30.618+0000] {dagbag.py:541} INFO - Filling up the DagBag from /home/airflow/.local/lib/python3.7/site-packages/airflow/example_dags/example_xcom.py
[2023-05-29T22:46:30.625+0000] {processor.py:836} INFO - DAG(s) dict_keys(['example_xcom']) retrieved from /home/airflow/.local/lib/python3.7/site-packages/airflow/example_dags/example_xcom.py
[2023-05-29T22:46:30.648+0000] {logging_mixin.py:149} INFO - [2023-05-29T22:46:30.648+0000] {dag.py:2726} INFO - Sync 1 DAGs
[2023-05-29T22:46:30.667+0000] {logging_mixin.py:149} INFO - [2023-05-29T22:46:30.666+0000] {dag.py:3490} INFO - Setting next_dagrun for example_xcom to 2021-01-01T00:00:00+00:00, run_after=2021-01-01T00:00:00+00:00
[2023-05-29T22:46:30.683+0000] {processor.py:179} INFO - Processing /home/airflow/.local/lib/python3.7/site-packages/airflow/example_dags/example_xcom.py took 0.070 seconds
[2023-05-29T22:47:00.912+0000] {processor.py:157} INFO - Started process (PID=554) to work on /home/airflow/.local/lib/python3.7/site-packages/airflow/example_dags/example_xcom.py
[2023-05-29T22:47:00.914+0000] {processor.py:826} INFO - Processing file /home/airflow/.local/lib/python3.7/site-packages/airflow/example_dags/example_xcom.py for tasks to queue
[2023-05-29T22:47:00.915+0000] {logging_mixin.py:149} INFO - [2023-05-29T22:47:00.915+0000] {dagbag.py:541} INFO - Filling up the DagBag from /home/airflow/.local/lib/python3.7/site-packages/airflow/example_dags/example_xcom.py
[2023-05-29T22:47:00.922+0000] {processor.py:836} INFO - DAG(s) dict_keys(['example_xcom']) retrieved from /home/airflow/.local/lib/python3.7/site-packages/airflow/example_dags/example_xcom.py
[2023-05-29T22:47:00.943+0000] {logging_mixin.py:149} INFO - [2023-05-29T22:47:00.943+0000] {dag.py:2726} INFO - Sync 1 DAGs
[2023-05-29T22:47:00.961+0000] {logging_mixin.py:149} INFO - [2023-05-29T22:47:00.961+0000] {dag.py:3490} INFO - Setting next_dagrun for example_xcom to 2021-01-01T00:00:00+00:00, run_after=2021-01-01T00:00:00+00:00
[2023-05-29T22:47:00.976+0000] {processor.py:179} INFO - Processing /home/airflow/.local/lib/python3.7/site-packages/airflow/example_dags/example_xcom.py took 0.066 seconds
[2023-05-29T22:47:32.162+0000] {processor.py:157} INFO - Started process (PID=609) to work on /home/airflow/.local/lib/python3.7/site-packages/airflow/example_dags/example_xcom.py
[2023-05-29T22:47:32.164+0000] {processor.py:826} INFO - Processing file /home/airflow/.local/lib/python3.7/site-packages/airflow/example_dags/example_xcom.py for tasks to queue
[2023-05-29T22:47:32.165+0000] {logging_mixin.py:149} INFO - [2023-05-29T22:47:32.165+0000] {dagbag.py:541} INFO - Filling up the DagBag from /home/airflow/.local/lib/python3.7/site-packages/airflow/example_dags/example_xcom.py
[2023-05-29T22:47:32.171+0000] {processor.py:836} INFO - DAG(s) dict_keys(['example_xcom']) retrieved from /home/airflow/.local/lib/python3.7/site-packages/airflow/example_dags/example_xcom.py
[2023-05-29T22:47:32.190+0000] {logging_mixin.py:149} INFO - [2023-05-29T22:47:32.190+0000] {dag.py:2726} INFO - Sync 1 DAGs
[2023-05-29T22:47:32.207+0000] {logging_mixin.py:149} INFO - [2023-05-29T22:47:32.207+0000] {dag.py:3490} INFO - Setting next_dagrun for example_xcom to 2021-01-01T00:00:00+00:00, run_after=2021-01-01T00:00:00+00:00
[2023-05-29T22:47:32.220+0000] {processor.py:179} INFO - Processing /home/airflow/.local/lib/python3.7/site-packages/airflow/example_dags/example_xcom.py took 0.061 seconds
[2023-05-29T22:48:02.406+0000] {processor.py:157} INFO - Started process (PID=665) to work on /home/airflow/.local/lib/python3.7/site-packages/airflow/example_dags/example_xcom.py
[2023-05-29T22:48:02.408+0000] {processor.py:826} INFO - Processing file /home/airflow/.local/lib/python3.7/site-packages/airflow/example_dags/example_xcom.py for tasks to queue
[2023-05-29T22:48:02.409+0000] {logging_mixin.py:149} INFO - [2023-05-29T22:48:02.409+0000] {dagbag.py:541} INFO - Filling up the DagBag from /home/airflow/.local/lib/python3.7/site-packages/airflow/example_dags/example_xcom.py
[2023-05-29T22:48:02.415+0000] {processor.py:836} INFO - DAG(s) dict_keys(['example_xcom']) retrieved from /home/airflow/.local/lib/python3.7/site-packages/airflow/example_dags/example_xcom.py
[2023-05-29T22:48:02.436+0000] {logging_mixin.py:149} INFO - [2023-05-29T22:48:02.436+0000] {dag.py:2726} INFO - Sync 1 DAGs
[2023-05-29T22:48:02.453+0000] {logging_mixin.py:149} INFO - [2023-05-29T22:48:02.453+0000] {dag.py:3490} INFO - Setting next_dagrun for example_xcom to 2021-01-01T00:00:00+00:00, run_after=2021-01-01T00:00:00+00:00
[2023-05-29T22:48:02.465+0000] {processor.py:179} INFO - Processing /home/airflow/.local/lib/python3.7/site-packages/airflow/example_dags/example_xcom.py took 0.064 seconds
[2023-05-29T22:49:24.571+0000] {processor.py:157} INFO - Started process (PID=43) to work on /home/airflow/.local/lib/python3.7/site-packages/airflow/example_dags/example_xcom.py
[2023-05-29T22:49:24.573+0000] {processor.py:826} INFO - Processing file /home/airflow/.local/lib/python3.7/site-packages/airflow/example_dags/example_xcom.py for tasks to queue
[2023-05-29T22:49:24.574+0000] {logging_mixin.py:149} INFO - [2023-05-29T22:49:24.574+0000] {dagbag.py:541} INFO - Filling up the DagBag from /home/airflow/.local/lib/python3.7/site-packages/airflow/example_dags/example_xcom.py
[2023-05-29T22:49:24.582+0000] {processor.py:836} INFO - DAG(s) dict_keys(['example_xcom']) retrieved from /home/airflow/.local/lib/python3.7/site-packages/airflow/example_dags/example_xcom.py
[2023-05-29T22:49:24.596+0000] {logging_mixin.py:149} INFO - [2023-05-29T22:49:24.595+0000] {dag.py:2726} INFO - Sync 1 DAGs
[2023-05-29T22:49:24.618+0000] {logging_mixin.py:149} INFO - [2023-05-29T22:49:24.618+0000] {dag.py:3490} INFO - Setting next_dagrun for example_xcom to 2021-01-01T00:00:00+00:00, run_after=2021-01-01T00:00:00+00:00
[2023-05-29T22:49:24.643+0000] {processor.py:179} INFO - Processing /home/airflow/.local/lib/python3.7/site-packages/airflow/example_dags/example_xcom.py took 0.075 seconds
[2023-05-29T22:49:55.151+0000] {processor.py:157} INFO - Started process (PID=99) to work on /home/airflow/.local/lib/python3.7/site-packages/airflow/example_dags/example_xcom.py
[2023-05-29T22:49:55.152+0000] {processor.py:826} INFO - Processing file /home/airflow/.local/lib/python3.7/site-packages/airflow/example_dags/example_xcom.py for tasks to queue
[2023-05-29T22:49:55.153+0000] {logging_mixin.py:149} INFO - [2023-05-29T22:49:55.153+0000] {dagbag.py:541} INFO - Filling up the DagBag from /home/airflow/.local/lib/python3.7/site-packages/airflow/example_dags/example_xcom.py
[2023-05-29T22:49:55.159+0000] {processor.py:836} INFO - DAG(s) dict_keys(['example_xcom']) retrieved from /home/airflow/.local/lib/python3.7/site-packages/airflow/example_dags/example_xcom.py
[2023-05-29T22:49:55.180+0000] {logging_mixin.py:149} INFO - [2023-05-29T22:49:55.179+0000] {dag.py:2726} INFO - Sync 1 DAGs
[2023-05-29T22:49:55.197+0000] {logging_mixin.py:149} INFO - [2023-05-29T22:49:55.197+0000] {dag.py:3490} INFO - Setting next_dagrun for example_xcom to 2021-01-01T00:00:00+00:00, run_after=2021-01-01T00:00:00+00:00
[2023-05-29T22:49:55.210+0000] {processor.py:179} INFO - Processing /home/airflow/.local/lib/python3.7/site-packages/airflow/example_dags/example_xcom.py took 0.063 seconds
[2023-05-29T22:50:30.010+0000] {processor.py:157} INFO - Started process (PID=155) to work on /home/airflow/.local/lib/python3.7/site-packages/airflow/example_dags/example_xcom.py
[2023-05-29T22:50:30.016+0000] {processor.py:826} INFO - Processing file /home/airflow/.local/lib/python3.7/site-packages/airflow/example_dags/example_xcom.py for tasks to queue
[2023-05-29T22:50:30.020+0000] {logging_mixin.py:149} INFO - [2023-05-29T22:50:30.020+0000] {dagbag.py:541} INFO - Filling up the DagBag from /home/airflow/.local/lib/python3.7/site-packages/airflow/example_dags/example_xcom.py
[2023-05-29T22:50:30.054+0000] {processor.py:836} INFO - DAG(s) dict_keys(['example_xcom']) retrieved from /home/airflow/.local/lib/python3.7/site-packages/airflow/example_dags/example_xcom.py
[2023-05-29T22:50:30.088+0000] {logging_mixin.py:149} INFO - [2023-05-29T22:50:30.088+0000] {dag.py:2726} INFO - Sync 1 DAGs
[2023-05-29T22:50:30.111+0000] {logging_mixin.py:149} INFO - [2023-05-29T22:50:30.111+0000] {dag.py:3490} INFO - Setting next_dagrun for example_xcom to 2021-01-01T00:00:00+00:00, run_after=2021-01-01T00:00:00+00:00
[2023-05-29T22:50:30.131+0000] {processor.py:179} INFO - Processing /home/airflow/.local/lib/python3.7/site-packages/airflow/example_dags/example_xcom.py took 0.132 seconds
[2023-05-29T22:51:40.556+0000] {processor.py:157} INFO - Started process (PID=43) to work on /home/airflow/.local/lib/python3.7/site-packages/airflow/example_dags/example_xcom.py
[2023-05-29T22:51:40.560+0000] {processor.py:826} INFO - Processing file /home/airflow/.local/lib/python3.7/site-packages/airflow/example_dags/example_xcom.py for tasks to queue
[2023-05-29T22:51:40.562+0000] {logging_mixin.py:149} INFO - [2023-05-29T22:51:40.562+0000] {dagbag.py:541} INFO - Filling up the DagBag from /home/airflow/.local/lib/python3.7/site-packages/airflow/example_dags/example_xcom.py
[2023-05-29T22:51:40.577+0000] {processor.py:836} INFO - DAG(s) dict_keys(['example_xcom']) retrieved from /home/airflow/.local/lib/python3.7/site-packages/airflow/example_dags/example_xcom.py
[2023-05-29T22:51:40.598+0000] {logging_mixin.py:149} INFO - [2023-05-29T22:51:40.598+0000] {dag.py:2726} INFO - Sync 1 DAGs
[2023-05-29T22:51:40.633+0000] {logging_mixin.py:149} INFO - [2023-05-29T22:51:40.632+0000] {dag.py:3490} INFO - Setting next_dagrun for example_xcom to 2021-01-01T00:00:00+00:00, run_after=2021-01-01T00:00:00+00:00
[2023-05-29T22:51:40.665+0000] {processor.py:179} INFO - Processing /home/airflow/.local/lib/python3.7/site-packages/airflow/example_dags/example_xcom.py took 0.113 seconds
[2023-05-29T22:52:11.581+0000] {processor.py:157} INFO - Started process (PID=99) to work on /home/airflow/.local/lib/python3.7/site-packages/airflow/example_dags/example_xcom.py
[2023-05-29T22:52:11.582+0000] {processor.py:826} INFO - Processing file /home/airflow/.local/lib/python3.7/site-packages/airflow/example_dags/example_xcom.py for tasks to queue
[2023-05-29T22:52:11.582+0000] {logging_mixin.py:149} INFO - [2023-05-29T22:52:11.582+0000] {dagbag.py:541} INFO - Filling up the DagBag from /home/airflow/.local/lib/python3.7/site-packages/airflow/example_dags/example_xcom.py
[2023-05-29T22:52:11.588+0000] {processor.py:836} INFO - DAG(s) dict_keys(['example_xcom']) retrieved from /home/airflow/.local/lib/python3.7/site-packages/airflow/example_dags/example_xcom.py
[2023-05-29T22:52:11.608+0000] {logging_mixin.py:149} INFO - [2023-05-29T22:52:11.608+0000] {dag.py:2726} INFO - Sync 1 DAGs
[2023-05-29T22:52:11.625+0000] {logging_mixin.py:149} INFO - [2023-05-29T22:52:11.625+0000] {dag.py:3490} INFO - Setting next_dagrun for example_xcom to 2021-01-01T00:00:00+00:00, run_after=2021-01-01T00:00:00+00:00
[2023-05-29T22:52:11.637+0000] {processor.py:179} INFO - Processing /home/airflow/.local/lib/python3.7/site-packages/airflow/example_dags/example_xcom.py took 0.059 seconds
[2023-05-29T22:52:42.048+0000] {processor.py:157} INFO - Started process (PID=155) to work on /home/airflow/.local/lib/python3.7/site-packages/airflow/example_dags/example_xcom.py
[2023-05-29T22:52:42.050+0000] {processor.py:826} INFO - Processing file /home/airflow/.local/lib/python3.7/site-packages/airflow/example_dags/example_xcom.py for tasks to queue
[2023-05-29T22:52:42.051+0000] {logging_mixin.py:149} INFO - [2023-05-29T22:52:42.051+0000] {dagbag.py:541} INFO - Filling up the DagBag from /home/airflow/.local/lib/python3.7/site-packages/airflow/example_dags/example_xcom.py
[2023-05-29T22:52:42.058+0000] {processor.py:836} INFO - DAG(s) dict_keys(['example_xcom']) retrieved from /home/airflow/.local/lib/python3.7/site-packages/airflow/example_dags/example_xcom.py
[2023-05-29T22:52:42.078+0000] {logging_mixin.py:149} INFO - [2023-05-29T22:52:42.078+0000] {dag.py:2726} INFO - Sync 1 DAGs
[2023-05-29T22:52:42.096+0000] {logging_mixin.py:149} INFO - [2023-05-29T22:52:42.096+0000] {dag.py:3490} INFO - Setting next_dagrun for example_xcom to 2021-01-01T00:00:00+00:00, run_after=2021-01-01T00:00:00+00:00
[2023-05-29T22:52:42.108+0000] {processor.py:179} INFO - Processing /home/airflow/.local/lib/python3.7/site-packages/airflow/example_dags/example_xcom.py took 0.063 seconds
