[2023-05-29T22:42:28.053+0000] {processor.py:157} INFO - Started process (PID=55) to work on /home/airflow/.local/lib/python3.7/site-packages/airflow/example_dags/example_short_circuit_operator.py
[2023-05-29T22:42:28.056+0000] {processor.py:826} INFO - Processing file /home/airflow/.local/lib/python3.7/site-packages/airflow/example_dags/example_short_circuit_operator.py for tasks to queue
[2023-05-29T22:42:28.059+0000] {logging_mixin.py:149} INFO - [2023-05-29T22:42:28.058+0000] {dagbag.py:541} INFO - Filling up the DagBag from /home/airflow/.local/lib/python3.7/site-packages/airflow/example_dags/example_short_circuit_operator.py
[2023-05-29T22:42:28.101+0000] {processor.py:836} INFO - DAG(s) dict_keys(['example_short_circuit_operator']) retrieved from /home/airflow/.local/lib/python3.7/site-packages/airflow/example_dags/example_short_circuit_operator.py
[2023-05-29T22:42:28.144+0000] {logging_mixin.py:149} INFO - [2023-05-29T22:42:28.144+0000] {dag.py:2726} INFO - Sync 1 DAGs
[2023-05-29T22:42:28.179+0000] {logging_mixin.py:149} INFO - [2023-05-29T22:42:28.179+0000] {dag.py:3490} INFO - Setting next_dagrun for example_short_circuit_operator to 2023-05-28T22:42:28.178719+00:00, run_after=2023-05-29T22:42:28.178719+00:00
[2023-05-29T22:42:28.220+0000] {processor.py:179} INFO - Processing /home/airflow/.local/lib/python3.7/site-packages/airflow/example_dags/example_short_circuit_operator.py took 0.197 seconds
[2023-05-29T22:42:58.795+0000] {processor.py:157} INFO - Started process (PID=111) to work on /home/airflow/.local/lib/python3.7/site-packages/airflow/example_dags/example_short_circuit_operator.py
[2023-05-29T22:42:58.798+0000] {processor.py:826} INFO - Processing file /home/airflow/.local/lib/python3.7/site-packages/airflow/example_dags/example_short_circuit_operator.py for tasks to queue
[2023-05-29T22:42:58.800+0000] {logging_mixin.py:149} INFO - [2023-05-29T22:42:58.800+0000] {dagbag.py:541} INFO - Filling up the DagBag from /home/airflow/.local/lib/python3.7/site-packages/airflow/example_dags/example_short_circuit_operator.py
[2023-05-29T22:42:58.811+0000] {processor.py:836} INFO - DAG(s) dict_keys(['example_short_circuit_operator']) retrieved from /home/airflow/.local/lib/python3.7/site-packages/airflow/example_dags/example_short_circuit_operator.py
[2023-05-29T22:42:58.838+0000] {logging_mixin.py:149} INFO - [2023-05-29T22:42:58.838+0000] {dag.py:2726} INFO - Sync 1 DAGs
[2023-05-29T22:42:58.864+0000] {logging_mixin.py:149} INFO - [2023-05-29T22:42:58.864+0000] {dag.py:3490} INFO - Setting next_dagrun for example_short_circuit_operator to 2023-05-28T22:42:58.863854+00:00, run_after=2023-05-29T22:42:58.863854+00:00
[2023-05-29T22:42:58.885+0000] {processor.py:179} INFO - Processing /home/airflow/.local/lib/python3.7/site-packages/airflow/example_dags/example_short_circuit_operator.py took 0.093 seconds
[2023-05-29T22:43:29.474+0000] {processor.py:157} INFO - Started process (PID=167) to work on /home/airflow/.local/lib/python3.7/site-packages/airflow/example_dags/example_short_circuit_operator.py
[2023-05-29T22:43:29.475+0000] {processor.py:826} INFO - Processing file /home/airflow/.local/lib/python3.7/site-packages/airflow/example_dags/example_short_circuit_operator.py for tasks to queue
[2023-05-29T22:43:29.476+0000] {logging_mixin.py:149} INFO - [2023-05-29T22:43:29.476+0000] {dagbag.py:541} INFO - Filling up the DagBag from /home/airflow/.local/lib/python3.7/site-packages/airflow/example_dags/example_short_circuit_operator.py
[2023-05-29T22:43:29.483+0000] {processor.py:836} INFO - DAG(s) dict_keys(['example_short_circuit_operator']) retrieved from /home/airflow/.local/lib/python3.7/site-packages/airflow/example_dags/example_short_circuit_operator.py
[2023-05-29T22:43:29.506+0000] {logging_mixin.py:149} INFO - [2023-05-29T22:43:29.506+0000] {dag.py:2726} INFO - Sync 1 DAGs
[2023-05-29T22:43:29.525+0000] {logging_mixin.py:149} INFO - [2023-05-29T22:43:29.525+0000] {dag.py:3490} INFO - Setting next_dagrun for example_short_circuit_operator to 2023-05-28T22:43:29.525485+00:00, run_after=2023-05-29T22:43:29.525485+00:00
[2023-05-29T22:43:29.538+0000] {processor.py:179} INFO - Processing /home/airflow/.local/lib/python3.7/site-packages/airflow/example_dags/example_short_circuit_operator.py took 0.066 seconds
[2023-05-29T22:43:59.931+0000] {processor.py:157} INFO - Started process (PID=223) to work on /home/airflow/.local/lib/python3.7/site-packages/airflow/example_dags/example_short_circuit_operator.py
[2023-05-29T22:43:59.933+0000] {processor.py:826} INFO - Processing file /home/airflow/.local/lib/python3.7/site-packages/airflow/example_dags/example_short_circuit_operator.py for tasks to queue
[2023-05-29T22:43:59.933+0000] {logging_mixin.py:149} INFO - [2023-05-29T22:43:59.933+0000] {dagbag.py:541} INFO - Filling up the DagBag from /home/airflow/.local/lib/python3.7/site-packages/airflow/example_dags/example_short_circuit_operator.py
[2023-05-29T22:43:59.939+0000] {processor.py:836} INFO - DAG(s) dict_keys(['example_short_circuit_operator']) retrieved from /home/airflow/.local/lib/python3.7/site-packages/airflow/example_dags/example_short_circuit_operator.py
[2023-05-29T22:43:59.957+0000] {logging_mixin.py:149} INFO - [2023-05-29T22:43:59.957+0000] {dag.py:2726} INFO - Sync 1 DAGs
[2023-05-29T22:43:59.973+0000] {logging_mixin.py:149} INFO - [2023-05-29T22:43:59.973+0000] {dag.py:3490} INFO - Setting next_dagrun for example_short_circuit_operator to 2023-05-28T22:43:59.973335+00:00, run_after=2023-05-29T22:43:59.973335+00:00
[2023-05-29T22:43:59.985+0000] {processor.py:179} INFO - Processing /home/airflow/.local/lib/python3.7/site-packages/airflow/example_dags/example_short_circuit_operator.py took 0.056 seconds
[2023-05-29T22:44:30.417+0000] {processor.py:157} INFO - Started process (PID=287) to work on /home/airflow/.local/lib/python3.7/site-packages/airflow/example_dags/example_short_circuit_operator.py
[2023-05-29T22:44:30.418+0000] {processor.py:826} INFO - Processing file /home/airflow/.local/lib/python3.7/site-packages/airflow/example_dags/example_short_circuit_operator.py for tasks to queue
[2023-05-29T22:44:30.419+0000] {logging_mixin.py:149} INFO - [2023-05-29T22:44:30.419+0000] {dagbag.py:541} INFO - Filling up the DagBag from /home/airflow/.local/lib/python3.7/site-packages/airflow/example_dags/example_short_circuit_operator.py
[2023-05-29T22:44:30.425+0000] {processor.py:836} INFO - DAG(s) dict_keys(['example_short_circuit_operator']) retrieved from /home/airflow/.local/lib/python3.7/site-packages/airflow/example_dags/example_short_circuit_operator.py
[2023-05-29T22:44:30.446+0000] {logging_mixin.py:149} INFO - [2023-05-29T22:44:30.445+0000] {dag.py:2726} INFO - Sync 1 DAGs
[2023-05-29T22:44:30.462+0000] {logging_mixin.py:149} INFO - [2023-05-29T22:44:30.462+0000] {dag.py:3490} INFO - Setting next_dagrun for example_short_circuit_operator to 2023-05-28T22:44:30.461824+00:00, run_after=2023-05-29T22:44:30.461824+00:00
[2023-05-29T22:44:30.473+0000] {processor.py:179} INFO - Processing /home/airflow/.local/lib/python3.7/site-packages/airflow/example_dags/example_short_circuit_operator.py took 0.059 seconds
[2023-05-29T22:45:00.971+0000] {processor.py:157} INFO - Started process (PID=343) to work on /home/airflow/.local/lib/python3.7/site-packages/airflow/example_dags/example_short_circuit_operator.py
[2023-05-29T22:45:00.973+0000] {processor.py:826} INFO - Processing file /home/airflow/.local/lib/python3.7/site-packages/airflow/example_dags/example_short_circuit_operator.py for tasks to queue
[2023-05-29T22:45:00.974+0000] {logging_mixin.py:149} INFO - [2023-05-29T22:45:00.974+0000] {dagbag.py:541} INFO - Filling up the DagBag from /home/airflow/.local/lib/python3.7/site-packages/airflow/example_dags/example_short_circuit_operator.py
[2023-05-29T22:45:00.982+0000] {processor.py:836} INFO - DAG(s) dict_keys(['example_short_circuit_operator']) retrieved from /home/airflow/.local/lib/python3.7/site-packages/airflow/example_dags/example_short_circuit_operator.py
[2023-05-29T22:45:01.003+0000] {logging_mixin.py:149} INFO - [2023-05-29T22:45:01.003+0000] {dag.py:2726} INFO - Sync 1 DAGs
[2023-05-29T22:45:01.019+0000] {logging_mixin.py:149} INFO - [2023-05-29T22:45:01.019+0000] {dag.py:3490} INFO - Setting next_dagrun for example_short_circuit_operator to 2023-05-28T22:45:01.019157+00:00, run_after=2023-05-29T22:45:01.019157+00:00
[2023-05-29T22:45:01.030+0000] {processor.py:179} INFO - Processing /home/airflow/.local/lib/python3.7/site-packages/airflow/example_dags/example_short_circuit_operator.py took 0.062 seconds
[2023-05-29T22:45:31.502+0000] {processor.py:157} INFO - Started process (PID=399) to work on /home/airflow/.local/lib/python3.7/site-packages/airflow/example_dags/example_short_circuit_operator.py
[2023-05-29T22:45:31.503+0000] {processor.py:826} INFO - Processing file /home/airflow/.local/lib/python3.7/site-packages/airflow/example_dags/example_short_circuit_operator.py for tasks to queue
[2023-05-29T22:45:31.504+0000] {logging_mixin.py:149} INFO - [2023-05-29T22:45:31.504+0000] {dagbag.py:541} INFO - Filling up the DagBag from /home/airflow/.local/lib/python3.7/site-packages/airflow/example_dags/example_short_circuit_operator.py
[2023-05-29T22:45:31.510+0000] {processor.py:836} INFO - DAG(s) dict_keys(['example_short_circuit_operator']) retrieved from /home/airflow/.local/lib/python3.7/site-packages/airflow/example_dags/example_short_circuit_operator.py
[2023-05-29T22:45:31.532+0000] {logging_mixin.py:149} INFO - [2023-05-29T22:45:31.532+0000] {dag.py:2726} INFO - Sync 1 DAGs
[2023-05-29T22:45:31.553+0000] {logging_mixin.py:149} INFO - [2023-05-29T22:45:31.553+0000] {dag.py:3490} INFO - Setting next_dagrun for example_short_circuit_operator to 2023-05-28T22:45:31.553447+00:00, run_after=2023-05-29T22:45:31.553447+00:00
[2023-05-29T22:45:31.566+0000] {processor.py:179} INFO - Processing /home/airflow/.local/lib/python3.7/site-packages/airflow/example_dags/example_short_circuit_operator.py took 0.067 seconds
[2023-05-29T22:46:02.493+0000] {processor.py:157} INFO - Started process (PID=455) to work on /home/airflow/.local/lib/python3.7/site-packages/airflow/example_dags/example_short_circuit_operator.py
[2023-05-29T22:46:02.496+0000] {processor.py:826} INFO - Processing file /home/airflow/.local/lib/python3.7/site-packages/airflow/example_dags/example_short_circuit_operator.py for tasks to queue
[2023-05-29T22:46:02.500+0000] {logging_mixin.py:149} INFO - [2023-05-29T22:46:02.500+0000] {dagbag.py:541} INFO - Filling up the DagBag from /home/airflow/.local/lib/python3.7/site-packages/airflow/example_dags/example_short_circuit_operator.py
[2023-05-29T22:46:02.522+0000] {processor.py:836} INFO - DAG(s) dict_keys(['example_short_circuit_operator']) retrieved from /home/airflow/.local/lib/python3.7/site-packages/airflow/example_dags/example_short_circuit_operator.py
[2023-05-29T22:46:02.609+0000] {logging_mixin.py:149} INFO - [2023-05-29T22:46:02.608+0000] {dag.py:2726} INFO - Sync 1 DAGs
[2023-05-29T22:46:02.663+0000] {logging_mixin.py:149} INFO - [2023-05-29T22:46:02.662+0000] {dag.py:3490} INFO - Setting next_dagrun for example_short_circuit_operator to 2023-05-28T22:46:02.661907+00:00, run_after=2023-05-29T22:46:02.661907+00:00
[2023-05-29T22:46:02.686+0000] {processor.py:179} INFO - Processing /home/airflow/.local/lib/python3.7/site-packages/airflow/example_dags/example_short_circuit_operator.py took 0.198 seconds
[2023-05-29T22:46:33.495+0000] {processor.py:157} INFO - Started process (PID=511) to work on /home/airflow/.local/lib/python3.7/site-packages/airflow/example_dags/example_short_circuit_operator.py
[2023-05-29T22:46:33.497+0000] {processor.py:826} INFO - Processing file /home/airflow/.local/lib/python3.7/site-packages/airflow/example_dags/example_short_circuit_operator.py for tasks to queue
[2023-05-29T22:46:33.498+0000] {logging_mixin.py:149} INFO - [2023-05-29T22:46:33.498+0000] {dagbag.py:541} INFO - Filling up the DagBag from /home/airflow/.local/lib/python3.7/site-packages/airflow/example_dags/example_short_circuit_operator.py
[2023-05-29T22:46:33.507+0000] {processor.py:836} INFO - DAG(s) dict_keys(['example_short_circuit_operator']) retrieved from /home/airflow/.local/lib/python3.7/site-packages/airflow/example_dags/example_short_circuit_operator.py
[2023-05-29T22:46:33.558+0000] {logging_mixin.py:149} INFO - [2023-05-29T22:46:33.558+0000] {dag.py:2726} INFO - Sync 1 DAGs
[2023-05-29T22:46:33.581+0000] {logging_mixin.py:149} INFO - [2023-05-29T22:46:33.581+0000] {dag.py:3490} INFO - Setting next_dagrun for example_short_circuit_operator to 2023-05-28T22:46:33.580811+00:00, run_after=2023-05-29T22:46:33.580811+00:00
[2023-05-29T22:46:33.603+0000] {processor.py:179} INFO - Processing /home/airflow/.local/lib/python3.7/site-packages/airflow/example_dags/example_short_circuit_operator.py took 0.110 seconds
[2023-05-29T22:47:03.701+0000] {processor.py:157} INFO - Started process (PID=567) to work on /home/airflow/.local/lib/python3.7/site-packages/airflow/example_dags/example_short_circuit_operator.py
[2023-05-29T22:47:03.703+0000] {processor.py:826} INFO - Processing file /home/airflow/.local/lib/python3.7/site-packages/airflow/example_dags/example_short_circuit_operator.py for tasks to queue
[2023-05-29T22:47:03.705+0000] {logging_mixin.py:149} INFO - [2023-05-29T22:47:03.704+0000] {dagbag.py:541} INFO - Filling up the DagBag from /home/airflow/.local/lib/python3.7/site-packages/airflow/example_dags/example_short_circuit_operator.py
[2023-05-29T22:47:03.715+0000] {processor.py:836} INFO - DAG(s) dict_keys(['example_short_circuit_operator']) retrieved from /home/airflow/.local/lib/python3.7/site-packages/airflow/example_dags/example_short_circuit_operator.py
[2023-05-29T22:47:03.739+0000] {logging_mixin.py:149} INFO - [2023-05-29T22:47:03.739+0000] {dag.py:2726} INFO - Sync 1 DAGs
[2023-05-29T22:47:03.755+0000] {logging_mixin.py:149} INFO - [2023-05-29T22:47:03.755+0000] {dag.py:3490} INFO - Setting next_dagrun for example_short_circuit_operator to 2023-05-28T22:47:03.755373+00:00, run_after=2023-05-29T22:47:03.755373+00:00
[2023-05-29T22:47:03.767+0000] {processor.py:179} INFO - Processing /home/airflow/.local/lib/python3.7/site-packages/airflow/example_dags/example_short_circuit_operator.py took 0.069 seconds
[2023-05-29T22:47:33.799+0000] {processor.py:157} INFO - Started process (PID=622) to work on /home/airflow/.local/lib/python3.7/site-packages/airflow/example_dags/example_short_circuit_operator.py
[2023-05-29T22:47:33.800+0000] {processor.py:826} INFO - Processing file /home/airflow/.local/lib/python3.7/site-packages/airflow/example_dags/example_short_circuit_operator.py for tasks to queue
[2023-05-29T22:47:33.800+0000] {logging_mixin.py:149} INFO - [2023-05-29T22:47:33.800+0000] {dagbag.py:541} INFO - Filling up the DagBag from /home/airflow/.local/lib/python3.7/site-packages/airflow/example_dags/example_short_circuit_operator.py
[2023-05-29T22:47:33.807+0000] {processor.py:836} INFO - DAG(s) dict_keys(['example_short_circuit_operator']) retrieved from /home/airflow/.local/lib/python3.7/site-packages/airflow/example_dags/example_short_circuit_operator.py
[2023-05-29T22:47:33.826+0000] {logging_mixin.py:149} INFO - [2023-05-29T22:47:33.826+0000] {dag.py:2726} INFO - Sync 1 DAGs
[2023-05-29T22:47:33.842+0000] {logging_mixin.py:149} INFO - [2023-05-29T22:47:33.841+0000] {dag.py:3490} INFO - Setting next_dagrun for example_short_circuit_operator to 2023-05-28T22:47:33.841666+00:00, run_after=2023-05-29T22:47:33.841666+00:00
[2023-05-29T22:47:33.852+0000] {processor.py:179} INFO - Processing /home/airflow/.local/lib/python3.7/site-packages/airflow/example_dags/example_short_circuit_operator.py took 0.056 seconds
[2023-05-29T22:48:04.013+0000] {processor.py:157} INFO - Started process (PID=678) to work on /home/airflow/.local/lib/python3.7/site-packages/airflow/example_dags/example_short_circuit_operator.py
[2023-05-29T22:48:04.015+0000] {processor.py:826} INFO - Processing file /home/airflow/.local/lib/python3.7/site-packages/airflow/example_dags/example_short_circuit_operator.py for tasks to queue
[2023-05-29T22:48:04.016+0000] {logging_mixin.py:149} INFO - [2023-05-29T22:48:04.016+0000] {dagbag.py:541} INFO - Filling up the DagBag from /home/airflow/.local/lib/python3.7/site-packages/airflow/example_dags/example_short_circuit_operator.py
[2023-05-29T22:48:04.023+0000] {processor.py:836} INFO - DAG(s) dict_keys(['example_short_circuit_operator']) retrieved from /home/airflow/.local/lib/python3.7/site-packages/airflow/example_dags/example_short_circuit_operator.py
[2023-05-29T22:48:04.045+0000] {logging_mixin.py:149} INFO - [2023-05-29T22:48:04.045+0000] {dag.py:2726} INFO - Sync 1 DAGs
[2023-05-29T22:48:04.064+0000] {logging_mixin.py:149} INFO - [2023-05-29T22:48:04.063+0000] {dag.py:3490} INFO - Setting next_dagrun for example_short_circuit_operator to 2023-05-28T22:48:04.063724+00:00, run_after=2023-05-29T22:48:04.063724+00:00
[2023-05-29T22:48:04.076+0000] {processor.py:179} INFO - Processing /home/airflow/.local/lib/python3.7/site-packages/airflow/example_dags/example_short_circuit_operator.py took 0.065 seconds
[2023-05-29T22:49:25.570+0000] {processor.py:157} INFO - Started process (PID=56) to work on /home/airflow/.local/lib/python3.7/site-packages/airflow/example_dags/example_short_circuit_operator.py
[2023-05-29T22:49:25.573+0000] {processor.py:826} INFO - Processing file /home/airflow/.local/lib/python3.7/site-packages/airflow/example_dags/example_short_circuit_operator.py for tasks to queue
[2023-05-29T22:49:25.574+0000] {logging_mixin.py:149} INFO - [2023-05-29T22:49:25.574+0000] {dagbag.py:541} INFO - Filling up the DagBag from /home/airflow/.local/lib/python3.7/site-packages/airflow/example_dags/example_short_circuit_operator.py
[2023-05-29T22:49:25.589+0000] {processor.py:836} INFO - DAG(s) dict_keys(['example_short_circuit_operator']) retrieved from /home/airflow/.local/lib/python3.7/site-packages/airflow/example_dags/example_short_circuit_operator.py
[2023-05-29T22:49:25.617+0000] {logging_mixin.py:149} INFO - [2023-05-29T22:49:25.617+0000] {dag.py:2726} INFO - Sync 1 DAGs
[2023-05-29T22:49:25.649+0000] {logging_mixin.py:149} INFO - [2023-05-29T22:49:25.649+0000] {dag.py:3490} INFO - Setting next_dagrun for example_short_circuit_operator to 2023-05-28T22:49:25.649282+00:00, run_after=2023-05-29T22:49:25.649282+00:00
[2023-05-29T22:49:25.670+0000] {processor.py:179} INFO - Processing /home/airflow/.local/lib/python3.7/site-packages/airflow/example_dags/example_short_circuit_operator.py took 0.105 seconds
[2023-05-29T22:49:55.820+0000] {processor.py:157} INFO - Started process (PID=112) to work on /home/airflow/.local/lib/python3.7/site-packages/airflow/example_dags/example_short_circuit_operator.py
[2023-05-29T22:49:55.823+0000] {processor.py:826} INFO - Processing file /home/airflow/.local/lib/python3.7/site-packages/airflow/example_dags/example_short_circuit_operator.py for tasks to queue
[2023-05-29T22:49:55.824+0000] {logging_mixin.py:149} INFO - [2023-05-29T22:49:55.823+0000] {dagbag.py:541} INFO - Filling up the DagBag from /home/airflow/.local/lib/python3.7/site-packages/airflow/example_dags/example_short_circuit_operator.py
[2023-05-29T22:49:55.833+0000] {processor.py:836} INFO - DAG(s) dict_keys(['example_short_circuit_operator']) retrieved from /home/airflow/.local/lib/python3.7/site-packages/airflow/example_dags/example_short_circuit_operator.py
[2023-05-29T22:49:55.855+0000] {logging_mixin.py:149} INFO - [2023-05-29T22:49:55.855+0000] {dag.py:2726} INFO - Sync 1 DAGs
[2023-05-29T22:49:55.883+0000] {logging_mixin.py:149} INFO - [2023-05-29T22:49:55.883+0000] {dag.py:3490} INFO - Setting next_dagrun for example_short_circuit_operator to 2023-05-28T22:49:55.883289+00:00, run_after=2023-05-29T22:49:55.883289+00:00
[2023-05-29T22:49:55.895+0000] {processor.py:179} INFO - Processing /home/airflow/.local/lib/python3.7/site-packages/airflow/example_dags/example_short_circuit_operator.py took 0.079 seconds
[2023-05-29T22:50:34.214+0000] {processor.py:157} INFO - Started process (PID=168) to work on /home/airflow/.local/lib/python3.7/site-packages/airflow/example_dags/example_short_circuit_operator.py
[2023-05-29T22:50:34.215+0000] {processor.py:826} INFO - Processing file /home/airflow/.local/lib/python3.7/site-packages/airflow/example_dags/example_short_circuit_operator.py for tasks to queue
[2023-05-29T22:50:34.216+0000] {logging_mixin.py:149} INFO - [2023-05-29T22:50:34.216+0000] {dagbag.py:541} INFO - Filling up the DagBag from /home/airflow/.local/lib/python3.7/site-packages/airflow/example_dags/example_short_circuit_operator.py
[2023-05-29T22:50:34.223+0000] {processor.py:836} INFO - DAG(s) dict_keys(['example_short_circuit_operator']) retrieved from /home/airflow/.local/lib/python3.7/site-packages/airflow/example_dags/example_short_circuit_operator.py
[2023-05-29T22:50:34.242+0000] {logging_mixin.py:149} INFO - [2023-05-29T22:50:34.242+0000] {dag.py:2726} INFO - Sync 1 DAGs
[2023-05-29T22:50:34.274+0000] {logging_mixin.py:149} INFO - [2023-05-29T22:50:34.273+0000] {dag.py:3490} INFO - Setting next_dagrun for example_short_circuit_operator to 2023-05-28T22:50:34.273543+00:00, run_after=2023-05-29T22:50:34.273543+00:00
[2023-05-29T22:50:34.294+0000] {processor.py:179} INFO - Processing /home/airflow/.local/lib/python3.7/site-packages/airflow/example_dags/example_short_circuit_operator.py took 0.083 seconds
[2023-05-29T22:51:41.770+0000] {processor.py:157} INFO - Started process (PID=56) to work on /home/airflow/.local/lib/python3.7/site-packages/airflow/example_dags/example_short_circuit_operator.py
[2023-05-29T22:51:41.772+0000] {processor.py:826} INFO - Processing file /home/airflow/.local/lib/python3.7/site-packages/airflow/example_dags/example_short_circuit_operator.py for tasks to queue
[2023-05-29T22:51:41.775+0000] {logging_mixin.py:149} INFO - [2023-05-29T22:51:41.775+0000] {dagbag.py:541} INFO - Filling up the DagBag from /home/airflow/.local/lib/python3.7/site-packages/airflow/example_dags/example_short_circuit_operator.py
[2023-05-29T22:51:41.789+0000] {processor.py:836} INFO - DAG(s) dict_keys(['example_short_circuit_operator']) retrieved from /home/airflow/.local/lib/python3.7/site-packages/airflow/example_dags/example_short_circuit_operator.py
[2023-05-29T22:51:41.813+0000] {logging_mixin.py:149} INFO - [2023-05-29T22:51:41.813+0000] {dag.py:2726} INFO - Sync 1 DAGs
[2023-05-29T22:51:41.845+0000] {logging_mixin.py:149} INFO - [2023-05-29T22:51:41.845+0000] {dag.py:3490} INFO - Setting next_dagrun for example_short_circuit_operator to 2023-05-28T22:51:41.844917+00:00, run_after=2023-05-29T22:51:41.844917+00:00
[2023-05-29T22:51:41.864+0000] {processor.py:179} INFO - Processing /home/airflow/.local/lib/python3.7/site-packages/airflow/example_dags/example_short_circuit_operator.py took 0.100 seconds
[2023-05-29T22:52:12.319+0000] {processor.py:157} INFO - Started process (PID=112) to work on /home/airflow/.local/lib/python3.7/site-packages/airflow/example_dags/example_short_circuit_operator.py
[2023-05-29T22:52:12.320+0000] {processor.py:826} INFO - Processing file /home/airflow/.local/lib/python3.7/site-packages/airflow/example_dags/example_short_circuit_operator.py for tasks to queue
[2023-05-29T22:52:12.321+0000] {logging_mixin.py:149} INFO - [2023-05-29T22:52:12.321+0000] {dagbag.py:541} INFO - Filling up the DagBag from /home/airflow/.local/lib/python3.7/site-packages/airflow/example_dags/example_short_circuit_operator.py
[2023-05-29T22:52:12.328+0000] {processor.py:836} INFO - DAG(s) dict_keys(['example_short_circuit_operator']) retrieved from /home/airflow/.local/lib/python3.7/site-packages/airflow/example_dags/example_short_circuit_operator.py
[2023-05-29T22:52:12.348+0000] {logging_mixin.py:149} INFO - [2023-05-29T22:52:12.348+0000] {dag.py:2726} INFO - Sync 1 DAGs
[2023-05-29T22:52:12.366+0000] {logging_mixin.py:149} INFO - [2023-05-29T22:52:12.366+0000] {dag.py:3490} INFO - Setting next_dagrun for example_short_circuit_operator to 2023-05-28T22:52:12.365871+00:00, run_after=2023-05-29T22:52:12.365871+00:00
[2023-05-29T22:52:12.377+0000] {processor.py:179} INFO - Processing /home/airflow/.local/lib/python3.7/site-packages/airflow/example_dags/example_short_circuit_operator.py took 0.061 seconds
[2023-05-29T22:52:42.740+0000] {processor.py:157} INFO - Started process (PID=168) to work on /home/airflow/.local/lib/python3.7/site-packages/airflow/example_dags/example_short_circuit_operator.py
[2023-05-29T22:52:42.741+0000] {processor.py:826} INFO - Processing file /home/airflow/.local/lib/python3.7/site-packages/airflow/example_dags/example_short_circuit_operator.py for tasks to queue
[2023-05-29T22:52:42.745+0000] {logging_mixin.py:149} INFO - [2023-05-29T22:52:42.744+0000] {dagbag.py:541} INFO - Filling up the DagBag from /home/airflow/.local/lib/python3.7/site-packages/airflow/example_dags/example_short_circuit_operator.py
[2023-05-29T22:52:42.751+0000] {processor.py:836} INFO - DAG(s) dict_keys(['example_short_circuit_operator']) retrieved from /home/airflow/.local/lib/python3.7/site-packages/airflow/example_dags/example_short_circuit_operator.py
[2023-05-29T22:52:42.771+0000] {logging_mixin.py:149} INFO - [2023-05-29T22:52:42.771+0000] {dag.py:2726} INFO - Sync 1 DAGs
[2023-05-29T22:52:42.787+0000] {logging_mixin.py:149} INFO - [2023-05-29T22:52:42.787+0000] {dag.py:3490} INFO - Setting next_dagrun for example_short_circuit_operator to 2023-05-28T22:52:42.786877+00:00, run_after=2023-05-29T22:52:42.786877+00:00
[2023-05-29T22:52:42.799+0000] {processor.py:179} INFO - Processing /home/airflow/.local/lib/python3.7/site-packages/airflow/example_dags/example_short_circuit_operator.py took 0.062 seconds
