[2023-05-29T22:42:26.854+0000] {processor.py:157} INFO - Started process (PID=39) to work on /home/airflow/.local/lib/python3.7/site-packages/airflow/example_dags/example_complex.py
[2023-05-29T22:42:26.855+0000] {processor.py:826} INFO - Processing file /home/airflow/.local/lib/python3.7/site-packages/airflow/example_dags/example_complex.py for tasks to queue
[2023-05-29T22:42:26.857+0000] {logging_mixin.py:149} INFO - [2023-05-29T22:42:26.857+0000] {dagbag.py:541} INFO - Filling up the DagBag from /home/airflow/.local/lib/python3.7/site-packages/airflow/example_dags/example_complex.py
[2023-05-29T22:42:26.875+0000] {logging_mixin.py:149} INFO - [2023-05-29T22:42:26.874+0000] {taskmixin.py:211} WARNING - Dependency <Task(BashOperator): create_entry_group>, delete_entry_group already registered for DAG: example_complex
[2023-05-29T22:42:26.875+0000] {logging_mixin.py:149} INFO - [2023-05-29T22:42:26.875+0000] {taskmixin.py:211} WARNING - Dependency <Task(BashOperator): delete_entry_group>, create_entry_group already registered for DAG: example_complex
[2023-05-29T22:42:26.877+0000] {logging_mixin.py:149} INFO - [2023-05-29T22:42:26.877+0000] {taskmixin.py:211} WARNING - Dependency <Task(BashOperator): create_entry_gcs>, delete_entry already registered for DAG: example_complex
[2023-05-29T22:42:26.878+0000] {logging_mixin.py:149} INFO - [2023-05-29T22:42:26.878+0000] {taskmixin.py:211} WARNING - Dependency <Task(BashOperator): delete_entry>, create_entry_gcs already registered for DAG: example_complex
[2023-05-29T22:42:26.880+0000] {logging_mixin.py:149} INFO - [2023-05-29T22:42:26.880+0000] {taskmixin.py:211} WARNING - Dependency <Task(BashOperator): create_tag>, delete_tag already registered for DAG: example_complex
[2023-05-29T22:42:26.881+0000] {logging_mixin.py:149} INFO - [2023-05-29T22:42:26.881+0000] {taskmixin.py:211} WARNING - Dependency <Task(BashOperator): delete_tag>, create_tag already registered for DAG: example_complex
[2023-05-29T22:42:26.887+0000] {processor.py:836} INFO - DAG(s) dict_keys(['example_complex']) retrieved from /home/airflow/.local/lib/python3.7/site-packages/airflow/example_dags/example_complex.py
[2023-05-29T22:42:26.912+0000] {logging_mixin.py:149} INFO - [2023-05-29T22:42:26.912+0000] {dag.py:2726} INFO - Sync 1 DAGs
[2023-05-29T22:42:26.955+0000] {logging_mixin.py:149} INFO - [2023-05-29T22:42:26.955+0000] {dag.py:3490} INFO - Setting next_dagrun for example_complex to None, run_after=None
[2023-05-29T22:42:26.978+0000] {processor.py:179} INFO - Processing /home/airflow/.local/lib/python3.7/site-packages/airflow/example_dags/example_complex.py took 0.129 seconds
[2023-05-29T22:42:57.318+0000] {processor.py:157} INFO - Started process (PID=95) to work on /home/airflow/.local/lib/python3.7/site-packages/airflow/example_dags/example_complex.py
[2023-05-29T22:42:57.328+0000] {processor.py:826} INFO - Processing file /home/airflow/.local/lib/python3.7/site-packages/airflow/example_dags/example_complex.py for tasks to queue
[2023-05-29T22:42:57.336+0000] {logging_mixin.py:149} INFO - [2023-05-29T22:42:57.336+0000] {dagbag.py:541} INFO - Filling up the DagBag from /home/airflow/.local/lib/python3.7/site-packages/airflow/example_dags/example_complex.py
[2023-05-29T22:42:57.356+0000] {logging_mixin.py:149} INFO - [2023-05-29T22:42:57.356+0000] {taskmixin.py:211} WARNING - Dependency <Task(BashOperator): create_entry_group>, delete_entry_group already registered for DAG: example_complex
[2023-05-29T22:42:57.358+0000] {logging_mixin.py:149} INFO - [2023-05-29T22:42:57.358+0000] {taskmixin.py:211} WARNING - Dependency <Task(BashOperator): delete_entry_group>, create_entry_group already registered for DAG: example_complex
[2023-05-29T22:42:57.359+0000] {logging_mixin.py:149} INFO - [2023-05-29T22:42:57.358+0000] {taskmixin.py:211} WARNING - Dependency <Task(BashOperator): create_entry_gcs>, delete_entry already registered for DAG: example_complex
[2023-05-29T22:42:57.360+0000] {logging_mixin.py:149} INFO - [2023-05-29T22:42:57.360+0000] {taskmixin.py:211} WARNING - Dependency <Task(BashOperator): delete_entry>, create_entry_gcs already registered for DAG: example_complex
[2023-05-29T22:42:57.362+0000] {logging_mixin.py:149} INFO - [2023-05-29T22:42:57.362+0000] {taskmixin.py:211} WARNING - Dependency <Task(BashOperator): create_tag>, delete_tag already registered for DAG: example_complex
[2023-05-29T22:42:57.363+0000] {logging_mixin.py:149} INFO - [2023-05-29T22:42:57.363+0000] {taskmixin.py:211} WARNING - Dependency <Task(BashOperator): delete_tag>, create_tag already registered for DAG: example_complex
[2023-05-29T22:42:57.364+0000] {processor.py:836} INFO - DAG(s) dict_keys(['example_complex']) retrieved from /home/airflow/.local/lib/python3.7/site-packages/airflow/example_dags/example_complex.py
[2023-05-29T22:42:57.410+0000] {logging_mixin.py:149} INFO - [2023-05-29T22:42:57.410+0000] {dag.py:2726} INFO - Sync 1 DAGs
[2023-05-29T22:42:57.433+0000] {logging_mixin.py:149} INFO - [2023-05-29T22:42:57.433+0000] {dag.py:3490} INFO - Setting next_dagrun for example_complex to None, run_after=None
[2023-05-29T22:42:57.450+0000] {processor.py:179} INFO - Processing /home/airflow/.local/lib/python3.7/site-packages/airflow/example_dags/example_complex.py took 0.146 seconds
[2023-05-29T22:43:27.646+0000] {processor.py:157} INFO - Started process (PID=151) to work on /home/airflow/.local/lib/python3.7/site-packages/airflow/example_dags/example_complex.py
[2023-05-29T22:43:27.647+0000] {processor.py:826} INFO - Processing file /home/airflow/.local/lib/python3.7/site-packages/airflow/example_dags/example_complex.py for tasks to queue
[2023-05-29T22:43:27.647+0000] {logging_mixin.py:149} INFO - [2023-05-29T22:43:27.647+0000] {dagbag.py:541} INFO - Filling up the DagBag from /home/airflow/.local/lib/python3.7/site-packages/airflow/example_dags/example_complex.py
[2023-05-29T22:43:27.655+0000] {logging_mixin.py:149} INFO - [2023-05-29T22:43:27.654+0000] {taskmixin.py:211} WARNING - Dependency <Task(BashOperator): create_entry_group>, delete_entry_group already registered for DAG: example_complex
[2023-05-29T22:43:27.655+0000] {logging_mixin.py:149} INFO - [2023-05-29T22:43:27.655+0000] {taskmixin.py:211} WARNING - Dependency <Task(BashOperator): delete_entry_group>, create_entry_group already registered for DAG: example_complex
[2023-05-29T22:43:27.655+0000] {logging_mixin.py:149} INFO - [2023-05-29T22:43:27.655+0000] {taskmixin.py:211} WARNING - Dependency <Task(BashOperator): create_entry_gcs>, delete_entry already registered for DAG: example_complex
[2023-05-29T22:43:27.656+0000] {logging_mixin.py:149} INFO - [2023-05-29T22:43:27.656+0000] {taskmixin.py:211} WARNING - Dependency <Task(BashOperator): delete_entry>, create_entry_gcs already registered for DAG: example_complex
[2023-05-29T22:43:27.657+0000] {logging_mixin.py:149} INFO - [2023-05-29T22:43:27.657+0000] {taskmixin.py:211} WARNING - Dependency <Task(BashOperator): create_tag>, delete_tag already registered for DAG: example_complex
[2023-05-29T22:43:27.657+0000] {logging_mixin.py:149} INFO - [2023-05-29T22:43:27.657+0000] {taskmixin.py:211} WARNING - Dependency <Task(BashOperator): delete_tag>, create_tag already registered for DAG: example_complex
[2023-05-29T22:43:27.658+0000] {processor.py:836} INFO - DAG(s) dict_keys(['example_complex']) retrieved from /home/airflow/.local/lib/python3.7/site-packages/airflow/example_dags/example_complex.py
[2023-05-29T22:43:27.682+0000] {logging_mixin.py:149} INFO - [2023-05-29T22:43:27.681+0000] {dag.py:2726} INFO - Sync 1 DAGs
[2023-05-29T22:43:27.698+0000] {logging_mixin.py:149} INFO - [2023-05-29T22:43:27.698+0000] {dag.py:3490} INFO - Setting next_dagrun for example_complex to None, run_after=None
[2023-05-29T22:43:27.711+0000] {processor.py:179} INFO - Processing /home/airflow/.local/lib/python3.7/site-packages/airflow/example_dags/example_complex.py took 0.069 seconds
[2023-05-29T22:43:58.139+0000] {processor.py:157} INFO - Started process (PID=207) to work on /home/airflow/.local/lib/python3.7/site-packages/airflow/example_dags/example_complex.py
[2023-05-29T22:43:58.141+0000] {processor.py:826} INFO - Processing file /home/airflow/.local/lib/python3.7/site-packages/airflow/example_dags/example_complex.py for tasks to queue
[2023-05-29T22:43:58.144+0000] {logging_mixin.py:149} INFO - [2023-05-29T22:43:58.144+0000] {dagbag.py:541} INFO - Filling up the DagBag from /home/airflow/.local/lib/python3.7/site-packages/airflow/example_dags/example_complex.py
[2023-05-29T22:43:58.152+0000] {logging_mixin.py:149} INFO - [2023-05-29T22:43:58.151+0000] {taskmixin.py:211} WARNING - Dependency <Task(BashOperator): create_entry_group>, delete_entry_group already registered for DAG: example_complex
[2023-05-29T22:43:58.152+0000] {logging_mixin.py:149} INFO - [2023-05-29T22:43:58.152+0000] {taskmixin.py:211} WARNING - Dependency <Task(BashOperator): delete_entry_group>, create_entry_group already registered for DAG: example_complex
[2023-05-29T22:43:58.152+0000] {logging_mixin.py:149} INFO - [2023-05-29T22:43:58.152+0000] {taskmixin.py:211} WARNING - Dependency <Task(BashOperator): create_entry_gcs>, delete_entry already registered for DAG: example_complex
[2023-05-29T22:43:58.153+0000] {logging_mixin.py:149} INFO - [2023-05-29T22:43:58.153+0000] {taskmixin.py:211} WARNING - Dependency <Task(BashOperator): delete_entry>, create_entry_gcs already registered for DAG: example_complex
[2023-05-29T22:43:58.153+0000] {logging_mixin.py:149} INFO - [2023-05-29T22:43:58.153+0000] {taskmixin.py:211} WARNING - Dependency <Task(BashOperator): create_tag>, delete_tag already registered for DAG: example_complex
[2023-05-29T22:43:58.154+0000] {logging_mixin.py:149} INFO - [2023-05-29T22:43:58.154+0000] {taskmixin.py:211} WARNING - Dependency <Task(BashOperator): delete_tag>, create_tag already registered for DAG: example_complex
[2023-05-29T22:43:58.155+0000] {processor.py:836} INFO - DAG(s) dict_keys(['example_complex']) retrieved from /home/airflow/.local/lib/python3.7/site-packages/airflow/example_dags/example_complex.py
[2023-05-29T22:43:58.179+0000] {logging_mixin.py:149} INFO - [2023-05-29T22:43:58.179+0000] {dag.py:2726} INFO - Sync 1 DAGs
[2023-05-29T22:43:58.194+0000] {logging_mixin.py:149} INFO - [2023-05-29T22:43:58.194+0000] {dag.py:3490} INFO - Setting next_dagrun for example_complex to None, run_after=None
[2023-05-29T22:43:58.204+0000] {processor.py:179} INFO - Processing /home/airflow/.local/lib/python3.7/site-packages/airflow/example_dags/example_complex.py took 0.068 seconds
[2023-05-29T22:44:28.525+0000] {processor.py:157} INFO - Started process (PID=271) to work on /home/airflow/.local/lib/python3.7/site-packages/airflow/example_dags/example_complex.py
[2023-05-29T22:44:28.526+0000] {processor.py:826} INFO - Processing file /home/airflow/.local/lib/python3.7/site-packages/airflow/example_dags/example_complex.py for tasks to queue
[2023-05-29T22:44:28.527+0000] {logging_mixin.py:149} INFO - [2023-05-29T22:44:28.527+0000] {dagbag.py:541} INFO - Filling up the DagBag from /home/airflow/.local/lib/python3.7/site-packages/airflow/example_dags/example_complex.py
[2023-05-29T22:44:28.534+0000] {logging_mixin.py:149} INFO - [2023-05-29T22:44:28.534+0000] {taskmixin.py:211} WARNING - Dependency <Task(BashOperator): create_entry_group>, delete_entry_group already registered for DAG: example_complex
[2023-05-29T22:44:28.535+0000] {logging_mixin.py:149} INFO - [2023-05-29T22:44:28.535+0000] {taskmixin.py:211} WARNING - Dependency <Task(BashOperator): delete_entry_group>, create_entry_group already registered for DAG: example_complex
[2023-05-29T22:44:28.535+0000] {logging_mixin.py:149} INFO - [2023-05-29T22:44:28.535+0000] {taskmixin.py:211} WARNING - Dependency <Task(BashOperator): create_entry_gcs>, delete_entry already registered for DAG: example_complex
[2023-05-29T22:44:28.536+0000] {logging_mixin.py:149} INFO - [2023-05-29T22:44:28.536+0000] {taskmixin.py:211} WARNING - Dependency <Task(BashOperator): delete_entry>, create_entry_gcs already registered for DAG: example_complex
[2023-05-29T22:44:28.536+0000] {logging_mixin.py:149} INFO - [2023-05-29T22:44:28.536+0000] {taskmixin.py:211} WARNING - Dependency <Task(BashOperator): create_tag>, delete_tag already registered for DAG: example_complex
[2023-05-29T22:44:28.537+0000] {logging_mixin.py:149} INFO - [2023-05-29T22:44:28.537+0000] {taskmixin.py:211} WARNING - Dependency <Task(BashOperator): delete_tag>, create_tag already registered for DAG: example_complex
[2023-05-29T22:44:28.538+0000] {processor.py:836} INFO - DAG(s) dict_keys(['example_complex']) retrieved from /home/airflow/.local/lib/python3.7/site-packages/airflow/example_dags/example_complex.py
[2023-05-29T22:44:28.563+0000] {logging_mixin.py:149} INFO - [2023-05-29T22:44:28.563+0000] {dag.py:2726} INFO - Sync 1 DAGs
[2023-05-29T22:44:28.579+0000] {logging_mixin.py:149} INFO - [2023-05-29T22:44:28.579+0000] {dag.py:3490} INFO - Setting next_dagrun for example_complex to None, run_after=None
[2023-05-29T22:44:28.592+0000] {processor.py:179} INFO - Processing /home/airflow/.local/lib/python3.7/site-packages/airflow/example_dags/example_complex.py took 0.069 seconds
[2023-05-29T22:44:59.058+0000] {processor.py:157} INFO - Started process (PID=327) to work on /home/airflow/.local/lib/python3.7/site-packages/airflow/example_dags/example_complex.py
[2023-05-29T22:44:59.060+0000] {processor.py:826} INFO - Processing file /home/airflow/.local/lib/python3.7/site-packages/airflow/example_dags/example_complex.py for tasks to queue
[2023-05-29T22:44:59.060+0000] {logging_mixin.py:149} INFO - [2023-05-29T22:44:59.060+0000] {dagbag.py:541} INFO - Filling up the DagBag from /home/airflow/.local/lib/python3.7/site-packages/airflow/example_dags/example_complex.py
[2023-05-29T22:44:59.067+0000] {logging_mixin.py:149} INFO - [2023-05-29T22:44:59.067+0000] {taskmixin.py:211} WARNING - Dependency <Task(BashOperator): create_entry_group>, delete_entry_group already registered for DAG: example_complex
[2023-05-29T22:44:59.068+0000] {logging_mixin.py:149} INFO - [2023-05-29T22:44:59.068+0000] {taskmixin.py:211} WARNING - Dependency <Task(BashOperator): delete_entry_group>, create_entry_group already registered for DAG: example_complex
[2023-05-29T22:44:59.068+0000] {logging_mixin.py:149} INFO - [2023-05-29T22:44:59.068+0000] {taskmixin.py:211} WARNING - Dependency <Task(BashOperator): create_entry_gcs>, delete_entry already registered for DAG: example_complex
[2023-05-29T22:44:59.069+0000] {logging_mixin.py:149} INFO - [2023-05-29T22:44:59.068+0000] {taskmixin.py:211} WARNING - Dependency <Task(BashOperator): delete_entry>, create_entry_gcs already registered for DAG: example_complex
[2023-05-29T22:44:59.069+0000] {logging_mixin.py:149} INFO - [2023-05-29T22:44:59.069+0000] {taskmixin.py:211} WARNING - Dependency <Task(BashOperator): create_tag>, delete_tag already registered for DAG: example_complex
[2023-05-29T22:44:59.069+0000] {logging_mixin.py:149} INFO - [2023-05-29T22:44:59.069+0000] {taskmixin.py:211} WARNING - Dependency <Task(BashOperator): delete_tag>, create_tag already registered for DAG: example_complex
[2023-05-29T22:44:59.070+0000] {processor.py:836} INFO - DAG(s) dict_keys(['example_complex']) retrieved from /home/airflow/.local/lib/python3.7/site-packages/airflow/example_dags/example_complex.py
[2023-05-29T22:44:59.097+0000] {logging_mixin.py:149} INFO - [2023-05-29T22:44:59.097+0000] {dag.py:2726} INFO - Sync 1 DAGs
[2023-05-29T22:44:59.114+0000] {logging_mixin.py:149} INFO - [2023-05-29T22:44:59.114+0000] {dag.py:3490} INFO - Setting next_dagrun for example_complex to None, run_after=None
[2023-05-29T22:44:59.126+0000] {processor.py:179} INFO - Processing /home/airflow/.local/lib/python3.7/site-packages/airflow/example_dags/example_complex.py took 0.070 seconds
[2023-05-29T22:45:29.494+0000] {processor.py:157} INFO - Started process (PID=383) to work on /home/airflow/.local/lib/python3.7/site-packages/airflow/example_dags/example_complex.py
[2023-05-29T22:45:29.496+0000] {processor.py:826} INFO - Processing file /home/airflow/.local/lib/python3.7/site-packages/airflow/example_dags/example_complex.py for tasks to queue
[2023-05-29T22:45:29.497+0000] {logging_mixin.py:149} INFO - [2023-05-29T22:45:29.496+0000] {dagbag.py:541} INFO - Filling up the DagBag from /home/airflow/.local/lib/python3.7/site-packages/airflow/example_dags/example_complex.py
[2023-05-29T22:45:29.504+0000] {logging_mixin.py:149} INFO - [2023-05-29T22:45:29.504+0000] {taskmixin.py:211} WARNING - Dependency <Task(BashOperator): create_entry_group>, delete_entry_group already registered for DAG: example_complex
[2023-05-29T22:45:29.505+0000] {logging_mixin.py:149} INFO - [2023-05-29T22:45:29.505+0000] {taskmixin.py:211} WARNING - Dependency <Task(BashOperator): delete_entry_group>, create_entry_group already registered for DAG: example_complex
[2023-05-29T22:45:29.505+0000] {logging_mixin.py:149} INFO - [2023-05-29T22:45:29.505+0000] {taskmixin.py:211} WARNING - Dependency <Task(BashOperator): create_entry_gcs>, delete_entry already registered for DAG: example_complex
[2023-05-29T22:45:29.506+0000] {logging_mixin.py:149} INFO - [2023-05-29T22:45:29.506+0000] {taskmixin.py:211} WARNING - Dependency <Task(BashOperator): delete_entry>, create_entry_gcs already registered for DAG: example_complex
[2023-05-29T22:45:29.506+0000] {logging_mixin.py:149} INFO - [2023-05-29T22:45:29.506+0000] {taskmixin.py:211} WARNING - Dependency <Task(BashOperator): create_tag>, delete_tag already registered for DAG: example_complex
[2023-05-29T22:45:29.507+0000] {logging_mixin.py:149} INFO - [2023-05-29T22:45:29.507+0000] {taskmixin.py:211} WARNING - Dependency <Task(BashOperator): delete_tag>, create_tag already registered for DAG: example_complex
[2023-05-29T22:45:29.508+0000] {processor.py:836} INFO - DAG(s) dict_keys(['example_complex']) retrieved from /home/airflow/.local/lib/python3.7/site-packages/airflow/example_dags/example_complex.py
[2023-05-29T22:45:29.544+0000] {logging_mixin.py:149} INFO - [2023-05-29T22:45:29.543+0000] {dag.py:2726} INFO - Sync 1 DAGs
[2023-05-29T22:45:29.564+0000] {logging_mixin.py:149} INFO - [2023-05-29T22:45:29.564+0000] {dag.py:3490} INFO - Setting next_dagrun for example_complex to None, run_after=None
[2023-05-29T22:45:29.578+0000] {processor.py:179} INFO - Processing /home/airflow/.local/lib/python3.7/site-packages/airflow/example_dags/example_complex.py took 0.087 seconds
[2023-05-29T22:46:00.091+0000] {processor.py:157} INFO - Started process (PID=439) to work on /home/airflow/.local/lib/python3.7/site-packages/airflow/example_dags/example_complex.py
[2023-05-29T22:46:00.093+0000] {processor.py:826} INFO - Processing file /home/airflow/.local/lib/python3.7/site-packages/airflow/example_dags/example_complex.py for tasks to queue
[2023-05-29T22:46:00.094+0000] {logging_mixin.py:149} INFO - [2023-05-29T22:46:00.094+0000] {dagbag.py:541} INFO - Filling up the DagBag from /home/airflow/.local/lib/python3.7/site-packages/airflow/example_dags/example_complex.py
[2023-05-29T22:46:00.102+0000] {logging_mixin.py:149} INFO - [2023-05-29T22:46:00.102+0000] {taskmixin.py:211} WARNING - Dependency <Task(BashOperator): create_entry_group>, delete_entry_group already registered for DAG: example_complex
[2023-05-29T22:46:00.103+0000] {logging_mixin.py:149} INFO - [2023-05-29T22:46:00.103+0000] {taskmixin.py:211} WARNING - Dependency <Task(BashOperator): delete_entry_group>, create_entry_group already registered for DAG: example_complex
[2023-05-29T22:46:00.103+0000] {logging_mixin.py:149} INFO - [2023-05-29T22:46:00.103+0000] {taskmixin.py:211} WARNING - Dependency <Task(BashOperator): create_entry_gcs>, delete_entry already registered for DAG: example_complex
[2023-05-29T22:46:00.104+0000] {logging_mixin.py:149} INFO - [2023-05-29T22:46:00.104+0000] {taskmixin.py:211} WARNING - Dependency <Task(BashOperator): delete_entry>, create_entry_gcs already registered for DAG: example_complex
[2023-05-29T22:46:00.104+0000] {logging_mixin.py:149} INFO - [2023-05-29T22:46:00.104+0000] {taskmixin.py:211} WARNING - Dependency <Task(BashOperator): create_tag>, delete_tag already registered for DAG: example_complex
[2023-05-29T22:46:00.105+0000] {logging_mixin.py:149} INFO - [2023-05-29T22:46:00.105+0000] {taskmixin.py:211} WARNING - Dependency <Task(BashOperator): delete_tag>, create_tag already registered for DAG: example_complex
[2023-05-29T22:46:00.106+0000] {processor.py:836} INFO - DAG(s) dict_keys(['example_complex']) retrieved from /home/airflow/.local/lib/python3.7/site-packages/airflow/example_dags/example_complex.py
[2023-05-29T22:46:00.136+0000] {logging_mixin.py:149} INFO - [2023-05-29T22:46:00.135+0000] {dag.py:2726} INFO - Sync 1 DAGs
[2023-05-29T22:46:00.152+0000] {logging_mixin.py:149} INFO - [2023-05-29T22:46:00.152+0000] {dag.py:3490} INFO - Setting next_dagrun for example_complex to None, run_after=None
[2023-05-29T22:46:00.167+0000] {processor.py:179} INFO - Processing /home/airflow/.local/lib/python3.7/site-packages/airflow/example_dags/example_complex.py took 0.078 seconds
[2023-05-29T22:46:30.431+0000] {processor.py:157} INFO - Started process (PID=495) to work on /home/airflow/.local/lib/python3.7/site-packages/airflow/example_dags/example_complex.py
[2023-05-29T22:46:30.432+0000] {processor.py:826} INFO - Processing file /home/airflow/.local/lib/python3.7/site-packages/airflow/example_dags/example_complex.py for tasks to queue
[2023-05-29T22:46:30.433+0000] {logging_mixin.py:149} INFO - [2023-05-29T22:46:30.433+0000] {dagbag.py:541} INFO - Filling up the DagBag from /home/airflow/.local/lib/python3.7/site-packages/airflow/example_dags/example_complex.py
[2023-05-29T22:46:30.442+0000] {logging_mixin.py:149} INFO - [2023-05-29T22:46:30.442+0000] {taskmixin.py:211} WARNING - Dependency <Task(BashOperator): create_entry_group>, delete_entry_group already registered for DAG: example_complex
[2023-05-29T22:46:30.443+0000] {logging_mixin.py:149} INFO - [2023-05-29T22:46:30.443+0000] {taskmixin.py:211} WARNING - Dependency <Task(BashOperator): delete_entry_group>, create_entry_group already registered for DAG: example_complex
[2023-05-29T22:46:30.444+0000] {logging_mixin.py:149} INFO - [2023-05-29T22:46:30.444+0000] {taskmixin.py:211} WARNING - Dependency <Task(BashOperator): create_entry_gcs>, delete_entry already registered for DAG: example_complex
[2023-05-29T22:46:30.444+0000] {logging_mixin.py:149} INFO - [2023-05-29T22:46:30.444+0000] {taskmixin.py:211} WARNING - Dependency <Task(BashOperator): delete_entry>, create_entry_gcs already registered for DAG: example_complex
[2023-05-29T22:46:30.445+0000] {logging_mixin.py:149} INFO - [2023-05-29T22:46:30.445+0000] {taskmixin.py:211} WARNING - Dependency <Task(BashOperator): create_tag>, delete_tag already registered for DAG: example_complex
[2023-05-29T22:46:30.446+0000] {logging_mixin.py:149} INFO - [2023-05-29T22:46:30.446+0000] {taskmixin.py:211} WARNING - Dependency <Task(BashOperator): delete_tag>, create_tag already registered for DAG: example_complex
[2023-05-29T22:46:30.447+0000] {processor.py:836} INFO - DAG(s) dict_keys(['example_complex']) retrieved from /home/airflow/.local/lib/python3.7/site-packages/airflow/example_dags/example_complex.py
[2023-05-29T22:46:30.490+0000] {logging_mixin.py:149} INFO - [2023-05-29T22:46:30.489+0000] {dag.py:2726} INFO - Sync 1 DAGs
[2023-05-29T22:46:30.521+0000] {logging_mixin.py:149} INFO - [2023-05-29T22:46:30.521+0000] {dag.py:3490} INFO - Setting next_dagrun for example_complex to None, run_after=None
[2023-05-29T22:46:30.535+0000] {processor.py:179} INFO - Processing /home/airflow/.local/lib/python3.7/site-packages/airflow/example_dags/example_complex.py took 0.108 seconds
[2023-05-29T22:47:00.726+0000] {processor.py:157} INFO - Started process (PID=551) to work on /home/airflow/.local/lib/python3.7/site-packages/airflow/example_dags/example_complex.py
[2023-05-29T22:47:00.727+0000] {processor.py:826} INFO - Processing file /home/airflow/.local/lib/python3.7/site-packages/airflow/example_dags/example_complex.py for tasks to queue
[2023-05-29T22:47:00.728+0000] {logging_mixin.py:149} INFO - [2023-05-29T22:47:00.728+0000] {dagbag.py:541} INFO - Filling up the DagBag from /home/airflow/.local/lib/python3.7/site-packages/airflow/example_dags/example_complex.py
[2023-05-29T22:47:00.738+0000] {logging_mixin.py:149} INFO - [2023-05-29T22:47:00.738+0000] {taskmixin.py:211} WARNING - Dependency <Task(BashOperator): create_entry_group>, delete_entry_group already registered for DAG: example_complex
[2023-05-29T22:47:00.739+0000] {logging_mixin.py:149} INFO - [2023-05-29T22:47:00.739+0000] {taskmixin.py:211} WARNING - Dependency <Task(BashOperator): delete_entry_group>, create_entry_group already registered for DAG: example_complex
[2023-05-29T22:47:00.740+0000] {logging_mixin.py:149} INFO - [2023-05-29T22:47:00.740+0000] {taskmixin.py:211} WARNING - Dependency <Task(BashOperator): create_entry_gcs>, delete_entry already registered for DAG: example_complex
[2023-05-29T22:47:00.740+0000] {logging_mixin.py:149} INFO - [2023-05-29T22:47:00.740+0000] {taskmixin.py:211} WARNING - Dependency <Task(BashOperator): delete_entry>, create_entry_gcs already registered for DAG: example_complex
[2023-05-29T22:47:00.741+0000] {logging_mixin.py:149} INFO - [2023-05-29T22:47:00.741+0000] {taskmixin.py:211} WARNING - Dependency <Task(BashOperator): create_tag>, delete_tag already registered for DAG: example_complex
[2023-05-29T22:47:00.741+0000] {logging_mixin.py:149} INFO - [2023-05-29T22:47:00.741+0000] {taskmixin.py:211} WARNING - Dependency <Task(BashOperator): delete_tag>, create_tag already registered for DAG: example_complex
[2023-05-29T22:47:00.743+0000] {processor.py:836} INFO - DAG(s) dict_keys(['example_complex']) retrieved from /home/airflow/.local/lib/python3.7/site-packages/airflow/example_dags/example_complex.py
[2023-05-29T22:47:00.772+0000] {logging_mixin.py:149} INFO - [2023-05-29T22:47:00.771+0000] {dag.py:2726} INFO - Sync 1 DAGs
[2023-05-29T22:47:00.788+0000] {logging_mixin.py:149} INFO - [2023-05-29T22:47:00.788+0000] {dag.py:3490} INFO - Setting next_dagrun for example_complex to None, run_after=None
[2023-05-29T22:47:00.799+0000] {processor.py:179} INFO - Processing /home/airflow/.local/lib/python3.7/site-packages/airflow/example_dags/example_complex.py took 0.076 seconds
[2023-05-29T22:47:32.021+0000] {processor.py:157} INFO - Started process (PID=606) to work on /home/airflow/.local/lib/python3.7/site-packages/airflow/example_dags/example_complex.py
[2023-05-29T22:47:32.023+0000] {processor.py:826} INFO - Processing file /home/airflow/.local/lib/python3.7/site-packages/airflow/example_dags/example_complex.py for tasks to queue
[2023-05-29T22:47:32.025+0000] {logging_mixin.py:149} INFO - [2023-05-29T22:47:32.025+0000] {dagbag.py:541} INFO - Filling up the DagBag from /home/airflow/.local/lib/python3.7/site-packages/airflow/example_dags/example_complex.py
[2023-05-29T22:47:32.033+0000] {logging_mixin.py:149} INFO - [2023-05-29T22:47:32.033+0000] {taskmixin.py:211} WARNING - Dependency <Task(BashOperator): create_entry_group>, delete_entry_group already registered for DAG: example_complex
[2023-05-29T22:47:32.034+0000] {logging_mixin.py:149} INFO - [2023-05-29T22:47:32.034+0000] {taskmixin.py:211} WARNING - Dependency <Task(BashOperator): delete_entry_group>, create_entry_group already registered for DAG: example_complex
[2023-05-29T22:47:32.035+0000] {logging_mixin.py:149} INFO - [2023-05-29T22:47:32.035+0000] {taskmixin.py:211} WARNING - Dependency <Task(BashOperator): create_entry_gcs>, delete_entry already registered for DAG: example_complex
[2023-05-29T22:47:32.035+0000] {logging_mixin.py:149} INFO - [2023-05-29T22:47:32.035+0000] {taskmixin.py:211} WARNING - Dependency <Task(BashOperator): delete_entry>, create_entry_gcs already registered for DAG: example_complex
[2023-05-29T22:47:32.036+0000] {logging_mixin.py:149} INFO - [2023-05-29T22:47:32.036+0000] {taskmixin.py:211} WARNING - Dependency <Task(BashOperator): create_tag>, delete_tag already registered for DAG: example_complex
[2023-05-29T22:47:32.036+0000] {logging_mixin.py:149} INFO - [2023-05-29T22:47:32.036+0000] {taskmixin.py:211} WARNING - Dependency <Task(BashOperator): delete_tag>, create_tag already registered for DAG: example_complex
[2023-05-29T22:47:32.038+0000] {processor.py:836} INFO - DAG(s) dict_keys(['example_complex']) retrieved from /home/airflow/.local/lib/python3.7/site-packages/airflow/example_dags/example_complex.py
[2023-05-29T22:47:32.071+0000] {logging_mixin.py:149} INFO - [2023-05-29T22:47:32.071+0000] {dag.py:2726} INFO - Sync 1 DAGs
[2023-05-29T22:47:32.094+0000] {logging_mixin.py:149} INFO - [2023-05-29T22:47:32.093+0000] {dag.py:3490} INFO - Setting next_dagrun for example_complex to None, run_after=None
[2023-05-29T22:47:32.108+0000] {processor.py:179} INFO - Processing /home/airflow/.local/lib/python3.7/site-packages/airflow/example_dags/example_complex.py took 0.091 seconds
[2023-05-29T22:48:02.251+0000] {processor.py:157} INFO - Started process (PID=662) to work on /home/airflow/.local/lib/python3.7/site-packages/airflow/example_dags/example_complex.py
[2023-05-29T22:48:02.253+0000] {processor.py:826} INFO - Processing file /home/airflow/.local/lib/python3.7/site-packages/airflow/example_dags/example_complex.py for tasks to queue
[2023-05-29T22:48:02.254+0000] {logging_mixin.py:149} INFO - [2023-05-29T22:48:02.254+0000] {dagbag.py:541} INFO - Filling up the DagBag from /home/airflow/.local/lib/python3.7/site-packages/airflow/example_dags/example_complex.py
[2023-05-29T22:48:02.261+0000] {logging_mixin.py:149} INFO - [2023-05-29T22:48:02.261+0000] {taskmixin.py:211} WARNING - Dependency <Task(BashOperator): create_entry_group>, delete_entry_group already registered for DAG: example_complex
[2023-05-29T22:48:02.262+0000] {logging_mixin.py:149} INFO - [2023-05-29T22:48:02.261+0000] {taskmixin.py:211} WARNING - Dependency <Task(BashOperator): delete_entry_group>, create_entry_group already registered for DAG: example_complex
[2023-05-29T22:48:02.262+0000] {logging_mixin.py:149} INFO - [2023-05-29T22:48:02.262+0000] {taskmixin.py:211} WARNING - Dependency <Task(BashOperator): create_entry_gcs>, delete_entry already registered for DAG: example_complex
[2023-05-29T22:48:02.262+0000] {logging_mixin.py:149} INFO - [2023-05-29T22:48:02.262+0000] {taskmixin.py:211} WARNING - Dependency <Task(BashOperator): delete_entry>, create_entry_gcs already registered for DAG: example_complex
[2023-05-29T22:48:02.263+0000] {logging_mixin.py:149} INFO - [2023-05-29T22:48:02.263+0000] {taskmixin.py:211} WARNING - Dependency <Task(BashOperator): create_tag>, delete_tag already registered for DAG: example_complex
[2023-05-29T22:48:02.263+0000] {logging_mixin.py:149} INFO - [2023-05-29T22:48:02.263+0000] {taskmixin.py:211} WARNING - Dependency <Task(BashOperator): delete_tag>, create_tag already registered for DAG: example_complex
[2023-05-29T22:48:02.265+0000] {processor.py:836} INFO - DAG(s) dict_keys(['example_complex']) retrieved from /home/airflow/.local/lib/python3.7/site-packages/airflow/example_dags/example_complex.py
[2023-05-29T22:48:02.289+0000] {logging_mixin.py:149} INFO - [2023-05-29T22:48:02.289+0000] {dag.py:2726} INFO - Sync 1 DAGs
[2023-05-29T22:48:02.307+0000] {logging_mixin.py:149} INFO - [2023-05-29T22:48:02.307+0000] {dag.py:3490} INFO - Setting next_dagrun for example_complex to None, run_after=None
[2023-05-29T22:48:02.319+0000] {processor.py:179} INFO - Processing /home/airflow/.local/lib/python3.7/site-packages/airflow/example_dags/example_complex.py took 0.071 seconds
[2023-05-29T22:49:24.444+0000] {processor.py:157} INFO - Started process (PID=40) to work on /home/airflow/.local/lib/python3.7/site-packages/airflow/example_dags/example_complex.py
[2023-05-29T22:49:24.445+0000] {processor.py:826} INFO - Processing file /home/airflow/.local/lib/python3.7/site-packages/airflow/example_dags/example_complex.py for tasks to queue
[2023-05-29T22:49:24.446+0000] {logging_mixin.py:149} INFO - [2023-05-29T22:49:24.446+0000] {dagbag.py:541} INFO - Filling up the DagBag from /home/airflow/.local/lib/python3.7/site-packages/airflow/example_dags/example_complex.py
[2023-05-29T22:49:24.455+0000] {logging_mixin.py:149} INFO - [2023-05-29T22:49:24.455+0000] {taskmixin.py:211} WARNING - Dependency <Task(BashOperator): create_entry_group>, delete_entry_group already registered for DAG: example_complex
[2023-05-29T22:49:24.456+0000] {logging_mixin.py:149} INFO - [2023-05-29T22:49:24.456+0000] {taskmixin.py:211} WARNING - Dependency <Task(BashOperator): delete_entry_group>, create_entry_group already registered for DAG: example_complex
[2023-05-29T22:49:24.457+0000] {logging_mixin.py:149} INFO - [2023-05-29T22:49:24.456+0000] {taskmixin.py:211} WARNING - Dependency <Task(BashOperator): create_entry_gcs>, delete_entry already registered for DAG: example_complex
[2023-05-29T22:49:24.457+0000] {logging_mixin.py:149} INFO - [2023-05-29T22:49:24.457+0000] {taskmixin.py:211} WARNING - Dependency <Task(BashOperator): delete_entry>, create_entry_gcs already registered for DAG: example_complex
[2023-05-29T22:49:24.458+0000] {logging_mixin.py:149} INFO - [2023-05-29T22:49:24.458+0000] {taskmixin.py:211} WARNING - Dependency <Task(BashOperator): create_tag>, delete_tag already registered for DAG: example_complex
[2023-05-29T22:49:24.459+0000] {logging_mixin.py:149} INFO - [2023-05-29T22:49:24.459+0000] {taskmixin.py:211} WARNING - Dependency <Task(BashOperator): delete_tag>, create_tag already registered for DAG: example_complex
[2023-05-29T22:49:24.462+0000] {processor.py:836} INFO - DAG(s) dict_keys(['example_complex']) retrieved from /home/airflow/.local/lib/python3.7/site-packages/airflow/example_dags/example_complex.py
[2023-05-29T22:49:24.481+0000] {logging_mixin.py:149} INFO - [2023-05-29T22:49:24.480+0000] {dag.py:2726} INFO - Sync 1 DAGs
[2023-05-29T22:49:24.503+0000] {logging_mixin.py:149} INFO - [2023-05-29T22:49:24.502+0000] {dag.py:3490} INFO - Setting next_dagrun for example_complex to None, run_after=None
[2023-05-29T22:49:24.516+0000] {processor.py:179} INFO - Processing /home/airflow/.local/lib/python3.7/site-packages/airflow/example_dags/example_complex.py took 0.077 seconds
[2023-05-29T22:49:54.980+0000] {processor.py:157} INFO - Started process (PID=96) to work on /home/airflow/.local/lib/python3.7/site-packages/airflow/example_dags/example_complex.py
[2023-05-29T22:49:54.983+0000] {processor.py:826} INFO - Processing file /home/airflow/.local/lib/python3.7/site-packages/airflow/example_dags/example_complex.py for tasks to queue
[2023-05-29T22:49:54.984+0000] {logging_mixin.py:149} INFO - [2023-05-29T22:49:54.984+0000] {dagbag.py:541} INFO - Filling up the DagBag from /home/airflow/.local/lib/python3.7/site-packages/airflow/example_dags/example_complex.py
[2023-05-29T22:49:54.991+0000] {logging_mixin.py:149} INFO - [2023-05-29T22:49:54.990+0000] {taskmixin.py:211} WARNING - Dependency <Task(BashOperator): create_entry_group>, delete_entry_group already registered for DAG: example_complex
[2023-05-29T22:49:54.991+0000] {logging_mixin.py:149} INFO - [2023-05-29T22:49:54.991+0000] {taskmixin.py:211} WARNING - Dependency <Task(BashOperator): delete_entry_group>, create_entry_group already registered for DAG: example_complex
[2023-05-29T22:49:54.992+0000] {logging_mixin.py:149} INFO - [2023-05-29T22:49:54.992+0000] {taskmixin.py:211} WARNING - Dependency <Task(BashOperator): create_entry_gcs>, delete_entry already registered for DAG: example_complex
[2023-05-29T22:49:54.992+0000] {logging_mixin.py:149} INFO - [2023-05-29T22:49:54.992+0000] {taskmixin.py:211} WARNING - Dependency <Task(BashOperator): delete_entry>, create_entry_gcs already registered for DAG: example_complex
[2023-05-29T22:49:54.993+0000] {logging_mixin.py:149} INFO - [2023-05-29T22:49:54.993+0000] {taskmixin.py:211} WARNING - Dependency <Task(BashOperator): create_tag>, delete_tag already registered for DAG: example_complex
[2023-05-29T22:49:54.993+0000] {logging_mixin.py:149} INFO - [2023-05-29T22:49:54.993+0000] {taskmixin.py:211} WARNING - Dependency <Task(BashOperator): delete_tag>, create_tag already registered for DAG: example_complex
[2023-05-29T22:49:54.994+0000] {processor.py:836} INFO - DAG(s) dict_keys(['example_complex']) retrieved from /home/airflow/.local/lib/python3.7/site-packages/airflow/example_dags/example_complex.py
[2023-05-29T22:49:55.022+0000] {logging_mixin.py:149} INFO - [2023-05-29T22:49:55.021+0000] {dag.py:2726} INFO - Sync 1 DAGs
[2023-05-29T22:49:55.041+0000] {logging_mixin.py:149} INFO - [2023-05-29T22:49:55.041+0000] {dag.py:3490} INFO - Setting next_dagrun for example_complex to None, run_after=None
[2023-05-29T22:49:55.054+0000] {processor.py:179} INFO - Processing /home/airflow/.local/lib/python3.7/site-packages/airflow/example_dags/example_complex.py took 0.077 seconds
[2023-05-29T22:50:27.059+0000] {processor.py:157} INFO - Started process (PID=152) to work on /home/airflow/.local/lib/python3.7/site-packages/airflow/example_dags/example_complex.py
[2023-05-29T22:50:27.511+0000] {processor.py:826} INFO - Processing file /home/airflow/.local/lib/python3.7/site-packages/airflow/example_dags/example_complex.py for tasks to queue
[2023-05-29T22:50:27.578+0000] {logging_mixin.py:149} INFO - [2023-05-29T22:50:27.547+0000] {dagbag.py:541} INFO - Filling up the DagBag from /home/airflow/.local/lib/python3.7/site-packages/airflow/example_dags/example_complex.py
[2023-05-29T22:50:27.747+0000] {logging_mixin.py:149} INFO - [2023-05-29T22:50:27.746+0000] {taskmixin.py:211} WARNING - Dependency <Task(BashOperator): create_entry_group>, delete_entry_group already registered for DAG: example_complex
[2023-05-29T22:50:27.756+0000] {logging_mixin.py:149} INFO - [2023-05-29T22:50:27.756+0000] {taskmixin.py:211} WARNING - Dependency <Task(BashOperator): delete_entry_group>, create_entry_group already registered for DAG: example_complex
[2023-05-29T22:50:27.765+0000] {logging_mixin.py:149} INFO - [2023-05-29T22:50:27.764+0000] {taskmixin.py:211} WARNING - Dependency <Task(BashOperator): create_entry_gcs>, delete_entry already registered for DAG: example_complex
[2023-05-29T22:50:27.769+0000] {logging_mixin.py:149} INFO - [2023-05-29T22:50:27.768+0000] {taskmixin.py:211} WARNING - Dependency <Task(BashOperator): delete_entry>, create_entry_gcs already registered for DAG: example_complex
[2023-05-29T22:50:27.783+0000] {logging_mixin.py:149} INFO - [2023-05-29T22:50:27.782+0000] {taskmixin.py:211} WARNING - Dependency <Task(BashOperator): create_tag>, delete_tag already registered for DAG: example_complex
[2023-05-29T22:50:27.795+0000] {logging_mixin.py:149} INFO - [2023-05-29T22:50:27.794+0000] {taskmixin.py:211} WARNING - Dependency <Task(BashOperator): delete_tag>, create_tag already registered for DAG: example_complex
[2023-05-29T22:50:27.813+0000] {processor.py:836} INFO - DAG(s) dict_keys(['example_complex']) retrieved from /home/airflow/.local/lib/python3.7/site-packages/airflow/example_dags/example_complex.py
[2023-05-29T22:50:27.912+0000] {logging_mixin.py:149} INFO - [2023-05-29T22:50:27.911+0000] {dag.py:2726} INFO - Sync 1 DAGs
[2023-05-29T22:50:27.987+0000] {logging_mixin.py:149} INFO - [2023-05-29T22:50:27.986+0000] {dag.py:3490} INFO - Setting next_dagrun for example_complex to None, run_after=None
[2023-05-29T22:50:28.254+0000] {processor.py:179} INFO - Processing /home/airflow/.local/lib/python3.7/site-packages/airflow/example_dags/example_complex.py took 1.319 seconds
[2023-05-29T22:51:40.352+0000] {processor.py:157} INFO - Started process (PID=40) to work on /home/airflow/.local/lib/python3.7/site-packages/airflow/example_dags/example_complex.py
[2023-05-29T22:51:40.354+0000] {processor.py:826} INFO - Processing file /home/airflow/.local/lib/python3.7/site-packages/airflow/example_dags/example_complex.py for tasks to queue
[2023-05-29T22:51:40.355+0000] {logging_mixin.py:149} INFO - [2023-05-29T22:51:40.355+0000] {dagbag.py:541} INFO - Filling up the DagBag from /home/airflow/.local/lib/python3.7/site-packages/airflow/example_dags/example_complex.py
[2023-05-29T22:51:40.364+0000] {logging_mixin.py:149} INFO - [2023-05-29T22:51:40.364+0000] {taskmixin.py:211} WARNING - Dependency <Task(BashOperator): create_entry_group>, delete_entry_group already registered for DAG: example_complex
[2023-05-29T22:51:40.366+0000] {logging_mixin.py:149} INFO - [2023-05-29T22:51:40.366+0000] {taskmixin.py:211} WARNING - Dependency <Task(BashOperator): delete_entry_group>, create_entry_group already registered for DAG: example_complex
[2023-05-29T22:51:40.370+0000] {logging_mixin.py:149} INFO - [2023-05-29T22:51:40.370+0000] {taskmixin.py:211} WARNING - Dependency <Task(BashOperator): create_entry_gcs>, delete_entry already registered for DAG: example_complex
[2023-05-29T22:51:40.371+0000] {logging_mixin.py:149} INFO - [2023-05-29T22:51:40.371+0000] {taskmixin.py:211} WARNING - Dependency <Task(BashOperator): delete_entry>, create_entry_gcs already registered for DAG: example_complex
[2023-05-29T22:51:40.372+0000] {logging_mixin.py:149} INFO - [2023-05-29T22:51:40.372+0000] {taskmixin.py:211} WARNING - Dependency <Task(BashOperator): create_tag>, delete_tag already registered for DAG: example_complex
[2023-05-29T22:51:40.373+0000] {logging_mixin.py:149} INFO - [2023-05-29T22:51:40.373+0000] {taskmixin.py:211} WARNING - Dependency <Task(BashOperator): delete_tag>, create_tag already registered for DAG: example_complex
[2023-05-29T22:51:40.392+0000] {processor.py:836} INFO - DAG(s) dict_keys(['example_complex']) retrieved from /home/airflow/.local/lib/python3.7/site-packages/airflow/example_dags/example_complex.py
[2023-05-29T22:51:40.419+0000] {logging_mixin.py:149} INFO - [2023-05-29T22:51:40.419+0000] {dag.py:2726} INFO - Sync 1 DAGs
[2023-05-29T22:51:40.445+0000] {logging_mixin.py:149} INFO - [2023-05-29T22:51:40.445+0000] {dag.py:3490} INFO - Setting next_dagrun for example_complex to None, run_after=None
[2023-05-29T22:51:40.463+0000] {processor.py:179} INFO - Processing /home/airflow/.local/lib/python3.7/site-packages/airflow/example_dags/example_complex.py took 0.114 seconds
[2023-05-29T22:52:11.407+0000] {processor.py:157} INFO - Started process (PID=96) to work on /home/airflow/.local/lib/python3.7/site-packages/airflow/example_dags/example_complex.py
[2023-05-29T22:52:11.408+0000] {processor.py:826} INFO - Processing file /home/airflow/.local/lib/python3.7/site-packages/airflow/example_dags/example_complex.py for tasks to queue
[2023-05-29T22:52:11.409+0000] {logging_mixin.py:149} INFO - [2023-05-29T22:52:11.409+0000] {dagbag.py:541} INFO - Filling up the DagBag from /home/airflow/.local/lib/python3.7/site-packages/airflow/example_dags/example_complex.py
[2023-05-29T22:52:11.416+0000] {logging_mixin.py:149} INFO - [2023-05-29T22:52:11.416+0000] {taskmixin.py:211} WARNING - Dependency <Task(BashOperator): create_entry_group>, delete_entry_group already registered for DAG: example_complex
[2023-05-29T22:52:11.417+0000] {logging_mixin.py:149} INFO - [2023-05-29T22:52:11.417+0000] {taskmixin.py:211} WARNING - Dependency <Task(BashOperator): delete_entry_group>, create_entry_group already registered for DAG: example_complex
[2023-05-29T22:52:11.417+0000] {logging_mixin.py:149} INFO - [2023-05-29T22:52:11.417+0000] {taskmixin.py:211} WARNING - Dependency <Task(BashOperator): create_entry_gcs>, delete_entry already registered for DAG: example_complex
[2023-05-29T22:52:11.418+0000] {logging_mixin.py:149} INFO - [2023-05-29T22:52:11.418+0000] {taskmixin.py:211} WARNING - Dependency <Task(BashOperator): delete_entry>, create_entry_gcs already registered for DAG: example_complex
[2023-05-29T22:52:11.419+0000] {logging_mixin.py:149} INFO - [2023-05-29T22:52:11.419+0000] {taskmixin.py:211} WARNING - Dependency <Task(BashOperator): create_tag>, delete_tag already registered for DAG: example_complex
[2023-05-29T22:52:11.419+0000] {logging_mixin.py:149} INFO - [2023-05-29T22:52:11.419+0000] {taskmixin.py:211} WARNING - Dependency <Task(BashOperator): delete_tag>, create_tag already registered for DAG: example_complex
[2023-05-29T22:52:11.421+0000] {processor.py:836} INFO - DAG(s) dict_keys(['example_complex']) retrieved from /home/airflow/.local/lib/python3.7/site-packages/airflow/example_dags/example_complex.py
[2023-05-29T22:52:11.446+0000] {logging_mixin.py:149} INFO - [2023-05-29T22:52:11.446+0000] {dag.py:2726} INFO - Sync 1 DAGs
[2023-05-29T22:52:11.461+0000] {logging_mixin.py:149} INFO - [2023-05-29T22:52:11.461+0000] {dag.py:3490} INFO - Setting next_dagrun for example_complex to None, run_after=None
[2023-05-29T22:52:11.473+0000] {processor.py:179} INFO - Processing /home/airflow/.local/lib/python3.7/site-packages/airflow/example_dags/example_complex.py took 0.070 seconds
[2023-05-29T22:52:41.882+0000] {processor.py:157} INFO - Started process (PID=152) to work on /home/airflow/.local/lib/python3.7/site-packages/airflow/example_dags/example_complex.py
[2023-05-29T22:52:41.884+0000] {processor.py:826} INFO - Processing file /home/airflow/.local/lib/python3.7/site-packages/airflow/example_dags/example_complex.py for tasks to queue
[2023-05-29T22:52:41.888+0000] {logging_mixin.py:149} INFO - [2023-05-29T22:52:41.888+0000] {dagbag.py:541} INFO - Filling up the DagBag from /home/airflow/.local/lib/python3.7/site-packages/airflow/example_dags/example_complex.py
[2023-05-29T22:52:41.895+0000] {logging_mixin.py:149} INFO - [2023-05-29T22:52:41.894+0000] {taskmixin.py:211} WARNING - Dependency <Task(BashOperator): create_entry_group>, delete_entry_group already registered for DAG: example_complex
[2023-05-29T22:52:41.896+0000] {logging_mixin.py:149} INFO - [2023-05-29T22:52:41.895+0000] {taskmixin.py:211} WARNING - Dependency <Task(BashOperator): delete_entry_group>, create_entry_group already registered for DAG: example_complex
[2023-05-29T22:52:41.896+0000] {logging_mixin.py:149} INFO - [2023-05-29T22:52:41.896+0000] {taskmixin.py:211} WARNING - Dependency <Task(BashOperator): create_entry_gcs>, delete_entry already registered for DAG: example_complex
[2023-05-29T22:52:41.896+0000] {logging_mixin.py:149} INFO - [2023-05-29T22:52:41.896+0000] {taskmixin.py:211} WARNING - Dependency <Task(BashOperator): delete_entry>, create_entry_gcs already registered for DAG: example_complex
[2023-05-29T22:52:41.897+0000] {logging_mixin.py:149} INFO - [2023-05-29T22:52:41.897+0000] {taskmixin.py:211} WARNING - Dependency <Task(BashOperator): create_tag>, delete_tag already registered for DAG: example_complex
[2023-05-29T22:52:41.897+0000] {logging_mixin.py:149} INFO - [2023-05-29T22:52:41.897+0000] {taskmixin.py:211} WARNING - Dependency <Task(BashOperator): delete_tag>, create_tag already registered for DAG: example_complex
[2023-05-29T22:52:41.898+0000] {processor.py:836} INFO - DAG(s) dict_keys(['example_complex']) retrieved from /home/airflow/.local/lib/python3.7/site-packages/airflow/example_dags/example_complex.py
[2023-05-29T22:52:41.923+0000] {logging_mixin.py:149} INFO - [2023-05-29T22:52:41.923+0000] {dag.py:2726} INFO - Sync 1 DAGs
[2023-05-29T22:52:41.941+0000] {logging_mixin.py:149} INFO - [2023-05-29T22:52:41.941+0000] {dag.py:3490} INFO - Setting next_dagrun for example_complex to None, run_after=None
[2023-05-29T22:52:41.953+0000] {processor.py:179} INFO - Processing /home/airflow/.local/lib/python3.7/site-packages/airflow/example_dags/example_complex.py took 0.074 seconds
