[2023-05-29T22:42:25.864+0000] {processor.py:157} INFO - Started process (PID=32) to work on /home/airflow/.local/lib/python3.7/site-packages/airflow/example_dags/example_sensor_decorator.py
[2023-05-29T22:42:25.866+0000] {processor.py:826} INFO - Processing file /home/airflow/.local/lib/python3.7/site-packages/airflow/example_dags/example_sensor_decorator.py for tasks to queue
[2023-05-29T22:42:25.874+0000] {logging_mixin.py:149} INFO - [2023-05-29T22:42:25.874+0000] {dagbag.py:541} INFO - Filling up the DagBag from /home/airflow/.local/lib/python3.7/site-packages/airflow/example_dags/example_sensor_decorator.py
[2023-05-29T22:42:25.908+0000] {processor.py:836} INFO - DAG(s) dict_keys(['example_sensor_decorator']) retrieved from /home/airflow/.local/lib/python3.7/site-packages/airflow/example_dags/example_sensor_decorator.py
[2023-05-29T22:42:26.269+0000] {logging_mixin.py:149} INFO - [2023-05-29T22:42:26.269+0000] {dag.py:2726} INFO - Sync 1 DAGs
[2023-05-29T22:42:26.307+0000] {logging_mixin.py:149} INFO - [2023-05-29T22:42:26.307+0000] {dag.py:3490} INFO - Setting next_dagrun for example_sensor_decorator to None, run_after=None
[2023-05-29T22:42:26.329+0000] {processor.py:179} INFO - Processing /home/airflow/.local/lib/python3.7/site-packages/airflow/example_dags/example_sensor_decorator.py took 0.472 seconds
[2023-05-29T22:42:56.594+0000] {processor.py:157} INFO - Started process (PID=88) to work on /home/airflow/.local/lib/python3.7/site-packages/airflow/example_dags/example_sensor_decorator.py
[2023-05-29T22:42:56.596+0000] {processor.py:826} INFO - Processing file /home/airflow/.local/lib/python3.7/site-packages/airflow/example_dags/example_sensor_decorator.py for tasks to queue
[2023-05-29T22:42:56.598+0000] {logging_mixin.py:149} INFO - [2023-05-29T22:42:56.597+0000] {dagbag.py:541} INFO - Filling up the DagBag from /home/airflow/.local/lib/python3.7/site-packages/airflow/example_dags/example_sensor_decorator.py
[2023-05-29T22:42:56.621+0000] {processor.py:836} INFO - DAG(s) dict_keys(['example_sensor_decorator']) retrieved from /home/airflow/.local/lib/python3.7/site-packages/airflow/example_dags/example_sensor_decorator.py
[2023-05-29T22:42:56.714+0000] {logging_mixin.py:149} INFO - [2023-05-29T22:42:56.713+0000] {dag.py:2726} INFO - Sync 1 DAGs
[2023-05-29T22:42:56.766+0000] {logging_mixin.py:149} INFO - [2023-05-29T22:42:56.765+0000] {dag.py:3490} INFO - Setting next_dagrun for example_sensor_decorator to None, run_after=None
[2023-05-29T22:42:56.801+0000] {processor.py:179} INFO - Processing /home/airflow/.local/lib/python3.7/site-packages/airflow/example_dags/example_sensor_decorator.py took 0.213 seconds
[2023-05-29T22:43:27.122+0000] {processor.py:157} INFO - Started process (PID=144) to work on /home/airflow/.local/lib/python3.7/site-packages/airflow/example_dags/example_sensor_decorator.py
[2023-05-29T22:43:27.128+0000] {processor.py:826} INFO - Processing file /home/airflow/.local/lib/python3.7/site-packages/airflow/example_dags/example_sensor_decorator.py for tasks to queue
[2023-05-29T22:43:27.130+0000] {logging_mixin.py:149} INFO - [2023-05-29T22:43:27.130+0000] {dagbag.py:541} INFO - Filling up the DagBag from /home/airflow/.local/lib/python3.7/site-packages/airflow/example_dags/example_sensor_decorator.py
[2023-05-29T22:43:27.144+0000] {processor.py:836} INFO - DAG(s) dict_keys(['example_sensor_decorator']) retrieved from /home/airflow/.local/lib/python3.7/site-packages/airflow/example_dags/example_sensor_decorator.py
[2023-05-29T22:43:27.186+0000] {logging_mixin.py:149} INFO - [2023-05-29T22:43:27.186+0000] {dag.py:2726} INFO - Sync 1 DAGs
[2023-05-29T22:43:27.208+0000] {logging_mixin.py:149} INFO - [2023-05-29T22:43:27.208+0000] {dag.py:3490} INFO - Setting next_dagrun for example_sensor_decorator to None, run_after=None
[2023-05-29T22:43:27.224+0000] {processor.py:179} INFO - Processing /home/airflow/.local/lib/python3.7/site-packages/airflow/example_dags/example_sensor_decorator.py took 0.109 seconds
[2023-05-29T22:43:57.717+0000] {processor.py:157} INFO - Started process (PID=200) to work on /home/airflow/.local/lib/python3.7/site-packages/airflow/example_dags/example_sensor_decorator.py
[2023-05-29T22:43:57.720+0000] {processor.py:826} INFO - Processing file /home/airflow/.local/lib/python3.7/site-packages/airflow/example_dags/example_sensor_decorator.py for tasks to queue
[2023-05-29T22:43:57.722+0000] {logging_mixin.py:149} INFO - [2023-05-29T22:43:57.722+0000] {dagbag.py:541} INFO - Filling up the DagBag from /home/airflow/.local/lib/python3.7/site-packages/airflow/example_dags/example_sensor_decorator.py
[2023-05-29T22:43:57.737+0000] {processor.py:836} INFO - DAG(s) dict_keys(['example_sensor_decorator']) retrieved from /home/airflow/.local/lib/python3.7/site-packages/airflow/example_dags/example_sensor_decorator.py
[2023-05-29T22:43:57.786+0000] {logging_mixin.py:149} INFO - [2023-05-29T22:43:57.786+0000] {dag.py:2726} INFO - Sync 1 DAGs
[2023-05-29T22:43:57.810+0000] {logging_mixin.py:149} INFO - [2023-05-29T22:43:57.810+0000] {dag.py:3490} INFO - Setting next_dagrun for example_sensor_decorator to None, run_after=None
[2023-05-29T22:43:57.828+0000] {processor.py:179} INFO - Processing /home/airflow/.local/lib/python3.7/site-packages/airflow/example_dags/example_sensor_decorator.py took 0.123 seconds
[2023-05-29T22:44:28.128+0000] {processor.py:157} INFO - Started process (PID=264) to work on /home/airflow/.local/lib/python3.7/site-packages/airflow/example_dags/example_sensor_decorator.py
[2023-05-29T22:44:28.131+0000] {processor.py:826} INFO - Processing file /home/airflow/.local/lib/python3.7/site-packages/airflow/example_dags/example_sensor_decorator.py for tasks to queue
[2023-05-29T22:44:28.132+0000] {logging_mixin.py:149} INFO - [2023-05-29T22:44:28.132+0000] {dagbag.py:541} INFO - Filling up the DagBag from /home/airflow/.local/lib/python3.7/site-packages/airflow/example_dags/example_sensor_decorator.py
[2023-05-29T22:44:28.143+0000] {processor.py:836} INFO - DAG(s) dict_keys(['example_sensor_decorator']) retrieved from /home/airflow/.local/lib/python3.7/site-packages/airflow/example_dags/example_sensor_decorator.py
[2023-05-29T22:44:28.172+0000] {logging_mixin.py:149} INFO - [2023-05-29T22:44:28.172+0000] {dag.py:2726} INFO - Sync 1 DAGs
[2023-05-29T22:44:28.193+0000] {logging_mixin.py:149} INFO - [2023-05-29T22:44:28.193+0000] {dag.py:3490} INFO - Setting next_dagrun for example_sensor_decorator to None, run_after=None
[2023-05-29T22:44:28.208+0000] {processor.py:179} INFO - Processing /home/airflow/.local/lib/python3.7/site-packages/airflow/example_dags/example_sensor_decorator.py took 0.091 seconds
[2023-05-29T22:44:58.424+0000] {processor.py:157} INFO - Started process (PID=320) to work on /home/airflow/.local/lib/python3.7/site-packages/airflow/example_dags/example_sensor_decorator.py
[2023-05-29T22:44:58.435+0000] {processor.py:826} INFO - Processing file /home/airflow/.local/lib/python3.7/site-packages/airflow/example_dags/example_sensor_decorator.py for tasks to queue
[2023-05-29T22:44:58.439+0000] {logging_mixin.py:149} INFO - [2023-05-29T22:44:58.438+0000] {dagbag.py:541} INFO - Filling up the DagBag from /home/airflow/.local/lib/python3.7/site-packages/airflow/example_dags/example_sensor_decorator.py
[2023-05-29T22:44:58.453+0000] {processor.py:836} INFO - DAG(s) dict_keys(['example_sensor_decorator']) retrieved from /home/airflow/.local/lib/python3.7/site-packages/airflow/example_dags/example_sensor_decorator.py
[2023-05-29T22:44:58.508+0000] {logging_mixin.py:149} INFO - [2023-05-29T22:44:58.508+0000] {dag.py:2726} INFO - Sync 1 DAGs
[2023-05-29T22:44:58.586+0000] {logging_mixin.py:149} INFO - [2023-05-29T22:44:58.586+0000] {dag.py:3490} INFO - Setting next_dagrun for example_sensor_decorator to None, run_after=None
[2023-05-29T22:44:58.690+0000] {processor.py:179} INFO - Processing /home/airflow/.local/lib/python3.7/site-packages/airflow/example_dags/example_sensor_decorator.py took 0.273 seconds
[2023-05-29T22:45:29.082+0000] {processor.py:157} INFO - Started process (PID=376) to work on /home/airflow/.local/lib/python3.7/site-packages/airflow/example_dags/example_sensor_decorator.py
[2023-05-29T22:45:29.084+0000] {processor.py:826} INFO - Processing file /home/airflow/.local/lib/python3.7/site-packages/airflow/example_dags/example_sensor_decorator.py for tasks to queue
[2023-05-29T22:45:29.084+0000] {logging_mixin.py:149} INFO - [2023-05-29T22:45:29.084+0000] {dagbag.py:541} INFO - Filling up the DagBag from /home/airflow/.local/lib/python3.7/site-packages/airflow/example_dags/example_sensor_decorator.py
[2023-05-29T22:45:29.096+0000] {processor.py:836} INFO - DAG(s) dict_keys(['example_sensor_decorator']) retrieved from /home/airflow/.local/lib/python3.7/site-packages/airflow/example_dags/example_sensor_decorator.py
[2023-05-29T22:45:29.132+0000] {logging_mixin.py:149} INFO - [2023-05-29T22:45:29.132+0000] {dag.py:2726} INFO - Sync 1 DAGs
[2023-05-29T22:45:29.152+0000] {logging_mixin.py:149} INFO - [2023-05-29T22:45:29.152+0000] {dag.py:3490} INFO - Setting next_dagrun for example_sensor_decorator to None, run_after=None
[2023-05-29T22:45:29.166+0000] {processor.py:179} INFO - Processing /home/airflow/.local/lib/python3.7/site-packages/airflow/example_dags/example_sensor_decorator.py took 0.088 seconds
[2023-05-29T22:45:59.600+0000] {processor.py:157} INFO - Started process (PID=432) to work on /home/airflow/.local/lib/python3.7/site-packages/airflow/example_dags/example_sensor_decorator.py
[2023-05-29T22:45:59.604+0000] {processor.py:826} INFO - Processing file /home/airflow/.local/lib/python3.7/site-packages/airflow/example_dags/example_sensor_decorator.py for tasks to queue
[2023-05-29T22:45:59.609+0000] {logging_mixin.py:149} INFO - [2023-05-29T22:45:59.608+0000] {dagbag.py:541} INFO - Filling up the DagBag from /home/airflow/.local/lib/python3.7/site-packages/airflow/example_dags/example_sensor_decorator.py
[2023-05-29T22:45:59.628+0000] {processor.py:836} INFO - DAG(s) dict_keys(['example_sensor_decorator']) retrieved from /home/airflow/.local/lib/python3.7/site-packages/airflow/example_dags/example_sensor_decorator.py
[2023-05-29T22:45:59.690+0000] {logging_mixin.py:149} INFO - [2023-05-29T22:45:59.690+0000] {dag.py:2726} INFO - Sync 1 DAGs
[2023-05-29T22:45:59.727+0000] {logging_mixin.py:149} INFO - [2023-05-29T22:45:59.727+0000] {dag.py:3490} INFO - Setting next_dagrun for example_sensor_decorator to None, run_after=None
[2023-05-29T22:45:59.740+0000] {processor.py:179} INFO - Processing /home/airflow/.local/lib/python3.7/site-packages/airflow/example_dags/example_sensor_decorator.py took 0.146 seconds
[2023-05-29T22:46:29.967+0000] {processor.py:157} INFO - Started process (PID=488) to work on /home/airflow/.local/lib/python3.7/site-packages/airflow/example_dags/example_sensor_decorator.py
[2023-05-29T22:46:29.969+0000] {processor.py:826} INFO - Processing file /home/airflow/.local/lib/python3.7/site-packages/airflow/example_dags/example_sensor_decorator.py for tasks to queue
[2023-05-29T22:46:29.971+0000] {logging_mixin.py:149} INFO - [2023-05-29T22:46:29.971+0000] {dagbag.py:541} INFO - Filling up the DagBag from /home/airflow/.local/lib/python3.7/site-packages/airflow/example_dags/example_sensor_decorator.py
[2023-05-29T22:46:29.982+0000] {processor.py:836} INFO - DAG(s) dict_keys(['example_sensor_decorator']) retrieved from /home/airflow/.local/lib/python3.7/site-packages/airflow/example_dags/example_sensor_decorator.py
[2023-05-29T22:46:30.028+0000] {logging_mixin.py:149} INFO - [2023-05-29T22:46:30.028+0000] {dag.py:2726} INFO - Sync 1 DAGs
[2023-05-29T22:46:30.059+0000] {logging_mixin.py:149} INFO - [2023-05-29T22:46:30.058+0000] {dag.py:3490} INFO - Setting next_dagrun for example_sensor_decorator to None, run_after=None
[2023-05-29T22:46:30.083+0000] {processor.py:179} INFO - Processing /home/airflow/.local/lib/python3.7/site-packages/airflow/example_dags/example_sensor_decorator.py took 0.123 seconds
[2023-05-29T22:47:00.279+0000] {processor.py:157} INFO - Started process (PID=544) to work on /home/airflow/.local/lib/python3.7/site-packages/airflow/example_dags/example_sensor_decorator.py
[2023-05-29T22:47:00.280+0000] {processor.py:826} INFO - Processing file /home/airflow/.local/lib/python3.7/site-packages/airflow/example_dags/example_sensor_decorator.py for tasks to queue
[2023-05-29T22:47:00.282+0000] {logging_mixin.py:149} INFO - [2023-05-29T22:47:00.282+0000] {dagbag.py:541} INFO - Filling up the DagBag from /home/airflow/.local/lib/python3.7/site-packages/airflow/example_dags/example_sensor_decorator.py
[2023-05-29T22:47:00.293+0000] {processor.py:836} INFO - DAG(s) dict_keys(['example_sensor_decorator']) retrieved from /home/airflow/.local/lib/python3.7/site-packages/airflow/example_dags/example_sensor_decorator.py
[2023-05-29T22:47:00.339+0000] {logging_mixin.py:149} INFO - [2023-05-29T22:47:00.339+0000] {dag.py:2726} INFO - Sync 1 DAGs
[2023-05-29T22:47:00.364+0000] {logging_mixin.py:149} INFO - [2023-05-29T22:47:00.364+0000] {dag.py:3490} INFO - Setting next_dagrun for example_sensor_decorator to None, run_after=None
[2023-05-29T22:47:00.380+0000] {processor.py:179} INFO - Processing /home/airflow/.local/lib/python3.7/site-packages/airflow/example_dags/example_sensor_decorator.py took 0.105 seconds
[2023-05-29T22:47:31.321+0000] {processor.py:157} INFO - Started process (PID=599) to work on /home/airflow/.local/lib/python3.7/site-packages/airflow/example_dags/example_sensor_decorator.py
[2023-05-29T22:47:31.324+0000] {processor.py:826} INFO - Processing file /home/airflow/.local/lib/python3.7/site-packages/airflow/example_dags/example_sensor_decorator.py for tasks to queue
[2023-05-29T22:47:31.326+0000] {logging_mixin.py:149} INFO - [2023-05-29T22:47:31.326+0000] {dagbag.py:541} INFO - Filling up the DagBag from /home/airflow/.local/lib/python3.7/site-packages/airflow/example_dags/example_sensor_decorator.py
[2023-05-29T22:47:31.346+0000] {processor.py:836} INFO - DAG(s) dict_keys(['example_sensor_decorator']) retrieved from /home/airflow/.local/lib/python3.7/site-packages/airflow/example_dags/example_sensor_decorator.py
[2023-05-29T22:47:31.410+0000] {logging_mixin.py:149} INFO - [2023-05-29T22:47:31.410+0000] {dag.py:2726} INFO - Sync 1 DAGs
[2023-05-29T22:47:31.438+0000] {logging_mixin.py:149} INFO - [2023-05-29T22:47:31.438+0000] {dag.py:3490} INFO - Setting next_dagrun for example_sensor_decorator to None, run_after=None
[2023-05-29T22:47:31.453+0000] {processor.py:179} INFO - Processing /home/airflow/.local/lib/python3.7/site-packages/airflow/example_dags/example_sensor_decorator.py took 0.140 seconds
[2023-05-29T22:48:01.805+0000] {processor.py:157} INFO - Started process (PID=655) to work on /home/airflow/.local/lib/python3.7/site-packages/airflow/example_dags/example_sensor_decorator.py
[2023-05-29T22:48:01.809+0000] {processor.py:826} INFO - Processing file /home/airflow/.local/lib/python3.7/site-packages/airflow/example_dags/example_sensor_decorator.py for tasks to queue
[2023-05-29T22:48:01.811+0000] {logging_mixin.py:149} INFO - [2023-05-29T22:48:01.811+0000] {dagbag.py:541} INFO - Filling up the DagBag from /home/airflow/.local/lib/python3.7/site-packages/airflow/example_dags/example_sensor_decorator.py
[2023-05-29T22:48:01.822+0000] {processor.py:836} INFO - DAG(s) dict_keys(['example_sensor_decorator']) retrieved from /home/airflow/.local/lib/python3.7/site-packages/airflow/example_dags/example_sensor_decorator.py
[2023-05-29T22:48:01.865+0000] {logging_mixin.py:149} INFO - [2023-05-29T22:48:01.865+0000] {dag.py:2726} INFO - Sync 1 DAGs
[2023-05-29T22:48:01.889+0000] {logging_mixin.py:149} INFO - [2023-05-29T22:48:01.889+0000] {dag.py:3490} INFO - Setting next_dagrun for example_sensor_decorator to None, run_after=None
[2023-05-29T22:48:01.937+0000] {processor.py:179} INFO - Processing /home/airflow/.local/lib/python3.7/site-packages/airflow/example_dags/example_sensor_decorator.py took 0.140 seconds
[2023-05-29T22:49:23.389+0000] {processor.py:157} INFO - Started process (PID=33) to work on /home/airflow/.local/lib/python3.7/site-packages/airflow/example_dags/example_sensor_decorator.py
[2023-05-29T22:49:23.395+0000] {processor.py:826} INFO - Processing file /home/airflow/.local/lib/python3.7/site-packages/airflow/example_dags/example_sensor_decorator.py for tasks to queue
[2023-05-29T22:49:23.403+0000] {logging_mixin.py:149} INFO - [2023-05-29T22:49:23.403+0000] {dagbag.py:541} INFO - Filling up the DagBag from /home/airflow/.local/lib/python3.7/site-packages/airflow/example_dags/example_sensor_decorator.py
[2023-05-29T22:49:23.453+0000] {processor.py:836} INFO - DAG(s) dict_keys(['example_sensor_decorator']) retrieved from /home/airflow/.local/lib/python3.7/site-packages/airflow/example_dags/example_sensor_decorator.py
[2023-05-29T22:49:23.880+0000] {logging_mixin.py:149} INFO - [2023-05-29T22:49:23.879+0000] {dag.py:2726} INFO - Sync 1 DAGs
[2023-05-29T22:49:23.919+0000] {logging_mixin.py:149} INFO - [2023-05-29T22:49:23.919+0000] {dag.py:3490} INFO - Setting next_dagrun for example_sensor_decorator to None, run_after=None
[2023-05-29T22:49:23.961+0000] {processor.py:179} INFO - Processing /home/airflow/.local/lib/python3.7/site-packages/airflow/example_dags/example_sensor_decorator.py took 0.592 seconds
[2023-05-29T22:49:54.519+0000] {processor.py:157} INFO - Started process (PID=89) to work on /home/airflow/.local/lib/python3.7/site-packages/airflow/example_dags/example_sensor_decorator.py
[2023-05-29T22:49:54.521+0000] {processor.py:826} INFO - Processing file /home/airflow/.local/lib/python3.7/site-packages/airflow/example_dags/example_sensor_decorator.py for tasks to queue
[2023-05-29T22:49:54.523+0000] {logging_mixin.py:149} INFO - [2023-05-29T22:49:54.523+0000] {dagbag.py:541} INFO - Filling up the DagBag from /home/airflow/.local/lib/python3.7/site-packages/airflow/example_dags/example_sensor_decorator.py
[2023-05-29T22:49:54.541+0000] {processor.py:836} INFO - DAG(s) dict_keys(['example_sensor_decorator']) retrieved from /home/airflow/.local/lib/python3.7/site-packages/airflow/example_dags/example_sensor_decorator.py
[2023-05-29T22:49:54.597+0000] {logging_mixin.py:149} INFO - [2023-05-29T22:49:54.597+0000] {dag.py:2726} INFO - Sync 1 DAGs
[2023-05-29T22:49:54.635+0000] {logging_mixin.py:149} INFO - [2023-05-29T22:49:54.635+0000] {dag.py:3490} INFO - Setting next_dagrun for example_sensor_decorator to None, run_after=None
[2023-05-29T22:49:54.656+0000] {processor.py:179} INFO - Processing /home/airflow/.local/lib/python3.7/site-packages/airflow/example_dags/example_sensor_decorator.py took 0.144 seconds
[2023-05-29T22:50:25.253+0000] {processor.py:157} INFO - Started process (PID=145) to work on /home/airflow/.local/lib/python3.7/site-packages/airflow/example_dags/example_sensor_decorator.py
[2023-05-29T22:50:25.255+0000] {processor.py:826} INFO - Processing file /home/airflow/.local/lib/python3.7/site-packages/airflow/example_dags/example_sensor_decorator.py for tasks to queue
[2023-05-29T22:50:25.256+0000] {logging_mixin.py:149} INFO - [2023-05-29T22:50:25.256+0000] {dagbag.py:541} INFO - Filling up the DagBag from /home/airflow/.local/lib/python3.7/site-packages/airflow/example_dags/example_sensor_decorator.py
[2023-05-29T22:50:25.281+0000] {processor.py:836} INFO - DAG(s) dict_keys(['example_sensor_decorator']) retrieved from /home/airflow/.local/lib/python3.7/site-packages/airflow/example_dags/example_sensor_decorator.py
[2023-05-29T22:50:25.330+0000] {logging_mixin.py:149} INFO - [2023-05-29T22:50:25.330+0000] {dag.py:2726} INFO - Sync 1 DAGs
[2023-05-29T22:50:25.378+0000] {logging_mixin.py:149} INFO - [2023-05-29T22:50:25.378+0000] {dag.py:3490} INFO - Setting next_dagrun for example_sensor_decorator to None, run_after=None
[2023-05-29T22:50:25.409+0000] {processor.py:179} INFO - Processing /home/airflow/.local/lib/python3.7/site-packages/airflow/example_dags/example_sensor_decorator.py took 0.165 seconds
[2023-05-29T22:51:39.343+0000] {processor.py:157} INFO - Started process (PID=33) to work on /home/airflow/.local/lib/python3.7/site-packages/airflow/example_dags/example_sensor_decorator.py
[2023-05-29T22:51:39.358+0000] {processor.py:826} INFO - Processing file /home/airflow/.local/lib/python3.7/site-packages/airflow/example_dags/example_sensor_decorator.py for tasks to queue
[2023-05-29T22:51:39.361+0000] {logging_mixin.py:149} INFO - [2023-05-29T22:51:39.361+0000] {dagbag.py:541} INFO - Filling up the DagBag from /home/airflow/.local/lib/python3.7/site-packages/airflow/example_dags/example_sensor_decorator.py
[2023-05-29T22:51:39.462+0000] {processor.py:836} INFO - DAG(s) dict_keys(['example_sensor_decorator']) retrieved from /home/airflow/.local/lib/python3.7/site-packages/airflow/example_dags/example_sensor_decorator.py
[2023-05-29T22:51:39.855+0000] {logging_mixin.py:149} INFO - [2023-05-29T22:51:39.855+0000] {dag.py:2726} INFO - Sync 1 DAGs
[2023-05-29T22:51:39.874+0000] {logging_mixin.py:149} INFO - [2023-05-29T22:51:39.873+0000] {dag.py:3490} INFO - Setting next_dagrun for example_sensor_decorator to None, run_after=None
[2023-05-29T22:51:39.889+0000] {processor.py:179} INFO - Processing /home/airflow/.local/lib/python3.7/site-packages/airflow/example_dags/example_sensor_decorator.py took 0.552 seconds
[2023-05-29T22:52:10.960+0000] {processor.py:157} INFO - Started process (PID=89) to work on /home/airflow/.local/lib/python3.7/site-packages/airflow/example_dags/example_sensor_decorator.py
[2023-05-29T22:52:10.962+0000] {processor.py:826} INFO - Processing file /home/airflow/.local/lib/python3.7/site-packages/airflow/example_dags/example_sensor_decorator.py for tasks to queue
[2023-05-29T22:52:10.965+0000] {logging_mixin.py:149} INFO - [2023-05-29T22:52:10.964+0000] {dagbag.py:541} INFO - Filling up the DagBag from /home/airflow/.local/lib/python3.7/site-packages/airflow/example_dags/example_sensor_decorator.py
[2023-05-29T22:52:10.988+0000] {processor.py:836} INFO - DAG(s) dict_keys(['example_sensor_decorator']) retrieved from /home/airflow/.local/lib/python3.7/site-packages/airflow/example_dags/example_sensor_decorator.py
[2023-05-29T22:52:11.041+0000] {logging_mixin.py:149} INFO - [2023-05-29T22:52:11.041+0000] {dag.py:2726} INFO - Sync 1 DAGs
[2023-05-29T22:52:11.071+0000] {logging_mixin.py:149} INFO - [2023-05-29T22:52:11.071+0000] {dag.py:3490} INFO - Setting next_dagrun for example_sensor_decorator to None, run_after=None
[2023-05-29T22:52:11.089+0000] {processor.py:179} INFO - Processing /home/airflow/.local/lib/python3.7/site-packages/airflow/example_dags/example_sensor_decorator.py took 0.139 seconds
[2023-05-29T22:52:41.390+0000] {processor.py:157} INFO - Started process (PID=145) to work on /home/airflow/.local/lib/python3.7/site-packages/airflow/example_dags/example_sensor_decorator.py
[2023-05-29T22:52:41.393+0000] {processor.py:826} INFO - Processing file /home/airflow/.local/lib/python3.7/site-packages/airflow/example_dags/example_sensor_decorator.py for tasks to queue
[2023-05-29T22:52:41.395+0000] {logging_mixin.py:149} INFO - [2023-05-29T22:52:41.394+0000] {dagbag.py:541} INFO - Filling up the DagBag from /home/airflow/.local/lib/python3.7/site-packages/airflow/example_dags/example_sensor_decorator.py
[2023-05-29T22:52:41.413+0000] {processor.py:836} INFO - DAG(s) dict_keys(['example_sensor_decorator']) retrieved from /home/airflow/.local/lib/python3.7/site-packages/airflow/example_dags/example_sensor_decorator.py
[2023-05-29T22:52:41.478+0000] {logging_mixin.py:149} INFO - [2023-05-29T22:52:41.478+0000] {dag.py:2726} INFO - Sync 1 DAGs
[2023-05-29T22:52:41.520+0000] {logging_mixin.py:149} INFO - [2023-05-29T22:52:41.520+0000] {dag.py:3490} INFO - Setting next_dagrun for example_sensor_decorator to None, run_after=None
[2023-05-29T22:52:41.547+0000] {processor.py:179} INFO - Processing /home/airflow/.local/lib/python3.7/site-packages/airflow/example_dags/example_sensor_decorator.py took 0.181 seconds
