[2023-05-29T22:42:28.968+0000] {processor.py:157} INFO - Started process (PID=61) to work on /home/airflow/.local/lib/python3.7/site-packages/airflow/example_dags/example_subdag_operator.py
[2023-05-29T22:42:28.977+0000] {processor.py:826} INFO - Processing file /home/airflow/.local/lib/python3.7/site-packages/airflow/example_dags/example_subdag_operator.py for tasks to queue
[2023-05-29T22:42:28.983+0000] {logging_mixin.py:149} INFO - [2023-05-29T22:42:28.982+0000] {dagbag.py:541} INFO - Filling up the DagBag from /home/airflow/.local/lib/python3.7/site-packages/airflow/example_dags/example_subdag_operator.py
[2023-05-29T22:42:29.058+0000] {processor.py:836} INFO - DAG(s) dict_keys(['example_subdag_operator.section-1', 'example_subdag_operator.section-2', 'example_subdag_operator']) retrieved from /home/airflow/.local/lib/python3.7/site-packages/airflow/example_dags/example_subdag_operator.py
[2023-05-29T22:42:29.064+0000] {logging_mixin.py:149} INFO - [2023-05-29T22:42:29.064+0000] {dag.py:2726} INFO - Sync 3 DAGs
[2023-05-29T22:42:29.135+0000] {logging_mixin.py:149} INFO - [2023-05-29T22:42:29.134+0000] {dag.py:3490} INFO - Setting next_dagrun for example_subdag_operator to 2022-01-01T00:00:00+00:00, run_after=2022-01-01T00:00:00+00:00
[2023-05-29T22:42:29.140+0000] {logging_mixin.py:149} INFO - [2023-05-29T22:42:29.139+0000] {dag.py:3490} INFO - Setting next_dagrun for example_subdag_operator.section-1 to None, run_after=None
[2023-05-29T22:42:29.142+0000] {logging_mixin.py:149} INFO - [2023-05-29T22:42:29.142+0000] {dag.py:3490} INFO - Setting next_dagrun for example_subdag_operator.section-2 to None, run_after=None
[2023-05-29T22:42:29.162+0000] {logging_mixin.py:149} INFO - [2023-05-29T22:42:29.162+0000] {dag.py:2726} INFO - Sync 2 DAGs
[2023-05-29T22:42:29.175+0000] {logging_mixin.py:149} INFO - [2023-05-29T22:42:29.175+0000] {dag.py:3490} INFO - Setting next_dagrun for example_subdag_operator.section-1 to None, run_after=None
[2023-05-29T22:42:29.177+0000] {logging_mixin.py:149} INFO - [2023-05-29T22:42:29.177+0000] {dag.py:3490} INFO - Setting next_dagrun for example_subdag_operator.section-2 to None, run_after=None
[2023-05-29T22:42:29.207+0000] {processor.py:179} INFO - Processing /home/airflow/.local/lib/python3.7/site-packages/airflow/example_dags/example_subdag_operator.py took 0.244 seconds
[2023-05-29T22:42:59.255+0000] {processor.py:157} INFO - Started process (PID=116) to work on /home/airflow/.local/lib/python3.7/site-packages/airflow/example_dags/example_subdag_operator.py
[2023-05-29T22:42:59.260+0000] {processor.py:826} INFO - Processing file /home/airflow/.local/lib/python3.7/site-packages/airflow/example_dags/example_subdag_operator.py for tasks to queue
[2023-05-29T22:42:59.261+0000] {logging_mixin.py:149} INFO - [2023-05-29T22:42:59.261+0000] {dagbag.py:541} INFO - Filling up the DagBag from /home/airflow/.local/lib/python3.7/site-packages/airflow/example_dags/example_subdag_operator.py
[2023-05-29T22:42:59.291+0000] {processor.py:836} INFO - DAG(s) dict_keys(['example_subdag_operator.section-1', 'example_subdag_operator.section-2', 'example_subdag_operator']) retrieved from /home/airflow/.local/lib/python3.7/site-packages/airflow/example_dags/example_subdag_operator.py
[2023-05-29T22:42:59.304+0000] {logging_mixin.py:149} INFO - [2023-05-29T22:42:59.304+0000] {dag.py:2726} INFO - Sync 3 DAGs
[2023-05-29T22:42:59.324+0000] {logging_mixin.py:149} INFO - [2023-05-29T22:42:59.324+0000] {dag.py:3490} INFO - Setting next_dagrun for example_subdag_operator to 2022-01-01T00:00:00+00:00, run_after=2022-01-01T00:00:00+00:00
[2023-05-29T22:42:59.327+0000] {logging_mixin.py:149} INFO - [2023-05-29T22:42:59.326+0000] {dag.py:3490} INFO - Setting next_dagrun for example_subdag_operator.section-1 to None, run_after=None
[2023-05-29T22:42:59.328+0000] {logging_mixin.py:149} INFO - [2023-05-29T22:42:59.327+0000] {dag.py:3490} INFO - Setting next_dagrun for example_subdag_operator.section-2 to None, run_after=None
[2023-05-29T22:42:59.332+0000] {logging_mixin.py:149} INFO - [2023-05-29T22:42:59.332+0000] {dag.py:2726} INFO - Sync 2 DAGs
[2023-05-29T22:42:59.336+0000] {logging_mixin.py:149} INFO - [2023-05-29T22:42:59.336+0000] {dag.py:3490} INFO - Setting next_dagrun for example_subdag_operator.section-1 to None, run_after=None
[2023-05-29T22:42:59.338+0000] {logging_mixin.py:149} INFO - [2023-05-29T22:42:59.338+0000] {dag.py:3490} INFO - Setting next_dagrun for example_subdag_operator.section-2 to None, run_after=None
[2023-05-29T22:42:59.362+0000] {processor.py:179} INFO - Processing /home/airflow/.local/lib/python3.7/site-packages/airflow/example_dags/example_subdag_operator.py took 0.111 seconds
[2023-05-29T22:43:29.666+0000] {processor.py:157} INFO - Started process (PID=172) to work on /home/airflow/.local/lib/python3.7/site-packages/airflow/example_dags/example_subdag_operator.py
[2023-05-29T22:43:29.667+0000] {processor.py:826} INFO - Processing file /home/airflow/.local/lib/python3.7/site-packages/airflow/example_dags/example_subdag_operator.py for tasks to queue
[2023-05-29T22:43:29.668+0000] {logging_mixin.py:149} INFO - [2023-05-29T22:43:29.668+0000] {dagbag.py:541} INFO - Filling up the DagBag from /home/airflow/.local/lib/python3.7/site-packages/airflow/example_dags/example_subdag_operator.py
[2023-05-29T22:43:29.692+0000] {processor.py:836} INFO - DAG(s) dict_keys(['example_subdag_operator.section-1', 'example_subdag_operator.section-2', 'example_subdag_operator']) retrieved from /home/airflow/.local/lib/python3.7/site-packages/airflow/example_dags/example_subdag_operator.py
[2023-05-29T22:43:29.706+0000] {logging_mixin.py:149} INFO - [2023-05-29T22:43:29.705+0000] {dag.py:2726} INFO - Sync 3 DAGs
[2023-05-29T22:43:29.723+0000] {logging_mixin.py:149} INFO - [2023-05-29T22:43:29.723+0000] {dag.py:3490} INFO - Setting next_dagrun for example_subdag_operator to 2022-01-01T00:00:00+00:00, run_after=2022-01-01T00:00:00+00:00
[2023-05-29T22:43:29.726+0000] {logging_mixin.py:149} INFO - [2023-05-29T22:43:29.726+0000] {dag.py:3490} INFO - Setting next_dagrun for example_subdag_operator.section-1 to None, run_after=None
[2023-05-29T22:43:29.727+0000] {logging_mixin.py:149} INFO - [2023-05-29T22:43:29.727+0000] {dag.py:3490} INFO - Setting next_dagrun for example_subdag_operator.section-2 to None, run_after=None
[2023-05-29T22:43:29.731+0000] {logging_mixin.py:149} INFO - [2023-05-29T22:43:29.731+0000] {dag.py:2726} INFO - Sync 2 DAGs
[2023-05-29T22:43:29.735+0000] {logging_mixin.py:149} INFO - [2023-05-29T22:43:29.735+0000] {dag.py:3490} INFO - Setting next_dagrun for example_subdag_operator.section-1 to None, run_after=None
[2023-05-29T22:43:29.735+0000] {logging_mixin.py:149} INFO - [2023-05-29T22:43:29.735+0000] {dag.py:3490} INFO - Setting next_dagrun for example_subdag_operator.section-2 to None, run_after=None
[2023-05-29T22:43:29.741+0000] {processor.py:179} INFO - Processing /home/airflow/.local/lib/python3.7/site-packages/airflow/example_dags/example_subdag_operator.py took 0.078 seconds
[2023-05-29T22:44:00.171+0000] {processor.py:157} INFO - Started process (PID=228) to work on /home/airflow/.local/lib/python3.7/site-packages/airflow/example_dags/example_subdag_operator.py
[2023-05-29T22:44:00.173+0000] {processor.py:826} INFO - Processing file /home/airflow/.local/lib/python3.7/site-packages/airflow/example_dags/example_subdag_operator.py for tasks to queue
[2023-05-29T22:44:00.173+0000] {logging_mixin.py:149} INFO - [2023-05-29T22:44:00.173+0000] {dagbag.py:541} INFO - Filling up the DagBag from /home/airflow/.local/lib/python3.7/site-packages/airflow/example_dags/example_subdag_operator.py
[2023-05-29T22:44:00.193+0000] {processor.py:836} INFO - DAG(s) dict_keys(['example_subdag_operator.section-1', 'example_subdag_operator.section-2', 'example_subdag_operator']) retrieved from /home/airflow/.local/lib/python3.7/site-packages/airflow/example_dags/example_subdag_operator.py
[2023-05-29T22:44:00.206+0000] {logging_mixin.py:149} INFO - [2023-05-29T22:44:00.205+0000] {dag.py:2726} INFO - Sync 3 DAGs
[2023-05-29T22:44:00.221+0000] {logging_mixin.py:149} INFO - [2023-05-29T22:44:00.221+0000] {dag.py:3490} INFO - Setting next_dagrun for example_subdag_operator to 2022-01-01T00:00:00+00:00, run_after=2022-01-01T00:00:00+00:00
[2023-05-29T22:44:00.224+0000] {logging_mixin.py:149} INFO - [2023-05-29T22:44:00.224+0000] {dag.py:3490} INFO - Setting next_dagrun for example_subdag_operator.section-1 to None, run_after=None
[2023-05-29T22:44:00.225+0000] {logging_mixin.py:149} INFO - [2023-05-29T22:44:00.225+0000] {dag.py:3490} INFO - Setting next_dagrun for example_subdag_operator.section-2 to None, run_after=None
[2023-05-29T22:44:00.230+0000] {logging_mixin.py:149} INFO - [2023-05-29T22:44:00.230+0000] {dag.py:2726} INFO - Sync 2 DAGs
[2023-05-29T22:44:00.235+0000] {logging_mixin.py:149} INFO - [2023-05-29T22:44:00.235+0000] {dag.py:3490} INFO - Setting next_dagrun for example_subdag_operator.section-1 to None, run_after=None
[2023-05-29T22:44:00.235+0000] {logging_mixin.py:149} INFO - [2023-05-29T22:44:00.235+0000] {dag.py:3490} INFO - Setting next_dagrun for example_subdag_operator.section-2 to None, run_after=None
[2023-05-29T22:44:00.242+0000] {processor.py:179} INFO - Processing /home/airflow/.local/lib/python3.7/site-packages/airflow/example_dags/example_subdag_operator.py took 0.074 seconds
[2023-05-29T22:44:30.657+0000] {processor.py:157} INFO - Started process (PID=292) to work on /home/airflow/.local/lib/python3.7/site-packages/airflow/example_dags/example_subdag_operator.py
[2023-05-29T22:44:30.658+0000] {processor.py:826} INFO - Processing file /home/airflow/.local/lib/python3.7/site-packages/airflow/example_dags/example_subdag_operator.py for tasks to queue
[2023-05-29T22:44:30.659+0000] {logging_mixin.py:149} INFO - [2023-05-29T22:44:30.659+0000] {dagbag.py:541} INFO - Filling up the DagBag from /home/airflow/.local/lib/python3.7/site-packages/airflow/example_dags/example_subdag_operator.py
[2023-05-29T22:44:30.677+0000] {processor.py:836} INFO - DAG(s) dict_keys(['example_subdag_operator.section-1', 'example_subdag_operator.section-2', 'example_subdag_operator']) retrieved from /home/airflow/.local/lib/python3.7/site-packages/airflow/example_dags/example_subdag_operator.py
[2023-05-29T22:44:30.689+0000] {logging_mixin.py:149} INFO - [2023-05-29T22:44:30.689+0000] {dag.py:2726} INFO - Sync 3 DAGs
[2023-05-29T22:44:30.704+0000] {logging_mixin.py:149} INFO - [2023-05-29T22:44:30.704+0000] {dag.py:3490} INFO - Setting next_dagrun for example_subdag_operator to 2022-01-01T00:00:00+00:00, run_after=2022-01-01T00:00:00+00:00
[2023-05-29T22:44:30.706+0000] {logging_mixin.py:149} INFO - [2023-05-29T22:44:30.706+0000] {dag.py:3490} INFO - Setting next_dagrun for example_subdag_operator.section-1 to None, run_after=None
[2023-05-29T22:44:30.707+0000] {logging_mixin.py:149} INFO - [2023-05-29T22:44:30.707+0000] {dag.py:3490} INFO - Setting next_dagrun for example_subdag_operator.section-2 to None, run_after=None
[2023-05-29T22:44:30.711+0000] {logging_mixin.py:149} INFO - [2023-05-29T22:44:30.711+0000] {dag.py:2726} INFO - Sync 2 DAGs
[2023-05-29T22:44:30.715+0000] {logging_mixin.py:149} INFO - [2023-05-29T22:44:30.715+0000] {dag.py:3490} INFO - Setting next_dagrun for example_subdag_operator.section-1 to None, run_after=None
[2023-05-29T22:44:30.715+0000] {logging_mixin.py:149} INFO - [2023-05-29T22:44:30.715+0000] {dag.py:3490} INFO - Setting next_dagrun for example_subdag_operator.section-2 to None, run_after=None
[2023-05-29T22:44:30.721+0000] {processor.py:179} INFO - Processing /home/airflow/.local/lib/python3.7/site-packages/airflow/example_dags/example_subdag_operator.py took 0.066 seconds
[2023-05-29T22:45:01.269+0000] {processor.py:157} INFO - Started process (PID=348) to work on /home/airflow/.local/lib/python3.7/site-packages/airflow/example_dags/example_subdag_operator.py
[2023-05-29T22:45:01.281+0000] {processor.py:826} INFO - Processing file /home/airflow/.local/lib/python3.7/site-packages/airflow/example_dags/example_subdag_operator.py for tasks to queue
[2023-05-29T22:45:01.283+0000] {logging_mixin.py:149} INFO - [2023-05-29T22:45:01.283+0000] {dagbag.py:541} INFO - Filling up the DagBag from /home/airflow/.local/lib/python3.7/site-packages/airflow/example_dags/example_subdag_operator.py
[2023-05-29T22:45:01.315+0000] {processor.py:836} INFO - DAG(s) dict_keys(['example_subdag_operator.section-1', 'example_subdag_operator.section-2', 'example_subdag_operator']) retrieved from /home/airflow/.local/lib/python3.7/site-packages/airflow/example_dags/example_subdag_operator.py
[2023-05-29T22:45:01.331+0000] {logging_mixin.py:149} INFO - [2023-05-29T22:45:01.331+0000] {dag.py:2726} INFO - Sync 3 DAGs
[2023-05-29T22:45:01.353+0000] {logging_mixin.py:149} INFO - [2023-05-29T22:45:01.353+0000] {dag.py:3490} INFO - Setting next_dagrun for example_subdag_operator to 2022-01-01T00:00:00+00:00, run_after=2022-01-01T00:00:00+00:00
[2023-05-29T22:45:01.357+0000] {logging_mixin.py:149} INFO - [2023-05-29T22:45:01.357+0000] {dag.py:3490} INFO - Setting next_dagrun for example_subdag_operator.section-1 to None, run_after=None
[2023-05-29T22:45:01.365+0000] {logging_mixin.py:149} INFO - [2023-05-29T22:45:01.365+0000] {dag.py:3490} INFO - Setting next_dagrun for example_subdag_operator.section-2 to None, run_after=None
[2023-05-29T22:45:01.372+0000] {logging_mixin.py:149} INFO - [2023-05-29T22:45:01.372+0000] {dag.py:2726} INFO - Sync 2 DAGs
[2023-05-29T22:45:01.378+0000] {logging_mixin.py:149} INFO - [2023-05-29T22:45:01.378+0000] {dag.py:3490} INFO - Setting next_dagrun for example_subdag_operator.section-1 to None, run_after=None
[2023-05-29T22:45:01.379+0000] {logging_mixin.py:149} INFO - [2023-05-29T22:45:01.379+0000] {dag.py:3490} INFO - Setting next_dagrun for example_subdag_operator.section-2 to None, run_after=None
[2023-05-29T22:45:01.388+0000] {processor.py:179} INFO - Processing /home/airflow/.local/lib/python3.7/site-packages/airflow/example_dags/example_subdag_operator.py took 0.123 seconds
[2023-05-29T22:45:31.859+0000] {processor.py:157} INFO - Started process (PID=404) to work on /home/airflow/.local/lib/python3.7/site-packages/airflow/example_dags/example_subdag_operator.py
[2023-05-29T22:45:31.861+0000] {processor.py:826} INFO - Processing file /home/airflow/.local/lib/python3.7/site-packages/airflow/example_dags/example_subdag_operator.py for tasks to queue
[2023-05-29T22:45:31.862+0000] {logging_mixin.py:149} INFO - [2023-05-29T22:45:31.862+0000] {dagbag.py:541} INFO - Filling up the DagBag from /home/airflow/.local/lib/python3.7/site-packages/airflow/example_dags/example_subdag_operator.py
[2023-05-29T22:45:31.884+0000] {processor.py:836} INFO - DAG(s) dict_keys(['example_subdag_operator.section-1', 'example_subdag_operator.section-2', 'example_subdag_operator']) retrieved from /home/airflow/.local/lib/python3.7/site-packages/airflow/example_dags/example_subdag_operator.py
[2023-05-29T22:45:31.902+0000] {logging_mixin.py:149} INFO - [2023-05-29T22:45:31.902+0000] {dag.py:2726} INFO - Sync 3 DAGs
[2023-05-29T22:45:31.922+0000] {logging_mixin.py:149} INFO - [2023-05-29T22:45:31.922+0000] {dag.py:3490} INFO - Setting next_dagrun for example_subdag_operator to 2022-01-01T00:00:00+00:00, run_after=2022-01-01T00:00:00+00:00
[2023-05-29T22:45:31.925+0000] {logging_mixin.py:149} INFO - [2023-05-29T22:45:31.925+0000] {dag.py:3490} INFO - Setting next_dagrun for example_subdag_operator.section-1 to None, run_after=None
[2023-05-29T22:45:31.926+0000] {logging_mixin.py:149} INFO - [2023-05-29T22:45:31.926+0000] {dag.py:3490} INFO - Setting next_dagrun for example_subdag_operator.section-2 to None, run_after=None
[2023-05-29T22:45:31.931+0000] {logging_mixin.py:149} INFO - [2023-05-29T22:45:31.931+0000] {dag.py:2726} INFO - Sync 2 DAGs
[2023-05-29T22:45:31.934+0000] {logging_mixin.py:149} INFO - [2023-05-29T22:45:31.934+0000] {dag.py:3490} INFO - Setting next_dagrun for example_subdag_operator.section-1 to None, run_after=None
[2023-05-29T22:45:31.935+0000] {logging_mixin.py:149} INFO - [2023-05-29T22:45:31.935+0000] {dag.py:3490} INFO - Setting next_dagrun for example_subdag_operator.section-2 to None, run_after=None
[2023-05-29T22:45:31.941+0000] {processor.py:179} INFO - Processing /home/airflow/.local/lib/python3.7/site-packages/airflow/example_dags/example_subdag_operator.py took 0.086 seconds
[2023-05-29T22:46:03.008+0000] {processor.py:157} INFO - Started process (PID=460) to work on /home/airflow/.local/lib/python3.7/site-packages/airflow/example_dags/example_subdag_operator.py
[2023-05-29T22:46:03.009+0000] {processor.py:826} INFO - Processing file /home/airflow/.local/lib/python3.7/site-packages/airflow/example_dags/example_subdag_operator.py for tasks to queue
[2023-05-29T22:46:03.013+0000] {logging_mixin.py:149} INFO - [2023-05-29T22:46:03.013+0000] {dagbag.py:541} INFO - Filling up the DagBag from /home/airflow/.local/lib/python3.7/site-packages/airflow/example_dags/example_subdag_operator.py
[2023-05-29T22:46:03.036+0000] {processor.py:836} INFO - DAG(s) dict_keys(['example_subdag_operator.section-1', 'example_subdag_operator.section-2', 'example_subdag_operator']) retrieved from /home/airflow/.local/lib/python3.7/site-packages/airflow/example_dags/example_subdag_operator.py
[2023-05-29T22:46:03.049+0000] {logging_mixin.py:149} INFO - [2023-05-29T22:46:03.048+0000] {dag.py:2726} INFO - Sync 3 DAGs
[2023-05-29T22:46:03.065+0000] {logging_mixin.py:149} INFO - [2023-05-29T22:46:03.065+0000] {dag.py:3490} INFO - Setting next_dagrun for example_subdag_operator to 2022-01-01T00:00:00+00:00, run_after=2022-01-01T00:00:00+00:00
[2023-05-29T22:46:03.068+0000] {logging_mixin.py:149} INFO - [2023-05-29T22:46:03.068+0000] {dag.py:3490} INFO - Setting next_dagrun for example_subdag_operator.section-1 to None, run_after=None
[2023-05-29T22:46:03.070+0000] {logging_mixin.py:149} INFO - [2023-05-29T22:46:03.069+0000] {dag.py:3490} INFO - Setting next_dagrun for example_subdag_operator.section-2 to None, run_after=None
[2023-05-29T22:46:03.075+0000] {logging_mixin.py:149} INFO - [2023-05-29T22:46:03.075+0000] {dag.py:2726} INFO - Sync 2 DAGs
[2023-05-29T22:46:03.081+0000] {logging_mixin.py:149} INFO - [2023-05-29T22:46:03.081+0000] {dag.py:3490} INFO - Setting next_dagrun for example_subdag_operator.section-1 to None, run_after=None
[2023-05-29T22:46:03.082+0000] {logging_mixin.py:149} INFO - [2023-05-29T22:46:03.082+0000] {dag.py:3490} INFO - Setting next_dagrun for example_subdag_operator.section-2 to None, run_after=None
[2023-05-29T22:46:03.093+0000] {processor.py:179} INFO - Processing /home/airflow/.local/lib/python3.7/site-packages/airflow/example_dags/example_subdag_operator.py took 0.087 seconds
[2023-05-29T22:46:33.764+0000] {processor.py:157} INFO - Started process (PID=516) to work on /home/airflow/.local/lib/python3.7/site-packages/airflow/example_dags/example_subdag_operator.py
[2023-05-29T22:46:33.767+0000] {processor.py:826} INFO - Processing file /home/airflow/.local/lib/python3.7/site-packages/airflow/example_dags/example_subdag_operator.py for tasks to queue
[2023-05-29T22:46:33.769+0000] {logging_mixin.py:149} INFO - [2023-05-29T22:46:33.769+0000] {dagbag.py:541} INFO - Filling up the DagBag from /home/airflow/.local/lib/python3.7/site-packages/airflow/example_dags/example_subdag_operator.py
[2023-05-29T22:46:33.792+0000] {processor.py:836} INFO - DAG(s) dict_keys(['example_subdag_operator.section-1', 'example_subdag_operator.section-2', 'example_subdag_operator']) retrieved from /home/airflow/.local/lib/python3.7/site-packages/airflow/example_dags/example_subdag_operator.py
[2023-05-29T22:46:33.806+0000] {logging_mixin.py:149} INFO - [2023-05-29T22:46:33.806+0000] {dag.py:2726} INFO - Sync 3 DAGs
[2023-05-29T22:46:33.823+0000] {logging_mixin.py:149} INFO - [2023-05-29T22:46:33.823+0000] {dag.py:3490} INFO - Setting next_dagrun for example_subdag_operator to 2022-01-01T00:00:00+00:00, run_after=2022-01-01T00:00:00+00:00
[2023-05-29T22:46:33.826+0000] {logging_mixin.py:149} INFO - [2023-05-29T22:46:33.826+0000] {dag.py:3490} INFO - Setting next_dagrun for example_subdag_operator.section-1 to None, run_after=None
[2023-05-29T22:46:33.827+0000] {logging_mixin.py:149} INFO - [2023-05-29T22:46:33.827+0000] {dag.py:3490} INFO - Setting next_dagrun for example_subdag_operator.section-2 to None, run_after=None
[2023-05-29T22:46:33.832+0000] {logging_mixin.py:149} INFO - [2023-05-29T22:46:33.832+0000] {dag.py:2726} INFO - Sync 2 DAGs
[2023-05-29T22:46:33.839+0000] {logging_mixin.py:149} INFO - [2023-05-29T22:46:33.839+0000] {dag.py:3490} INFO - Setting next_dagrun for example_subdag_operator.section-1 to None, run_after=None
[2023-05-29T22:46:33.840+0000] {logging_mixin.py:149} INFO - [2023-05-29T22:46:33.840+0000] {dag.py:3490} INFO - Setting next_dagrun for example_subdag_operator.section-2 to None, run_after=None
[2023-05-29T22:46:33.848+0000] {processor.py:179} INFO - Processing /home/airflow/.local/lib/python3.7/site-packages/airflow/example_dags/example_subdag_operator.py took 0.089 seconds
[2023-05-29T22:47:04.281+0000] {processor.py:157} INFO - Started process (PID=572) to work on /home/airflow/.local/lib/python3.7/site-packages/airflow/example_dags/example_subdag_operator.py
[2023-05-29T22:47:04.293+0000] {processor.py:826} INFO - Processing file /home/airflow/.local/lib/python3.7/site-packages/airflow/example_dags/example_subdag_operator.py for tasks to queue
[2023-05-29T22:47:04.295+0000] {logging_mixin.py:149} INFO - [2023-05-29T22:47:04.295+0000] {dagbag.py:541} INFO - Filling up the DagBag from /home/airflow/.local/lib/python3.7/site-packages/airflow/example_dags/example_subdag_operator.py
[2023-05-29T22:47:04.336+0000] {processor.py:836} INFO - DAG(s) dict_keys(['example_subdag_operator.section-1', 'example_subdag_operator.section-2', 'example_subdag_operator']) retrieved from /home/airflow/.local/lib/python3.7/site-packages/airflow/example_dags/example_subdag_operator.py
[2023-05-29T22:47:04.355+0000] {logging_mixin.py:149} INFO - [2023-05-29T22:47:04.355+0000] {dag.py:2726} INFO - Sync 3 DAGs
[2023-05-29T22:47:04.375+0000] {logging_mixin.py:149} INFO - [2023-05-29T22:47:04.375+0000] {dag.py:3490} INFO - Setting next_dagrun for example_subdag_operator to 2022-01-01T00:00:00+00:00, run_after=2022-01-01T00:00:00+00:00
[2023-05-29T22:47:04.378+0000] {logging_mixin.py:149} INFO - [2023-05-29T22:47:04.378+0000] {dag.py:3490} INFO - Setting next_dagrun for example_subdag_operator.section-1 to None, run_after=None
[2023-05-29T22:47:04.379+0000] {logging_mixin.py:149} INFO - [2023-05-29T22:47:04.379+0000] {dag.py:3490} INFO - Setting next_dagrun for example_subdag_operator.section-2 to None, run_after=None
[2023-05-29T22:47:04.385+0000] {logging_mixin.py:149} INFO - [2023-05-29T22:47:04.385+0000] {dag.py:2726} INFO - Sync 2 DAGs
[2023-05-29T22:47:04.396+0000] {logging_mixin.py:149} INFO - [2023-05-29T22:47:04.395+0000] {dag.py:3490} INFO - Setting next_dagrun for example_subdag_operator.section-1 to None, run_after=None
[2023-05-29T22:47:04.397+0000] {logging_mixin.py:149} INFO - [2023-05-29T22:47:04.397+0000] {dag.py:3490} INFO - Setting next_dagrun for example_subdag_operator.section-2 to None, run_after=None
[2023-05-29T22:47:04.414+0000] {processor.py:179} INFO - Processing /home/airflow/.local/lib/python3.7/site-packages/airflow/example_dags/example_subdag_operator.py took 0.141 seconds
[2023-05-29T22:47:35.301+0000] {processor.py:157} INFO - Started process (PID=627) to work on /home/airflow/.local/lib/python3.7/site-packages/airflow/example_dags/example_subdag_operator.py
[2023-05-29T22:47:35.303+0000] {processor.py:826} INFO - Processing file /home/airflow/.local/lib/python3.7/site-packages/airflow/example_dags/example_subdag_operator.py for tasks to queue
[2023-05-29T22:47:35.305+0000] {logging_mixin.py:149} INFO - [2023-05-29T22:47:35.305+0000] {dagbag.py:541} INFO - Filling up the DagBag from /home/airflow/.local/lib/python3.7/site-packages/airflow/example_dags/example_subdag_operator.py
[2023-05-29T22:47:35.324+0000] {processor.py:836} INFO - DAG(s) dict_keys(['example_subdag_operator.section-1', 'example_subdag_operator.section-2', 'example_subdag_operator']) retrieved from /home/airflow/.local/lib/python3.7/site-packages/airflow/example_dags/example_subdag_operator.py
[2023-05-29T22:47:35.339+0000] {logging_mixin.py:149} INFO - [2023-05-29T22:47:35.339+0000] {dag.py:2726} INFO - Sync 3 DAGs
[2023-05-29T22:47:35.357+0000] {logging_mixin.py:149} INFO - [2023-05-29T22:47:35.357+0000] {dag.py:3490} INFO - Setting next_dagrun for example_subdag_operator to 2022-01-01T00:00:00+00:00, run_after=2022-01-01T00:00:00+00:00
[2023-05-29T22:47:35.360+0000] {logging_mixin.py:149} INFO - [2023-05-29T22:47:35.360+0000] {dag.py:3490} INFO - Setting next_dagrun for example_subdag_operator.section-1 to None, run_after=None
[2023-05-29T22:47:35.361+0000] {logging_mixin.py:149} INFO - [2023-05-29T22:47:35.361+0000] {dag.py:3490} INFO - Setting next_dagrun for example_subdag_operator.section-2 to None, run_after=None
[2023-05-29T22:47:35.367+0000] {logging_mixin.py:149} INFO - [2023-05-29T22:47:35.367+0000] {dag.py:2726} INFO - Sync 2 DAGs
[2023-05-29T22:47:35.372+0000] {logging_mixin.py:149} INFO - [2023-05-29T22:47:35.372+0000] {dag.py:3490} INFO - Setting next_dagrun for example_subdag_operator.section-1 to None, run_after=None
[2023-05-29T22:47:35.373+0000] {logging_mixin.py:149} INFO - [2023-05-29T22:47:35.373+0000] {dag.py:3490} INFO - Setting next_dagrun for example_subdag_operator.section-2 to None, run_after=None
[2023-05-29T22:47:35.383+0000] {processor.py:179} INFO - Processing /home/airflow/.local/lib/python3.7/site-packages/airflow/example_dags/example_subdag_operator.py took 0.085 seconds
[2023-05-29T22:48:06.283+0000] {processor.py:157} INFO - Started process (PID=683) to work on /home/airflow/.local/lib/python3.7/site-packages/airflow/example_dags/example_subdag_operator.py
[2023-05-29T22:48:06.284+0000] {processor.py:826} INFO - Processing file /home/airflow/.local/lib/python3.7/site-packages/airflow/example_dags/example_subdag_operator.py for tasks to queue
[2023-05-29T22:48:06.285+0000] {logging_mixin.py:149} INFO - [2023-05-29T22:48:06.285+0000] {dagbag.py:541} INFO - Filling up the DagBag from /home/airflow/.local/lib/python3.7/site-packages/airflow/example_dags/example_subdag_operator.py
[2023-05-29T22:48:06.303+0000] {processor.py:836} INFO - DAG(s) dict_keys(['example_subdag_operator.section-1', 'example_subdag_operator.section-2', 'example_subdag_operator']) retrieved from /home/airflow/.local/lib/python3.7/site-packages/airflow/example_dags/example_subdag_operator.py
[2023-05-29T22:48:06.316+0000] {logging_mixin.py:149} INFO - [2023-05-29T22:48:06.316+0000] {dag.py:2726} INFO - Sync 3 DAGs
[2023-05-29T22:48:06.331+0000] {logging_mixin.py:149} INFO - [2023-05-29T22:48:06.331+0000] {dag.py:3490} INFO - Setting next_dagrun for example_subdag_operator to 2022-01-01T00:00:00+00:00, run_after=2022-01-01T00:00:00+00:00
[2023-05-29T22:48:06.334+0000] {logging_mixin.py:149} INFO - [2023-05-29T22:48:06.334+0000] {dag.py:3490} INFO - Setting next_dagrun for example_subdag_operator.section-1 to None, run_after=None
[2023-05-29T22:48:06.335+0000] {logging_mixin.py:149} INFO - [2023-05-29T22:48:06.335+0000] {dag.py:3490} INFO - Setting next_dagrun for example_subdag_operator.section-2 to None, run_after=None
[2023-05-29T22:48:06.339+0000] {logging_mixin.py:149} INFO - [2023-05-29T22:48:06.339+0000] {dag.py:2726} INFO - Sync 2 DAGs
[2023-05-29T22:48:06.343+0000] {logging_mixin.py:149} INFO - [2023-05-29T22:48:06.343+0000] {dag.py:3490} INFO - Setting next_dagrun for example_subdag_operator.section-1 to None, run_after=None
[2023-05-29T22:48:06.344+0000] {logging_mixin.py:149} INFO - [2023-05-29T22:48:06.344+0000] {dag.py:3490} INFO - Setting next_dagrun for example_subdag_operator.section-2 to None, run_after=None
[2023-05-29T22:48:06.351+0000] {processor.py:179} INFO - Processing /home/airflow/.local/lib/python3.7/site-packages/airflow/example_dags/example_subdag_operator.py took 0.071 seconds
[2023-05-29T22:49:26.300+0000] {processor.py:157} INFO - Started process (PID=62) to work on /home/airflow/.local/lib/python3.7/site-packages/airflow/example_dags/example_subdag_operator.py
[2023-05-29T22:49:26.303+0000] {processor.py:826} INFO - Processing file /home/airflow/.local/lib/python3.7/site-packages/airflow/example_dags/example_subdag_operator.py for tasks to queue
[2023-05-29T22:49:26.305+0000] {logging_mixin.py:149} INFO - [2023-05-29T22:49:26.305+0000] {dagbag.py:541} INFO - Filling up the DagBag from /home/airflow/.local/lib/python3.7/site-packages/airflow/example_dags/example_subdag_operator.py
[2023-05-29T22:49:26.407+0000] {processor.py:836} INFO - DAG(s) dict_keys(['example_subdag_operator.section-1', 'example_subdag_operator.section-2', 'example_subdag_operator']) retrieved from /home/airflow/.local/lib/python3.7/site-packages/airflow/example_dags/example_subdag_operator.py
[2023-05-29T22:49:26.416+0000] {logging_mixin.py:149} INFO - [2023-05-29T22:49:26.415+0000] {dag.py:2726} INFO - Sync 3 DAGs
[2023-05-29T22:49:26.457+0000] {logging_mixin.py:149} INFO - [2023-05-29T22:49:26.457+0000] {dag.py:3490} INFO - Setting next_dagrun for example_subdag_operator to 2022-01-01T00:00:00+00:00, run_after=2022-01-01T00:00:00+00:00
[2023-05-29T22:49:26.462+0000] {logging_mixin.py:149} INFO - [2023-05-29T22:49:26.462+0000] {dag.py:3490} INFO - Setting next_dagrun for example_subdag_operator.section-1 to None, run_after=None
[2023-05-29T22:49:26.465+0000] {logging_mixin.py:149} INFO - [2023-05-29T22:49:26.464+0000] {dag.py:3490} INFO - Setting next_dagrun for example_subdag_operator.section-2 to None, run_after=None
[2023-05-29T22:49:26.475+0000] {logging_mixin.py:149} INFO - [2023-05-29T22:49:26.475+0000] {dag.py:2726} INFO - Sync 2 DAGs
[2023-05-29T22:49:26.482+0000] {logging_mixin.py:149} INFO - [2023-05-29T22:49:26.482+0000] {dag.py:3490} INFO - Setting next_dagrun for example_subdag_operator.section-1 to None, run_after=None
[2023-05-29T22:49:26.483+0000] {logging_mixin.py:149} INFO - [2023-05-29T22:49:26.483+0000] {dag.py:3490} INFO - Setting next_dagrun for example_subdag_operator.section-2 to None, run_after=None
[2023-05-29T22:49:26.502+0000] {processor.py:179} INFO - Processing /home/airflow/.local/lib/python3.7/site-packages/airflow/example_dags/example_subdag_operator.py took 0.207 seconds
[2023-05-29T22:49:57.113+0000] {processor.py:157} INFO - Started process (PID=117) to work on /home/airflow/.local/lib/python3.7/site-packages/airflow/example_dags/example_subdag_operator.py
[2023-05-29T22:49:57.115+0000] {processor.py:826} INFO - Processing file /home/airflow/.local/lib/python3.7/site-packages/airflow/example_dags/example_subdag_operator.py for tasks to queue
[2023-05-29T22:49:57.116+0000] {logging_mixin.py:149} INFO - [2023-05-29T22:49:57.116+0000] {dagbag.py:541} INFO - Filling up the DagBag from /home/airflow/.local/lib/python3.7/site-packages/airflow/example_dags/example_subdag_operator.py
[2023-05-29T22:49:57.140+0000] {processor.py:836} INFO - DAG(s) dict_keys(['example_subdag_operator.section-1', 'example_subdag_operator.section-2', 'example_subdag_operator']) retrieved from /home/airflow/.local/lib/python3.7/site-packages/airflow/example_dags/example_subdag_operator.py
[2023-05-29T22:49:57.156+0000] {logging_mixin.py:149} INFO - [2023-05-29T22:49:57.156+0000] {dag.py:2726} INFO - Sync 3 DAGs
[2023-05-29T22:49:57.176+0000] {logging_mixin.py:149} INFO - [2023-05-29T22:49:57.176+0000] {dag.py:3490} INFO - Setting next_dagrun for example_subdag_operator to 2022-01-01T00:00:00+00:00, run_after=2022-01-01T00:00:00+00:00
[2023-05-29T22:49:57.180+0000] {logging_mixin.py:149} INFO - [2023-05-29T22:49:57.179+0000] {dag.py:3490} INFO - Setting next_dagrun for example_subdag_operator.section-1 to None, run_after=None
[2023-05-29T22:49:57.181+0000] {logging_mixin.py:149} INFO - [2023-05-29T22:49:57.181+0000] {dag.py:3490} INFO - Setting next_dagrun for example_subdag_operator.section-2 to None, run_after=None
[2023-05-29T22:49:57.189+0000] {logging_mixin.py:149} INFO - [2023-05-29T22:49:57.189+0000] {dag.py:2726} INFO - Sync 2 DAGs
[2023-05-29T22:49:57.194+0000] {logging_mixin.py:149} INFO - [2023-05-29T22:49:57.193+0000] {dag.py:3490} INFO - Setting next_dagrun for example_subdag_operator.section-1 to None, run_after=None
[2023-05-29T22:49:57.194+0000] {logging_mixin.py:149} INFO - [2023-05-29T22:49:57.194+0000] {dag.py:3490} INFO - Setting next_dagrun for example_subdag_operator.section-2 to None, run_after=None
[2023-05-29T22:49:57.202+0000] {processor.py:179} INFO - Processing /home/airflow/.local/lib/python3.7/site-packages/airflow/example_dags/example_subdag_operator.py took 0.092 seconds
[2023-05-29T22:50:34.644+0000] {processor.py:157} INFO - Started process (PID=174) to work on /home/airflow/.local/lib/python3.7/site-packages/airflow/example_dags/example_subdag_operator.py
[2023-05-29T22:50:34.648+0000] {processor.py:826} INFO - Processing file /home/airflow/.local/lib/python3.7/site-packages/airflow/example_dags/example_subdag_operator.py for tasks to queue
[2023-05-29T22:50:34.651+0000] {logging_mixin.py:149} INFO - [2023-05-29T22:50:34.651+0000] {dagbag.py:541} INFO - Filling up the DagBag from /home/airflow/.local/lib/python3.7/site-packages/airflow/example_dags/example_subdag_operator.py
[2023-05-29T22:50:34.816+0000] {processor.py:836} INFO - DAG(s) dict_keys(['example_subdag_operator.section-1', 'example_subdag_operator.section-2', 'example_subdag_operator']) retrieved from /home/airflow/.local/lib/python3.7/site-packages/airflow/example_dags/example_subdag_operator.py
[2023-05-29T22:50:34.848+0000] {logging_mixin.py:149} INFO - [2023-05-29T22:50:34.848+0000] {dag.py:2726} INFO - Sync 3 DAGs
[2023-05-29T22:50:35.056+0000] {logging_mixin.py:149} INFO - [2023-05-29T22:50:35.056+0000] {dag.py:3490} INFO - Setting next_dagrun for example_subdag_operator to 2022-01-01T00:00:00+00:00, run_after=2022-01-01T00:00:00+00:00
[2023-05-29T22:50:35.080+0000] {logging_mixin.py:149} INFO - [2023-05-29T22:50:35.079+0000] {dag.py:3490} INFO - Setting next_dagrun for example_subdag_operator.section-1 to None, run_after=None
[2023-05-29T22:50:35.087+0000] {logging_mixin.py:149} INFO - [2023-05-29T22:50:35.087+0000] {dag.py:3490} INFO - Setting next_dagrun for example_subdag_operator.section-2 to None, run_after=None
[2023-05-29T22:50:35.119+0000] {logging_mixin.py:149} INFO - [2023-05-29T22:50:35.119+0000] {dag.py:2726} INFO - Sync 2 DAGs
[2023-05-29T22:50:35.133+0000] {logging_mixin.py:149} INFO - [2023-05-29T22:50:35.132+0000] {dag.py:3490} INFO - Setting next_dagrun for example_subdag_operator.section-1 to None, run_after=None
[2023-05-29T22:50:35.138+0000] {logging_mixin.py:149} INFO - [2023-05-29T22:50:35.138+0000] {dag.py:3490} INFO - Setting next_dagrun for example_subdag_operator.section-2 to None, run_after=None
[2023-05-29T22:50:35.170+0000] {processor.py:179} INFO - Processing /home/airflow/.local/lib/python3.7/site-packages/airflow/example_dags/example_subdag_operator.py took 0.536 seconds
[2023-05-29T22:51:42.449+0000] {processor.py:157} INFO - Started process (PID=62) to work on /home/airflow/.local/lib/python3.7/site-packages/airflow/example_dags/example_subdag_operator.py
[2023-05-29T22:51:42.451+0000] {processor.py:826} INFO - Processing file /home/airflow/.local/lib/python3.7/site-packages/airflow/example_dags/example_subdag_operator.py for tasks to queue
[2023-05-29T22:51:42.452+0000] {logging_mixin.py:149} INFO - [2023-05-29T22:51:42.452+0000] {dagbag.py:541} INFO - Filling up the DagBag from /home/airflow/.local/lib/python3.7/site-packages/airflow/example_dags/example_subdag_operator.py
[2023-05-29T22:51:42.542+0000] {processor.py:836} INFO - DAG(s) dict_keys(['example_subdag_operator.section-1', 'example_subdag_operator.section-2', 'example_subdag_operator']) retrieved from /home/airflow/.local/lib/python3.7/site-packages/airflow/example_dags/example_subdag_operator.py
[2023-05-29T22:51:42.555+0000] {logging_mixin.py:149} INFO - [2023-05-29T22:51:42.555+0000] {dag.py:2726} INFO - Sync 3 DAGs
[2023-05-29T22:51:42.627+0000] {logging_mixin.py:149} INFO - [2023-05-29T22:51:42.627+0000] {dag.py:3490} INFO - Setting next_dagrun for example_subdag_operator to 2022-01-01T00:00:00+00:00, run_after=2022-01-01T00:00:00+00:00
[2023-05-29T22:51:42.641+0000] {logging_mixin.py:149} INFO - [2023-05-29T22:51:42.641+0000] {dag.py:3490} INFO - Setting next_dagrun for example_subdag_operator.section-1 to None, run_after=None
[2023-05-29T22:51:42.646+0000] {logging_mixin.py:149} INFO - [2023-05-29T22:51:42.645+0000] {dag.py:3490} INFO - Setting next_dagrun for example_subdag_operator.section-2 to None, run_after=None
[2023-05-29T22:51:42.666+0000] {logging_mixin.py:149} INFO - [2023-05-29T22:51:42.666+0000] {dag.py:2726} INFO - Sync 2 DAGs
[2023-05-29T22:51:42.684+0000] {logging_mixin.py:149} INFO - [2023-05-29T22:51:42.684+0000] {dag.py:3490} INFO - Setting next_dagrun for example_subdag_operator.section-1 to None, run_after=None
[2023-05-29T22:51:42.686+0000] {logging_mixin.py:149} INFO - [2023-05-29T22:51:42.686+0000] {dag.py:3490} INFO - Setting next_dagrun for example_subdag_operator.section-2 to None, run_after=None
[2023-05-29T22:51:42.716+0000] {processor.py:179} INFO - Processing /home/airflow/.local/lib/python3.7/site-packages/airflow/example_dags/example_subdag_operator.py took 0.273 seconds
[2023-05-29T22:52:13.569+0000] {processor.py:157} INFO - Started process (PID=117) to work on /home/airflow/.local/lib/python3.7/site-packages/airflow/example_dags/example_subdag_operator.py
[2023-05-29T22:52:13.571+0000] {processor.py:826} INFO - Processing file /home/airflow/.local/lib/python3.7/site-packages/airflow/example_dags/example_subdag_operator.py for tasks to queue
[2023-05-29T22:52:13.572+0000] {logging_mixin.py:149} INFO - [2023-05-29T22:52:13.572+0000] {dagbag.py:541} INFO - Filling up the DagBag from /home/airflow/.local/lib/python3.7/site-packages/airflow/example_dags/example_subdag_operator.py
[2023-05-29T22:52:13.603+0000] {processor.py:836} INFO - DAG(s) dict_keys(['example_subdag_operator.section-1', 'example_subdag_operator.section-2', 'example_subdag_operator']) retrieved from /home/airflow/.local/lib/python3.7/site-packages/airflow/example_dags/example_subdag_operator.py
[2023-05-29T22:52:13.616+0000] {logging_mixin.py:149} INFO - [2023-05-29T22:52:13.616+0000] {dag.py:2726} INFO - Sync 3 DAGs
[2023-05-29T22:52:13.632+0000] {logging_mixin.py:149} INFO - [2023-05-29T22:52:13.632+0000] {dag.py:3490} INFO - Setting next_dagrun for example_subdag_operator to 2022-01-01T00:00:00+00:00, run_after=2022-01-01T00:00:00+00:00
[2023-05-29T22:52:13.635+0000] {logging_mixin.py:149} INFO - [2023-05-29T22:52:13.635+0000] {dag.py:3490} INFO - Setting next_dagrun for example_subdag_operator.section-1 to None, run_after=None
[2023-05-29T22:52:13.636+0000] {logging_mixin.py:149} INFO - [2023-05-29T22:52:13.636+0000] {dag.py:3490} INFO - Setting next_dagrun for example_subdag_operator.section-2 to None, run_after=None
[2023-05-29T22:52:13.641+0000] {logging_mixin.py:149} INFO - [2023-05-29T22:52:13.641+0000] {dag.py:2726} INFO - Sync 2 DAGs
[2023-05-29T22:52:13.644+0000] {logging_mixin.py:149} INFO - [2023-05-29T22:52:13.644+0000] {dag.py:3490} INFO - Setting next_dagrun for example_subdag_operator.section-1 to None, run_after=None
[2023-05-29T22:52:13.645+0000] {logging_mixin.py:149} INFO - [2023-05-29T22:52:13.645+0000] {dag.py:3490} INFO - Setting next_dagrun for example_subdag_operator.section-2 to None, run_after=None
[2023-05-29T22:52:13.651+0000] {processor.py:179} INFO - Processing /home/airflow/.local/lib/python3.7/site-packages/airflow/example_dags/example_subdag_operator.py took 0.089 seconds
[2023-05-29T22:52:44.042+0000] {processor.py:157} INFO - Started process (PID=173) to work on /home/airflow/.local/lib/python3.7/site-packages/airflow/example_dags/example_subdag_operator.py
[2023-05-29T22:52:44.044+0000] {processor.py:826} INFO - Processing file /home/airflow/.local/lib/python3.7/site-packages/airflow/example_dags/example_subdag_operator.py for tasks to queue
[2023-05-29T22:52:44.046+0000] {logging_mixin.py:149} INFO - [2023-05-29T22:52:44.046+0000] {dagbag.py:541} INFO - Filling up the DagBag from /home/airflow/.local/lib/python3.7/site-packages/airflow/example_dags/example_subdag_operator.py
[2023-05-29T22:52:44.084+0000] {processor.py:836} INFO - DAG(s) dict_keys(['example_subdag_operator.section-1', 'example_subdag_operator.section-2', 'example_subdag_operator']) retrieved from /home/airflow/.local/lib/python3.7/site-packages/airflow/example_dags/example_subdag_operator.py
[2023-05-29T22:52:44.098+0000] {logging_mixin.py:149} INFO - [2023-05-29T22:52:44.098+0000] {dag.py:2726} INFO - Sync 3 DAGs
[2023-05-29T22:52:44.117+0000] {logging_mixin.py:149} INFO - [2023-05-29T22:52:44.117+0000] {dag.py:3490} INFO - Setting next_dagrun for example_subdag_operator to 2022-01-01T00:00:00+00:00, run_after=2022-01-01T00:00:00+00:00
[2023-05-29T22:52:44.120+0000] {logging_mixin.py:149} INFO - [2023-05-29T22:52:44.120+0000] {dag.py:3490} INFO - Setting next_dagrun for example_subdag_operator.section-1 to None, run_after=None
[2023-05-29T22:52:44.121+0000] {logging_mixin.py:149} INFO - [2023-05-29T22:52:44.121+0000] {dag.py:3490} INFO - Setting next_dagrun for example_subdag_operator.section-2 to None, run_after=None
[2023-05-29T22:52:44.126+0000] {logging_mixin.py:149} INFO - [2023-05-29T22:52:44.126+0000] {dag.py:2726} INFO - Sync 2 DAGs
[2023-05-29T22:52:44.130+0000] {logging_mixin.py:149} INFO - [2023-05-29T22:52:44.130+0000] {dag.py:3490} INFO - Setting next_dagrun for example_subdag_operator.section-1 to None, run_after=None
[2023-05-29T22:52:44.130+0000] {logging_mixin.py:149} INFO - [2023-05-29T22:52:44.130+0000] {dag.py:3490} INFO - Setting next_dagrun for example_subdag_operator.section-2 to None, run_after=None
[2023-05-29T22:52:44.137+0000] {processor.py:179} INFO - Processing /home/airflow/.local/lib/python3.7/site-packages/airflow/example_dags/example_subdag_operator.py took 0.104 seconds
