[2023-05-29T22:42:27.740+0000] {processor.py:157} INFO - Started process (PID=52) to work on /home/airflow/.local/lib/python3.7/site-packages/airflow/example_dags/example_task_group_decorator.py
[2023-05-29T22:42:27.741+0000] {processor.py:826} INFO - Processing file /home/airflow/.local/lib/python3.7/site-packages/airflow/example_dags/example_task_group_decorator.py for tasks to queue
[2023-05-29T22:42:27.742+0000] {logging_mixin.py:149} INFO - [2023-05-29T22:42:27.742+0000] {dagbag.py:541} INFO - Filling up the DagBag from /home/airflow/.local/lib/python3.7/site-packages/airflow/example_dags/example_task_group_decorator.py
[2023-05-29T22:42:27.758+0000] {processor.py:836} INFO - DAG(s) dict_keys(['example_task_group_decorator']) retrieved from /home/airflow/.local/lib/python3.7/site-packages/airflow/example_dags/example_task_group_decorator.py
[2023-05-29T22:42:27.781+0000] {logging_mixin.py:149} INFO - [2023-05-29T22:42:27.781+0000] {dag.py:2726} INFO - Sync 1 DAGs
[2023-05-29T22:42:27.806+0000] {logging_mixin.py:149} INFO - [2023-05-29T22:42:27.806+0000] {dag.py:3490} INFO - Setting next_dagrun for example_task_group_decorator to 2023-05-28T22:42:27.806419+00:00, run_after=2023-05-29T22:42:27.806419+00:00
[2023-05-29T22:42:27.829+0000] {processor.py:179} INFO - Processing /home/airflow/.local/lib/python3.7/site-packages/airflow/example_dags/example_task_group_decorator.py took 0.092 seconds
[2023-05-29T22:42:58.511+0000] {processor.py:157} INFO - Started process (PID=108) to work on /home/airflow/.local/lib/python3.7/site-packages/airflow/example_dags/example_task_group_decorator.py
[2023-05-29T22:42:58.514+0000] {processor.py:826} INFO - Processing file /home/airflow/.local/lib/python3.7/site-packages/airflow/example_dags/example_task_group_decorator.py for tasks to queue
[2023-05-29T22:42:58.518+0000] {logging_mixin.py:149} INFO - [2023-05-29T22:42:58.517+0000] {dagbag.py:541} INFO - Filling up the DagBag from /home/airflow/.local/lib/python3.7/site-packages/airflow/example_dags/example_task_group_decorator.py
[2023-05-29T22:42:58.542+0000] {processor.py:836} INFO - DAG(s) dict_keys(['example_task_group_decorator']) retrieved from /home/airflow/.local/lib/python3.7/site-packages/airflow/example_dags/example_task_group_decorator.py
[2023-05-29T22:42:58.576+0000] {logging_mixin.py:149} INFO - [2023-05-29T22:42:58.576+0000] {dag.py:2726} INFO - Sync 1 DAGs
[2023-05-29T22:42:58.612+0000] {logging_mixin.py:149} INFO - [2023-05-29T22:42:58.612+0000] {dag.py:3490} INFO - Setting next_dagrun for example_task_group_decorator to 2023-05-28T22:42:58.612215+00:00, run_after=2023-05-29T22:42:58.612215+00:00
[2023-05-29T22:42:58.648+0000] {processor.py:179} INFO - Processing /home/airflow/.local/lib/python3.7/site-packages/airflow/example_dags/example_task_group_decorator.py took 0.140 seconds
[2023-05-29T22:43:29.237+0000] {processor.py:157} INFO - Started process (PID=164) to work on /home/airflow/.local/lib/python3.7/site-packages/airflow/example_dags/example_task_group_decorator.py
[2023-05-29T22:43:29.239+0000] {processor.py:826} INFO - Processing file /home/airflow/.local/lib/python3.7/site-packages/airflow/example_dags/example_task_group_decorator.py for tasks to queue
[2023-05-29T22:43:29.240+0000] {logging_mixin.py:149} INFO - [2023-05-29T22:43:29.240+0000] {dagbag.py:541} INFO - Filling up the DagBag from /home/airflow/.local/lib/python3.7/site-packages/airflow/example_dags/example_task_group_decorator.py
[2023-05-29T22:43:29.250+0000] {processor.py:836} INFO - DAG(s) dict_keys(['example_task_group_decorator']) retrieved from /home/airflow/.local/lib/python3.7/site-packages/airflow/example_dags/example_task_group_decorator.py
[2023-05-29T22:43:29.272+0000] {logging_mixin.py:149} INFO - [2023-05-29T22:43:29.271+0000] {dag.py:2726} INFO - Sync 1 DAGs
[2023-05-29T22:43:29.288+0000] {logging_mixin.py:149} INFO - [2023-05-29T22:43:29.288+0000] {dag.py:3490} INFO - Setting next_dagrun for example_task_group_decorator to 2023-05-28T22:43:29.287889+00:00, run_after=2023-05-29T22:43:29.287889+00:00
[2023-05-29T22:43:29.299+0000] {processor.py:179} INFO - Processing /home/airflow/.local/lib/python3.7/site-packages/airflow/example_dags/example_task_group_decorator.py took 0.064 seconds
[2023-05-29T22:43:59.761+0000] {processor.py:157} INFO - Started process (PID=220) to work on /home/airflow/.local/lib/python3.7/site-packages/airflow/example_dags/example_task_group_decorator.py
[2023-05-29T22:43:59.763+0000] {processor.py:826} INFO - Processing file /home/airflow/.local/lib/python3.7/site-packages/airflow/example_dags/example_task_group_decorator.py for tasks to queue
[2023-05-29T22:43:59.764+0000] {logging_mixin.py:149} INFO - [2023-05-29T22:43:59.764+0000] {dagbag.py:541} INFO - Filling up the DagBag from /home/airflow/.local/lib/python3.7/site-packages/airflow/example_dags/example_task_group_decorator.py
[2023-05-29T22:43:59.773+0000] {processor.py:836} INFO - DAG(s) dict_keys(['example_task_group_decorator']) retrieved from /home/airflow/.local/lib/python3.7/site-packages/airflow/example_dags/example_task_group_decorator.py
[2023-05-29T22:43:59.794+0000] {logging_mixin.py:149} INFO - [2023-05-29T22:43:59.794+0000] {dag.py:2726} INFO - Sync 1 DAGs
[2023-05-29T22:43:59.811+0000] {logging_mixin.py:149} INFO - [2023-05-29T22:43:59.811+0000] {dag.py:3490} INFO - Setting next_dagrun for example_task_group_decorator to 2023-05-28T22:43:59.811314+00:00, run_after=2023-05-29T22:43:59.811314+00:00
[2023-05-29T22:43:59.822+0000] {processor.py:179} INFO - Processing /home/airflow/.local/lib/python3.7/site-packages/airflow/example_dags/example_task_group_decorator.py took 0.063 seconds
[2023-05-29T22:44:30.239+0000] {processor.py:157} INFO - Started process (PID=284) to work on /home/airflow/.local/lib/python3.7/site-packages/airflow/example_dags/example_task_group_decorator.py
[2023-05-29T22:44:30.240+0000] {processor.py:826} INFO - Processing file /home/airflow/.local/lib/python3.7/site-packages/airflow/example_dags/example_task_group_decorator.py for tasks to queue
[2023-05-29T22:44:30.241+0000] {logging_mixin.py:149} INFO - [2023-05-29T22:44:30.240+0000] {dagbag.py:541} INFO - Filling up the DagBag from /home/airflow/.local/lib/python3.7/site-packages/airflow/example_dags/example_task_group_decorator.py
[2023-05-29T22:44:30.251+0000] {processor.py:836} INFO - DAG(s) dict_keys(['example_task_group_decorator']) retrieved from /home/airflow/.local/lib/python3.7/site-packages/airflow/example_dags/example_task_group_decorator.py
[2023-05-29T22:44:30.270+0000] {logging_mixin.py:149} INFO - [2023-05-29T22:44:30.270+0000] {dag.py:2726} INFO - Sync 1 DAGs
[2023-05-29T22:44:30.287+0000] {logging_mixin.py:149} INFO - [2023-05-29T22:44:30.286+0000] {dag.py:3490} INFO - Setting next_dagrun for example_task_group_decorator to 2023-05-28T22:44:30.286757+00:00, run_after=2023-05-29T22:44:30.286757+00:00
[2023-05-29T22:44:30.297+0000] {processor.py:179} INFO - Processing /home/airflow/.local/lib/python3.7/site-packages/airflow/example_dags/example_task_group_decorator.py took 0.062 seconds
[2023-05-29T22:45:00.779+0000] {processor.py:157} INFO - Started process (PID=340) to work on /home/airflow/.local/lib/python3.7/site-packages/airflow/example_dags/example_task_group_decorator.py
[2023-05-29T22:45:00.780+0000] {processor.py:826} INFO - Processing file /home/airflow/.local/lib/python3.7/site-packages/airflow/example_dags/example_task_group_decorator.py for tasks to queue
[2023-05-29T22:45:00.781+0000] {logging_mixin.py:149} INFO - [2023-05-29T22:45:00.781+0000] {dagbag.py:541} INFO - Filling up the DagBag from /home/airflow/.local/lib/python3.7/site-packages/airflow/example_dags/example_task_group_decorator.py
[2023-05-29T22:45:00.792+0000] {processor.py:836} INFO - DAG(s) dict_keys(['example_task_group_decorator']) retrieved from /home/airflow/.local/lib/python3.7/site-packages/airflow/example_dags/example_task_group_decorator.py
[2023-05-29T22:45:00.815+0000] {logging_mixin.py:149} INFO - [2023-05-29T22:45:00.815+0000] {dag.py:2726} INFO - Sync 1 DAGs
[2023-05-29T22:45:00.832+0000] {logging_mixin.py:149} INFO - [2023-05-29T22:45:00.832+0000] {dag.py:3490} INFO - Setting next_dagrun for example_task_group_decorator to 2023-05-28T22:45:00.831808+00:00, run_after=2023-05-29T22:45:00.831808+00:00
[2023-05-29T22:45:00.846+0000] {processor.py:179} INFO - Processing /home/airflow/.local/lib/python3.7/site-packages/airflow/example_dags/example_task_group_decorator.py took 0.071 seconds
[2023-05-29T22:45:31.308+0000] {processor.py:157} INFO - Started process (PID=396) to work on /home/airflow/.local/lib/python3.7/site-packages/airflow/example_dags/example_task_group_decorator.py
[2023-05-29T22:45:31.309+0000] {processor.py:826} INFO - Processing file /home/airflow/.local/lib/python3.7/site-packages/airflow/example_dags/example_task_group_decorator.py for tasks to queue
[2023-05-29T22:45:31.310+0000] {logging_mixin.py:149} INFO - [2023-05-29T22:45:31.310+0000] {dagbag.py:541} INFO - Filling up the DagBag from /home/airflow/.local/lib/python3.7/site-packages/airflow/example_dags/example_task_group_decorator.py
[2023-05-29T22:45:31.319+0000] {processor.py:836} INFO - DAG(s) dict_keys(['example_task_group_decorator']) retrieved from /home/airflow/.local/lib/python3.7/site-packages/airflow/example_dags/example_task_group_decorator.py
[2023-05-29T22:45:31.340+0000] {logging_mixin.py:149} INFO - [2023-05-29T22:45:31.340+0000] {dag.py:2726} INFO - Sync 1 DAGs
[2023-05-29T22:45:31.360+0000] {logging_mixin.py:149} INFO - [2023-05-29T22:45:31.360+0000] {dag.py:3490} INFO - Setting next_dagrun for example_task_group_decorator to 2023-05-28T22:45:31.359707+00:00, run_after=2023-05-29T22:45:31.359707+00:00
[2023-05-29T22:45:31.389+0000] {processor.py:179} INFO - Processing /home/airflow/.local/lib/python3.7/site-packages/airflow/example_dags/example_task_group_decorator.py took 0.084 seconds
[2023-05-29T22:46:02.026+0000] {processor.py:157} INFO - Started process (PID=452) to work on /home/airflow/.local/lib/python3.7/site-packages/airflow/example_dags/example_task_group_decorator.py
[2023-05-29T22:46:02.035+0000] {processor.py:826} INFO - Processing file /home/airflow/.local/lib/python3.7/site-packages/airflow/example_dags/example_task_group_decorator.py for tasks to queue
[2023-05-29T22:46:02.037+0000] {logging_mixin.py:149} INFO - [2023-05-29T22:46:02.037+0000] {dagbag.py:541} INFO - Filling up the DagBag from /home/airflow/.local/lib/python3.7/site-packages/airflow/example_dags/example_task_group_decorator.py
[2023-05-29T22:46:02.061+0000] {processor.py:836} INFO - DAG(s) dict_keys(['example_task_group_decorator']) retrieved from /home/airflow/.local/lib/python3.7/site-packages/airflow/example_dags/example_task_group_decorator.py
[2023-05-29T22:46:02.103+0000] {logging_mixin.py:149} INFO - [2023-05-29T22:46:02.103+0000] {dag.py:2726} INFO - Sync 1 DAGs
[2023-05-29T22:46:02.132+0000] {logging_mixin.py:149} INFO - [2023-05-29T22:46:02.131+0000] {dag.py:3490} INFO - Setting next_dagrun for example_task_group_decorator to 2023-05-28T22:46:02.131367+00:00, run_after=2023-05-29T22:46:02.131367+00:00
[2023-05-29T22:46:02.196+0000] {processor.py:179} INFO - Processing /home/airflow/.local/lib/python3.7/site-packages/airflow/example_dags/example_task_group_decorator.py took 0.181 seconds
[2023-05-29T22:46:32.239+0000] {processor.py:157} INFO - Started process (PID=507) to work on /home/airflow/.local/lib/python3.7/site-packages/airflow/example_dags/example_task_group_decorator.py
[2023-05-29T22:46:32.241+0000] {processor.py:826} INFO - Processing file /home/airflow/.local/lib/python3.7/site-packages/airflow/example_dags/example_task_group_decorator.py for tasks to queue
[2023-05-29T22:46:32.242+0000] {logging_mixin.py:149} INFO - [2023-05-29T22:46:32.242+0000] {dagbag.py:541} INFO - Filling up the DagBag from /home/airflow/.local/lib/python3.7/site-packages/airflow/example_dags/example_task_group_decorator.py
[2023-05-29T22:46:32.254+0000] {processor.py:836} INFO - DAG(s) dict_keys(['example_task_group_decorator']) retrieved from /home/airflow/.local/lib/python3.7/site-packages/airflow/example_dags/example_task_group_decorator.py
[2023-05-29T22:46:32.299+0000] {logging_mixin.py:149} INFO - [2023-05-29T22:46:32.298+0000] {dag.py:2726} INFO - Sync 1 DAGs
[2023-05-29T22:46:32.318+0000] {logging_mixin.py:149} INFO - [2023-05-29T22:46:32.318+0000] {dag.py:3490} INFO - Setting next_dagrun for example_task_group_decorator to 2023-05-28T22:46:32.317838+00:00, run_after=2023-05-29T22:46:32.317838+00:00
[2023-05-29T22:46:32.329+0000] {processor.py:179} INFO - Processing /home/airflow/.local/lib/python3.7/site-packages/airflow/example_dags/example_task_group_decorator.py took 0.093 seconds
[2023-05-29T22:47:02.451+0000] {processor.py:157} INFO - Started process (PID=563) to work on /home/airflow/.local/lib/python3.7/site-packages/airflow/example_dags/example_task_group_decorator.py
[2023-05-29T22:47:02.452+0000] {processor.py:826} INFO - Processing file /home/airflow/.local/lib/python3.7/site-packages/airflow/example_dags/example_task_group_decorator.py for tasks to queue
[2023-05-29T22:47:02.453+0000] {logging_mixin.py:149} INFO - [2023-05-29T22:47:02.453+0000] {dagbag.py:541} INFO - Filling up the DagBag from /home/airflow/.local/lib/python3.7/site-packages/airflow/example_dags/example_task_group_decorator.py
[2023-05-29T22:47:02.466+0000] {processor.py:836} INFO - DAG(s) dict_keys(['example_task_group_decorator']) retrieved from /home/airflow/.local/lib/python3.7/site-packages/airflow/example_dags/example_task_group_decorator.py
[2023-05-29T22:47:02.491+0000] {logging_mixin.py:149} INFO - [2023-05-29T22:47:02.491+0000] {dag.py:2726} INFO - Sync 1 DAGs
[2023-05-29T22:47:02.510+0000] {logging_mixin.py:149} INFO - [2023-05-29T22:47:02.510+0000] {dag.py:3490} INFO - Setting next_dagrun for example_task_group_decorator to 2023-05-28T22:47:02.510265+00:00, run_after=2023-05-29T22:47:02.510265+00:00
[2023-05-29T22:47:02.527+0000] {processor.py:179} INFO - Processing /home/airflow/.local/lib/python3.7/site-packages/airflow/example_dags/example_task_group_decorator.py took 0.079 seconds
[2023-05-29T22:47:32.707+0000] {processor.py:157} INFO - Started process (PID=619) to work on /home/airflow/.local/lib/python3.7/site-packages/airflow/example_dags/example_task_group_decorator.py
[2023-05-29T22:47:32.709+0000] {processor.py:826} INFO - Processing file /home/airflow/.local/lib/python3.7/site-packages/airflow/example_dags/example_task_group_decorator.py for tasks to queue
[2023-05-29T22:47:32.709+0000] {logging_mixin.py:149} INFO - [2023-05-29T22:47:32.709+0000] {dagbag.py:541} INFO - Filling up the DagBag from /home/airflow/.local/lib/python3.7/site-packages/airflow/example_dags/example_task_group_decorator.py
[2023-05-29T22:47:32.719+0000] {processor.py:836} INFO - DAG(s) dict_keys(['example_task_group_decorator']) retrieved from /home/airflow/.local/lib/python3.7/site-packages/airflow/example_dags/example_task_group_decorator.py
[2023-05-29T22:47:32.742+0000] {logging_mixin.py:149} INFO - [2023-05-29T22:47:32.741+0000] {dag.py:2726} INFO - Sync 1 DAGs
[2023-05-29T22:47:32.758+0000] {logging_mixin.py:149} INFO - [2023-05-29T22:47:32.758+0000] {dag.py:3490} INFO - Setting next_dagrun for example_task_group_decorator to 2023-05-28T22:47:32.758102+00:00, run_after=2023-05-29T22:47:32.758102+00:00
[2023-05-29T22:47:32.771+0000] {processor.py:179} INFO - Processing /home/airflow/.local/lib/python3.7/site-packages/airflow/example_dags/example_task_group_decorator.py took 0.067 seconds
[2023-05-29T22:48:02.901+0000] {processor.py:157} INFO - Started process (PID=675) to work on /home/airflow/.local/lib/python3.7/site-packages/airflow/example_dags/example_task_group_decorator.py
[2023-05-29T22:48:02.903+0000] {processor.py:826} INFO - Processing file /home/airflow/.local/lib/python3.7/site-packages/airflow/example_dags/example_task_group_decorator.py for tasks to queue
[2023-05-29T22:48:02.904+0000] {logging_mixin.py:149} INFO - [2023-05-29T22:48:02.903+0000] {dagbag.py:541} INFO - Filling up the DagBag from /home/airflow/.local/lib/python3.7/site-packages/airflow/example_dags/example_task_group_decorator.py
[2023-05-29T22:48:02.913+0000] {processor.py:836} INFO - DAG(s) dict_keys(['example_task_group_decorator']) retrieved from /home/airflow/.local/lib/python3.7/site-packages/airflow/example_dags/example_task_group_decorator.py
[2023-05-29T22:48:02.936+0000] {logging_mixin.py:149} INFO - [2023-05-29T22:48:02.936+0000] {dag.py:2726} INFO - Sync 1 DAGs
[2023-05-29T22:48:02.952+0000] {logging_mixin.py:149} INFO - [2023-05-29T22:48:02.952+0000] {dag.py:3490} INFO - Setting next_dagrun for example_task_group_decorator to 2023-05-28T22:48:02.951914+00:00, run_after=2023-05-29T22:48:02.951914+00:00
[2023-05-29T22:48:02.965+0000] {processor.py:179} INFO - Processing /home/airflow/.local/lib/python3.7/site-packages/airflow/example_dags/example_task_group_decorator.py took 0.066 seconds
[2023-05-29T22:49:25.327+0000] {processor.py:157} INFO - Started process (PID=53) to work on /home/airflow/.local/lib/python3.7/site-packages/airflow/example_dags/example_task_group_decorator.py
[2023-05-29T22:49:25.334+0000] {processor.py:826} INFO - Processing file /home/airflow/.local/lib/python3.7/site-packages/airflow/example_dags/example_task_group_decorator.py for tasks to queue
[2023-05-29T22:49:25.336+0000] {logging_mixin.py:149} INFO - [2023-05-29T22:49:25.335+0000] {dagbag.py:541} INFO - Filling up the DagBag from /home/airflow/.local/lib/python3.7/site-packages/airflow/example_dags/example_task_group_decorator.py
[2023-05-29T22:49:25.351+0000] {processor.py:836} INFO - DAG(s) dict_keys(['example_task_group_decorator']) retrieved from /home/airflow/.local/lib/python3.7/site-packages/airflow/example_dags/example_task_group_decorator.py
[2023-05-29T22:49:25.392+0000] {logging_mixin.py:149} INFO - [2023-05-29T22:49:25.392+0000] {dag.py:2726} INFO - Sync 1 DAGs
[2023-05-29T22:49:25.421+0000] {logging_mixin.py:149} INFO - [2023-05-29T22:49:25.421+0000] {dag.py:3490} INFO - Setting next_dagrun for example_task_group_decorator to 2023-05-28T22:49:25.421352+00:00, run_after=2023-05-29T22:49:25.421352+00:00
[2023-05-29T22:49:25.451+0000] {processor.py:179} INFO - Processing /home/airflow/.local/lib/python3.7/site-packages/airflow/example_dags/example_task_group_decorator.py took 0.127 seconds
[2023-05-29T22:49:55.634+0000] {processor.py:157} INFO - Started process (PID=109) to work on /home/airflow/.local/lib/python3.7/site-packages/airflow/example_dags/example_task_group_decorator.py
[2023-05-29T22:49:55.635+0000] {processor.py:826} INFO - Processing file /home/airflow/.local/lib/python3.7/site-packages/airflow/example_dags/example_task_group_decorator.py for tasks to queue
[2023-05-29T22:49:55.636+0000] {logging_mixin.py:149} INFO - [2023-05-29T22:49:55.636+0000] {dagbag.py:541} INFO - Filling up the DagBag from /home/airflow/.local/lib/python3.7/site-packages/airflow/example_dags/example_task_group_decorator.py
[2023-05-29T22:49:55.645+0000] {processor.py:836} INFO - DAG(s) dict_keys(['example_task_group_decorator']) retrieved from /home/airflow/.local/lib/python3.7/site-packages/airflow/example_dags/example_task_group_decorator.py
[2023-05-29T22:49:55.666+0000] {logging_mixin.py:149} INFO - [2023-05-29T22:49:55.666+0000] {dag.py:2726} INFO - Sync 1 DAGs
[2023-05-29T22:49:55.681+0000] {logging_mixin.py:149} INFO - [2023-05-29T22:49:55.680+0000] {dag.py:3490} INFO - Setting next_dagrun for example_task_group_decorator to 2023-05-28T22:49:55.680732+00:00, run_after=2023-05-29T22:49:55.680732+00:00
[2023-05-29T22:49:55.693+0000] {processor.py:179} INFO - Processing /home/airflow/.local/lib/python3.7/site-packages/airflow/example_dags/example_task_group_decorator.py took 0.062 seconds
[2023-05-29T22:50:33.150+0000] {processor.py:157} INFO - Started process (PID=165) to work on /home/airflow/.local/lib/python3.7/site-packages/airflow/example_dags/example_task_group_decorator.py
[2023-05-29T22:50:33.193+0000] {processor.py:826} INFO - Processing file /home/airflow/.local/lib/python3.7/site-packages/airflow/example_dags/example_task_group_decorator.py for tasks to queue
[2023-05-29T22:50:33.203+0000] {logging_mixin.py:149} INFO - [2023-05-29T22:50:33.202+0000] {dagbag.py:541} INFO - Filling up the DagBag from /home/airflow/.local/lib/python3.7/site-packages/airflow/example_dags/example_task_group_decorator.py
[2023-05-29T22:50:33.356+0000] {processor.py:836} INFO - DAG(s) dict_keys(['example_task_group_decorator']) retrieved from /home/airflow/.local/lib/python3.7/site-packages/airflow/example_dags/example_task_group_decorator.py
[2023-05-29T22:50:33.673+0000] {logging_mixin.py:149} INFO - [2023-05-29T22:50:33.672+0000] {dag.py:2726} INFO - Sync 1 DAGs
[2023-05-29T22:50:33.736+0000] {logging_mixin.py:149} INFO - [2023-05-29T22:50:33.735+0000] {dag.py:3490} INFO - Setting next_dagrun for example_task_group_decorator to 2023-05-28T22:50:33.734091+00:00, run_after=2023-05-29T22:50:33.734091+00:00
[2023-05-29T22:50:33.818+0000] {processor.py:179} INFO - Processing /home/airflow/.local/lib/python3.7/site-packages/airflow/example_dags/example_task_group_decorator.py took 0.704 seconds
[2023-05-29T22:51:41.316+0000] {processor.py:157} INFO - Started process (PID=53) to work on /home/airflow/.local/lib/python3.7/site-packages/airflow/example_dags/example_task_group_decorator.py
[2023-05-29T22:51:41.321+0000] {processor.py:826} INFO - Processing file /home/airflow/.local/lib/python3.7/site-packages/airflow/example_dags/example_task_group_decorator.py for tasks to queue
[2023-05-29T22:51:41.323+0000] {logging_mixin.py:149} INFO - [2023-05-29T22:51:41.322+0000] {dagbag.py:541} INFO - Filling up the DagBag from /home/airflow/.local/lib/python3.7/site-packages/airflow/example_dags/example_task_group_decorator.py
[2023-05-29T22:51:41.353+0000] {processor.py:836} INFO - DAG(s) dict_keys(['example_task_group_decorator']) retrieved from /home/airflow/.local/lib/python3.7/site-packages/airflow/example_dags/example_task_group_decorator.py
[2023-05-29T22:51:41.382+0000] {logging_mixin.py:149} INFO - [2023-05-29T22:51:41.382+0000] {dag.py:2726} INFO - Sync 1 DAGs
[2023-05-29T22:51:41.411+0000] {logging_mixin.py:149} INFO - [2023-05-29T22:51:41.411+0000] {dag.py:3490} INFO - Setting next_dagrun for example_task_group_decorator to 2023-05-28T22:51:41.411018+00:00, run_after=2023-05-29T22:51:41.411018+00:00
[2023-05-29T22:51:41.439+0000] {processor.py:179} INFO - Processing /home/airflow/.local/lib/python3.7/site-packages/airflow/example_dags/example_task_group_decorator.py took 0.131 seconds
[2023-05-29T22:52:12.159+0000] {processor.py:157} INFO - Started process (PID=109) to work on /home/airflow/.local/lib/python3.7/site-packages/airflow/example_dags/example_task_group_decorator.py
[2023-05-29T22:52:12.160+0000] {processor.py:826} INFO - Processing file /home/airflow/.local/lib/python3.7/site-packages/airflow/example_dags/example_task_group_decorator.py for tasks to queue
[2023-05-29T22:52:12.161+0000] {logging_mixin.py:149} INFO - [2023-05-29T22:52:12.161+0000] {dagbag.py:541} INFO - Filling up the DagBag from /home/airflow/.local/lib/python3.7/site-packages/airflow/example_dags/example_task_group_decorator.py
[2023-05-29T22:52:12.171+0000] {processor.py:836} INFO - DAG(s) dict_keys(['example_task_group_decorator']) retrieved from /home/airflow/.local/lib/python3.7/site-packages/airflow/example_dags/example_task_group_decorator.py
[2023-05-29T22:52:12.191+0000] {logging_mixin.py:149} INFO - [2023-05-29T22:52:12.191+0000] {dag.py:2726} INFO - Sync 1 DAGs
[2023-05-29T22:52:12.206+0000] {logging_mixin.py:149} INFO - [2023-05-29T22:52:12.206+0000] {dag.py:3490} INFO - Setting next_dagrun for example_task_group_decorator to 2023-05-28T22:52:12.206601+00:00, run_after=2023-05-29T22:52:12.206601+00:00
[2023-05-29T22:52:12.217+0000] {processor.py:179} INFO - Processing /home/airflow/.local/lib/python3.7/site-packages/airflow/example_dags/example_task_group_decorator.py took 0.061 seconds
[2023-05-29T22:52:42.574+0000] {processor.py:157} INFO - Started process (PID=165) to work on /home/airflow/.local/lib/python3.7/site-packages/airflow/example_dags/example_task_group_decorator.py
[2023-05-29T22:52:42.575+0000] {processor.py:826} INFO - Processing file /home/airflow/.local/lib/python3.7/site-packages/airflow/example_dags/example_task_group_decorator.py for tasks to queue
[2023-05-29T22:52:42.576+0000] {logging_mixin.py:149} INFO - [2023-05-29T22:52:42.576+0000] {dagbag.py:541} INFO - Filling up the DagBag from /home/airflow/.local/lib/python3.7/site-packages/airflow/example_dags/example_task_group_decorator.py
[2023-05-29T22:52:42.585+0000] {processor.py:836} INFO - DAG(s) dict_keys(['example_task_group_decorator']) retrieved from /home/airflow/.local/lib/python3.7/site-packages/airflow/example_dags/example_task_group_decorator.py
[2023-05-29T22:52:42.606+0000] {logging_mixin.py:149} INFO - [2023-05-29T22:52:42.606+0000] {dag.py:2726} INFO - Sync 1 DAGs
[2023-05-29T22:52:42.623+0000] {logging_mixin.py:149} INFO - [2023-05-29T22:52:42.623+0000] {dag.py:3490} INFO - Setting next_dagrun for example_task_group_decorator to 2023-05-28T22:52:42.623101+00:00, run_after=2023-05-29T22:52:42.623101+00:00
[2023-05-29T22:52:42.639+0000] {processor.py:179} INFO - Processing /home/airflow/.local/lib/python3.7/site-packages/airflow/example_dags/example_task_group_decorator.py took 0.068 seconds
