[2023-05-29T22:42:28.033+0000] {processor.py:157} INFO - Started process (PID=54) to work on /home/airflow/.local/lib/python3.7/site-packages/airflow/example_dags/example_sensors.py
[2023-05-29T22:42:28.035+0000] {processor.py:826} INFO - Processing file /home/airflow/.local/lib/python3.7/site-packages/airflow/example_dags/example_sensors.py for tasks to queue
[2023-05-29T22:42:28.039+0000] {logging_mixin.py:149} INFO - [2023-05-29T22:42:28.039+0000] {dagbag.py:541} INFO - Filling up the DagBag from /home/airflow/.local/lib/python3.7/site-packages/airflow/example_dags/example_sensors.py
[2023-05-29T22:42:28.092+0000] {processor.py:836} INFO - DAG(s) dict_keys(['example_sensors']) retrieved from /home/airflow/.local/lib/python3.7/site-packages/airflow/example_dags/example_sensors.py
[2023-05-29T22:42:28.142+0000] {logging_mixin.py:149} INFO - [2023-05-29T22:42:28.142+0000] {dag.py:2726} INFO - Sync 1 DAGs
[2023-05-29T22:42:28.212+0000] {logging_mixin.py:149} INFO - [2023-05-29T22:42:28.212+0000] {dag.py:3490} INFO - Setting next_dagrun for example_sensors to None, run_after=None
[2023-05-29T22:42:28.248+0000] {processor.py:179} INFO - Processing /home/airflow/.local/lib/python3.7/site-packages/airflow/example_dags/example_sensors.py took 0.231 seconds
[2023-05-29T22:42:58.716+0000] {processor.py:157} INFO - Started process (PID=110) to work on /home/airflow/.local/lib/python3.7/site-packages/airflow/example_dags/example_sensors.py
[2023-05-29T22:42:58.723+0000] {processor.py:826} INFO - Processing file /home/airflow/.local/lib/python3.7/site-packages/airflow/example_dags/example_sensors.py for tasks to queue
[2023-05-29T22:42:58.725+0000] {logging_mixin.py:149} INFO - [2023-05-29T22:42:58.725+0000] {dagbag.py:541} INFO - Filling up the DagBag from /home/airflow/.local/lib/python3.7/site-packages/airflow/example_dags/example_sensors.py
[2023-05-29T22:42:58.738+0000] {processor.py:836} INFO - DAG(s) dict_keys(['example_sensors']) retrieved from /home/airflow/.local/lib/python3.7/site-packages/airflow/example_dags/example_sensors.py
[2023-05-29T22:42:58.763+0000] {logging_mixin.py:149} INFO - [2023-05-29T22:42:58.762+0000] {dag.py:2726} INFO - Sync 1 DAGs
[2023-05-29T22:42:58.789+0000] {logging_mixin.py:149} INFO - [2023-05-29T22:42:58.788+0000] {dag.py:3490} INFO - Setting next_dagrun for example_sensors to None, run_after=None
[2023-05-29T22:42:58.810+0000] {processor.py:179} INFO - Processing /home/airflow/.local/lib/python3.7/site-packages/airflow/example_dags/example_sensors.py took 0.098 seconds
[2023-05-29T22:43:29.397+0000] {processor.py:157} INFO - Started process (PID=166) to work on /home/airflow/.local/lib/python3.7/site-packages/airflow/example_dags/example_sensors.py
[2023-05-29T22:43:29.398+0000] {processor.py:826} INFO - Processing file /home/airflow/.local/lib/python3.7/site-packages/airflow/example_dags/example_sensors.py for tasks to queue
[2023-05-29T22:43:29.399+0000] {logging_mixin.py:149} INFO - [2023-05-29T22:43:29.399+0000] {dagbag.py:541} INFO - Filling up the DagBag from /home/airflow/.local/lib/python3.7/site-packages/airflow/example_dags/example_sensors.py
[2023-05-29T22:43:29.406+0000] {processor.py:836} INFO - DAG(s) dict_keys(['example_sensors']) retrieved from /home/airflow/.local/lib/python3.7/site-packages/airflow/example_dags/example_sensors.py
[2023-05-29T22:43:29.426+0000] {logging_mixin.py:149} INFO - [2023-05-29T22:43:29.426+0000] {dag.py:2726} INFO - Sync 1 DAGs
[2023-05-29T22:43:29.441+0000] {logging_mixin.py:149} INFO - [2023-05-29T22:43:29.440+0000] {dag.py:3490} INFO - Setting next_dagrun for example_sensors to None, run_after=None
[2023-05-29T22:43:29.451+0000] {processor.py:179} INFO - Processing /home/airflow/.local/lib/python3.7/site-packages/airflow/example_dags/example_sensors.py took 0.056 seconds
[2023-05-29T22:43:59.926+0000] {processor.py:157} INFO - Started process (PID=222) to work on /home/airflow/.local/lib/python3.7/site-packages/airflow/example_dags/example_sensors.py
[2023-05-29T22:43:59.927+0000] {processor.py:826} INFO - Processing file /home/airflow/.local/lib/python3.7/site-packages/airflow/example_dags/example_sensors.py for tasks to queue
[2023-05-29T22:43:59.928+0000] {logging_mixin.py:149} INFO - [2023-05-29T22:43:59.928+0000] {dagbag.py:541} INFO - Filling up the DagBag from /home/airflow/.local/lib/python3.7/site-packages/airflow/example_dags/example_sensors.py
[2023-05-29T22:43:59.936+0000] {processor.py:836} INFO - DAG(s) dict_keys(['example_sensors']) retrieved from /home/airflow/.local/lib/python3.7/site-packages/airflow/example_dags/example_sensors.py
[2023-05-29T22:43:59.957+0000] {logging_mixin.py:149} INFO - [2023-05-29T22:43:59.957+0000] {dag.py:2726} INFO - Sync 1 DAGs
[2023-05-29T22:43:59.972+0000] {logging_mixin.py:149} INFO - [2023-05-29T22:43:59.972+0000] {dag.py:3490} INFO - Setting next_dagrun for example_sensors to None, run_after=None
[2023-05-29T22:43:59.984+0000] {processor.py:179} INFO - Processing /home/airflow/.local/lib/python3.7/site-packages/airflow/example_dags/example_sensors.py took 0.063 seconds
[2023-05-29T22:44:30.319+0000] {processor.py:157} INFO - Started process (PID=286) to work on /home/airflow/.local/lib/python3.7/site-packages/airflow/example_dags/example_sensors.py
[2023-05-29T22:44:30.320+0000] {processor.py:826} INFO - Processing file /home/airflow/.local/lib/python3.7/site-packages/airflow/example_dags/example_sensors.py for tasks to queue
[2023-05-29T22:44:30.321+0000] {logging_mixin.py:149} INFO - [2023-05-29T22:44:30.321+0000] {dagbag.py:541} INFO - Filling up the DagBag from /home/airflow/.local/lib/python3.7/site-packages/airflow/example_dags/example_sensors.py
[2023-05-29T22:44:30.329+0000] {processor.py:836} INFO - DAG(s) dict_keys(['example_sensors']) retrieved from /home/airflow/.local/lib/python3.7/site-packages/airflow/example_dags/example_sensors.py
[2023-05-29T22:44:30.364+0000] {logging_mixin.py:149} INFO - [2023-05-29T22:44:30.364+0000] {dag.py:2726} INFO - Sync 1 DAGs
[2023-05-29T22:44:30.382+0000] {logging_mixin.py:149} INFO - [2023-05-29T22:44:30.382+0000] {dag.py:3490} INFO - Setting next_dagrun for example_sensors to None, run_after=None
[2023-05-29T22:44:30.395+0000] {processor.py:179} INFO - Processing /home/airflow/.local/lib/python3.7/site-packages/airflow/example_dags/example_sensors.py took 0.079 seconds
[2023-05-29T22:45:00.964+0000] {processor.py:157} INFO - Started process (PID=342) to work on /home/airflow/.local/lib/python3.7/site-packages/airflow/example_dags/example_sensors.py
[2023-05-29T22:45:00.966+0000] {processor.py:826} INFO - Processing file /home/airflow/.local/lib/python3.7/site-packages/airflow/example_dags/example_sensors.py for tasks to queue
[2023-05-29T22:45:00.967+0000] {logging_mixin.py:149} INFO - [2023-05-29T22:45:00.966+0000] {dagbag.py:541} INFO - Filling up the DagBag from /home/airflow/.local/lib/python3.7/site-packages/airflow/example_dags/example_sensors.py
[2023-05-29T22:45:00.976+0000] {processor.py:836} INFO - DAG(s) dict_keys(['example_sensors']) retrieved from /home/airflow/.local/lib/python3.7/site-packages/airflow/example_dags/example_sensors.py
[2023-05-29T22:45:01.000+0000] {logging_mixin.py:149} INFO - [2023-05-29T22:45:01.000+0000] {dag.py:2726} INFO - Sync 1 DAGs
[2023-05-29T22:45:01.016+0000] {logging_mixin.py:149} INFO - [2023-05-29T22:45:01.016+0000] {dag.py:3490} INFO - Setting next_dagrun for example_sensors to None, run_after=None
[2023-05-29T22:45:01.029+0000] {processor.py:179} INFO - Processing /home/airflow/.local/lib/python3.7/site-packages/airflow/example_dags/example_sensors.py took 0.070 seconds
[2023-05-29T22:45:31.498+0000] {processor.py:157} INFO - Started process (PID=398) to work on /home/airflow/.local/lib/python3.7/site-packages/airflow/example_dags/example_sensors.py
[2023-05-29T22:45:31.499+0000] {processor.py:826} INFO - Processing file /home/airflow/.local/lib/python3.7/site-packages/airflow/example_dags/example_sensors.py for tasks to queue
[2023-05-29T22:45:31.500+0000] {logging_mixin.py:149} INFO - [2023-05-29T22:45:31.500+0000] {dagbag.py:541} INFO - Filling up the DagBag from /home/airflow/.local/lib/python3.7/site-packages/airflow/example_dags/example_sensors.py
[2023-05-29T22:45:31.507+0000] {processor.py:836} INFO - DAG(s) dict_keys(['example_sensors']) retrieved from /home/airflow/.local/lib/python3.7/site-packages/airflow/example_dags/example_sensors.py
[2023-05-29T22:45:31.531+0000] {logging_mixin.py:149} INFO - [2023-05-29T22:45:31.531+0000] {dag.py:2726} INFO - Sync 1 DAGs
[2023-05-29T22:45:31.553+0000] {logging_mixin.py:149} INFO - [2023-05-29T22:45:31.553+0000] {dag.py:3490} INFO - Setting next_dagrun for example_sensors to None, run_after=None
[2023-05-29T22:45:31.566+0000] {processor.py:179} INFO - Processing /home/airflow/.local/lib/python3.7/site-packages/airflow/example_dags/example_sensors.py took 0.071 seconds
[2023-05-29T22:46:02.483+0000] {processor.py:157} INFO - Started process (PID=454) to work on /home/airflow/.local/lib/python3.7/site-packages/airflow/example_dags/example_sensors.py
[2023-05-29T22:46:02.491+0000] {processor.py:826} INFO - Processing file /home/airflow/.local/lib/python3.7/site-packages/airflow/example_dags/example_sensors.py for tasks to queue
[2023-05-29T22:46:02.492+0000] {logging_mixin.py:149} INFO - [2023-05-29T22:46:02.492+0000] {dagbag.py:541} INFO - Filling up the DagBag from /home/airflow/.local/lib/python3.7/site-packages/airflow/example_dags/example_sensors.py
[2023-05-29T22:46:02.520+0000] {processor.py:836} INFO - DAG(s) dict_keys(['example_sensors']) retrieved from /home/airflow/.local/lib/python3.7/site-packages/airflow/example_dags/example_sensors.py
[2023-05-29T22:46:02.609+0000] {logging_mixin.py:149} INFO - [2023-05-29T22:46:02.609+0000] {dag.py:2726} INFO - Sync 1 DAGs
[2023-05-29T22:46:02.662+0000] {logging_mixin.py:149} INFO - [2023-05-29T22:46:02.662+0000] {dag.py:3490} INFO - Setting next_dagrun for example_sensors to None, run_after=None
[2023-05-29T22:46:02.687+0000] {processor.py:179} INFO - Processing /home/airflow/.local/lib/python3.7/site-packages/airflow/example_dags/example_sensors.py took 0.224 seconds
[2023-05-29T22:46:33.378+0000] {processor.py:157} INFO - Started process (PID=510) to work on /home/airflow/.local/lib/python3.7/site-packages/airflow/example_dags/example_sensors.py
[2023-05-29T22:46:33.381+0000] {processor.py:826} INFO - Processing file /home/airflow/.local/lib/python3.7/site-packages/airflow/example_dags/example_sensors.py for tasks to queue
[2023-05-29T22:46:33.385+0000] {logging_mixin.py:149} INFO - [2023-05-29T22:46:33.385+0000] {dagbag.py:541} INFO - Filling up the DagBag from /home/airflow/.local/lib/python3.7/site-packages/airflow/example_dags/example_sensors.py
[2023-05-29T22:46:33.397+0000] {processor.py:836} INFO - DAG(s) dict_keys(['example_sensors']) retrieved from /home/airflow/.local/lib/python3.7/site-packages/airflow/example_dags/example_sensors.py
[2023-05-29T22:46:33.429+0000] {logging_mixin.py:149} INFO - [2023-05-29T22:46:33.429+0000] {dag.py:2726} INFO - Sync 1 DAGs
[2023-05-29T22:46:33.457+0000] {logging_mixin.py:149} INFO - [2023-05-29T22:46:33.457+0000] {dag.py:3490} INFO - Setting next_dagrun for example_sensors to None, run_after=None
[2023-05-29T22:46:33.474+0000] {processor.py:179} INFO - Processing /home/airflow/.local/lib/python3.7/site-packages/airflow/example_dags/example_sensors.py took 0.100 seconds
[2023-05-29T22:47:03.601+0000] {processor.py:157} INFO - Started process (PID=566) to work on /home/airflow/.local/lib/python3.7/site-packages/airflow/example_dags/example_sensors.py
[2023-05-29T22:47:03.603+0000] {processor.py:826} INFO - Processing file /home/airflow/.local/lib/python3.7/site-packages/airflow/example_dags/example_sensors.py for tasks to queue
[2023-05-29T22:47:03.604+0000] {logging_mixin.py:149} INFO - [2023-05-29T22:47:03.604+0000] {dagbag.py:541} INFO - Filling up the DagBag from /home/airflow/.local/lib/python3.7/site-packages/airflow/example_dags/example_sensors.py
[2023-05-29T22:47:03.618+0000] {processor.py:836} INFO - DAG(s) dict_keys(['example_sensors']) retrieved from /home/airflow/.local/lib/python3.7/site-packages/airflow/example_dags/example_sensors.py
[2023-05-29T22:47:03.646+0000] {logging_mixin.py:149} INFO - [2023-05-29T22:47:03.646+0000] {dag.py:2726} INFO - Sync 1 DAGs
[2023-05-29T22:47:03.666+0000] {logging_mixin.py:149} INFO - [2023-05-29T22:47:03.665+0000] {dag.py:3490} INFO - Setting next_dagrun for example_sensors to None, run_after=None
[2023-05-29T22:47:03.678+0000] {processor.py:179} INFO - Processing /home/airflow/.local/lib/python3.7/site-packages/airflow/example_dags/example_sensors.py took 0.083 seconds
[2023-05-29T22:47:33.724+0000] {processor.py:157} INFO - Started process (PID=621) to work on /home/airflow/.local/lib/python3.7/site-packages/airflow/example_dags/example_sensors.py
[2023-05-29T22:47:33.725+0000] {processor.py:826} INFO - Processing file /home/airflow/.local/lib/python3.7/site-packages/airflow/example_dags/example_sensors.py for tasks to queue
[2023-05-29T22:47:33.726+0000] {logging_mixin.py:149} INFO - [2023-05-29T22:47:33.726+0000] {dagbag.py:541} INFO - Filling up the DagBag from /home/airflow/.local/lib/python3.7/site-packages/airflow/example_dags/example_sensors.py
[2023-05-29T22:47:33.733+0000] {processor.py:836} INFO - DAG(s) dict_keys(['example_sensors']) retrieved from /home/airflow/.local/lib/python3.7/site-packages/airflow/example_dags/example_sensors.py
[2023-05-29T22:47:33.754+0000] {logging_mixin.py:149} INFO - [2023-05-29T22:47:33.754+0000] {dag.py:2726} INFO - Sync 1 DAGs
[2023-05-29T22:47:33.770+0000] {logging_mixin.py:149} INFO - [2023-05-29T22:47:33.770+0000] {dag.py:3490} INFO - Setting next_dagrun for example_sensors to None, run_after=None
[2023-05-29T22:47:33.781+0000] {processor.py:179} INFO - Processing /home/airflow/.local/lib/python3.7/site-packages/airflow/example_dags/example_sensors.py took 0.060 seconds
[2023-05-29T22:48:03.923+0000] {processor.py:157} INFO - Started process (PID=677) to work on /home/airflow/.local/lib/python3.7/site-packages/airflow/example_dags/example_sensors.py
[2023-05-29T22:48:03.925+0000] {processor.py:826} INFO - Processing file /home/airflow/.local/lib/python3.7/site-packages/airflow/example_dags/example_sensors.py for tasks to queue
[2023-05-29T22:48:03.926+0000] {logging_mixin.py:149} INFO - [2023-05-29T22:48:03.925+0000] {dagbag.py:541} INFO - Filling up the DagBag from /home/airflow/.local/lib/python3.7/site-packages/airflow/example_dags/example_sensors.py
[2023-05-29T22:48:03.934+0000] {processor.py:836} INFO - DAG(s) dict_keys(['example_sensors']) retrieved from /home/airflow/.local/lib/python3.7/site-packages/airflow/example_dags/example_sensors.py
[2023-05-29T22:48:03.959+0000] {logging_mixin.py:149} INFO - [2023-05-29T22:48:03.959+0000] {dag.py:2726} INFO - Sync 1 DAGs
[2023-05-29T22:48:03.981+0000] {logging_mixin.py:149} INFO - [2023-05-29T22:48:03.980+0000] {dag.py:3490} INFO - Setting next_dagrun for example_sensors to None, run_after=None
[2023-05-29T22:48:03.996+0000] {processor.py:179} INFO - Processing /home/airflow/.local/lib/python3.7/site-packages/airflow/example_dags/example_sensors.py took 0.076 seconds
[2023-05-29T22:49:25.493+0000] {processor.py:157} INFO - Started process (PID=55) to work on /home/airflow/.local/lib/python3.7/site-packages/airflow/example_dags/example_sensors.py
[2023-05-29T22:49:25.495+0000] {processor.py:826} INFO - Processing file /home/airflow/.local/lib/python3.7/site-packages/airflow/example_dags/example_sensors.py for tasks to queue
[2023-05-29T22:49:25.496+0000] {logging_mixin.py:149} INFO - [2023-05-29T22:49:25.496+0000] {dagbag.py:541} INFO - Filling up the DagBag from /home/airflow/.local/lib/python3.7/site-packages/airflow/example_dags/example_sensors.py
[2023-05-29T22:49:25.515+0000] {processor.py:836} INFO - DAG(s) dict_keys(['example_sensors']) retrieved from /home/airflow/.local/lib/python3.7/site-packages/airflow/example_dags/example_sensors.py
[2023-05-29T22:49:25.540+0000] {logging_mixin.py:149} INFO - [2023-05-29T22:49:25.540+0000] {dag.py:2726} INFO - Sync 1 DAGs
[2023-05-29T22:49:25.570+0000] {logging_mixin.py:149} INFO - [2023-05-29T22:49:25.570+0000] {dag.py:3490} INFO - Setting next_dagrun for example_sensors to None, run_after=None
[2023-05-29T22:49:25.597+0000] {processor.py:179} INFO - Processing /home/airflow/.local/lib/python3.7/site-packages/airflow/example_dags/example_sensors.py took 0.108 seconds
[2023-05-29T22:49:55.749+0000] {processor.py:157} INFO - Started process (PID=111) to work on /home/airflow/.local/lib/python3.7/site-packages/airflow/example_dags/example_sensors.py
[2023-05-29T22:49:55.751+0000] {processor.py:826} INFO - Processing file /home/airflow/.local/lib/python3.7/site-packages/airflow/example_dags/example_sensors.py for tasks to queue
[2023-05-29T22:49:55.751+0000] {logging_mixin.py:149} INFO - [2023-05-29T22:49:55.751+0000] {dagbag.py:541} INFO - Filling up the DagBag from /home/airflow/.local/lib/python3.7/site-packages/airflow/example_dags/example_sensors.py
[2023-05-29T22:49:55.759+0000] {processor.py:836} INFO - DAG(s) dict_keys(['example_sensors']) retrieved from /home/airflow/.local/lib/python3.7/site-packages/airflow/example_dags/example_sensors.py
[2023-05-29T22:49:55.782+0000] {logging_mixin.py:149} INFO - [2023-05-29T22:49:55.782+0000] {dag.py:2726} INFO - Sync 1 DAGs
[2023-05-29T22:49:55.799+0000] {logging_mixin.py:149} INFO - [2023-05-29T22:49:55.799+0000] {dag.py:3490} INFO - Setting next_dagrun for example_sensors to None, run_after=None
[2023-05-29T22:49:55.814+0000] {processor.py:179} INFO - Processing /home/airflow/.local/lib/python3.7/site-packages/airflow/example_dags/example_sensors.py took 0.068 seconds
[2023-05-29T22:50:34.139+0000] {processor.py:157} INFO - Started process (PID=167) to work on /home/airflow/.local/lib/python3.7/site-packages/airflow/example_dags/example_sensors.py
[2023-05-29T22:50:34.141+0000] {processor.py:826} INFO - Processing file /home/airflow/.local/lib/python3.7/site-packages/airflow/example_dags/example_sensors.py for tasks to queue
[2023-05-29T22:50:34.142+0000] {logging_mixin.py:149} INFO - [2023-05-29T22:50:34.142+0000] {dagbag.py:541} INFO - Filling up the DagBag from /home/airflow/.local/lib/python3.7/site-packages/airflow/example_dags/example_sensors.py
[2023-05-29T22:50:34.170+0000] {processor.py:836} INFO - DAG(s) dict_keys(['example_sensors']) retrieved from /home/airflow/.local/lib/python3.7/site-packages/airflow/example_dags/example_sensors.py
[2023-05-29T22:50:34.200+0000] {logging_mixin.py:149} INFO - [2023-05-29T22:50:34.199+0000] {dag.py:2726} INFO - Sync 1 DAGs
[2023-05-29T22:50:34.219+0000] {logging_mixin.py:149} INFO - [2023-05-29T22:50:34.219+0000] {dag.py:3490} INFO - Setting next_dagrun for example_sensors to None, run_after=None
[2023-05-29T22:50:34.231+0000] {processor.py:179} INFO - Processing /home/airflow/.local/lib/python3.7/site-packages/airflow/example_dags/example_sensors.py took 0.098 seconds
[2023-05-29T22:51:41.581+0000] {processor.py:157} INFO - Started process (PID=55) to work on /home/airflow/.local/lib/python3.7/site-packages/airflow/example_dags/example_sensors.py
[2023-05-29T22:51:41.588+0000] {processor.py:826} INFO - Processing file /home/airflow/.local/lib/python3.7/site-packages/airflow/example_dags/example_sensors.py for tasks to queue
[2023-05-29T22:51:41.591+0000] {logging_mixin.py:149} INFO - [2023-05-29T22:51:41.591+0000] {dagbag.py:541} INFO - Filling up the DagBag from /home/airflow/.local/lib/python3.7/site-packages/airflow/example_dags/example_sensors.py
[2023-05-29T22:51:41.622+0000] {processor.py:836} INFO - DAG(s) dict_keys(['example_sensors']) retrieved from /home/airflow/.local/lib/python3.7/site-packages/airflow/example_dags/example_sensors.py
[2023-05-29T22:51:41.652+0000] {logging_mixin.py:149} INFO - [2023-05-29T22:51:41.652+0000] {dag.py:2726} INFO - Sync 1 DAGs
[2023-05-29T22:51:41.707+0000] {logging_mixin.py:149} INFO - [2023-05-29T22:51:41.707+0000] {dag.py:3490} INFO - Setting next_dagrun for example_sensors to None, run_after=None
[2023-05-29T22:51:41.739+0000] {processor.py:179} INFO - Processing /home/airflow/.local/lib/python3.7/site-packages/airflow/example_dags/example_sensors.py took 0.179 seconds
[2023-05-29T22:52:12.258+0000] {processor.py:157} INFO - Started process (PID=111) to work on /home/airflow/.local/lib/python3.7/site-packages/airflow/example_dags/example_sensors.py
[2023-05-29T22:52:12.259+0000] {processor.py:826} INFO - Processing file /home/airflow/.local/lib/python3.7/site-packages/airflow/example_dags/example_sensors.py for tasks to queue
[2023-05-29T22:52:12.260+0000] {logging_mixin.py:149} INFO - [2023-05-29T22:52:12.260+0000] {dagbag.py:541} INFO - Filling up the DagBag from /home/airflow/.local/lib/python3.7/site-packages/airflow/example_dags/example_sensors.py
[2023-05-29T22:52:12.270+0000] {processor.py:836} INFO - DAG(s) dict_keys(['example_sensors']) retrieved from /home/airflow/.local/lib/python3.7/site-packages/airflow/example_dags/example_sensors.py
[2023-05-29T22:52:12.291+0000] {logging_mixin.py:149} INFO - [2023-05-29T22:52:12.290+0000] {dag.py:2726} INFO - Sync 1 DAGs
[2023-05-29T22:52:12.307+0000] {logging_mixin.py:149} INFO - [2023-05-29T22:52:12.307+0000] {dag.py:3490} INFO - Setting next_dagrun for example_sensors to None, run_after=None
[2023-05-29T22:52:12.319+0000] {processor.py:179} INFO - Processing /home/airflow/.local/lib/python3.7/site-packages/airflow/example_dags/example_sensors.py took 0.063 seconds
[2023-05-29T22:52:42.734+0000] {processor.py:157} INFO - Started process (PID=167) to work on /home/airflow/.local/lib/python3.7/site-packages/airflow/example_dags/example_sensors.py
[2023-05-29T22:52:42.735+0000] {processor.py:826} INFO - Processing file /home/airflow/.local/lib/python3.7/site-packages/airflow/example_dags/example_sensors.py for tasks to queue
[2023-05-29T22:52:42.736+0000] {logging_mixin.py:149} INFO - [2023-05-29T22:52:42.736+0000] {dagbag.py:541} INFO - Filling up the DagBag from /home/airflow/.local/lib/python3.7/site-packages/airflow/example_dags/example_sensors.py
[2023-05-29T22:52:42.744+0000] {processor.py:836} INFO - DAG(s) dict_keys(['example_sensors']) retrieved from /home/airflow/.local/lib/python3.7/site-packages/airflow/example_dags/example_sensors.py
[2023-05-29T22:52:42.766+0000] {logging_mixin.py:149} INFO - [2023-05-29T22:52:42.766+0000] {dag.py:2726} INFO - Sync 1 DAGs
[2023-05-29T22:52:42.781+0000] {logging_mixin.py:149} INFO - [2023-05-29T22:52:42.781+0000] {dag.py:3490} INFO - Setting next_dagrun for example_sensors to None, run_after=None
[2023-05-29T22:52:42.792+0000] {processor.py:179} INFO - Processing /home/airflow/.local/lib/python3.7/site-packages/airflow/example_dags/example_sensors.py took 0.060 seconds
