[2023-05-29T22:42:27.250+0000] {processor.py:157} INFO - Started process (PID=44) to work on /home/airflow/.local/lib/python3.7/site-packages/airflow/example_dags/example_params_trigger_ui.py
[2023-05-29T22:42:27.252+0000] {processor.py:826} INFO - Processing file /home/airflow/.local/lib/python3.7/site-packages/airflow/example_dags/example_params_trigger_ui.py for tasks to queue
[2023-05-29T22:42:27.253+0000] {logging_mixin.py:149} INFO - [2023-05-29T22:42:27.253+0000] {dagbag.py:541} INFO - Filling up the DagBag from /home/airflow/.local/lib/python3.7/site-packages/airflow/example_dags/example_params_trigger_ui.py
[2023-05-29T22:42:27.287+0000] {processor.py:836} INFO - DAG(s) dict_keys(['example_params_trigger_ui']) retrieved from /home/airflow/.local/lib/python3.7/site-packages/airflow/example_dags/example_params_trigger_ui.py
[2023-05-29T22:42:27.308+0000] {logging_mixin.py:149} INFO - [2023-05-29T22:42:27.308+0000] {dag.py:2726} INFO - Sync 1 DAGs
[2023-05-29T22:42:27.332+0000] {logging_mixin.py:149} INFO - [2023-05-29T22:42:27.332+0000] {dag.py:3490} INFO - Setting next_dagrun for example_params_trigger_ui to None, run_after=None
[2023-05-29T22:42:27.345+0000] {processor.py:179} INFO - Processing /home/airflow/.local/lib/python3.7/site-packages/airflow/example_dags/example_params_trigger_ui.py took 0.099 seconds
[2023-05-29T22:42:57.766+0000] {processor.py:157} INFO - Started process (PID=100) to work on /home/airflow/.local/lib/python3.7/site-packages/airflow/example_dags/example_params_trigger_ui.py
[2023-05-29T22:42:57.769+0000] {processor.py:826} INFO - Processing file /home/airflow/.local/lib/python3.7/site-packages/airflow/example_dags/example_params_trigger_ui.py for tasks to queue
[2023-05-29T22:42:57.770+0000] {logging_mixin.py:149} INFO - [2023-05-29T22:42:57.769+0000] {dagbag.py:541} INFO - Filling up the DagBag from /home/airflow/.local/lib/python3.7/site-packages/airflow/example_dags/example_params_trigger_ui.py
[2023-05-29T22:42:57.790+0000] {processor.py:836} INFO - DAG(s) dict_keys(['example_params_trigger_ui']) retrieved from /home/airflow/.local/lib/python3.7/site-packages/airflow/example_dags/example_params_trigger_ui.py
[2023-05-29T22:42:57.863+0000] {logging_mixin.py:149} INFO - [2023-05-29T22:42:57.863+0000] {dag.py:2726} INFO - Sync 1 DAGs
[2023-05-29T22:42:57.885+0000] {logging_mixin.py:149} INFO - [2023-05-29T22:42:57.885+0000] {dag.py:3490} INFO - Setting next_dagrun for example_params_trigger_ui to None, run_after=None
[2023-05-29T22:42:57.898+0000] {processor.py:179} INFO - Processing /home/airflow/.local/lib/python3.7/site-packages/airflow/example_dags/example_params_trigger_ui.py took 0.137 seconds
[2023-05-29T22:43:28.873+0000] {processor.py:157} INFO - Started process (PID=156) to work on /home/airflow/.local/lib/python3.7/site-packages/airflow/example_dags/example_params_trigger_ui.py
[2023-05-29T22:43:28.875+0000] {processor.py:826} INFO - Processing file /home/airflow/.local/lib/python3.7/site-packages/airflow/example_dags/example_params_trigger_ui.py for tasks to queue
[2023-05-29T22:43:28.877+0000] {logging_mixin.py:149} INFO - [2023-05-29T22:43:28.876+0000] {dagbag.py:541} INFO - Filling up the DagBag from /home/airflow/.local/lib/python3.7/site-packages/airflow/example_dags/example_params_trigger_ui.py
[2023-05-29T22:43:28.905+0000] {processor.py:836} INFO - DAG(s) dict_keys(['example_params_trigger_ui']) retrieved from /home/airflow/.local/lib/python3.7/site-packages/airflow/example_dags/example_params_trigger_ui.py
[2023-05-29T22:43:28.959+0000] {logging_mixin.py:149} INFO - [2023-05-29T22:43:28.959+0000] {dag.py:2726} INFO - Sync 1 DAGs
[2023-05-29T22:43:28.978+0000] {logging_mixin.py:149} INFO - [2023-05-29T22:43:28.978+0000] {dag.py:3490} INFO - Setting next_dagrun for example_params_trigger_ui to None, run_after=None
[2023-05-29T22:43:28.990+0000] {processor.py:179} INFO - Processing /home/airflow/.local/lib/python3.7/site-packages/airflow/example_dags/example_params_trigger_ui.py took 0.123 seconds
[2023-05-29T22:43:59.418+0000] {processor.py:157} INFO - Started process (PID=212) to work on /home/airflow/.local/lib/python3.7/site-packages/airflow/example_dags/example_params_trigger_ui.py
[2023-05-29T22:43:59.421+0000] {processor.py:826} INFO - Processing file /home/airflow/.local/lib/python3.7/site-packages/airflow/example_dags/example_params_trigger_ui.py for tasks to queue
[2023-05-29T22:43:59.422+0000] {logging_mixin.py:149} INFO - [2023-05-29T22:43:59.422+0000] {dagbag.py:541} INFO - Filling up the DagBag from /home/airflow/.local/lib/python3.7/site-packages/airflow/example_dags/example_params_trigger_ui.py
[2023-05-29T22:43:59.444+0000] {processor.py:836} INFO - DAG(s) dict_keys(['example_params_trigger_ui']) retrieved from /home/airflow/.local/lib/python3.7/site-packages/airflow/example_dags/example_params_trigger_ui.py
[2023-05-29T22:43:59.491+0000] {logging_mixin.py:149} INFO - [2023-05-29T22:43:59.491+0000] {dag.py:2726} INFO - Sync 1 DAGs
[2023-05-29T22:43:59.508+0000] {logging_mixin.py:149} INFO - [2023-05-29T22:43:59.508+0000] {dag.py:3490} INFO - Setting next_dagrun for example_params_trigger_ui to None, run_after=None
[2023-05-29T22:43:59.519+0000] {processor.py:179} INFO - Processing /home/airflow/.local/lib/python3.7/site-packages/airflow/example_dags/example_params_trigger_ui.py took 0.107 seconds
[2023-05-29T22:44:29.787+0000] {processor.py:157} INFO - Started process (PID=276) to work on /home/airflow/.local/lib/python3.7/site-packages/airflow/example_dags/example_params_trigger_ui.py
[2023-05-29T22:44:29.790+0000] {processor.py:826} INFO - Processing file /home/airflow/.local/lib/python3.7/site-packages/airflow/example_dags/example_params_trigger_ui.py for tasks to queue
[2023-05-29T22:44:29.791+0000] {logging_mixin.py:149} INFO - [2023-05-29T22:44:29.791+0000] {dagbag.py:541} INFO - Filling up the DagBag from /home/airflow/.local/lib/python3.7/site-packages/airflow/example_dags/example_params_trigger_ui.py
[2023-05-29T22:44:29.814+0000] {processor.py:836} INFO - DAG(s) dict_keys(['example_params_trigger_ui']) retrieved from /home/airflow/.local/lib/python3.7/site-packages/airflow/example_dags/example_params_trigger_ui.py
[2023-05-29T22:44:29.865+0000] {logging_mixin.py:149} INFO - [2023-05-29T22:44:29.865+0000] {dag.py:2726} INFO - Sync 1 DAGs
[2023-05-29T22:44:29.882+0000] {logging_mixin.py:149} INFO - [2023-05-29T22:44:29.882+0000] {dag.py:3490} INFO - Setting next_dagrun for example_params_trigger_ui to None, run_after=None
[2023-05-29T22:44:29.896+0000] {processor.py:179} INFO - Processing /home/airflow/.local/lib/python3.7/site-packages/airflow/example_dags/example_params_trigger_ui.py took 0.115 seconds
[2023-05-29T22:45:00.366+0000] {processor.py:157} INFO - Started process (PID=332) to work on /home/airflow/.local/lib/python3.7/site-packages/airflow/example_dags/example_params_trigger_ui.py
[2023-05-29T22:45:00.368+0000] {processor.py:826} INFO - Processing file /home/airflow/.local/lib/python3.7/site-packages/airflow/example_dags/example_params_trigger_ui.py for tasks to queue
[2023-05-29T22:45:00.369+0000] {logging_mixin.py:149} INFO - [2023-05-29T22:45:00.369+0000] {dagbag.py:541} INFO - Filling up the DagBag from /home/airflow/.local/lib/python3.7/site-packages/airflow/example_dags/example_params_trigger_ui.py
[2023-05-29T22:45:00.398+0000] {processor.py:836} INFO - DAG(s) dict_keys(['example_params_trigger_ui']) retrieved from /home/airflow/.local/lib/python3.7/site-packages/airflow/example_dags/example_params_trigger_ui.py
[2023-05-29T22:45:00.479+0000] {logging_mixin.py:149} INFO - [2023-05-29T22:45:00.479+0000] {dag.py:2726} INFO - Sync 1 DAGs
[2023-05-29T22:45:00.506+0000] {logging_mixin.py:149} INFO - [2023-05-29T22:45:00.506+0000] {dag.py:3490} INFO - Setting next_dagrun for example_params_trigger_ui to None, run_after=None
[2023-05-29T22:45:00.523+0000] {processor.py:179} INFO - Processing /home/airflow/.local/lib/python3.7/site-packages/airflow/example_dags/example_params_trigger_ui.py took 0.165 seconds
[2023-05-29T22:45:30.810+0000] {processor.py:157} INFO - Started process (PID=388) to work on /home/airflow/.local/lib/python3.7/site-packages/airflow/example_dags/example_params_trigger_ui.py
[2023-05-29T22:45:30.813+0000] {processor.py:826} INFO - Processing file /home/airflow/.local/lib/python3.7/site-packages/airflow/example_dags/example_params_trigger_ui.py for tasks to queue
[2023-05-29T22:45:30.815+0000] {logging_mixin.py:149} INFO - [2023-05-29T22:45:30.815+0000] {dagbag.py:541} INFO - Filling up the DagBag from /home/airflow/.local/lib/python3.7/site-packages/airflow/example_dags/example_params_trigger_ui.py
[2023-05-29T22:45:30.849+0000] {processor.py:836} INFO - DAG(s) dict_keys(['example_params_trigger_ui']) retrieved from /home/airflow/.local/lib/python3.7/site-packages/airflow/example_dags/example_params_trigger_ui.py
[2023-05-29T22:45:30.987+0000] {logging_mixin.py:149} INFO - [2023-05-29T22:45:30.986+0000] {dag.py:2726} INFO - Sync 1 DAGs
[2023-05-29T22:45:31.014+0000] {logging_mixin.py:149} INFO - [2023-05-29T22:45:31.014+0000] {dag.py:3490} INFO - Setting next_dagrun for example_params_trigger_ui to None, run_after=None
[2023-05-29T22:45:31.028+0000] {processor.py:179} INFO - Processing /home/airflow/.local/lib/python3.7/site-packages/airflow/example_dags/example_params_trigger_ui.py took 0.225 seconds
[2023-05-29T22:46:01.484+0000] {processor.py:157} INFO - Started process (PID=444) to work on /home/airflow/.local/lib/python3.7/site-packages/airflow/example_dags/example_params_trigger_ui.py
[2023-05-29T22:46:01.486+0000] {processor.py:826} INFO - Processing file /home/airflow/.local/lib/python3.7/site-packages/airflow/example_dags/example_params_trigger_ui.py for tasks to queue
[2023-05-29T22:46:01.488+0000] {logging_mixin.py:149} INFO - [2023-05-29T22:46:01.488+0000] {dagbag.py:541} INFO - Filling up the DagBag from /home/airflow/.local/lib/python3.7/site-packages/airflow/example_dags/example_params_trigger_ui.py
[2023-05-29T22:46:01.529+0000] {processor.py:836} INFO - DAG(s) dict_keys(['example_params_trigger_ui']) retrieved from /home/airflow/.local/lib/python3.7/site-packages/airflow/example_dags/example_params_trigger_ui.py
[2023-05-29T22:46:01.605+0000] {logging_mixin.py:149} INFO - [2023-05-29T22:46:01.605+0000] {dag.py:2726} INFO - Sync 1 DAGs
[2023-05-29T22:46:01.636+0000] {logging_mixin.py:149} INFO - [2023-05-29T22:46:01.636+0000] {dag.py:3490} INFO - Setting next_dagrun for example_params_trigger_ui to None, run_after=None
[2023-05-29T22:46:01.658+0000] {processor.py:179} INFO - Processing /home/airflow/.local/lib/python3.7/site-packages/airflow/example_dags/example_params_trigger_ui.py took 0.186 seconds
[2023-05-29T22:46:31.820+0000] {processor.py:157} INFO - Started process (PID=500) to work on /home/airflow/.local/lib/python3.7/site-packages/airflow/example_dags/example_params_trigger_ui.py
[2023-05-29T22:46:31.831+0000] {processor.py:826} INFO - Processing file /home/airflow/.local/lib/python3.7/site-packages/airflow/example_dags/example_params_trigger_ui.py for tasks to queue
[2023-05-29T22:46:31.833+0000] {logging_mixin.py:149} INFO - [2023-05-29T22:46:31.833+0000] {dagbag.py:541} INFO - Filling up the DagBag from /home/airflow/.local/lib/python3.7/site-packages/airflow/example_dags/example_params_trigger_ui.py
[2023-05-29T22:46:31.867+0000] {processor.py:836} INFO - DAG(s) dict_keys(['example_params_trigger_ui']) retrieved from /home/airflow/.local/lib/python3.7/site-packages/airflow/example_dags/example_params_trigger_ui.py
[2023-05-29T22:46:31.918+0000] {logging_mixin.py:149} INFO - [2023-05-29T22:46:31.918+0000] {dag.py:2726} INFO - Sync 1 DAGs
[2023-05-29T22:46:31.938+0000] {logging_mixin.py:149} INFO - [2023-05-29T22:46:31.938+0000] {dag.py:3490} INFO - Setting next_dagrun for example_params_trigger_ui to None, run_after=None
[2023-05-29T22:46:31.953+0000] {processor.py:179} INFO - Processing /home/airflow/.local/lib/python3.7/site-packages/airflow/example_dags/example_params_trigger_ui.py took 0.142 seconds
[2023-05-29T22:47:02.022+0000] {processor.py:157} INFO - Started process (PID=556) to work on /home/airflow/.local/lib/python3.7/site-packages/airflow/example_dags/example_params_trigger_ui.py
[2023-05-29T22:47:02.023+0000] {processor.py:826} INFO - Processing file /home/airflow/.local/lib/python3.7/site-packages/airflow/example_dags/example_params_trigger_ui.py for tasks to queue
[2023-05-29T22:47:02.025+0000] {logging_mixin.py:149} INFO - [2023-05-29T22:47:02.025+0000] {dagbag.py:541} INFO - Filling up the DagBag from /home/airflow/.local/lib/python3.7/site-packages/airflow/example_dags/example_params_trigger_ui.py
[2023-05-29T22:47:02.051+0000] {processor.py:836} INFO - DAG(s) dict_keys(['example_params_trigger_ui']) retrieved from /home/airflow/.local/lib/python3.7/site-packages/airflow/example_dags/example_params_trigger_ui.py
[2023-05-29T22:47:02.122+0000] {logging_mixin.py:149} INFO - [2023-05-29T22:47:02.122+0000] {dag.py:2726} INFO - Sync 1 DAGs
[2023-05-29T22:47:02.140+0000] {logging_mixin.py:149} INFO - [2023-05-29T22:47:02.140+0000] {dag.py:3490} INFO - Setting next_dagrun for example_params_trigger_ui to None, run_after=None
[2023-05-29T22:47:02.157+0000] {processor.py:179} INFO - Processing /home/airflow/.local/lib/python3.7/site-packages/airflow/example_dags/example_params_trigger_ui.py took 0.142 seconds
[2023-05-29T22:47:32.341+0000] {processor.py:157} INFO - Started process (PID=611) to work on /home/airflow/.local/lib/python3.7/site-packages/airflow/example_dags/example_params_trigger_ui.py
[2023-05-29T22:47:32.342+0000] {processor.py:826} INFO - Processing file /home/airflow/.local/lib/python3.7/site-packages/airflow/example_dags/example_params_trigger_ui.py for tasks to queue
[2023-05-29T22:47:32.343+0000] {logging_mixin.py:149} INFO - [2023-05-29T22:47:32.343+0000] {dagbag.py:541} INFO - Filling up the DagBag from /home/airflow/.local/lib/python3.7/site-packages/airflow/example_dags/example_params_trigger_ui.py
[2023-05-29T22:47:32.363+0000] {processor.py:836} INFO - DAG(s) dict_keys(['example_params_trigger_ui']) retrieved from /home/airflow/.local/lib/python3.7/site-packages/airflow/example_dags/example_params_trigger_ui.py
[2023-05-29T22:47:32.410+0000] {logging_mixin.py:149} INFO - [2023-05-29T22:47:32.410+0000] {dag.py:2726} INFO - Sync 1 DAGs
[2023-05-29T22:47:32.427+0000] {logging_mixin.py:149} INFO - [2023-05-29T22:47:32.427+0000] {dag.py:3490} INFO - Setting next_dagrun for example_params_trigger_ui to None, run_after=None
[2023-05-29T22:47:32.438+0000] {processor.py:179} INFO - Processing /home/airflow/.local/lib/python3.7/site-packages/airflow/example_dags/example_params_trigger_ui.py took 0.101 seconds
[2023-05-29T22:48:02.495+0000] {processor.py:157} INFO - Started process (PID=667) to work on /home/airflow/.local/lib/python3.7/site-packages/airflow/example_dags/example_params_trigger_ui.py
[2023-05-29T22:48:02.497+0000] {processor.py:826} INFO - Processing file /home/airflow/.local/lib/python3.7/site-packages/airflow/example_dags/example_params_trigger_ui.py for tasks to queue
[2023-05-29T22:48:02.498+0000] {logging_mixin.py:149} INFO - [2023-05-29T22:48:02.498+0000] {dagbag.py:541} INFO - Filling up the DagBag from /home/airflow/.local/lib/python3.7/site-packages/airflow/example_dags/example_params_trigger_ui.py
[2023-05-29T22:48:02.517+0000] {processor.py:836} INFO - DAG(s) dict_keys(['example_params_trigger_ui']) retrieved from /home/airflow/.local/lib/python3.7/site-packages/airflow/example_dags/example_params_trigger_ui.py
[2023-05-29T22:48:02.573+0000] {logging_mixin.py:149} INFO - [2023-05-29T22:48:02.572+0000] {dag.py:2726} INFO - Sync 1 DAGs
[2023-05-29T22:48:02.588+0000] {logging_mixin.py:149} INFO - [2023-05-29T22:48:02.587+0000] {dag.py:3490} INFO - Setting next_dagrun for example_params_trigger_ui to None, run_after=None
[2023-05-29T22:48:02.600+0000] {processor.py:179} INFO - Processing /home/airflow/.local/lib/python3.7/site-packages/airflow/example_dags/example_params_trigger_ui.py took 0.108 seconds
[2023-05-29T22:49:24.686+0000] {processor.py:157} INFO - Started process (PID=45) to work on /home/airflow/.local/lib/python3.7/site-packages/airflow/example_dags/example_params_trigger_ui.py
[2023-05-29T22:49:24.688+0000] {processor.py:826} INFO - Processing file /home/airflow/.local/lib/python3.7/site-packages/airflow/example_dags/example_params_trigger_ui.py for tasks to queue
[2023-05-29T22:49:24.691+0000] {logging_mixin.py:149} INFO - [2023-05-29T22:49:24.691+0000] {dagbag.py:541} INFO - Filling up the DagBag from /home/airflow/.local/lib/python3.7/site-packages/airflow/example_dags/example_params_trigger_ui.py
[2023-05-29T22:49:24.714+0000] {processor.py:836} INFO - DAG(s) dict_keys(['example_params_trigger_ui']) retrieved from /home/airflow/.local/lib/python3.7/site-packages/airflow/example_dags/example_params_trigger_ui.py
[2023-05-29T22:49:24.726+0000] {logging_mixin.py:149} INFO - [2023-05-29T22:49:24.726+0000] {dag.py:2726} INFO - Sync 1 DAGs
[2023-05-29T22:49:24.752+0000] {logging_mixin.py:149} INFO - [2023-05-29T22:49:24.752+0000] {dag.py:3490} INFO - Setting next_dagrun for example_params_trigger_ui to None, run_after=None
[2023-05-29T22:49:24.766+0000] {processor.py:179} INFO - Processing /home/airflow/.local/lib/python3.7/site-packages/airflow/example_dags/example_params_trigger_ui.py took 0.086 seconds
[2023-05-29T22:49:55.234+0000] {processor.py:157} INFO - Started process (PID=101) to work on /home/airflow/.local/lib/python3.7/site-packages/airflow/example_dags/example_params_trigger_ui.py
[2023-05-29T22:49:55.235+0000] {processor.py:826} INFO - Processing file /home/airflow/.local/lib/python3.7/site-packages/airflow/example_dags/example_params_trigger_ui.py for tasks to queue
[2023-05-29T22:49:55.236+0000] {logging_mixin.py:149} INFO - [2023-05-29T22:49:55.236+0000] {dagbag.py:541} INFO - Filling up the DagBag from /home/airflow/.local/lib/python3.7/site-packages/airflow/example_dags/example_params_trigger_ui.py
[2023-05-29T22:49:55.251+0000] {processor.py:836} INFO - DAG(s) dict_keys(['example_params_trigger_ui']) retrieved from /home/airflow/.local/lib/python3.7/site-packages/airflow/example_dags/example_params_trigger_ui.py
[2023-05-29T22:49:55.301+0000] {logging_mixin.py:149} INFO - [2023-05-29T22:49:55.301+0000] {dag.py:2726} INFO - Sync 1 DAGs
[2023-05-29T22:49:55.317+0000] {logging_mixin.py:149} INFO - [2023-05-29T22:49:55.317+0000] {dag.py:3490} INFO - Setting next_dagrun for example_params_trigger_ui to None, run_after=None
[2023-05-29T22:49:55.329+0000] {processor.py:179} INFO - Processing /home/airflow/.local/lib/python3.7/site-packages/airflow/example_dags/example_params_trigger_ui.py took 0.097 seconds
[2023-05-29T22:50:30.165+0000] {processor.py:157} INFO - Started process (PID=157) to work on /home/airflow/.local/lib/python3.7/site-packages/airflow/example_dags/example_params_trigger_ui.py
[2023-05-29T22:50:30.167+0000] {processor.py:826} INFO - Processing file /home/airflow/.local/lib/python3.7/site-packages/airflow/example_dags/example_params_trigger_ui.py for tasks to queue
[2023-05-29T22:50:30.168+0000] {logging_mixin.py:149} INFO - [2023-05-29T22:50:30.168+0000] {dagbag.py:541} INFO - Filling up the DagBag from /home/airflow/.local/lib/python3.7/site-packages/airflow/example_dags/example_params_trigger_ui.py
[2023-05-29T22:50:30.224+0000] {processor.py:836} INFO - DAG(s) dict_keys(['example_params_trigger_ui']) retrieved from /home/airflow/.local/lib/python3.7/site-packages/airflow/example_dags/example_params_trigger_ui.py
[2023-05-29T22:50:30.237+0000] {logging_mixin.py:149} INFO - [2023-05-29T22:50:30.237+0000] {dag.py:2726} INFO - Sync 1 DAGs
[2023-05-29T22:50:30.260+0000] {logging_mixin.py:149} INFO - [2023-05-29T22:50:30.260+0000] {dag.py:3490} INFO - Setting next_dagrun for example_params_trigger_ui to None, run_after=None
[2023-05-29T22:50:30.276+0000] {processor.py:179} INFO - Processing /home/airflow/.local/lib/python3.7/site-packages/airflow/example_dags/example_params_trigger_ui.py took 0.114 seconds
[2023-05-29T22:51:40.713+0000] {processor.py:157} INFO - Started process (PID=45) to work on /home/airflow/.local/lib/python3.7/site-packages/airflow/example_dags/example_params_trigger_ui.py
[2023-05-29T22:51:40.715+0000] {processor.py:826} INFO - Processing file /home/airflow/.local/lib/python3.7/site-packages/airflow/example_dags/example_params_trigger_ui.py for tasks to queue
[2023-05-29T22:51:40.718+0000] {logging_mixin.py:149} INFO - [2023-05-29T22:51:40.718+0000] {dagbag.py:541} INFO - Filling up the DagBag from /home/airflow/.local/lib/python3.7/site-packages/airflow/example_dags/example_params_trigger_ui.py
[2023-05-29T22:51:40.749+0000] {processor.py:836} INFO - DAG(s) dict_keys(['example_params_trigger_ui']) retrieved from /home/airflow/.local/lib/python3.7/site-packages/airflow/example_dags/example_params_trigger_ui.py
[2023-05-29T22:51:40.777+0000] {logging_mixin.py:149} INFO - [2023-05-29T22:51:40.777+0000] {dag.py:2726} INFO - Sync 1 DAGs
[2023-05-29T22:51:40.808+0000] {logging_mixin.py:149} INFO - [2023-05-29T22:51:40.808+0000] {dag.py:3490} INFO - Setting next_dagrun for example_params_trigger_ui to None, run_after=None
[2023-05-29T22:51:40.844+0000] {processor.py:179} INFO - Processing /home/airflow/.local/lib/python3.7/site-packages/airflow/example_dags/example_params_trigger_ui.py took 0.134 seconds
[2023-05-29T22:52:11.659+0000] {processor.py:157} INFO - Started process (PID=101) to work on /home/airflow/.local/lib/python3.7/site-packages/airflow/example_dags/example_params_trigger_ui.py
[2023-05-29T22:52:11.660+0000] {processor.py:826} INFO - Processing file /home/airflow/.local/lib/python3.7/site-packages/airflow/example_dags/example_params_trigger_ui.py for tasks to queue
[2023-05-29T22:52:11.660+0000] {logging_mixin.py:149} INFO - [2023-05-29T22:52:11.660+0000] {dagbag.py:541} INFO - Filling up the DagBag from /home/airflow/.local/lib/python3.7/site-packages/airflow/example_dags/example_params_trigger_ui.py
[2023-05-29T22:52:11.674+0000] {processor.py:836} INFO - DAG(s) dict_keys(['example_params_trigger_ui']) retrieved from /home/airflow/.local/lib/python3.7/site-packages/airflow/example_dags/example_params_trigger_ui.py
[2023-05-29T22:52:11.718+0000] {logging_mixin.py:149} INFO - [2023-05-29T22:52:11.718+0000] {dag.py:2726} INFO - Sync 1 DAGs
[2023-05-29T22:52:11.733+0000] {logging_mixin.py:149} INFO - [2023-05-29T22:52:11.733+0000] {dag.py:3490} INFO - Setting next_dagrun for example_params_trigger_ui to None, run_after=None
[2023-05-29T22:52:11.744+0000] {processor.py:179} INFO - Processing /home/airflow/.local/lib/python3.7/site-packages/airflow/example_dags/example_params_trigger_ui.py took 0.088 seconds
[2023-05-29T22:52:42.135+0000] {processor.py:157} INFO - Started process (PID=157) to work on /home/airflow/.local/lib/python3.7/site-packages/airflow/example_dags/example_params_trigger_ui.py
[2023-05-29T22:52:42.136+0000] {processor.py:826} INFO - Processing file /home/airflow/.local/lib/python3.7/site-packages/airflow/example_dags/example_params_trigger_ui.py for tasks to queue
[2023-05-29T22:52:42.136+0000] {logging_mixin.py:149} INFO - [2023-05-29T22:52:42.136+0000] {dagbag.py:541} INFO - Filling up the DagBag from /home/airflow/.local/lib/python3.7/site-packages/airflow/example_dags/example_params_trigger_ui.py
[2023-05-29T22:52:42.151+0000] {processor.py:836} INFO - DAG(s) dict_keys(['example_params_trigger_ui']) retrieved from /home/airflow/.local/lib/python3.7/site-packages/airflow/example_dags/example_params_trigger_ui.py
[2023-05-29T22:52:42.213+0000] {logging_mixin.py:149} INFO - [2023-05-29T22:52:42.213+0000] {dag.py:2726} INFO - Sync 1 DAGs
[2023-05-29T22:52:42.233+0000] {logging_mixin.py:149} INFO - [2023-05-29T22:52:42.233+0000] {dag.py:3490} INFO - Setting next_dagrun for example_params_trigger_ui to None, run_after=None
[2023-05-29T22:52:42.253+0000] {processor.py:179} INFO - Processing /home/airflow/.local/lib/python3.7/site-packages/airflow/example_dags/example_params_trigger_ui.py took 0.121 seconds
