[2023-05-29T22:42:27.511+0000] {processor.py:157} INFO - Started process (PID=48) to work on /home/airflow/.local/lib/python3.7/site-packages/airflow/example_dags/example_external_task_marker_dag.py
[2023-05-29T22:42:27.513+0000] {processor.py:826} INFO - Processing file /home/airflow/.local/lib/python3.7/site-packages/airflow/example_dags/example_external_task_marker_dag.py for tasks to queue
[2023-05-29T22:42:27.514+0000] {logging_mixin.py:149} INFO - [2023-05-29T22:42:27.514+0000] {dagbag.py:541} INFO - Filling up the DagBag from /home/airflow/.local/lib/python3.7/site-packages/airflow/example_dags/example_external_task_marker_dag.py
[2023-05-29T22:42:27.521+0000] {processor.py:836} INFO - DAG(s) dict_keys(['example_external_task_marker_child', 'example_external_task_marker_parent']) retrieved from /home/airflow/.local/lib/python3.7/site-packages/airflow/example_dags/example_external_task_marker_dag.py
[2023-05-29T22:42:27.537+0000] {logging_mixin.py:149} INFO - [2023-05-29T22:42:27.536+0000] {dag.py:2726} INFO - Sync 2 DAGs
[2023-05-29T22:42:27.570+0000] {logging_mixin.py:149} INFO - [2023-05-29T22:42:27.570+0000] {dag.py:3490} INFO - Setting next_dagrun for example_external_task_marker_child to None, run_after=None
[2023-05-29T22:42:27.574+0000] {logging_mixin.py:149} INFO - [2023-05-29T22:42:27.574+0000] {dag.py:3490} INFO - Setting next_dagrun for example_external_task_marker_parent to None, run_after=None
[2023-05-29T22:42:27.598+0000] {processor.py:179} INFO - Processing /home/airflow/.local/lib/python3.7/site-packages/airflow/example_dags/example_external_task_marker_dag.py took 0.089 seconds
[2023-05-29T22:42:58.131+0000] {processor.py:157} INFO - Started process (PID=104) to work on /home/airflow/.local/lib/python3.7/site-packages/airflow/example_dags/example_external_task_marker_dag.py
[2023-05-29T22:42:58.135+0000] {processor.py:826} INFO - Processing file /home/airflow/.local/lib/python3.7/site-packages/airflow/example_dags/example_external_task_marker_dag.py for tasks to queue
[2023-05-29T22:42:58.136+0000] {logging_mixin.py:149} INFO - [2023-05-29T22:42:58.135+0000] {dagbag.py:541} INFO - Filling up the DagBag from /home/airflow/.local/lib/python3.7/site-packages/airflow/example_dags/example_external_task_marker_dag.py
[2023-05-29T22:42:58.152+0000] {processor.py:836} INFO - DAG(s) dict_keys(['example_external_task_marker_child', 'example_external_task_marker_parent']) retrieved from /home/airflow/.local/lib/python3.7/site-packages/airflow/example_dags/example_external_task_marker_dag.py
[2023-05-29T22:42:58.233+0000] {logging_mixin.py:149} INFO - [2023-05-29T22:42:58.233+0000] {dag.py:2726} INFO - Sync 2 DAGs
[2023-05-29T22:42:58.264+0000] {logging_mixin.py:149} INFO - [2023-05-29T22:42:58.264+0000] {dag.py:3490} INFO - Setting next_dagrun for example_external_task_marker_child to None, run_after=None
[2023-05-29T22:42:58.269+0000] {logging_mixin.py:149} INFO - [2023-05-29T22:42:58.269+0000] {dag.py:3490} INFO - Setting next_dagrun for example_external_task_marker_parent to None, run_after=None
[2023-05-29T22:42:58.295+0000] {processor.py:179} INFO - Processing /home/airflow/.local/lib/python3.7/site-packages/airflow/example_dags/example_external_task_marker_dag.py took 0.167 seconds
[2023-05-29T22:43:29.067+0000] {processor.py:157} INFO - Started process (PID=160) to work on /home/airflow/.local/lib/python3.7/site-packages/airflow/example_dags/example_external_task_marker_dag.py
[2023-05-29T22:43:29.068+0000] {processor.py:826} INFO - Processing file /home/airflow/.local/lib/python3.7/site-packages/airflow/example_dags/example_external_task_marker_dag.py for tasks to queue
[2023-05-29T22:43:29.069+0000] {logging_mixin.py:149} INFO - [2023-05-29T22:43:29.069+0000] {dagbag.py:541} INFO - Filling up the DagBag from /home/airflow/.local/lib/python3.7/site-packages/airflow/example_dags/example_external_task_marker_dag.py
[2023-05-29T22:43:29.074+0000] {processor.py:836} INFO - DAG(s) dict_keys(['example_external_task_marker_child', 'example_external_task_marker_parent']) retrieved from /home/airflow/.local/lib/python3.7/site-packages/airflow/example_dags/example_external_task_marker_dag.py
[2023-05-29T22:43:29.100+0000] {logging_mixin.py:149} INFO - [2023-05-29T22:43:29.100+0000] {dag.py:2726} INFO - Sync 2 DAGs
[2023-05-29T22:43:29.120+0000] {logging_mixin.py:149} INFO - [2023-05-29T22:43:29.120+0000] {dag.py:3490} INFO - Setting next_dagrun for example_external_task_marker_child to None, run_after=None
[2023-05-29T22:43:29.123+0000] {logging_mixin.py:149} INFO - [2023-05-29T22:43:29.123+0000] {dag.py:3490} INFO - Setting next_dagrun for example_external_task_marker_parent to None, run_after=None
[2023-05-29T22:43:29.134+0000] {processor.py:179} INFO - Processing /home/airflow/.local/lib/python3.7/site-packages/airflow/example_dags/example_external_task_marker_dag.py took 0.070 seconds
[2023-05-29T22:43:59.591+0000] {processor.py:157} INFO - Started process (PID=216) to work on /home/airflow/.local/lib/python3.7/site-packages/airflow/example_dags/example_external_task_marker_dag.py
[2023-05-29T22:43:59.592+0000] {processor.py:826} INFO - Processing file /home/airflow/.local/lib/python3.7/site-packages/airflow/example_dags/example_external_task_marker_dag.py for tasks to queue
[2023-05-29T22:43:59.593+0000] {logging_mixin.py:149} INFO - [2023-05-29T22:43:59.593+0000] {dagbag.py:541} INFO - Filling up the DagBag from /home/airflow/.local/lib/python3.7/site-packages/airflow/example_dags/example_external_task_marker_dag.py
[2023-05-29T22:43:59.598+0000] {processor.py:836} INFO - DAG(s) dict_keys(['example_external_task_marker_parent', 'example_external_task_marker_child']) retrieved from /home/airflow/.local/lib/python3.7/site-packages/airflow/example_dags/example_external_task_marker_dag.py
[2023-05-29T22:43:59.624+0000] {logging_mixin.py:149} INFO - [2023-05-29T22:43:59.624+0000] {dag.py:2726} INFO - Sync 2 DAGs
[2023-05-29T22:43:59.643+0000] {logging_mixin.py:149} INFO - [2023-05-29T22:43:59.643+0000] {dag.py:3490} INFO - Setting next_dagrun for example_external_task_marker_child to None, run_after=None
[2023-05-29T22:43:59.645+0000] {logging_mixin.py:149} INFO - [2023-05-29T22:43:59.645+0000] {dag.py:3490} INFO - Setting next_dagrun for example_external_task_marker_parent to None, run_after=None
[2023-05-29T22:43:59.655+0000] {processor.py:179} INFO - Processing /home/airflow/.local/lib/python3.7/site-packages/airflow/example_dags/example_external_task_marker_dag.py took 0.067 seconds
[2023-05-29T22:44:29.972+0000] {processor.py:157} INFO - Started process (PID=280) to work on /home/airflow/.local/lib/python3.7/site-packages/airflow/example_dags/example_external_task_marker_dag.py
[2023-05-29T22:44:29.973+0000] {processor.py:826} INFO - Processing file /home/airflow/.local/lib/python3.7/site-packages/airflow/example_dags/example_external_task_marker_dag.py for tasks to queue
[2023-05-29T22:44:29.974+0000] {logging_mixin.py:149} INFO - [2023-05-29T22:44:29.973+0000] {dagbag.py:541} INFO - Filling up the DagBag from /home/airflow/.local/lib/python3.7/site-packages/airflow/example_dags/example_external_task_marker_dag.py
[2023-05-29T22:44:29.978+0000] {processor.py:836} INFO - DAG(s) dict_keys(['example_external_task_marker_parent', 'example_external_task_marker_child']) retrieved from /home/airflow/.local/lib/python3.7/site-packages/airflow/example_dags/example_external_task_marker_dag.py
[2023-05-29T22:44:30.000+0000] {logging_mixin.py:149} INFO - [2023-05-29T22:44:30.000+0000] {dag.py:2726} INFO - Sync 2 DAGs
[2023-05-29T22:44:30.018+0000] {logging_mixin.py:149} INFO - [2023-05-29T22:44:30.018+0000] {dag.py:3490} INFO - Setting next_dagrun for example_external_task_marker_child to None, run_after=None
[2023-05-29T22:44:30.022+0000] {logging_mixin.py:149} INFO - [2023-05-29T22:44:30.021+0000] {dag.py:3490} INFO - Setting next_dagrun for example_external_task_marker_parent to None, run_after=None
[2023-05-29T22:44:30.032+0000] {processor.py:179} INFO - Processing /home/airflow/.local/lib/python3.7/site-packages/airflow/example_dags/example_external_task_marker_dag.py took 0.063 seconds
[2023-05-29T22:45:00.596+0000] {processor.py:157} INFO - Started process (PID=336) to work on /home/airflow/.local/lib/python3.7/site-packages/airflow/example_dags/example_external_task_marker_dag.py
[2023-05-29T22:45:00.597+0000] {processor.py:826} INFO - Processing file /home/airflow/.local/lib/python3.7/site-packages/airflow/example_dags/example_external_task_marker_dag.py for tasks to queue
[2023-05-29T22:45:00.598+0000] {logging_mixin.py:149} INFO - [2023-05-29T22:45:00.598+0000] {dagbag.py:541} INFO - Filling up the DagBag from /home/airflow/.local/lib/python3.7/site-packages/airflow/example_dags/example_external_task_marker_dag.py
[2023-05-29T22:45:00.602+0000] {processor.py:836} INFO - DAG(s) dict_keys(['example_external_task_marker_child', 'example_external_task_marker_parent']) retrieved from /home/airflow/.local/lib/python3.7/site-packages/airflow/example_dags/example_external_task_marker_dag.py
[2023-05-29T22:45:00.634+0000] {logging_mixin.py:149} INFO - [2023-05-29T22:45:00.634+0000] {dag.py:2726} INFO - Sync 2 DAGs
[2023-05-29T22:45:00.653+0000] {logging_mixin.py:149} INFO - [2023-05-29T22:45:00.653+0000] {dag.py:3490} INFO - Setting next_dagrun for example_external_task_marker_child to None, run_after=None
[2023-05-29T22:45:00.655+0000] {logging_mixin.py:149} INFO - [2023-05-29T22:45:00.655+0000] {dag.py:3490} INFO - Setting next_dagrun for example_external_task_marker_parent to None, run_after=None
[2023-05-29T22:45:00.666+0000] {processor.py:179} INFO - Processing /home/airflow/.local/lib/python3.7/site-packages/airflow/example_dags/example_external_task_marker_dag.py took 0.073 seconds
[2023-05-29T22:45:31.107+0000] {processor.py:157} INFO - Started process (PID=392) to work on /home/airflow/.local/lib/python3.7/site-packages/airflow/example_dags/example_external_task_marker_dag.py
[2023-05-29T22:45:31.109+0000] {processor.py:826} INFO - Processing file /home/airflow/.local/lib/python3.7/site-packages/airflow/example_dags/example_external_task_marker_dag.py for tasks to queue
[2023-05-29T22:45:31.110+0000] {logging_mixin.py:149} INFO - [2023-05-29T22:45:31.110+0000] {dagbag.py:541} INFO - Filling up the DagBag from /home/airflow/.local/lib/python3.7/site-packages/airflow/example_dags/example_external_task_marker_dag.py
[2023-05-29T22:45:31.117+0000] {processor.py:836} INFO - DAG(s) dict_keys(['example_external_task_marker_parent', 'example_external_task_marker_child']) retrieved from /home/airflow/.local/lib/python3.7/site-packages/airflow/example_dags/example_external_task_marker_dag.py
[2023-05-29T22:45:31.157+0000] {logging_mixin.py:149} INFO - [2023-05-29T22:45:31.157+0000] {dag.py:2726} INFO - Sync 2 DAGs
[2023-05-29T22:45:31.180+0000] {logging_mixin.py:149} INFO - [2023-05-29T22:45:31.179+0000] {dag.py:3490} INFO - Setting next_dagrun for example_external_task_marker_child to None, run_after=None
[2023-05-29T22:45:31.183+0000] {logging_mixin.py:149} INFO - [2023-05-29T22:45:31.183+0000] {dag.py:3490} INFO - Setting next_dagrun for example_external_task_marker_parent to None, run_after=None
[2023-05-29T22:45:31.196+0000] {processor.py:179} INFO - Processing /home/airflow/.local/lib/python3.7/site-packages/airflow/example_dags/example_external_task_marker_dag.py took 0.092 seconds
[2023-05-29T22:46:01.775+0000] {processor.py:157} INFO - Started process (PID=448) to work on /home/airflow/.local/lib/python3.7/site-packages/airflow/example_dags/example_external_task_marker_dag.py
[2023-05-29T22:46:01.776+0000] {processor.py:826} INFO - Processing file /home/airflow/.local/lib/python3.7/site-packages/airflow/example_dags/example_external_task_marker_dag.py for tasks to queue
[2023-05-29T22:46:01.777+0000] {logging_mixin.py:149} INFO - [2023-05-29T22:46:01.777+0000] {dagbag.py:541} INFO - Filling up the DagBag from /home/airflow/.local/lib/python3.7/site-packages/airflow/example_dags/example_external_task_marker_dag.py
[2023-05-29T22:46:01.783+0000] {processor.py:836} INFO - DAG(s) dict_keys(['example_external_task_marker_parent', 'example_external_task_marker_child']) retrieved from /home/airflow/.local/lib/python3.7/site-packages/airflow/example_dags/example_external_task_marker_dag.py
[2023-05-29T22:46:01.815+0000] {logging_mixin.py:149} INFO - [2023-05-29T22:46:01.815+0000] {dag.py:2726} INFO - Sync 2 DAGs
[2023-05-29T22:46:01.839+0000] {logging_mixin.py:149} INFO - [2023-05-29T22:46:01.839+0000] {dag.py:3490} INFO - Setting next_dagrun for example_external_task_marker_child to None, run_after=None
[2023-05-29T22:46:01.843+0000] {logging_mixin.py:149} INFO - [2023-05-29T22:46:01.843+0000] {dag.py:3490} INFO - Setting next_dagrun for example_external_task_marker_parent to None, run_after=None
[2023-05-29T22:46:01.856+0000] {processor.py:179} INFO - Processing /home/airflow/.local/lib/python3.7/site-packages/airflow/example_dags/example_external_task_marker_dag.py took 0.084 seconds
[2023-05-29T22:46:32.065+0000] {processor.py:157} INFO - Started process (PID=504) to work on /home/airflow/.local/lib/python3.7/site-packages/airflow/example_dags/example_external_task_marker_dag.py
[2023-05-29T22:46:32.066+0000] {processor.py:826} INFO - Processing file /home/airflow/.local/lib/python3.7/site-packages/airflow/example_dags/example_external_task_marker_dag.py for tasks to queue
[2023-05-29T22:46:32.067+0000] {logging_mixin.py:149} INFO - [2023-05-29T22:46:32.067+0000] {dagbag.py:541} INFO - Filling up the DagBag from /home/airflow/.local/lib/python3.7/site-packages/airflow/example_dags/example_external_task_marker_dag.py
[2023-05-29T22:46:32.073+0000] {processor.py:836} INFO - DAG(s) dict_keys(['example_external_task_marker_child', 'example_external_task_marker_parent']) retrieved from /home/airflow/.local/lib/python3.7/site-packages/airflow/example_dags/example_external_task_marker_dag.py
[2023-05-29T22:46:32.097+0000] {logging_mixin.py:149} INFO - [2023-05-29T22:46:32.097+0000] {dag.py:2726} INFO - Sync 2 DAGs
[2023-05-29T22:46:32.114+0000] {logging_mixin.py:149} INFO - [2023-05-29T22:46:32.114+0000] {dag.py:3490} INFO - Setting next_dagrun for example_external_task_marker_child to None, run_after=None
[2023-05-29T22:46:32.117+0000] {logging_mixin.py:149} INFO - [2023-05-29T22:46:32.117+0000] {dag.py:3490} INFO - Setting next_dagrun for example_external_task_marker_parent to None, run_after=None
[2023-05-29T22:46:32.127+0000] {processor.py:179} INFO - Processing /home/airflow/.local/lib/python3.7/site-packages/airflow/example_dags/example_external_task_marker_dag.py took 0.065 seconds
[2023-05-29T22:47:02.253+0000] {processor.py:157} INFO - Started process (PID=560) to work on /home/airflow/.local/lib/python3.7/site-packages/airflow/example_dags/example_external_task_marker_dag.py
[2023-05-29T22:47:02.255+0000] {processor.py:826} INFO - Processing file /home/airflow/.local/lib/python3.7/site-packages/airflow/example_dags/example_external_task_marker_dag.py for tasks to queue
[2023-05-29T22:47:02.257+0000] {logging_mixin.py:149} INFO - [2023-05-29T22:47:02.257+0000] {dagbag.py:541} INFO - Filling up the DagBag from /home/airflow/.local/lib/python3.7/site-packages/airflow/example_dags/example_external_task_marker_dag.py
[2023-05-29T22:47:02.262+0000] {processor.py:836} INFO - DAG(s) dict_keys(['example_external_task_marker_parent', 'example_external_task_marker_child']) retrieved from /home/airflow/.local/lib/python3.7/site-packages/airflow/example_dags/example_external_task_marker_dag.py
[2023-05-29T22:47:02.295+0000] {logging_mixin.py:149} INFO - [2023-05-29T22:47:02.294+0000] {dag.py:2726} INFO - Sync 2 DAGs
[2023-05-29T22:47:02.313+0000] {logging_mixin.py:149} INFO - [2023-05-29T22:47:02.313+0000] {dag.py:3490} INFO - Setting next_dagrun for example_external_task_marker_child to None, run_after=None
[2023-05-29T22:47:02.317+0000] {logging_mixin.py:149} INFO - [2023-05-29T22:47:02.317+0000] {dag.py:3490} INFO - Setting next_dagrun for example_external_task_marker_parent to None, run_after=None
[2023-05-29T22:47:02.330+0000] {processor.py:179} INFO - Processing /home/airflow/.local/lib/python3.7/site-packages/airflow/example_dags/example_external_task_marker_dag.py took 0.081 seconds
[2023-05-29T22:47:32.509+0000] {processor.py:157} INFO - Started process (PID=615) to work on /home/airflow/.local/lib/python3.7/site-packages/airflow/example_dags/example_external_task_marker_dag.py
[2023-05-29T22:47:32.510+0000] {processor.py:826} INFO - Processing file /home/airflow/.local/lib/python3.7/site-packages/airflow/example_dags/example_external_task_marker_dag.py for tasks to queue
[2023-05-29T22:47:32.511+0000] {logging_mixin.py:149} INFO - [2023-05-29T22:47:32.511+0000] {dagbag.py:541} INFO - Filling up the DagBag from /home/airflow/.local/lib/python3.7/site-packages/airflow/example_dags/example_external_task_marker_dag.py
[2023-05-29T22:47:32.516+0000] {processor.py:836} INFO - DAG(s) dict_keys(['example_external_task_marker_child', 'example_external_task_marker_parent']) retrieved from /home/airflow/.local/lib/python3.7/site-packages/airflow/example_dags/example_external_task_marker_dag.py
[2023-05-29T22:47:32.539+0000] {logging_mixin.py:149} INFO - [2023-05-29T22:47:32.539+0000] {dag.py:2726} INFO - Sync 2 DAGs
[2023-05-29T22:47:32.556+0000] {logging_mixin.py:149} INFO - [2023-05-29T22:47:32.556+0000] {dag.py:3490} INFO - Setting next_dagrun for example_external_task_marker_child to None, run_after=None
[2023-05-29T22:47:32.558+0000] {logging_mixin.py:149} INFO - [2023-05-29T22:47:32.558+0000] {dag.py:3490} INFO - Setting next_dagrun for example_external_task_marker_parent to None, run_after=None
[2023-05-29T22:47:32.569+0000] {processor.py:179} INFO - Processing /home/airflow/.local/lib/python3.7/site-packages/airflow/example_dags/example_external_task_marker_dag.py took 0.063 seconds
[2023-05-29T22:48:02.707+0000] {processor.py:157} INFO - Started process (PID=671) to work on /home/airflow/.local/lib/python3.7/site-packages/airflow/example_dags/example_external_task_marker_dag.py
[2023-05-29T22:48:02.709+0000] {processor.py:826} INFO - Processing file /home/airflow/.local/lib/python3.7/site-packages/airflow/example_dags/example_external_task_marker_dag.py for tasks to queue
[2023-05-29T22:48:02.709+0000] {logging_mixin.py:149} INFO - [2023-05-29T22:48:02.709+0000] {dagbag.py:541} INFO - Filling up the DagBag from /home/airflow/.local/lib/python3.7/site-packages/airflow/example_dags/example_external_task_marker_dag.py
[2023-05-29T22:48:02.717+0000] {processor.py:836} INFO - DAG(s) dict_keys(['example_external_task_marker_parent', 'example_external_task_marker_child']) retrieved from /home/airflow/.local/lib/python3.7/site-packages/airflow/example_dags/example_external_task_marker_dag.py
[2023-05-29T22:48:02.744+0000] {logging_mixin.py:149} INFO - [2023-05-29T22:48:02.744+0000] {dag.py:2726} INFO - Sync 2 DAGs
[2023-05-29T22:48:02.760+0000] {logging_mixin.py:149} INFO - [2023-05-29T22:48:02.759+0000] {dag.py:3490} INFO - Setting next_dagrun for example_external_task_marker_child to None, run_after=None
[2023-05-29T22:48:02.762+0000] {logging_mixin.py:149} INFO - [2023-05-29T22:48:02.762+0000] {dag.py:3490} INFO - Setting next_dagrun for example_external_task_marker_parent to None, run_after=None
[2023-05-29T22:48:02.773+0000] {processor.py:179} INFO - Processing /home/airflow/.local/lib/python3.7/site-packages/airflow/example_dags/example_external_task_marker_dag.py took 0.068 seconds
[2023-05-29T22:49:25.042+0000] {processor.py:157} INFO - Started process (PID=49) to work on /home/airflow/.local/lib/python3.7/site-packages/airflow/example_dags/example_external_task_marker_dag.py
[2023-05-29T22:49:25.044+0000] {processor.py:826} INFO - Processing file /home/airflow/.local/lib/python3.7/site-packages/airflow/example_dags/example_external_task_marker_dag.py for tasks to queue
[2023-05-29T22:49:25.048+0000] {logging_mixin.py:149} INFO - [2023-05-29T22:49:25.047+0000] {dagbag.py:541} INFO - Filling up the DagBag from /home/airflow/.local/lib/python3.7/site-packages/airflow/example_dags/example_external_task_marker_dag.py
[2023-05-29T22:49:25.061+0000] {processor.py:836} INFO - DAG(s) dict_keys(['example_external_task_marker_child', 'example_external_task_marker_parent']) retrieved from /home/airflow/.local/lib/python3.7/site-packages/airflow/example_dags/example_external_task_marker_dag.py
[2023-05-29T22:49:25.091+0000] {logging_mixin.py:149} INFO - [2023-05-29T22:49:25.091+0000] {dag.py:2726} INFO - Sync 2 DAGs
[2023-05-29T22:49:25.115+0000] {logging_mixin.py:149} INFO - [2023-05-29T22:49:25.115+0000] {dag.py:3490} INFO - Setting next_dagrun for example_external_task_marker_child to None, run_after=None
[2023-05-29T22:49:25.118+0000] {logging_mixin.py:149} INFO - [2023-05-29T22:49:25.118+0000] {dag.py:3490} INFO - Setting next_dagrun for example_external_task_marker_parent to None, run_after=None
[2023-05-29T22:49:25.156+0000] {processor.py:179} INFO - Processing /home/airflow/.local/lib/python3.7/site-packages/airflow/example_dags/example_external_task_marker_dag.py took 0.118 seconds
[2023-05-29T22:49:55.427+0000] {processor.py:157} INFO - Started process (PID=105) to work on /home/airflow/.local/lib/python3.7/site-packages/airflow/example_dags/example_external_task_marker_dag.py
[2023-05-29T22:49:55.428+0000] {processor.py:826} INFO - Processing file /home/airflow/.local/lib/python3.7/site-packages/airflow/example_dags/example_external_task_marker_dag.py for tasks to queue
[2023-05-29T22:49:55.429+0000] {logging_mixin.py:149} INFO - [2023-05-29T22:49:55.429+0000] {dagbag.py:541} INFO - Filling up the DagBag from /home/airflow/.local/lib/python3.7/site-packages/airflow/example_dags/example_external_task_marker_dag.py
[2023-05-29T22:49:55.434+0000] {processor.py:836} INFO - DAG(s) dict_keys(['example_external_task_marker_parent', 'example_external_task_marker_child']) retrieved from /home/airflow/.local/lib/python3.7/site-packages/airflow/example_dags/example_external_task_marker_dag.py
[2023-05-29T22:49:55.456+0000] {logging_mixin.py:149} INFO - [2023-05-29T22:49:55.456+0000] {dag.py:2726} INFO - Sync 2 DAGs
[2023-05-29T22:49:55.478+0000] {logging_mixin.py:149} INFO - [2023-05-29T22:49:55.478+0000] {dag.py:3490} INFO - Setting next_dagrun for example_external_task_marker_child to None, run_after=None
[2023-05-29T22:49:55.481+0000] {logging_mixin.py:149} INFO - [2023-05-29T22:49:55.480+0000] {dag.py:3490} INFO - Setting next_dagrun for example_external_task_marker_parent to None, run_after=None
[2023-05-29T22:49:55.494+0000] {processor.py:179} INFO - Processing /home/airflow/.local/lib/python3.7/site-packages/airflow/example_dags/example_external_task_marker_dag.py took 0.070 seconds
[2023-05-29T22:50:30.526+0000] {processor.py:157} INFO - Started process (PID=161) to work on /home/airflow/.local/lib/python3.7/site-packages/airflow/example_dags/example_external_task_marker_dag.py
[2023-05-29T22:50:30.547+0000] {processor.py:826} INFO - Processing file /home/airflow/.local/lib/python3.7/site-packages/airflow/example_dags/example_external_task_marker_dag.py for tasks to queue
[2023-05-29T22:50:30.554+0000] {logging_mixin.py:149} INFO - [2023-05-29T22:50:30.554+0000] {dagbag.py:541} INFO - Filling up the DagBag from /home/airflow/.local/lib/python3.7/site-packages/airflow/example_dags/example_external_task_marker_dag.py
[2023-05-29T22:50:30.562+0000] {processor.py:836} INFO - DAG(s) dict_keys(['example_external_task_marker_child', 'example_external_task_marker_parent']) retrieved from /home/airflow/.local/lib/python3.7/site-packages/airflow/example_dags/example_external_task_marker_dag.py
[2023-05-29T22:50:30.610+0000] {logging_mixin.py:149} INFO - [2023-05-29T22:50:30.610+0000] {dag.py:2726} INFO - Sync 2 DAGs
[2023-05-29T22:50:30.658+0000] {logging_mixin.py:149} INFO - [2023-05-29T22:50:30.657+0000] {dag.py:3490} INFO - Setting next_dagrun for example_external_task_marker_child to None, run_after=None
[2023-05-29T22:50:30.664+0000] {logging_mixin.py:149} INFO - [2023-05-29T22:50:30.664+0000] {dag.py:3490} INFO - Setting next_dagrun for example_external_task_marker_parent to None, run_after=None
[2023-05-29T22:50:30.743+0000] {processor.py:179} INFO - Processing /home/airflow/.local/lib/python3.7/site-packages/airflow/example_dags/example_external_task_marker_dag.py took 0.220 seconds
[2023-05-29T22:51:41.067+0000] {processor.py:157} INFO - Started process (PID=49) to work on /home/airflow/.local/lib/python3.7/site-packages/airflow/example_dags/example_external_task_marker_dag.py
[2023-05-29T22:51:41.069+0000] {processor.py:826} INFO - Processing file /home/airflow/.local/lib/python3.7/site-packages/airflow/example_dags/example_external_task_marker_dag.py for tasks to queue
[2023-05-29T22:51:41.071+0000] {logging_mixin.py:149} INFO - [2023-05-29T22:51:41.070+0000] {dagbag.py:541} INFO - Filling up the DagBag from /home/airflow/.local/lib/python3.7/site-packages/airflow/example_dags/example_external_task_marker_dag.py
[2023-05-29T22:51:41.082+0000] {processor.py:836} INFO - DAG(s) dict_keys(['example_external_task_marker_child', 'example_external_task_marker_parent']) retrieved from /home/airflow/.local/lib/python3.7/site-packages/airflow/example_dags/example_external_task_marker_dag.py
[2023-05-29T22:51:41.099+0000] {logging_mixin.py:149} INFO - [2023-05-29T22:51:41.099+0000] {dag.py:2726} INFO - Sync 2 DAGs
[2023-05-29T22:51:41.129+0000] {logging_mixin.py:149} INFO - [2023-05-29T22:51:41.129+0000] {dag.py:3490} INFO - Setting next_dagrun for example_external_task_marker_child to None, run_after=None
[2023-05-29T22:51:41.132+0000] {logging_mixin.py:149} INFO - [2023-05-29T22:51:41.132+0000] {dag.py:3490} INFO - Setting next_dagrun for example_external_task_marker_parent to None, run_after=None
[2023-05-29T22:51:41.147+0000] {processor.py:179} INFO - Processing /home/airflow/.local/lib/python3.7/site-packages/airflow/example_dags/example_external_task_marker_dag.py took 0.085 seconds
[2023-05-29T22:52:11.993+0000] {processor.py:157} INFO - Started process (PID=105) to work on /home/airflow/.local/lib/python3.7/site-packages/airflow/example_dags/example_external_task_marker_dag.py
[2023-05-29T22:52:11.994+0000] {processor.py:826} INFO - Processing file /home/airflow/.local/lib/python3.7/site-packages/airflow/example_dags/example_external_task_marker_dag.py for tasks to queue
[2023-05-29T22:52:11.995+0000] {logging_mixin.py:149} INFO - [2023-05-29T22:52:11.995+0000] {dagbag.py:541} INFO - Filling up the DagBag from /home/airflow/.local/lib/python3.7/site-packages/airflow/example_dags/example_external_task_marker_dag.py
[2023-05-29T22:52:12.000+0000] {processor.py:836} INFO - DAG(s) dict_keys(['example_external_task_marker_parent', 'example_external_task_marker_child']) retrieved from /home/airflow/.local/lib/python3.7/site-packages/airflow/example_dags/example_external_task_marker_dag.py
[2023-05-29T22:52:12.024+0000] {logging_mixin.py:149} INFO - [2023-05-29T22:52:12.024+0000] {dag.py:2726} INFO - Sync 2 DAGs
[2023-05-29T22:52:12.044+0000] {logging_mixin.py:149} INFO - [2023-05-29T22:52:12.044+0000] {dag.py:3490} INFO - Setting next_dagrun for example_external_task_marker_child to None, run_after=None
[2023-05-29T22:52:12.047+0000] {logging_mixin.py:149} INFO - [2023-05-29T22:52:12.047+0000] {dag.py:3490} INFO - Setting next_dagrun for example_external_task_marker_parent to None, run_after=None
[2023-05-29T22:52:12.061+0000] {processor.py:179} INFO - Processing /home/airflow/.local/lib/python3.7/site-packages/airflow/example_dags/example_external_task_marker_dag.py took 0.070 seconds
[2023-05-29T22:52:42.357+0000] {processor.py:157} INFO - Started process (PID=161) to work on /home/airflow/.local/lib/python3.7/site-packages/airflow/example_dags/example_external_task_marker_dag.py
[2023-05-29T22:52:42.358+0000] {processor.py:826} INFO - Processing file /home/airflow/.local/lib/python3.7/site-packages/airflow/example_dags/example_external_task_marker_dag.py for tasks to queue
[2023-05-29T22:52:42.359+0000] {logging_mixin.py:149} INFO - [2023-05-29T22:52:42.359+0000] {dagbag.py:541} INFO - Filling up the DagBag from /home/airflow/.local/lib/python3.7/site-packages/airflow/example_dags/example_external_task_marker_dag.py
[2023-05-29T22:52:42.363+0000] {processor.py:836} INFO - DAG(s) dict_keys(['example_external_task_marker_parent', 'example_external_task_marker_child']) retrieved from /home/airflow/.local/lib/python3.7/site-packages/airflow/example_dags/example_external_task_marker_dag.py
[2023-05-29T22:52:42.399+0000] {logging_mixin.py:149} INFO - [2023-05-29T22:52:42.399+0000] {dag.py:2726} INFO - Sync 2 DAGs
[2023-05-29T22:52:42.427+0000] {logging_mixin.py:149} INFO - [2023-05-29T22:52:42.427+0000] {dag.py:3490} INFO - Setting next_dagrun for example_external_task_marker_child to None, run_after=None
[2023-05-29T22:52:42.435+0000] {logging_mixin.py:149} INFO - [2023-05-29T22:52:42.434+0000] {dag.py:3490} INFO - Setting next_dagrun for example_external_task_marker_parent to None, run_after=None
[2023-05-29T22:52:42.448+0000] {processor.py:179} INFO - Processing /home/airflow/.local/lib/python3.7/site-packages/airflow/example_dags/example_external_task_marker_dag.py took 0.094 seconds
