[2023-05-29T22:42:27.878+0000] {processor.py:157} INFO - Started process (PID=53) to work on /home/airflow/.local/lib/python3.7/site-packages/airflow/example_dags/example_branch_labels.py
[2023-05-29T22:42:27.881+0000] {processor.py:826} INFO - Processing file /home/airflow/.local/lib/python3.7/site-packages/airflow/example_dags/example_branch_labels.py for tasks to queue
[2023-05-29T22:42:27.883+0000] {logging_mixin.py:149} INFO - [2023-05-29T22:42:27.882+0000] {dagbag.py:541} INFO - Filling up the DagBag from /home/airflow/.local/lib/python3.7/site-packages/airflow/example_dags/example_branch_labels.py
[2023-05-29T22:42:27.897+0000] {processor.py:836} INFO - DAG(s) dict_keys(['example_branch_labels']) retrieved from /home/airflow/.local/lib/python3.7/site-packages/airflow/example_dags/example_branch_labels.py
[2023-05-29T22:42:27.915+0000] {logging_mixin.py:149} INFO - [2023-05-29T22:42:27.915+0000] {dag.py:2726} INFO - Sync 1 DAGs
[2023-05-29T22:42:27.942+0000] {logging_mixin.py:149} INFO - [2023-05-29T22:42:27.942+0000] {dag.py:3490} INFO - Setting next_dagrun for example_branch_labels to 2023-05-28T00:00:00+00:00, run_after=2023-05-29T00:00:00+00:00
[2023-05-29T22:42:27.961+0000] {processor.py:179} INFO - Processing /home/airflow/.local/lib/python3.7/site-packages/airflow/example_dags/example_branch_labels.py took 0.090 seconds
[2023-05-29T22:42:58.652+0000] {processor.py:157} INFO - Started process (PID=109) to work on /home/airflow/.local/lib/python3.7/site-packages/airflow/example_dags/example_branch_labels.py
[2023-05-29T22:42:58.657+0000] {processor.py:826} INFO - Processing file /home/airflow/.local/lib/python3.7/site-packages/airflow/example_dags/example_branch_labels.py for tasks to queue
[2023-05-29T22:42:58.661+0000] {logging_mixin.py:149} INFO - [2023-05-29T22:42:58.660+0000] {dagbag.py:541} INFO - Filling up the DagBag from /home/airflow/.local/lib/python3.7/site-packages/airflow/example_dags/example_branch_labels.py
[2023-05-29T22:42:58.678+0000] {processor.py:836} INFO - DAG(s) dict_keys(['example_branch_labels']) retrieved from /home/airflow/.local/lib/python3.7/site-packages/airflow/example_dags/example_branch_labels.py
[2023-05-29T22:42:58.714+0000] {logging_mixin.py:149} INFO - [2023-05-29T22:42:58.713+0000] {dag.py:2726} INFO - Sync 1 DAGs
[2023-05-29T22:42:58.739+0000] {logging_mixin.py:149} INFO - [2023-05-29T22:42:58.739+0000] {dag.py:3490} INFO - Setting next_dagrun for example_branch_labels to 2023-05-28T00:00:00+00:00, run_after=2023-05-29T00:00:00+00:00
[2023-05-29T22:42:58.752+0000] {processor.py:179} INFO - Processing /home/airflow/.local/lib/python3.7/site-packages/airflow/example_dags/example_branch_labels.py took 0.111 seconds
[2023-05-29T22:43:29.325+0000] {processor.py:157} INFO - Started process (PID=165) to work on /home/airflow/.local/lib/python3.7/site-packages/airflow/example_dags/example_branch_labels.py
[2023-05-29T22:43:29.326+0000] {processor.py:826} INFO - Processing file /home/airflow/.local/lib/python3.7/site-packages/airflow/example_dags/example_branch_labels.py for tasks to queue
[2023-05-29T22:43:29.326+0000] {logging_mixin.py:149} INFO - [2023-05-29T22:43:29.326+0000] {dagbag.py:541} INFO - Filling up the DagBag from /home/airflow/.local/lib/python3.7/site-packages/airflow/example_dags/example_branch_labels.py
[2023-05-29T22:43:29.332+0000] {processor.py:836} INFO - DAG(s) dict_keys(['example_branch_labels']) retrieved from /home/airflow/.local/lib/python3.7/site-packages/airflow/example_dags/example_branch_labels.py
[2023-05-29T22:43:29.351+0000] {logging_mixin.py:149} INFO - [2023-05-29T22:43:29.351+0000] {dag.py:2726} INFO - Sync 1 DAGs
[2023-05-29T22:43:29.366+0000] {logging_mixin.py:149} INFO - [2023-05-29T22:43:29.366+0000] {dag.py:3490} INFO - Setting next_dagrun for example_branch_labels to 2023-05-28T00:00:00+00:00, run_after=2023-05-29T00:00:00+00:00
[2023-05-29T22:43:29.376+0000] {processor.py:179} INFO - Processing /home/airflow/.local/lib/python3.7/site-packages/airflow/example_dags/example_branch_labels.py took 0.054 seconds
[2023-05-29T22:43:59.844+0000] {processor.py:157} INFO - Started process (PID=221) to work on /home/airflow/.local/lib/python3.7/site-packages/airflow/example_dags/example_branch_labels.py
[2023-05-29T22:43:59.846+0000] {processor.py:826} INFO - Processing file /home/airflow/.local/lib/python3.7/site-packages/airflow/example_dags/example_branch_labels.py for tasks to queue
[2023-05-29T22:43:59.846+0000] {logging_mixin.py:149} INFO - [2023-05-29T22:43:59.846+0000] {dagbag.py:541} INFO - Filling up the DagBag from /home/airflow/.local/lib/python3.7/site-packages/airflow/example_dags/example_branch_labels.py
[2023-05-29T22:43:59.853+0000] {processor.py:836} INFO - DAG(s) dict_keys(['example_branch_labels']) retrieved from /home/airflow/.local/lib/python3.7/site-packages/airflow/example_dags/example_branch_labels.py
[2023-05-29T22:43:59.873+0000] {logging_mixin.py:149} INFO - [2023-05-29T22:43:59.873+0000] {dag.py:2726} INFO - Sync 1 DAGs
[2023-05-29T22:43:59.888+0000] {logging_mixin.py:149} INFO - [2023-05-29T22:43:59.888+0000] {dag.py:3490} INFO - Setting next_dagrun for example_branch_labels to 2023-05-28T00:00:00+00:00, run_after=2023-05-29T00:00:00+00:00
[2023-05-29T22:43:59.898+0000] {processor.py:179} INFO - Processing /home/airflow/.local/lib/python3.7/site-packages/airflow/example_dags/example_branch_labels.py took 0.056 seconds
[2023-05-29T22:44:30.242+0000] {processor.py:157} INFO - Started process (PID=285) to work on /home/airflow/.local/lib/python3.7/site-packages/airflow/example_dags/example_branch_labels.py
[2023-05-29T22:44:30.244+0000] {processor.py:826} INFO - Processing file /home/airflow/.local/lib/python3.7/site-packages/airflow/example_dags/example_branch_labels.py for tasks to queue
[2023-05-29T22:44:30.245+0000] {logging_mixin.py:149} INFO - [2023-05-29T22:44:30.245+0000] {dagbag.py:541} INFO - Filling up the DagBag from /home/airflow/.local/lib/python3.7/site-packages/airflow/example_dags/example_branch_labels.py
[2023-05-29T22:44:30.251+0000] {processor.py:836} INFO - DAG(s) dict_keys(['example_branch_labels']) retrieved from /home/airflow/.local/lib/python3.7/site-packages/airflow/example_dags/example_branch_labels.py
[2023-05-29T22:44:30.270+0000] {logging_mixin.py:149} INFO - [2023-05-29T22:44:30.270+0000] {dag.py:2726} INFO - Sync 1 DAGs
[2023-05-29T22:44:30.287+0000] {logging_mixin.py:149} INFO - [2023-05-29T22:44:30.286+0000] {dag.py:3490} INFO - Setting next_dagrun for example_branch_labels to 2023-05-28T00:00:00+00:00, run_after=2023-05-29T00:00:00+00:00
[2023-05-29T22:44:30.297+0000] {processor.py:179} INFO - Processing /home/airflow/.local/lib/python3.7/site-packages/airflow/example_dags/example_branch_labels.py took 0.058 seconds
[2023-05-29T22:45:00.885+0000] {processor.py:157} INFO - Started process (PID=341) to work on /home/airflow/.local/lib/python3.7/site-packages/airflow/example_dags/example_branch_labels.py
[2023-05-29T22:45:00.886+0000] {processor.py:826} INFO - Processing file /home/airflow/.local/lib/python3.7/site-packages/airflow/example_dags/example_branch_labels.py for tasks to queue
[2023-05-29T22:45:00.887+0000] {logging_mixin.py:149} INFO - [2023-05-29T22:45:00.887+0000] {dagbag.py:541} INFO - Filling up the DagBag from /home/airflow/.local/lib/python3.7/site-packages/airflow/example_dags/example_branch_labels.py
[2023-05-29T22:45:00.893+0000] {processor.py:836} INFO - DAG(s) dict_keys(['example_branch_labels']) retrieved from /home/airflow/.local/lib/python3.7/site-packages/airflow/example_dags/example_branch_labels.py
[2023-05-29T22:45:00.912+0000] {logging_mixin.py:149} INFO - [2023-05-29T22:45:00.912+0000] {dag.py:2726} INFO - Sync 1 DAGs
[2023-05-29T22:45:00.928+0000] {logging_mixin.py:149} INFO - [2023-05-29T22:45:00.928+0000] {dag.py:3490} INFO - Setting next_dagrun for example_branch_labels to 2023-05-28T00:00:00+00:00, run_after=2023-05-29T00:00:00+00:00
[2023-05-29T22:45:00.938+0000] {processor.py:179} INFO - Processing /home/airflow/.local/lib/python3.7/site-packages/airflow/example_dags/example_branch_labels.py took 0.056 seconds
[2023-05-29T22:45:31.419+0000] {processor.py:157} INFO - Started process (PID=397) to work on /home/airflow/.local/lib/python3.7/site-packages/airflow/example_dags/example_branch_labels.py
[2023-05-29T22:45:31.420+0000] {processor.py:826} INFO - Processing file /home/airflow/.local/lib/python3.7/site-packages/airflow/example_dags/example_branch_labels.py for tasks to queue
[2023-05-29T22:45:31.421+0000] {logging_mixin.py:149} INFO - [2023-05-29T22:45:31.421+0000] {dagbag.py:541} INFO - Filling up the DagBag from /home/airflow/.local/lib/python3.7/site-packages/airflow/example_dags/example_branch_labels.py
[2023-05-29T22:45:31.427+0000] {processor.py:836} INFO - DAG(s) dict_keys(['example_branch_labels']) retrieved from /home/airflow/.local/lib/python3.7/site-packages/airflow/example_dags/example_branch_labels.py
[2023-05-29T22:45:31.448+0000] {logging_mixin.py:149} INFO - [2023-05-29T22:45:31.448+0000] {dag.py:2726} INFO - Sync 1 DAGs
[2023-05-29T22:45:31.465+0000] {logging_mixin.py:149} INFO - [2023-05-29T22:45:31.465+0000] {dag.py:3490} INFO - Setting next_dagrun for example_branch_labels to 2023-05-28T00:00:00+00:00, run_after=2023-05-29T00:00:00+00:00
[2023-05-29T22:45:31.476+0000] {processor.py:179} INFO - Processing /home/airflow/.local/lib/python3.7/site-packages/airflow/example_dags/example_branch_labels.py took 0.059 seconds
[2023-05-29T22:46:02.254+0000] {processor.py:157} INFO - Started process (PID=453) to work on /home/airflow/.local/lib/python3.7/site-packages/airflow/example_dags/example_branch_labels.py
[2023-05-29T22:46:02.261+0000] {processor.py:826} INFO - Processing file /home/airflow/.local/lib/python3.7/site-packages/airflow/example_dags/example_branch_labels.py for tasks to queue
[2023-05-29T22:46:02.262+0000] {logging_mixin.py:149} INFO - [2023-05-29T22:46:02.262+0000] {dagbag.py:541} INFO - Filling up the DagBag from /home/airflow/.local/lib/python3.7/site-packages/airflow/example_dags/example_branch_labels.py
[2023-05-29T22:46:02.273+0000] {processor.py:836} INFO - DAG(s) dict_keys(['example_branch_labels']) retrieved from /home/airflow/.local/lib/python3.7/site-packages/airflow/example_dags/example_branch_labels.py
[2023-05-29T22:46:02.322+0000] {logging_mixin.py:149} INFO - [2023-05-29T22:46:02.322+0000] {dag.py:2726} INFO - Sync 1 DAGs
[2023-05-29T22:46:02.356+0000] {logging_mixin.py:149} INFO - [2023-05-29T22:46:02.355+0000] {dag.py:3490} INFO - Setting next_dagrun for example_branch_labels to 2023-05-28T00:00:00+00:00, run_after=2023-05-29T00:00:00+00:00
[2023-05-29T22:46:02.379+0000] {processor.py:179} INFO - Processing /home/airflow/.local/lib/python3.7/site-packages/airflow/example_dags/example_branch_labels.py took 0.131 seconds
[2023-05-29T22:46:33.374+0000] {processor.py:157} INFO - Started process (PID=509) to work on /home/airflow/.local/lib/python3.7/site-packages/airflow/example_dags/example_branch_labels.py
[2023-05-29T22:46:33.375+0000] {processor.py:826} INFO - Processing file /home/airflow/.local/lib/python3.7/site-packages/airflow/example_dags/example_branch_labels.py for tasks to queue
[2023-05-29T22:46:33.377+0000] {logging_mixin.py:149} INFO - [2023-05-29T22:46:33.376+0000] {dagbag.py:541} INFO - Filling up the DagBag from /home/airflow/.local/lib/python3.7/site-packages/airflow/example_dags/example_branch_labels.py
[2023-05-29T22:46:33.388+0000] {processor.py:836} INFO - DAG(s) dict_keys(['example_branch_labels']) retrieved from /home/airflow/.local/lib/python3.7/site-packages/airflow/example_dags/example_branch_labels.py
[2023-05-29T22:46:33.422+0000] {logging_mixin.py:149} INFO - [2023-05-29T22:46:33.422+0000] {dag.py:2726} INFO - Sync 1 DAGs
[2023-05-29T22:46:33.452+0000] {logging_mixin.py:149} INFO - [2023-05-29T22:46:33.452+0000] {dag.py:3490} INFO - Setting next_dagrun for example_branch_labels to 2023-05-28T00:00:00+00:00, run_after=2023-05-29T00:00:00+00:00
[2023-05-29T22:46:33.467+0000] {processor.py:179} INFO - Processing /home/airflow/.local/lib/python3.7/site-packages/airflow/example_dags/example_branch_labels.py took 0.098 seconds
[2023-05-29T22:47:03.590+0000] {processor.py:157} INFO - Started process (PID=565) to work on /home/airflow/.local/lib/python3.7/site-packages/airflow/example_dags/example_branch_labels.py
[2023-05-29T22:47:03.594+0000] {processor.py:826} INFO - Processing file /home/airflow/.local/lib/python3.7/site-packages/airflow/example_dags/example_branch_labels.py for tasks to queue
[2023-05-29T22:47:03.596+0000] {logging_mixin.py:149} INFO - [2023-05-29T22:47:03.596+0000] {dagbag.py:541} INFO - Filling up the DagBag from /home/airflow/.local/lib/python3.7/site-packages/airflow/example_dags/example_branch_labels.py
[2023-05-29T22:47:03.607+0000] {processor.py:836} INFO - DAG(s) dict_keys(['example_branch_labels']) retrieved from /home/airflow/.local/lib/python3.7/site-packages/airflow/example_dags/example_branch_labels.py
[2023-05-29T22:47:03.640+0000] {logging_mixin.py:149} INFO - [2023-05-29T22:47:03.640+0000] {dag.py:2726} INFO - Sync 1 DAGs
[2023-05-29T22:47:03.663+0000] {logging_mixin.py:149} INFO - [2023-05-29T22:47:03.662+0000] {dag.py:3490} INFO - Setting next_dagrun for example_branch_labels to 2023-05-28T00:00:00+00:00, run_after=2023-05-29T00:00:00+00:00
[2023-05-29T22:47:03.676+0000] {processor.py:179} INFO - Processing /home/airflow/.local/lib/python3.7/site-packages/airflow/example_dags/example_branch_labels.py took 0.095 seconds
[2023-05-29T22:47:33.719+0000] {processor.py:157} INFO - Started process (PID=620) to work on /home/airflow/.local/lib/python3.7/site-packages/airflow/example_dags/example_branch_labels.py
[2023-05-29T22:47:33.720+0000] {processor.py:826} INFO - Processing file /home/airflow/.local/lib/python3.7/site-packages/airflow/example_dags/example_branch_labels.py for tasks to queue
[2023-05-29T22:47:33.721+0000] {logging_mixin.py:149} INFO - [2023-05-29T22:47:33.721+0000] {dagbag.py:541} INFO - Filling up the DagBag from /home/airflow/.local/lib/python3.7/site-packages/airflow/example_dags/example_branch_labels.py
[2023-05-29T22:47:33.727+0000] {processor.py:836} INFO - DAG(s) dict_keys(['example_branch_labels']) retrieved from /home/airflow/.local/lib/python3.7/site-packages/airflow/example_dags/example_branch_labels.py
[2023-05-29T22:47:33.747+0000] {logging_mixin.py:149} INFO - [2023-05-29T22:47:33.747+0000] {dag.py:2726} INFO - Sync 1 DAGs
[2023-05-29T22:47:33.764+0000] {logging_mixin.py:149} INFO - [2023-05-29T22:47:33.764+0000] {dag.py:3490} INFO - Setting next_dagrun for example_branch_labels to 2023-05-28T00:00:00+00:00, run_after=2023-05-29T00:00:00+00:00
[2023-05-29T22:47:33.775+0000] {processor.py:179} INFO - Processing /home/airflow/.local/lib/python3.7/site-packages/airflow/example_dags/example_branch_labels.py took 0.059 seconds
[2023-05-29T22:48:03.915+0000] {processor.py:157} INFO - Started process (PID=676) to work on /home/airflow/.local/lib/python3.7/site-packages/airflow/example_dags/example_branch_labels.py
[2023-05-29T22:48:03.917+0000] {processor.py:826} INFO - Processing file /home/airflow/.local/lib/python3.7/site-packages/airflow/example_dags/example_branch_labels.py for tasks to queue
[2023-05-29T22:48:03.918+0000] {logging_mixin.py:149} INFO - [2023-05-29T22:48:03.918+0000] {dagbag.py:541} INFO - Filling up the DagBag from /home/airflow/.local/lib/python3.7/site-packages/airflow/example_dags/example_branch_labels.py
[2023-05-29T22:48:03.925+0000] {processor.py:836} INFO - DAG(s) dict_keys(['example_branch_labels']) retrieved from /home/airflow/.local/lib/python3.7/site-packages/airflow/example_dags/example_branch_labels.py
[2023-05-29T22:48:03.947+0000] {logging_mixin.py:149} INFO - [2023-05-29T22:48:03.947+0000] {dag.py:2726} INFO - Sync 1 DAGs
[2023-05-29T22:48:03.971+0000] {logging_mixin.py:149} INFO - [2023-05-29T22:48:03.971+0000] {dag.py:3490} INFO - Setting next_dagrun for example_branch_labels to 2023-05-28T00:00:00+00:00, run_after=2023-05-29T00:00:00+00:00
[2023-05-29T22:48:03.984+0000] {processor.py:179} INFO - Processing /home/airflow/.local/lib/python3.7/site-packages/airflow/example_dags/example_branch_labels.py took 0.072 seconds
[2023-05-29T22:49:25.409+0000] {processor.py:157} INFO - Started process (PID=54) to work on /home/airflow/.local/lib/python3.7/site-packages/airflow/example_dags/example_branch_labels.py
[2023-05-29T22:49:25.414+0000] {processor.py:826} INFO - Processing file /home/airflow/.local/lib/python3.7/site-packages/airflow/example_dags/example_branch_labels.py for tasks to queue
[2023-05-29T22:49:25.415+0000] {logging_mixin.py:149} INFO - [2023-05-29T22:49:25.415+0000] {dagbag.py:541} INFO - Filling up the DagBag from /home/airflow/.local/lib/python3.7/site-packages/airflow/example_dags/example_branch_labels.py
[2023-05-29T22:49:25.428+0000] {processor.py:836} INFO - DAG(s) dict_keys(['example_branch_labels']) retrieved from /home/airflow/.local/lib/python3.7/site-packages/airflow/example_dags/example_branch_labels.py
[2023-05-29T22:49:25.454+0000] {logging_mixin.py:149} INFO - [2023-05-29T22:49:25.453+0000] {dag.py:2726} INFO - Sync 1 DAGs
[2023-05-29T22:49:25.492+0000] {logging_mixin.py:149} INFO - [2023-05-29T22:49:25.492+0000] {dag.py:3490} INFO - Setting next_dagrun for example_branch_labels to 2023-05-28T00:00:00+00:00, run_after=2023-05-29T00:00:00+00:00
[2023-05-29T22:49:25.519+0000] {processor.py:179} INFO - Processing /home/airflow/.local/lib/python3.7/site-packages/airflow/example_dags/example_branch_labels.py took 0.114 seconds
[2023-05-29T22:49:55.722+0000] {processor.py:157} INFO - Started process (PID=110) to work on /home/airflow/.local/lib/python3.7/site-packages/airflow/example_dags/example_branch_labels.py
[2023-05-29T22:49:55.724+0000] {processor.py:826} INFO - Processing file /home/airflow/.local/lib/python3.7/site-packages/airflow/example_dags/example_branch_labels.py for tasks to queue
[2023-05-29T22:49:55.725+0000] {logging_mixin.py:149} INFO - [2023-05-29T22:49:55.725+0000] {dagbag.py:541} INFO - Filling up the DagBag from /home/airflow/.local/lib/python3.7/site-packages/airflow/example_dags/example_branch_labels.py
[2023-05-29T22:49:55.733+0000] {processor.py:836} INFO - DAG(s) dict_keys(['example_branch_labels']) retrieved from /home/airflow/.local/lib/python3.7/site-packages/airflow/example_dags/example_branch_labels.py
[2023-05-29T22:49:55.755+0000] {logging_mixin.py:149} INFO - [2023-05-29T22:49:55.755+0000] {dag.py:2726} INFO - Sync 1 DAGs
[2023-05-29T22:49:55.773+0000] {logging_mixin.py:149} INFO - [2023-05-29T22:49:55.773+0000] {dag.py:3490} INFO - Setting next_dagrun for example_branch_labels to 2023-05-28T00:00:00+00:00, run_after=2023-05-29T00:00:00+00:00
[2023-05-29T22:49:55.784+0000] {processor.py:179} INFO - Processing /home/airflow/.local/lib/python3.7/site-packages/airflow/example_dags/example_branch_labels.py took 0.066 seconds
[2023-05-29T22:50:33.968+0000] {processor.py:157} INFO - Started process (PID=166) to work on /home/airflow/.local/lib/python3.7/site-packages/airflow/example_dags/example_branch_labels.py
[2023-05-29T22:50:33.979+0000] {processor.py:826} INFO - Processing file /home/airflow/.local/lib/python3.7/site-packages/airflow/example_dags/example_branch_labels.py for tasks to queue
[2023-05-29T22:50:34.037+0000] {logging_mixin.py:149} INFO - [2023-05-29T22:50:34.034+0000] {dagbag.py:541} INFO - Filling up the DagBag from /home/airflow/.local/lib/python3.7/site-packages/airflow/example_dags/example_branch_labels.py
[2023-05-29T22:50:34.064+0000] {processor.py:836} INFO - DAG(s) dict_keys(['example_branch_labels']) retrieved from /home/airflow/.local/lib/python3.7/site-packages/airflow/example_dags/example_branch_labels.py
[2023-05-29T22:50:34.093+0000] {logging_mixin.py:149} INFO - [2023-05-29T22:50:34.092+0000] {dag.py:2726} INFO - Sync 1 DAGs
[2023-05-29T22:50:34.142+0000] {logging_mixin.py:149} INFO - [2023-05-29T22:50:34.142+0000] {dag.py:3490} INFO - Setting next_dagrun for example_branch_labels to 2023-05-28T00:00:00+00:00, run_after=2023-05-29T00:00:00+00:00
[2023-05-29T22:50:34.178+0000] {processor.py:179} INFO - Processing /home/airflow/.local/lib/python3.7/site-packages/airflow/example_dags/example_branch_labels.py took 0.222 seconds
[2023-05-29T22:51:41.484+0000] {processor.py:157} INFO - Started process (PID=54) to work on /home/airflow/.local/lib/python3.7/site-packages/airflow/example_dags/example_branch_labels.py
[2023-05-29T22:51:41.488+0000] {processor.py:826} INFO - Processing file /home/airflow/.local/lib/python3.7/site-packages/airflow/example_dags/example_branch_labels.py for tasks to queue
[2023-05-29T22:51:41.490+0000] {logging_mixin.py:149} INFO - [2023-05-29T22:51:41.490+0000] {dagbag.py:541} INFO - Filling up the DagBag from /home/airflow/.local/lib/python3.7/site-packages/airflow/example_dags/example_branch_labels.py
[2023-05-29T22:51:41.524+0000] {processor.py:836} INFO - DAG(s) dict_keys(['example_branch_labels']) retrieved from /home/airflow/.local/lib/python3.7/site-packages/airflow/example_dags/example_branch_labels.py
[2023-05-29T22:51:41.594+0000] {logging_mixin.py:149} INFO - [2023-05-29T22:51:41.594+0000] {dag.py:2726} INFO - Sync 1 DAGs
[2023-05-29T22:51:41.675+0000] {logging_mixin.py:149} INFO - [2023-05-29T22:51:41.675+0000] {dag.py:3490} INFO - Setting next_dagrun for example_branch_labels to 2023-05-28T00:00:00+00:00, run_after=2023-05-29T00:00:00+00:00
[2023-05-29T22:51:41.732+0000] {processor.py:179} INFO - Processing /home/airflow/.local/lib/python3.7/site-packages/airflow/example_dags/example_branch_labels.py took 0.256 seconds
[2023-05-29T22:52:12.238+0000] {processor.py:157} INFO - Started process (PID=110) to work on /home/airflow/.local/lib/python3.7/site-packages/airflow/example_dags/example_branch_labels.py
[2023-05-29T22:52:12.239+0000] {processor.py:826} INFO - Processing file /home/airflow/.local/lib/python3.7/site-packages/airflow/example_dags/example_branch_labels.py for tasks to queue
[2023-05-29T22:52:12.240+0000] {logging_mixin.py:149} INFO - [2023-05-29T22:52:12.240+0000] {dagbag.py:541} INFO - Filling up the DagBag from /home/airflow/.local/lib/python3.7/site-packages/airflow/example_dags/example_branch_labels.py
[2023-05-29T22:52:12.247+0000] {processor.py:836} INFO - DAG(s) dict_keys(['example_branch_labels']) retrieved from /home/airflow/.local/lib/python3.7/site-packages/airflow/example_dags/example_branch_labels.py
[2023-05-29T22:52:12.269+0000] {logging_mixin.py:149} INFO - [2023-05-29T22:52:12.269+0000] {dag.py:2726} INFO - Sync 1 DAGs
[2023-05-29T22:52:12.285+0000] {logging_mixin.py:149} INFO - [2023-05-29T22:52:12.285+0000] {dag.py:3490} INFO - Setting next_dagrun for example_branch_labels to 2023-05-28T00:00:00+00:00, run_after=2023-05-29T00:00:00+00:00
[2023-05-29T22:52:12.296+0000] {processor.py:179} INFO - Processing /home/airflow/.local/lib/python3.7/site-packages/airflow/example_dags/example_branch_labels.py took 0.061 seconds
[2023-05-29T22:52:42.662+0000] {processor.py:157} INFO - Started process (PID=166) to work on /home/airflow/.local/lib/python3.7/site-packages/airflow/example_dags/example_branch_labels.py
[2023-05-29T22:52:42.663+0000] {processor.py:826} INFO - Processing file /home/airflow/.local/lib/python3.7/site-packages/airflow/example_dags/example_branch_labels.py for tasks to queue
[2023-05-29T22:52:42.664+0000] {logging_mixin.py:149} INFO - [2023-05-29T22:52:42.664+0000] {dagbag.py:541} INFO - Filling up the DagBag from /home/airflow/.local/lib/python3.7/site-packages/airflow/example_dags/example_branch_labels.py
[2023-05-29T22:52:42.669+0000] {processor.py:836} INFO - DAG(s) dict_keys(['example_branch_labels']) retrieved from /home/airflow/.local/lib/python3.7/site-packages/airflow/example_dags/example_branch_labels.py
[2023-05-29T22:52:42.688+0000] {logging_mixin.py:149} INFO - [2023-05-29T22:52:42.688+0000] {dag.py:2726} INFO - Sync 1 DAGs
[2023-05-29T22:52:42.704+0000] {logging_mixin.py:149} INFO - [2023-05-29T22:52:42.704+0000] {dag.py:3490} INFO - Setting next_dagrun for example_branch_labels to 2023-05-28T00:00:00+00:00, run_after=2023-05-29T00:00:00+00:00
[2023-05-29T22:52:42.714+0000] {processor.py:179} INFO - Processing /home/airflow/.local/lib/python3.7/site-packages/airflow/example_dags/example_branch_labels.py took 0.055 seconds
