[2023-05-29T22:42:27.716+0000] {processor.py:157} INFO - Started process (PID=51) to work on /home/airflow/.local/lib/python3.7/site-packages/airflow/example_dags/example_datasets.py
[2023-05-29T22:42:27.717+0000] {processor.py:826} INFO - Processing file /home/airflow/.local/lib/python3.7/site-packages/airflow/example_dags/example_datasets.py for tasks to queue
[2023-05-29T22:42:27.718+0000] {logging_mixin.py:149} INFO - [2023-05-29T22:42:27.718+0000] {dagbag.py:541} INFO - Filling up the DagBag from /home/airflow/.local/lib/python3.7/site-packages/airflow/example_dags/example_datasets.py
[2023-05-29T22:42:27.728+0000] {processor.py:836} INFO - DAG(s) dict_keys(['dataset_produces_1', 'dataset_consumes_1', 'dataset_consumes_1_never_scheduled', 'dataset_consumes_1_and_2', 'dataset_produces_2', 'dataset_consumes_unknown_never_scheduled']) retrieved from /home/airflow/.local/lib/python3.7/site-packages/airflow/example_dags/example_datasets.py
[2023-05-29T22:42:27.753+0000] {logging_mixin.py:149} INFO - [2023-05-29T22:42:27.753+0000] {dag.py:2726} INFO - Sync 6 DAGs
[2023-05-29T22:42:27.778+0000] {logging_mixin.py:149} INFO - [2023-05-29T22:42:27.778+0000] {dag.py:3490} INFO - Setting next_dagrun for dataset_consumes_1 to None, run_after=None
[2023-05-29T22:42:27.781+0000] {logging_mixin.py:149} INFO - [2023-05-29T22:42:27.781+0000] {dag.py:3490} INFO - Setting next_dagrun for dataset_consumes_1_and_2 to None, run_after=None
[2023-05-29T22:42:27.783+0000] {logging_mixin.py:149} INFO - [2023-05-29T22:42:27.782+0000] {dag.py:3490} INFO - Setting next_dagrun for dataset_consumes_1_never_scheduled to None, run_after=None
[2023-05-29T22:42:27.784+0000] {logging_mixin.py:149} INFO - [2023-05-29T22:42:27.784+0000] {dag.py:3490} INFO - Setting next_dagrun for dataset_consumes_unknown_never_scheduled to None, run_after=None
[2023-05-29T22:42:27.786+0000] {logging_mixin.py:149} INFO - [2023-05-29T22:42:27.786+0000] {dag.py:3490} INFO - Setting next_dagrun for dataset_produces_1 to 2023-05-28T00:00:00+00:00, run_after=2023-05-29T00:00:00+00:00
[2023-05-29T22:42:27.790+0000] {logging_mixin.py:149} INFO - [2023-05-29T22:42:27.790+0000] {dag.py:3490} INFO - Setting next_dagrun for dataset_produces_2 to None, run_after=None
[2023-05-29T22:42:27.831+0000] {processor.py:179} INFO - Processing /home/airflow/.local/lib/python3.7/site-packages/airflow/example_dags/example_datasets.py took 0.119 seconds
[2023-05-29T22:42:58.378+0000] {processor.py:157} INFO - Started process (PID=107) to work on /home/airflow/.local/lib/python3.7/site-packages/airflow/example_dags/example_datasets.py
[2023-05-29T22:42:58.382+0000] {processor.py:826} INFO - Processing file /home/airflow/.local/lib/python3.7/site-packages/airflow/example_dags/example_datasets.py for tasks to queue
[2023-05-29T22:42:58.383+0000] {logging_mixin.py:149} INFO - [2023-05-29T22:42:58.383+0000] {dagbag.py:541} INFO - Filling up the DagBag from /home/airflow/.local/lib/python3.7/site-packages/airflow/example_dags/example_datasets.py
[2023-05-29T22:42:58.400+0000] {processor.py:836} INFO - DAG(s) dict_keys(['dataset_produces_1', 'dataset_consumes_1', 'dataset_consumes_unknown_never_scheduled', 'dataset_consumes_1_and_2', 'dataset_produces_2', 'dataset_consumes_1_never_scheduled']) retrieved from /home/airflow/.local/lib/python3.7/site-packages/airflow/example_dags/example_datasets.py
[2023-05-29T22:42:58.500+0000] {logging_mixin.py:149} INFO - [2023-05-29T22:42:58.500+0000] {dag.py:2726} INFO - Sync 6 DAGs
[2023-05-29T22:42:58.527+0000] {logging_mixin.py:149} INFO - [2023-05-29T22:42:58.527+0000] {dag.py:3490} INFO - Setting next_dagrun for dataset_consumes_1 to None, run_after=None
[2023-05-29T22:42:58.532+0000] {logging_mixin.py:149} INFO - [2023-05-29T22:42:58.532+0000] {dag.py:3490} INFO - Setting next_dagrun for dataset_consumes_1_and_2 to None, run_after=None
[2023-05-29T22:42:58.535+0000] {logging_mixin.py:149} INFO - [2023-05-29T22:42:58.535+0000] {dag.py:3490} INFO - Setting next_dagrun for dataset_consumes_1_never_scheduled to None, run_after=None
[2023-05-29T22:42:58.543+0000] {logging_mixin.py:149} INFO - [2023-05-29T22:42:58.543+0000] {dag.py:3490} INFO - Setting next_dagrun for dataset_consumes_unknown_never_scheduled to None, run_after=None
[2023-05-29T22:42:58.547+0000] {logging_mixin.py:149} INFO - [2023-05-29T22:42:58.547+0000] {dag.py:3490} INFO - Setting next_dagrun for dataset_produces_1 to 2023-05-28T00:00:00+00:00, run_after=2023-05-29T00:00:00+00:00
[2023-05-29T22:42:58.549+0000] {logging_mixin.py:149} INFO - [2023-05-29T22:42:58.549+0000] {dag.py:3490} INFO - Setting next_dagrun for dataset_produces_2 to None, run_after=None
[2023-05-29T22:42:58.589+0000] {processor.py:179} INFO - Processing /home/airflow/.local/lib/python3.7/site-packages/airflow/example_dags/example_datasets.py took 0.218 seconds
[2023-05-29T22:43:29.223+0000] {processor.py:157} INFO - Started process (PID=163) to work on /home/airflow/.local/lib/python3.7/site-packages/airflow/example_dags/example_datasets.py
[2023-05-29T22:43:29.225+0000] {processor.py:826} INFO - Processing file /home/airflow/.local/lib/python3.7/site-packages/airflow/example_dags/example_datasets.py for tasks to queue
[2023-05-29T22:43:29.225+0000] {logging_mixin.py:149} INFO - [2023-05-29T22:43:29.225+0000] {dagbag.py:541} INFO - Filling up the DagBag from /home/airflow/.local/lib/python3.7/site-packages/airflow/example_dags/example_datasets.py
[2023-05-29T22:43:29.232+0000] {processor.py:836} INFO - DAG(s) dict_keys(['dataset_produces_1', 'dataset_consumes_unknown_never_scheduled', 'dataset_consumes_1', 'dataset_consumes_1_never_scheduled', 'dataset_produces_2', 'dataset_consumes_1_and_2']) retrieved from /home/airflow/.local/lib/python3.7/site-packages/airflow/example_dags/example_datasets.py
[2023-05-29T22:43:29.260+0000] {logging_mixin.py:149} INFO - [2023-05-29T22:43:29.260+0000] {dag.py:2726} INFO - Sync 6 DAGs
[2023-05-29T22:43:29.277+0000] {logging_mixin.py:149} INFO - [2023-05-29T22:43:29.277+0000] {dag.py:3490} INFO - Setting next_dagrun for dataset_consumes_1 to None, run_after=None
[2023-05-29T22:43:29.280+0000] {logging_mixin.py:149} INFO - [2023-05-29T22:43:29.280+0000] {dag.py:3490} INFO - Setting next_dagrun for dataset_consumes_1_and_2 to None, run_after=None
[2023-05-29T22:43:29.281+0000] {logging_mixin.py:149} INFO - [2023-05-29T22:43:29.281+0000] {dag.py:3490} INFO - Setting next_dagrun for dataset_consumes_1_never_scheduled to None, run_after=None
[2023-05-29T22:43:29.282+0000] {logging_mixin.py:149} INFO - [2023-05-29T22:43:29.282+0000] {dag.py:3490} INFO - Setting next_dagrun for dataset_consumes_unknown_never_scheduled to None, run_after=None
[2023-05-29T22:43:29.284+0000] {logging_mixin.py:149} INFO - [2023-05-29T22:43:29.284+0000] {dag.py:3490} INFO - Setting next_dagrun for dataset_produces_1 to 2023-05-28T00:00:00+00:00, run_after=2023-05-29T00:00:00+00:00
[2023-05-29T22:43:29.285+0000] {logging_mixin.py:149} INFO - [2023-05-29T22:43:29.285+0000] {dag.py:3490} INFO - Setting next_dagrun for dataset_produces_2 to None, run_after=None
[2023-05-29T22:43:29.307+0000] {processor.py:179} INFO - Processing /home/airflow/.local/lib/python3.7/site-packages/airflow/example_dags/example_datasets.py took 0.086 seconds
[2023-05-29T22:43:59.743+0000] {processor.py:157} INFO - Started process (PID=219) to work on /home/airflow/.local/lib/python3.7/site-packages/airflow/example_dags/example_datasets.py
[2023-05-29T22:43:59.745+0000] {processor.py:826} INFO - Processing file /home/airflow/.local/lib/python3.7/site-packages/airflow/example_dags/example_datasets.py for tasks to queue
[2023-05-29T22:43:59.745+0000] {logging_mixin.py:149} INFO - [2023-05-29T22:43:59.745+0000] {dagbag.py:541} INFO - Filling up the DagBag from /home/airflow/.local/lib/python3.7/site-packages/airflow/example_dags/example_datasets.py
[2023-05-29T22:43:59.755+0000] {processor.py:836} INFO - DAG(s) dict_keys(['dataset_consumes_1_and_2', 'dataset_produces_2', 'dataset_consumes_1', 'dataset_consumes_1_never_scheduled', 'dataset_produces_1', 'dataset_consumes_unknown_never_scheduled']) retrieved from /home/airflow/.local/lib/python3.7/site-packages/airflow/example_dags/example_datasets.py
[2023-05-29T22:43:59.782+0000] {logging_mixin.py:149} INFO - [2023-05-29T22:43:59.782+0000] {dag.py:2726} INFO - Sync 6 DAGs
[2023-05-29T22:43:59.798+0000] {logging_mixin.py:149} INFO - [2023-05-29T22:43:59.798+0000] {dag.py:3490} INFO - Setting next_dagrun for dataset_consumes_1 to None, run_after=None
[2023-05-29T22:43:59.801+0000] {logging_mixin.py:149} INFO - [2023-05-29T22:43:59.801+0000] {dag.py:3490} INFO - Setting next_dagrun for dataset_consumes_1_and_2 to None, run_after=None
[2023-05-29T22:43:59.802+0000] {logging_mixin.py:149} INFO - [2023-05-29T22:43:59.802+0000] {dag.py:3490} INFO - Setting next_dagrun for dataset_consumes_1_never_scheduled to None, run_after=None
[2023-05-29T22:43:59.803+0000] {logging_mixin.py:149} INFO - [2023-05-29T22:43:59.803+0000] {dag.py:3490} INFO - Setting next_dagrun for dataset_consumes_unknown_never_scheduled to None, run_after=None
[2023-05-29T22:43:59.806+0000] {logging_mixin.py:149} INFO - [2023-05-29T22:43:59.805+0000] {dag.py:3490} INFO - Setting next_dagrun for dataset_produces_1 to 2023-05-28T00:00:00+00:00, run_after=2023-05-29T00:00:00+00:00
[2023-05-29T22:43:59.807+0000] {logging_mixin.py:149} INFO - [2023-05-29T22:43:59.807+0000] {dag.py:3490} INFO - Setting next_dagrun for dataset_produces_2 to None, run_after=None
[2023-05-29T22:43:59.827+0000] {processor.py:179} INFO - Processing /home/airflow/.local/lib/python3.7/site-packages/airflow/example_dags/example_datasets.py took 0.086 seconds
[2023-05-29T22:44:30.131+0000] {processor.py:157} INFO - Started process (PID=283) to work on /home/airflow/.local/lib/python3.7/site-packages/airflow/example_dags/example_datasets.py
[2023-05-29T22:44:30.132+0000] {processor.py:826} INFO - Processing file /home/airflow/.local/lib/python3.7/site-packages/airflow/example_dags/example_datasets.py for tasks to queue
[2023-05-29T22:44:30.132+0000] {logging_mixin.py:149} INFO - [2023-05-29T22:44:30.132+0000] {dagbag.py:541} INFO - Filling up the DagBag from /home/airflow/.local/lib/python3.7/site-packages/airflow/example_dags/example_datasets.py
[2023-05-29T22:44:30.139+0000] {processor.py:836} INFO - DAG(s) dict_keys(['dataset_produces_2', 'dataset_consumes_1_never_scheduled', 'dataset_consumes_1', 'dataset_consumes_unknown_never_scheduled', 'dataset_produces_1', 'dataset_consumes_1_and_2']) retrieved from /home/airflow/.local/lib/python3.7/site-packages/airflow/example_dags/example_datasets.py
[2023-05-29T22:44:30.172+0000] {logging_mixin.py:149} INFO - [2023-05-29T22:44:30.172+0000] {dag.py:2726} INFO - Sync 6 DAGs
[2023-05-29T22:44:30.188+0000] {logging_mixin.py:149} INFO - [2023-05-29T22:44:30.188+0000] {dag.py:3490} INFO - Setting next_dagrun for dataset_consumes_1 to None, run_after=None
[2023-05-29T22:44:30.191+0000] {logging_mixin.py:149} INFO - [2023-05-29T22:44:30.191+0000] {dag.py:3490} INFO - Setting next_dagrun for dataset_consumes_1_and_2 to None, run_after=None
[2023-05-29T22:44:30.192+0000] {logging_mixin.py:149} INFO - [2023-05-29T22:44:30.192+0000] {dag.py:3490} INFO - Setting next_dagrun for dataset_consumes_1_never_scheduled to None, run_after=None
[2023-05-29T22:44:30.193+0000] {logging_mixin.py:149} INFO - [2023-05-29T22:44:30.193+0000] {dag.py:3490} INFO - Setting next_dagrun for dataset_consumes_unknown_never_scheduled to None, run_after=None
[2023-05-29T22:44:30.195+0000] {logging_mixin.py:149} INFO - [2023-05-29T22:44:30.195+0000] {dag.py:3490} INFO - Setting next_dagrun for dataset_produces_1 to 2023-05-28T00:00:00+00:00, run_after=2023-05-29T00:00:00+00:00
[2023-05-29T22:44:30.196+0000] {logging_mixin.py:149} INFO - [2023-05-29T22:44:30.196+0000] {dag.py:3490} INFO - Setting next_dagrun for dataset_produces_2 to None, run_after=None
[2023-05-29T22:44:30.216+0000] {processor.py:179} INFO - Processing /home/airflow/.local/lib/python3.7/site-packages/airflow/example_dags/example_datasets.py took 0.089 seconds
[2023-05-29T22:45:00.760+0000] {processor.py:157} INFO - Started process (PID=339) to work on /home/airflow/.local/lib/python3.7/site-packages/airflow/example_dags/example_datasets.py
[2023-05-29T22:45:00.762+0000] {processor.py:826} INFO - Processing file /home/airflow/.local/lib/python3.7/site-packages/airflow/example_dags/example_datasets.py for tasks to queue
[2023-05-29T22:45:00.763+0000] {logging_mixin.py:149} INFO - [2023-05-29T22:45:00.763+0000] {dagbag.py:541} INFO - Filling up the DagBag from /home/airflow/.local/lib/python3.7/site-packages/airflow/example_dags/example_datasets.py
[2023-05-29T22:45:00.771+0000] {processor.py:836} INFO - DAG(s) dict_keys(['dataset_consumes_1', 'dataset_consumes_unknown_never_scheduled', 'dataset_consumes_1_never_scheduled', 'dataset_produces_1', 'dataset_consumes_1_and_2', 'dataset_produces_2']) retrieved from /home/airflow/.local/lib/python3.7/site-packages/airflow/example_dags/example_datasets.py
[2023-05-29T22:45:00.801+0000] {logging_mixin.py:149} INFO - [2023-05-29T22:45:00.801+0000] {dag.py:2726} INFO - Sync 6 DAGs
[2023-05-29T22:45:00.819+0000] {logging_mixin.py:149} INFO - [2023-05-29T22:45:00.818+0000] {dag.py:3490} INFO - Setting next_dagrun for dataset_consumes_1 to None, run_after=None
[2023-05-29T22:45:00.821+0000] {logging_mixin.py:149} INFO - [2023-05-29T22:45:00.821+0000] {dag.py:3490} INFO - Setting next_dagrun for dataset_consumes_1_and_2 to None, run_after=None
[2023-05-29T22:45:00.822+0000] {logging_mixin.py:149} INFO - [2023-05-29T22:45:00.822+0000] {dag.py:3490} INFO - Setting next_dagrun for dataset_consumes_1_never_scheduled to None, run_after=None
[2023-05-29T22:45:00.823+0000] {logging_mixin.py:149} INFO - [2023-05-29T22:45:00.823+0000] {dag.py:3490} INFO - Setting next_dagrun for dataset_consumes_unknown_never_scheduled to None, run_after=None
[2023-05-29T22:45:00.825+0000] {logging_mixin.py:149} INFO - [2023-05-29T22:45:00.825+0000] {dag.py:3490} INFO - Setting next_dagrun for dataset_produces_1 to 2023-05-28T00:00:00+00:00, run_after=2023-05-29T00:00:00+00:00
[2023-05-29T22:45:00.827+0000] {logging_mixin.py:149} INFO - [2023-05-29T22:45:00.826+0000] {dag.py:3490} INFO - Setting next_dagrun for dataset_produces_2 to None, run_after=None
[2023-05-29T22:45:00.850+0000] {processor.py:179} INFO - Processing /home/airflow/.local/lib/python3.7/site-packages/airflow/example_dags/example_datasets.py took 0.095 seconds
[2023-05-29T22:45:31.283+0000] {processor.py:157} INFO - Started process (PID=395) to work on /home/airflow/.local/lib/python3.7/site-packages/airflow/example_dags/example_datasets.py
[2023-05-29T22:45:31.286+0000] {processor.py:826} INFO - Processing file /home/airflow/.local/lib/python3.7/site-packages/airflow/example_dags/example_datasets.py for tasks to queue
[2023-05-29T22:45:31.288+0000] {logging_mixin.py:149} INFO - [2023-05-29T22:45:31.287+0000] {dagbag.py:541} INFO - Filling up the DagBag from /home/airflow/.local/lib/python3.7/site-packages/airflow/example_dags/example_datasets.py
[2023-05-29T22:45:31.295+0000] {processor.py:836} INFO - DAG(s) dict_keys(['dataset_produces_1', 'dataset_consumes_unknown_never_scheduled', 'dataset_consumes_1_and_2', 'dataset_consumes_1_never_scheduled', 'dataset_consumes_1', 'dataset_produces_2']) retrieved from /home/airflow/.local/lib/python3.7/site-packages/airflow/example_dags/example_datasets.py
[2023-05-29T22:45:31.322+0000] {logging_mixin.py:149} INFO - [2023-05-29T22:45:31.322+0000] {dag.py:2726} INFO - Sync 6 DAGs
[2023-05-29T22:45:31.339+0000] {logging_mixin.py:149} INFO - [2023-05-29T22:45:31.339+0000] {dag.py:3490} INFO - Setting next_dagrun for dataset_consumes_1 to None, run_after=None
[2023-05-29T22:45:31.341+0000] {logging_mixin.py:149} INFO - [2023-05-29T22:45:31.341+0000] {dag.py:3490} INFO - Setting next_dagrun for dataset_consumes_1_and_2 to None, run_after=None
[2023-05-29T22:45:31.343+0000] {logging_mixin.py:149} INFO - [2023-05-29T22:45:31.343+0000] {dag.py:3490} INFO - Setting next_dagrun for dataset_consumes_1_never_scheduled to None, run_after=None
[2023-05-29T22:45:31.344+0000] {logging_mixin.py:149} INFO - [2023-05-29T22:45:31.344+0000] {dag.py:3490} INFO - Setting next_dagrun for dataset_consumes_unknown_never_scheduled to None, run_after=None
[2023-05-29T22:45:31.346+0000] {logging_mixin.py:149} INFO - [2023-05-29T22:45:31.346+0000] {dag.py:3490} INFO - Setting next_dagrun for dataset_produces_1 to 2023-05-28T00:00:00+00:00, run_after=2023-05-29T00:00:00+00:00
[2023-05-29T22:45:31.347+0000] {logging_mixin.py:149} INFO - [2023-05-29T22:45:31.347+0000] {dag.py:3490} INFO - Setting next_dagrun for dataset_produces_2 to None, run_after=None
[2023-05-29T22:45:31.380+0000] {processor.py:179} INFO - Processing /home/airflow/.local/lib/python3.7/site-packages/airflow/example_dags/example_datasets.py took 0.099 seconds
[2023-05-29T22:46:01.980+0000] {processor.py:157} INFO - Started process (PID=451) to work on /home/airflow/.local/lib/python3.7/site-packages/airflow/example_dags/example_datasets.py
[2023-05-29T22:46:01.983+0000] {processor.py:826} INFO - Processing file /home/airflow/.local/lib/python3.7/site-packages/airflow/example_dags/example_datasets.py for tasks to queue
[2023-05-29T22:46:01.986+0000] {logging_mixin.py:149} INFO - [2023-05-29T22:46:01.986+0000] {dagbag.py:541} INFO - Filling up the DagBag from /home/airflow/.local/lib/python3.7/site-packages/airflow/example_dags/example_datasets.py
[2023-05-29T22:46:01.997+0000] {processor.py:836} INFO - DAG(s) dict_keys(['dataset_consumes_1_and_2', 'dataset_consumes_1_never_scheduled', 'dataset_consumes_1', 'dataset_produces_1', 'dataset_consumes_unknown_never_scheduled', 'dataset_produces_2']) retrieved from /home/airflow/.local/lib/python3.7/site-packages/airflow/example_dags/example_datasets.py
[2023-05-29T22:46:02.058+0000] {logging_mixin.py:149} INFO - [2023-05-29T22:46:02.058+0000] {dag.py:2726} INFO - Sync 6 DAGs
[2023-05-29T22:46:02.088+0000] {logging_mixin.py:149} INFO - [2023-05-29T22:46:02.088+0000] {dag.py:3490} INFO - Setting next_dagrun for dataset_consumes_1 to None, run_after=None
[2023-05-29T22:46:02.097+0000] {logging_mixin.py:149} INFO - [2023-05-29T22:46:02.097+0000] {dag.py:3490} INFO - Setting next_dagrun for dataset_consumes_1_and_2 to None, run_after=None
[2023-05-29T22:46:02.100+0000] {logging_mixin.py:149} INFO - [2023-05-29T22:46:02.100+0000] {dag.py:3490} INFO - Setting next_dagrun for dataset_consumes_1_never_scheduled to None, run_after=None
[2023-05-29T22:46:02.103+0000] {logging_mixin.py:149} INFO - [2023-05-29T22:46:02.103+0000] {dag.py:3490} INFO - Setting next_dagrun for dataset_consumes_unknown_never_scheduled to None, run_after=None
[2023-05-29T22:46:02.109+0000] {logging_mixin.py:149} INFO - [2023-05-29T22:46:02.109+0000] {dag.py:3490} INFO - Setting next_dagrun for dataset_produces_1 to 2023-05-28T00:00:00+00:00, run_after=2023-05-29T00:00:00+00:00
[2023-05-29T22:46:02.114+0000] {logging_mixin.py:149} INFO - [2023-05-29T22:46:02.114+0000] {dag.py:3490} INFO - Setting next_dagrun for dataset_produces_2 to None, run_after=None
[2023-05-29T22:46:02.206+0000] {processor.py:179} INFO - Processing /home/airflow/.local/lib/python3.7/site-packages/airflow/example_dags/example_datasets.py took 0.232 seconds
[2023-05-29T22:46:32.282+0000] {processor.py:157} INFO - Started process (PID=508) to work on /home/airflow/.local/lib/python3.7/site-packages/airflow/example_dags/example_datasets.py
[2023-05-29T22:46:32.284+0000] {processor.py:826} INFO - Processing file /home/airflow/.local/lib/python3.7/site-packages/airflow/example_dags/example_datasets.py for tasks to queue
[2023-05-29T22:46:32.285+0000] {logging_mixin.py:149} INFO - [2023-05-29T22:46:32.285+0000] {dagbag.py:541} INFO - Filling up the DagBag from /home/airflow/.local/lib/python3.7/site-packages/airflow/example_dags/example_datasets.py
[2023-05-29T22:46:32.298+0000] {processor.py:836} INFO - DAG(s) dict_keys(['dataset_consumes_1_and_2', 'dataset_consumes_1', 'dataset_consumes_1_never_scheduled', 'dataset_produces_1', 'dataset_produces_2', 'dataset_consumes_unknown_never_scheduled']) retrieved from /home/airflow/.local/lib/python3.7/site-packages/airflow/example_dags/example_datasets.py
[2023-05-29T22:46:32.328+0000] {logging_mixin.py:149} INFO - [2023-05-29T22:46:32.328+0000] {dag.py:2726} INFO - Sync 6 DAGs
[2023-05-29T22:46:32.347+0000] {logging_mixin.py:149} INFO - [2023-05-29T22:46:32.347+0000] {dag.py:3490} INFO - Setting next_dagrun for dataset_consumes_1 to None, run_after=None
[2023-05-29T22:46:32.350+0000] {logging_mixin.py:149} INFO - [2023-05-29T22:46:32.350+0000] {dag.py:3490} INFO - Setting next_dagrun for dataset_consumes_1_and_2 to None, run_after=None
[2023-05-29T22:46:32.351+0000] {logging_mixin.py:149} INFO - [2023-05-29T22:46:32.351+0000] {dag.py:3490} INFO - Setting next_dagrun for dataset_consumes_1_never_scheduled to None, run_after=None
[2023-05-29T22:46:32.352+0000] {logging_mixin.py:149} INFO - [2023-05-29T22:46:32.352+0000] {dag.py:3490} INFO - Setting next_dagrun for dataset_consumes_unknown_never_scheduled to None, run_after=None
[2023-05-29T22:46:32.354+0000] {logging_mixin.py:149} INFO - [2023-05-29T22:46:32.353+0000] {dag.py:3490} INFO - Setting next_dagrun for dataset_produces_1 to 2023-05-28T00:00:00+00:00, run_after=2023-05-29T00:00:00+00:00
[2023-05-29T22:46:32.354+0000] {logging_mixin.py:149} INFO - [2023-05-29T22:46:32.354+0000] {dag.py:3490} INFO - Setting next_dagrun for dataset_produces_2 to None, run_after=None
[2023-05-29T22:46:32.371+0000] {processor.py:179} INFO - Processing /home/airflow/.local/lib/python3.7/site-packages/airflow/example_dags/example_datasets.py took 0.094 seconds
[2023-05-29T22:47:02.462+0000] {processor.py:157} INFO - Started process (PID=564) to work on /home/airflow/.local/lib/python3.7/site-packages/airflow/example_dags/example_datasets.py
[2023-05-29T22:47:02.464+0000] {processor.py:826} INFO - Processing file /home/airflow/.local/lib/python3.7/site-packages/airflow/example_dags/example_datasets.py for tasks to queue
[2023-05-29T22:47:02.464+0000] {logging_mixin.py:149} INFO - [2023-05-29T22:47:02.464+0000] {dagbag.py:541} INFO - Filling up the DagBag from /home/airflow/.local/lib/python3.7/site-packages/airflow/example_dags/example_datasets.py
[2023-05-29T22:47:02.473+0000] {processor.py:836} INFO - DAG(s) dict_keys(['dataset_produces_2', 'dataset_produces_1', 'dataset_consumes_1', 'dataset_consumes_unknown_never_scheduled', 'dataset_consumes_1_never_scheduled', 'dataset_consumes_1_and_2']) retrieved from /home/airflow/.local/lib/python3.7/site-packages/airflow/example_dags/example_datasets.py
[2023-05-29T22:47:02.505+0000] {logging_mixin.py:149} INFO - [2023-05-29T22:47:02.505+0000] {dag.py:2726} INFO - Sync 6 DAGs
[2023-05-29T22:47:02.529+0000] {logging_mixin.py:149} INFO - [2023-05-29T22:47:02.529+0000] {dag.py:3490} INFO - Setting next_dagrun for dataset_consumes_1 to None, run_after=None
[2023-05-29T22:47:02.534+0000] {logging_mixin.py:149} INFO - [2023-05-29T22:47:02.534+0000] {dag.py:3490} INFO - Setting next_dagrun for dataset_consumes_1_and_2 to None, run_after=None
[2023-05-29T22:47:02.535+0000] {logging_mixin.py:149} INFO - [2023-05-29T22:47:02.535+0000] {dag.py:3490} INFO - Setting next_dagrun for dataset_consumes_1_never_scheduled to None, run_after=None
[2023-05-29T22:47:02.537+0000] {logging_mixin.py:149} INFO - [2023-05-29T22:47:02.537+0000] {dag.py:3490} INFO - Setting next_dagrun for dataset_consumes_unknown_never_scheduled to None, run_after=None
[2023-05-29T22:47:02.539+0000] {logging_mixin.py:149} INFO - [2023-05-29T22:47:02.539+0000] {dag.py:3490} INFO - Setting next_dagrun for dataset_produces_1 to 2023-05-28T00:00:00+00:00, run_after=2023-05-29T00:00:00+00:00
[2023-05-29T22:47:02.540+0000] {logging_mixin.py:149} INFO - [2023-05-29T22:47:02.540+0000] {dag.py:3490} INFO - Setting next_dagrun for dataset_produces_2 to None, run_after=None
[2023-05-29T22:47:02.561+0000] {processor.py:179} INFO - Processing /home/airflow/.local/lib/python3.7/site-packages/airflow/example_dags/example_datasets.py took 0.101 seconds
[2023-05-29T22:47:32.689+0000] {processor.py:157} INFO - Started process (PID=618) to work on /home/airflow/.local/lib/python3.7/site-packages/airflow/example_dags/example_datasets.py
[2023-05-29T22:47:32.690+0000] {processor.py:826} INFO - Processing file /home/airflow/.local/lib/python3.7/site-packages/airflow/example_dags/example_datasets.py for tasks to queue
[2023-05-29T22:47:32.692+0000] {logging_mixin.py:149} INFO - [2023-05-29T22:47:32.692+0000] {dagbag.py:541} INFO - Filling up the DagBag from /home/airflow/.local/lib/python3.7/site-packages/airflow/example_dags/example_datasets.py
[2023-05-29T22:47:32.699+0000] {processor.py:836} INFO - DAG(s) dict_keys(['dataset_consumes_1', 'dataset_produces_2', 'dataset_consumes_1_and_2', 'dataset_consumes_1_never_scheduled', 'dataset_produces_1', 'dataset_consumes_unknown_never_scheduled']) retrieved from /home/airflow/.local/lib/python3.7/site-packages/airflow/example_dags/example_datasets.py
[2023-05-29T22:47:32.727+0000] {logging_mixin.py:149} INFO - [2023-05-29T22:47:32.727+0000] {dag.py:2726} INFO - Sync 6 DAGs
[2023-05-29T22:47:32.744+0000] {logging_mixin.py:149} INFO - [2023-05-29T22:47:32.744+0000] {dag.py:3490} INFO - Setting next_dagrun for dataset_consumes_1 to None, run_after=None
[2023-05-29T22:47:32.747+0000] {logging_mixin.py:149} INFO - [2023-05-29T22:47:32.747+0000] {dag.py:3490} INFO - Setting next_dagrun for dataset_consumes_1_and_2 to None, run_after=None
[2023-05-29T22:47:32.748+0000] {logging_mixin.py:149} INFO - [2023-05-29T22:47:32.748+0000] {dag.py:3490} INFO - Setting next_dagrun for dataset_consumes_1_never_scheduled to None, run_after=None
[2023-05-29T22:47:32.749+0000] {logging_mixin.py:149} INFO - [2023-05-29T22:47:32.749+0000] {dag.py:3490} INFO - Setting next_dagrun for dataset_consumes_unknown_never_scheduled to None, run_after=None
[2023-05-29T22:47:32.751+0000] {logging_mixin.py:149} INFO - [2023-05-29T22:47:32.751+0000] {dag.py:3490} INFO - Setting next_dagrun for dataset_produces_1 to 2023-05-28T00:00:00+00:00, run_after=2023-05-29T00:00:00+00:00
[2023-05-29T22:47:32.753+0000] {logging_mixin.py:149} INFO - [2023-05-29T22:47:32.753+0000] {dag.py:3490} INFO - Setting next_dagrun for dataset_produces_2 to None, run_after=None
[2023-05-29T22:47:32.773+0000] {processor.py:179} INFO - Processing /home/airflow/.local/lib/python3.7/site-packages/airflow/example_dags/example_datasets.py took 0.088 seconds
[2023-05-29T22:48:02.869+0000] {processor.py:157} INFO - Started process (PID=674) to work on /home/airflow/.local/lib/python3.7/site-packages/airflow/example_dags/example_datasets.py
[2023-05-29T22:48:02.871+0000] {processor.py:826} INFO - Processing file /home/airflow/.local/lib/python3.7/site-packages/airflow/example_dags/example_datasets.py for tasks to queue
[2023-05-29T22:48:02.872+0000] {logging_mixin.py:149} INFO - [2023-05-29T22:48:02.872+0000] {dagbag.py:541} INFO - Filling up the DagBag from /home/airflow/.local/lib/python3.7/site-packages/airflow/example_dags/example_datasets.py
[2023-05-29T22:48:02.887+0000] {processor.py:836} INFO - DAG(s) dict_keys(['dataset_produces_2', 'dataset_produces_1', 'dataset_consumes_unknown_never_scheduled', 'dataset_consumes_1_and_2', 'dataset_consumes_1', 'dataset_consumes_1_never_scheduled']) retrieved from /home/airflow/.local/lib/python3.7/site-packages/airflow/example_dags/example_datasets.py
[2023-05-29T22:48:02.915+0000] {logging_mixin.py:149} INFO - [2023-05-29T22:48:02.915+0000] {dag.py:2726} INFO - Sync 6 DAGs
[2023-05-29T22:48:02.933+0000] {logging_mixin.py:149} INFO - [2023-05-29T22:48:02.933+0000] {dag.py:3490} INFO - Setting next_dagrun for dataset_consumes_1 to None, run_after=None
[2023-05-29T22:48:02.936+0000] {logging_mixin.py:149} INFO - [2023-05-29T22:48:02.936+0000] {dag.py:3490} INFO - Setting next_dagrun for dataset_consumes_1_and_2 to None, run_after=None
[2023-05-29T22:48:02.937+0000] {logging_mixin.py:149} INFO - [2023-05-29T22:48:02.937+0000] {dag.py:3490} INFO - Setting next_dagrun for dataset_consumes_1_never_scheduled to None, run_after=None
[2023-05-29T22:48:02.938+0000] {logging_mixin.py:149} INFO - [2023-05-29T22:48:02.938+0000] {dag.py:3490} INFO - Setting next_dagrun for dataset_consumes_unknown_never_scheduled to None, run_after=None
[2023-05-29T22:48:02.940+0000] {logging_mixin.py:149} INFO - [2023-05-29T22:48:02.940+0000] {dag.py:3490} INFO - Setting next_dagrun for dataset_produces_1 to 2023-05-28T00:00:00+00:00, run_after=2023-05-29T00:00:00+00:00
[2023-05-29T22:48:02.942+0000] {logging_mixin.py:149} INFO - [2023-05-29T22:48:02.942+0000] {dag.py:3490} INFO - Setting next_dagrun for dataset_produces_2 to None, run_after=None
[2023-05-29T22:48:02.962+0000] {processor.py:179} INFO - Processing /home/airflow/.local/lib/python3.7/site-packages/airflow/example_dags/example_datasets.py took 0.096 seconds
[2023-05-29T22:49:25.203+0000] {processor.py:157} INFO - Started process (PID=52) to work on /home/airflow/.local/lib/python3.7/site-packages/airflow/example_dags/example_datasets.py
[2023-05-29T22:49:25.206+0000] {processor.py:826} INFO - Processing file /home/airflow/.local/lib/python3.7/site-packages/airflow/example_dags/example_datasets.py for tasks to queue
[2023-05-29T22:49:25.208+0000] {logging_mixin.py:149} INFO - [2023-05-29T22:49:25.207+0000] {dagbag.py:541} INFO - Filling up the DagBag from /home/airflow/.local/lib/python3.7/site-packages/airflow/example_dags/example_datasets.py
[2023-05-29T22:49:25.221+0000] {processor.py:836} INFO - DAG(s) dict_keys(['dataset_consumes_1', 'dataset_consumes_unknown_never_scheduled', 'dataset_consumes_1_and_2', 'dataset_produces_2', 'dataset_produces_1', 'dataset_consumes_1_never_scheduled']) retrieved from /home/airflow/.local/lib/python3.7/site-packages/airflow/example_dags/example_datasets.py
[2023-05-29T22:49:25.247+0000] {logging_mixin.py:149} INFO - [2023-05-29T22:49:25.247+0000] {dag.py:2726} INFO - Sync 6 DAGs
[2023-05-29T22:49:25.282+0000] {logging_mixin.py:149} INFO - [2023-05-29T22:49:25.282+0000] {dag.py:3490} INFO - Setting next_dagrun for dataset_consumes_1 to None, run_after=None
[2023-05-29T22:49:25.287+0000] {logging_mixin.py:149} INFO - [2023-05-29T22:49:25.287+0000] {dag.py:3490} INFO - Setting next_dagrun for dataset_consumes_1_and_2 to None, run_after=None
[2023-05-29T22:49:25.293+0000] {logging_mixin.py:149} INFO - [2023-05-29T22:49:25.289+0000] {dag.py:3490} INFO - Setting next_dagrun for dataset_consumes_1_never_scheduled to None, run_after=None
[2023-05-29T22:49:25.295+0000] {logging_mixin.py:149} INFO - [2023-05-29T22:49:25.295+0000] {dag.py:3490} INFO - Setting next_dagrun for dataset_consumes_unknown_never_scheduled to None, run_after=None
[2023-05-29T22:49:25.298+0000] {logging_mixin.py:149} INFO - [2023-05-29T22:49:25.297+0000] {dag.py:3490} INFO - Setting next_dagrun for dataset_produces_1 to 2023-05-28T00:00:00+00:00, run_after=2023-05-29T00:00:00+00:00
[2023-05-29T22:49:25.299+0000] {logging_mixin.py:149} INFO - [2023-05-29T22:49:25.299+0000] {dag.py:3490} INFO - Setting next_dagrun for dataset_produces_2 to None, run_after=None
[2023-05-29T22:49:25.346+0000] {processor.py:179} INFO - Processing /home/airflow/.local/lib/python3.7/site-packages/airflow/example_dags/example_datasets.py took 0.147 seconds
[2023-05-29T22:49:55.599+0000] {processor.py:157} INFO - Started process (PID=108) to work on /home/airflow/.local/lib/python3.7/site-packages/airflow/example_dags/example_datasets.py
[2023-05-29T22:49:55.600+0000] {processor.py:826} INFO - Processing file /home/airflow/.local/lib/python3.7/site-packages/airflow/example_dags/example_datasets.py for tasks to queue
[2023-05-29T22:49:55.601+0000] {logging_mixin.py:149} INFO - [2023-05-29T22:49:55.601+0000] {dagbag.py:541} INFO - Filling up the DagBag from /home/airflow/.local/lib/python3.7/site-packages/airflow/example_dags/example_datasets.py
[2023-05-29T22:49:55.608+0000] {processor.py:836} INFO - DAG(s) dict_keys(['dataset_produces_1', 'dataset_produces_2', 'dataset_consumes_1', 'dataset_consumes_1_and_2', 'dataset_consumes_1_never_scheduled', 'dataset_consumes_unknown_never_scheduled']) retrieved from /home/airflow/.local/lib/python3.7/site-packages/airflow/example_dags/example_datasets.py
[2023-05-29T22:49:55.666+0000] {logging_mixin.py:149} INFO - [2023-05-29T22:49:55.666+0000] {dag.py:2726} INFO - Sync 6 DAGs
[2023-05-29T22:49:55.680+0000] {logging_mixin.py:149} INFO - [2023-05-29T22:49:55.680+0000] {dag.py:3490} INFO - Setting next_dagrun for dataset_consumes_1 to None, run_after=None
[2023-05-29T22:49:55.682+0000] {logging_mixin.py:149} INFO - [2023-05-29T22:49:55.682+0000] {dag.py:3490} INFO - Setting next_dagrun for dataset_consumes_1_and_2 to None, run_after=None
[2023-05-29T22:49:55.684+0000] {logging_mixin.py:149} INFO - [2023-05-29T22:49:55.684+0000] {dag.py:3490} INFO - Setting next_dagrun for dataset_consumes_1_never_scheduled to None, run_after=None
[2023-05-29T22:49:55.685+0000] {logging_mixin.py:149} INFO - [2023-05-29T22:49:55.685+0000] {dag.py:3490} INFO - Setting next_dagrun for dataset_consumes_unknown_never_scheduled to None, run_after=None
[2023-05-29T22:49:55.686+0000] {logging_mixin.py:149} INFO - [2023-05-29T22:49:55.686+0000] {dag.py:3490} INFO - Setting next_dagrun for dataset_produces_1 to 2023-05-28T00:00:00+00:00, run_after=2023-05-29T00:00:00+00:00
[2023-05-29T22:49:55.688+0000] {logging_mixin.py:149} INFO - [2023-05-29T22:49:55.688+0000] {dag.py:3490} INFO - Setting next_dagrun for dataset_produces_2 to None, run_after=None
[2023-05-29T22:49:55.719+0000] {processor.py:179} INFO - Processing /home/airflow/.local/lib/python3.7/site-packages/airflow/example_dags/example_datasets.py took 0.122 seconds
[2023-05-29T22:50:33.137+0000] {processor.py:157} INFO - Started process (PID=164) to work on /home/airflow/.local/lib/python3.7/site-packages/airflow/example_dags/example_datasets.py
[2023-05-29T22:50:33.193+0000] {processor.py:826} INFO - Processing file /home/airflow/.local/lib/python3.7/site-packages/airflow/example_dags/example_datasets.py for tasks to queue
[2023-05-29T22:50:33.203+0000] {logging_mixin.py:149} INFO - [2023-05-29T22:50:33.202+0000] {dagbag.py:541} INFO - Filling up the DagBag from /home/airflow/.local/lib/python3.7/site-packages/airflow/example_dags/example_datasets.py
[2023-05-29T22:50:33.336+0000] {processor.py:836} INFO - DAG(s) dict_keys(['dataset_consumes_1_and_2', 'dataset_produces_2', 'dataset_consumes_unknown_never_scheduled', 'dataset_consumes_1_never_scheduled', 'dataset_consumes_1', 'dataset_produces_1']) retrieved from /home/airflow/.local/lib/python3.7/site-packages/airflow/example_dags/example_datasets.py
[2023-05-29T22:50:33.633+0000] {logging_mixin.py:149} INFO - [2023-05-29T22:50:33.632+0000] {dag.py:2726} INFO - Sync 6 DAGs
[2023-05-29T22:50:33.734+0000] {logging_mixin.py:149} INFO - [2023-05-29T22:50:33.734+0000] {dag.py:3490} INFO - Setting next_dagrun for dataset_consumes_1 to None, run_after=None
[2023-05-29T22:50:33.743+0000] {logging_mixin.py:149} INFO - [2023-05-29T22:50:33.743+0000] {dag.py:3490} INFO - Setting next_dagrun for dataset_consumes_1_and_2 to None, run_after=None
[2023-05-29T22:50:33.752+0000] {logging_mixin.py:149} INFO - [2023-05-29T22:50:33.751+0000] {dag.py:3490} INFO - Setting next_dagrun for dataset_consumes_1_never_scheduled to None, run_after=None
[2023-05-29T22:50:33.756+0000] {logging_mixin.py:149} INFO - [2023-05-29T22:50:33.756+0000] {dag.py:3490} INFO - Setting next_dagrun for dataset_consumes_unknown_never_scheduled to None, run_after=None
[2023-05-29T22:50:33.768+0000] {logging_mixin.py:149} INFO - [2023-05-29T22:50:33.768+0000] {dag.py:3490} INFO - Setting next_dagrun for dataset_produces_1 to 2023-05-28T00:00:00+00:00, run_after=2023-05-29T00:00:00+00:00
[2023-05-29T22:50:33.772+0000] {logging_mixin.py:149} INFO - [2023-05-29T22:50:33.772+0000] {dag.py:3490} INFO - Setting next_dagrun for dataset_produces_2 to None, run_after=None
[2023-05-29T22:50:33.845+0000] {processor.py:179} INFO - Processing /home/airflow/.local/lib/python3.7/site-packages/airflow/example_dags/example_datasets.py took 0.784 seconds
[2023-05-29T22:51:41.268+0000] {processor.py:157} INFO - Started process (PID=52) to work on /home/airflow/.local/lib/python3.7/site-packages/airflow/example_dags/example_datasets.py
[2023-05-29T22:51:41.270+0000] {processor.py:826} INFO - Processing file /home/airflow/.local/lib/python3.7/site-packages/airflow/example_dags/example_datasets.py for tasks to queue
[2023-05-29T22:51:41.271+0000] {logging_mixin.py:149} INFO - [2023-05-29T22:51:41.271+0000] {dagbag.py:541} INFO - Filling up the DagBag from /home/airflow/.local/lib/python3.7/site-packages/airflow/example_dags/example_datasets.py
[2023-05-29T22:51:41.291+0000] {processor.py:836} INFO - DAG(s) dict_keys(['dataset_consumes_1_never_scheduled', 'dataset_produces_1', 'dataset_produces_2', 'dataset_consumes_1_and_2', 'dataset_consumes_unknown_never_scheduled', 'dataset_consumes_1']) retrieved from /home/airflow/.local/lib/python3.7/site-packages/airflow/example_dags/example_datasets.py
[2023-05-29T22:51:41.336+0000] {logging_mixin.py:149} INFO - [2023-05-29T22:51:41.335+0000] {dag.py:2726} INFO - Sync 6 DAGs
[2023-05-29T22:51:41.379+0000] {logging_mixin.py:149} INFO - [2023-05-29T22:51:41.378+0000] {dag.py:3490} INFO - Setting next_dagrun for dataset_consumes_1 to None, run_after=None
[2023-05-29T22:51:41.386+0000] {logging_mixin.py:149} INFO - [2023-05-29T22:51:41.385+0000] {dag.py:3490} INFO - Setting next_dagrun for dataset_consumes_1_and_2 to None, run_after=None
[2023-05-29T22:51:41.389+0000] {logging_mixin.py:149} INFO - [2023-05-29T22:51:41.388+0000] {dag.py:3490} INFO - Setting next_dagrun for dataset_consumes_1_never_scheduled to None, run_after=None
[2023-05-29T22:51:41.393+0000] {logging_mixin.py:149} INFO - [2023-05-29T22:51:41.392+0000] {dag.py:3490} INFO - Setting next_dagrun for dataset_consumes_unknown_never_scheduled to None, run_after=None
[2023-05-29T22:51:41.397+0000] {logging_mixin.py:149} INFO - [2023-05-29T22:51:41.397+0000] {dag.py:3490} INFO - Setting next_dagrun for dataset_produces_1 to 2023-05-28T00:00:00+00:00, run_after=2023-05-29T00:00:00+00:00
[2023-05-29T22:51:41.401+0000] {logging_mixin.py:149} INFO - [2023-05-29T22:51:41.400+0000] {dag.py:3490} INFO - Setting next_dagrun for dataset_produces_2 to None, run_after=None
[2023-05-29T22:51:41.456+0000] {processor.py:179} INFO - Processing /home/airflow/.local/lib/python3.7/site-packages/airflow/example_dags/example_datasets.py took 0.192 seconds
[2023-05-29T22:52:12.122+0000] {processor.py:157} INFO - Started process (PID=108) to work on /home/airflow/.local/lib/python3.7/site-packages/airflow/example_dags/example_datasets.py
[2023-05-29T22:52:12.124+0000] {processor.py:826} INFO - Processing file /home/airflow/.local/lib/python3.7/site-packages/airflow/example_dags/example_datasets.py for tasks to queue
[2023-05-29T22:52:12.124+0000] {logging_mixin.py:149} INFO - [2023-05-29T22:52:12.124+0000] {dagbag.py:541} INFO - Filling up the DagBag from /home/airflow/.local/lib/python3.7/site-packages/airflow/example_dags/example_datasets.py
[2023-05-29T22:52:12.133+0000] {processor.py:836} INFO - DAG(s) dict_keys(['dataset_produces_1', 'dataset_produces_2', 'dataset_consumes_1_and_2', 'dataset_consumes_unknown_never_scheduled', 'dataset_consumes_1', 'dataset_consumes_1_never_scheduled']) retrieved from /home/airflow/.local/lib/python3.7/site-packages/airflow/example_dags/example_datasets.py
[2023-05-29T22:52:12.189+0000] {logging_mixin.py:149} INFO - [2023-05-29T22:52:12.189+0000] {dag.py:2726} INFO - Sync 6 DAGs
[2023-05-29T22:52:12.203+0000] {logging_mixin.py:149} INFO - [2023-05-29T22:52:12.203+0000] {dag.py:3490} INFO - Setting next_dagrun for dataset_consumes_1 to None, run_after=None
[2023-05-29T22:52:12.207+0000] {logging_mixin.py:149} INFO - [2023-05-29T22:52:12.207+0000] {dag.py:3490} INFO - Setting next_dagrun for dataset_consumes_1_and_2 to None, run_after=None
[2023-05-29T22:52:12.208+0000] {logging_mixin.py:149} INFO - [2023-05-29T22:52:12.208+0000] {dag.py:3490} INFO - Setting next_dagrun for dataset_consumes_1_never_scheduled to None, run_after=None
[2023-05-29T22:52:12.210+0000] {logging_mixin.py:149} INFO - [2023-05-29T22:52:12.210+0000] {dag.py:3490} INFO - Setting next_dagrun for dataset_consumes_unknown_never_scheduled to None, run_after=None
[2023-05-29T22:52:12.211+0000] {logging_mixin.py:149} INFO - [2023-05-29T22:52:12.211+0000] {dag.py:3490} INFO - Setting next_dagrun for dataset_produces_1 to 2023-05-28T00:00:00+00:00, run_after=2023-05-29T00:00:00+00:00
[2023-05-29T22:52:12.213+0000] {logging_mixin.py:149} INFO - [2023-05-29T22:52:12.213+0000] {dag.py:3490} INFO - Setting next_dagrun for dataset_produces_2 to None, run_after=None
[2023-05-29T22:52:12.234+0000] {processor.py:179} INFO - Processing /home/airflow/.local/lib/python3.7/site-packages/airflow/example_dags/example_datasets.py took 0.114 seconds
[2023-05-29T22:52:42.557+0000] {processor.py:157} INFO - Started process (PID=164) to work on /home/airflow/.local/lib/python3.7/site-packages/airflow/example_dags/example_datasets.py
[2023-05-29T22:52:42.558+0000] {processor.py:826} INFO - Processing file /home/airflow/.local/lib/python3.7/site-packages/airflow/example_dags/example_datasets.py for tasks to queue
[2023-05-29T22:52:42.559+0000] {logging_mixin.py:149} INFO - [2023-05-29T22:52:42.559+0000] {dagbag.py:541} INFO - Filling up the DagBag from /home/airflow/.local/lib/python3.7/site-packages/airflow/example_dags/example_datasets.py
[2023-05-29T22:52:42.566+0000] {processor.py:836} INFO - DAG(s) dict_keys(['dataset_consumes_1', 'dataset_produces_1', 'dataset_consumes_1_never_scheduled', 'dataset_produces_2', 'dataset_consumes_1_and_2', 'dataset_consumes_unknown_never_scheduled']) retrieved from /home/airflow/.local/lib/python3.7/site-packages/airflow/example_dags/example_datasets.py
[2023-05-29T22:52:42.593+0000] {logging_mixin.py:149} INFO - [2023-05-29T22:52:42.593+0000] {dag.py:2726} INFO - Sync 6 DAGs
[2023-05-29T22:52:42.610+0000] {logging_mixin.py:149} INFO - [2023-05-29T22:52:42.610+0000] {dag.py:3490} INFO - Setting next_dagrun for dataset_consumes_1 to None, run_after=None
[2023-05-29T22:52:42.612+0000] {logging_mixin.py:149} INFO - [2023-05-29T22:52:42.612+0000] {dag.py:3490} INFO - Setting next_dagrun for dataset_consumes_1_and_2 to None, run_after=None
[2023-05-29T22:52:42.613+0000] {logging_mixin.py:149} INFO - [2023-05-29T22:52:42.613+0000] {dag.py:3490} INFO - Setting next_dagrun for dataset_consumes_1_never_scheduled to None, run_after=None
[2023-05-29T22:52:42.615+0000] {logging_mixin.py:149} INFO - [2023-05-29T22:52:42.615+0000] {dag.py:3490} INFO - Setting next_dagrun for dataset_consumes_unknown_never_scheduled to None, run_after=None
[2023-05-29T22:52:42.617+0000] {logging_mixin.py:149} INFO - [2023-05-29T22:52:42.616+0000] {dag.py:3490} INFO - Setting next_dagrun for dataset_produces_1 to 2023-05-28T00:00:00+00:00, run_after=2023-05-29T00:00:00+00:00
[2023-05-29T22:52:42.618+0000] {logging_mixin.py:149} INFO - [2023-05-29T22:52:42.618+0000] {dag.py:3490} INFO - Setting next_dagrun for dataset_produces_2 to None, run_after=None
[2023-05-29T22:52:42.638+0000] {processor.py:179} INFO - Processing /home/airflow/.local/lib/python3.7/site-packages/airflow/example_dags/example_datasets.py took 0.084 seconds
