[2023-05-29T22:42:33.491+0000] {processor.py:157} INFO - Started process (PID=70) to work on /home/airflow/.local/lib/python3.7/site-packages/airflow/example_dags/example_xcomargs.py
[2023-05-29T22:42:33.494+0000] {processor.py:826} INFO - Processing file /home/airflow/.local/lib/python3.7/site-packages/airflow/example_dags/example_xcomargs.py for tasks to queue
[2023-05-29T22:42:33.499+0000] {logging_mixin.py:149} INFO - [2023-05-29T22:42:33.498+0000] {dagbag.py:541} INFO - Filling up the DagBag from /home/airflow/.local/lib/python3.7/site-packages/airflow/example_dags/example_xcomargs.py
[2023-05-29T22:42:33.515+0000] {processor.py:836} INFO - DAG(s) dict_keys(['example_xcom_args_with_operators', 'example_xcom_args']) retrieved from /home/airflow/.local/lib/python3.7/site-packages/airflow/example_dags/example_xcomargs.py
[2023-05-29T22:42:33.541+0000] {logging_mixin.py:149} INFO - [2023-05-29T22:42:33.541+0000] {dag.py:2726} INFO - Sync 2 DAGs
[2023-05-29T22:42:33.619+0000] {logging_mixin.py:149} INFO - [2023-05-29T22:42:33.618+0000] {dag.py:3490} INFO - Setting next_dagrun for example_xcom_args to None, run_after=None
[2023-05-29T22:42:33.626+0000] {logging_mixin.py:149} INFO - [2023-05-29T22:42:33.626+0000] {dag.py:3490} INFO - Setting next_dagrun for example_xcom_args_with_operators to None, run_after=None
[2023-05-29T22:42:33.699+0000] {processor.py:179} INFO - Processing /home/airflow/.local/lib/python3.7/site-packages/airflow/example_dags/example_xcomargs.py took 0.212 seconds
[2023-05-29T22:43:04.461+0000] {processor.py:157} INFO - Started process (PID=126) to work on /home/airflow/.local/lib/python3.7/site-packages/airflow/example_dags/example_xcomargs.py
[2023-05-29T22:43:04.462+0000] {processor.py:826} INFO - Processing file /home/airflow/.local/lib/python3.7/site-packages/airflow/example_dags/example_xcomargs.py for tasks to queue
[2023-05-29T22:43:04.463+0000] {logging_mixin.py:149} INFO - [2023-05-29T22:43:04.463+0000] {dagbag.py:541} INFO - Filling up the DagBag from /home/airflow/.local/lib/python3.7/site-packages/airflow/example_dags/example_xcomargs.py
[2023-05-29T22:43:04.474+0000] {processor.py:836} INFO - DAG(s) dict_keys(['example_xcom_args', 'example_xcom_args_with_operators']) retrieved from /home/airflow/.local/lib/python3.7/site-packages/airflow/example_dags/example_xcomargs.py
[2023-05-29T22:43:04.497+0000] {logging_mixin.py:149} INFO - [2023-05-29T22:43:04.497+0000] {dag.py:2726} INFO - Sync 2 DAGs
[2023-05-29T22:43:04.516+0000] {logging_mixin.py:149} INFO - [2023-05-29T22:43:04.515+0000] {dag.py:3490} INFO - Setting next_dagrun for example_xcom_args to None, run_after=None
[2023-05-29T22:43:04.518+0000] {logging_mixin.py:149} INFO - [2023-05-29T22:43:04.518+0000] {dag.py:3490} INFO - Setting next_dagrun for example_xcom_args_with_operators to None, run_after=None
[2023-05-29T22:43:04.529+0000] {processor.py:179} INFO - Processing /home/airflow/.local/lib/python3.7/site-packages/airflow/example_dags/example_xcomargs.py took 0.072 seconds
[2023-05-29T22:43:34.747+0000] {processor.py:157} INFO - Started process (PID=182) to work on /home/airflow/.local/lib/python3.7/site-packages/airflow/example_dags/example_xcomargs.py
[2023-05-29T22:43:34.748+0000] {processor.py:826} INFO - Processing file /home/airflow/.local/lib/python3.7/site-packages/airflow/example_dags/example_xcomargs.py for tasks to queue
[2023-05-29T22:43:34.749+0000] {logging_mixin.py:149} INFO - [2023-05-29T22:43:34.749+0000] {dagbag.py:541} INFO - Filling up the DagBag from /home/airflow/.local/lib/python3.7/site-packages/airflow/example_dags/example_xcomargs.py
[2023-05-29T22:43:34.761+0000] {processor.py:836} INFO - DAG(s) dict_keys(['example_xcom_args_with_operators', 'example_xcom_args']) retrieved from /home/airflow/.local/lib/python3.7/site-packages/airflow/example_dags/example_xcomargs.py
[2023-05-29T22:43:34.784+0000] {logging_mixin.py:149} INFO - [2023-05-29T22:43:34.784+0000] {dag.py:2726} INFO - Sync 2 DAGs
[2023-05-29T22:43:34.805+0000] {logging_mixin.py:149} INFO - [2023-05-29T22:43:34.805+0000] {dag.py:3490} INFO - Setting next_dagrun for example_xcom_args to None, run_after=None
[2023-05-29T22:43:34.808+0000] {logging_mixin.py:149} INFO - [2023-05-29T22:43:34.808+0000] {dag.py:3490} INFO - Setting next_dagrun for example_xcom_args_with_operators to None, run_after=None
[2023-05-29T22:43:34.818+0000] {processor.py:179} INFO - Processing /home/airflow/.local/lib/python3.7/site-packages/airflow/example_dags/example_xcomargs.py took 0.074 seconds
[2023-05-29T22:44:05.180+0000] {processor.py:157} INFO - Started process (PID=238) to work on /home/airflow/.local/lib/python3.7/site-packages/airflow/example_dags/example_xcomargs.py
[2023-05-29T22:44:05.182+0000] {processor.py:826} INFO - Processing file /home/airflow/.local/lib/python3.7/site-packages/airflow/example_dags/example_xcomargs.py for tasks to queue
[2023-05-29T22:44:05.183+0000] {logging_mixin.py:149} INFO - [2023-05-29T22:44:05.182+0000] {dagbag.py:541} INFO - Filling up the DagBag from /home/airflow/.local/lib/python3.7/site-packages/airflow/example_dags/example_xcomargs.py
[2023-05-29T22:44:05.203+0000] {processor.py:836} INFO - DAG(s) dict_keys(['example_xcom_args', 'example_xcom_args_with_operators']) retrieved from /home/airflow/.local/lib/python3.7/site-packages/airflow/example_dags/example_xcomargs.py
[2023-05-29T22:44:05.274+0000] {logging_mixin.py:149} INFO - [2023-05-29T22:44:05.274+0000] {dag.py:2726} INFO - Sync 2 DAGs
[2023-05-29T22:44:05.299+0000] {logging_mixin.py:149} INFO - [2023-05-29T22:44:05.299+0000] {dag.py:3490} INFO - Setting next_dagrun for example_xcom_args to None, run_after=None
[2023-05-29T22:44:05.302+0000] {logging_mixin.py:149} INFO - [2023-05-29T22:44:05.302+0000] {dag.py:3490} INFO - Setting next_dagrun for example_xcom_args_with_operators to None, run_after=None
[2023-05-29T22:44:05.315+0000] {processor.py:179} INFO - Processing /home/airflow/.local/lib/python3.7/site-packages/airflow/example_dags/example_xcomargs.py took 0.141 seconds
[2023-05-29T22:44:35.735+0000] {processor.py:157} INFO - Started process (PID=302) to work on /home/airflow/.local/lib/python3.7/site-packages/airflow/example_dags/example_xcomargs.py
[2023-05-29T22:44:35.736+0000] {processor.py:826} INFO - Processing file /home/airflow/.local/lib/python3.7/site-packages/airflow/example_dags/example_xcomargs.py for tasks to queue
[2023-05-29T22:44:35.737+0000] {logging_mixin.py:149} INFO - [2023-05-29T22:44:35.737+0000] {dagbag.py:541} INFO - Filling up the DagBag from /home/airflow/.local/lib/python3.7/site-packages/airflow/example_dags/example_xcomargs.py
[2023-05-29T22:44:35.744+0000] {processor.py:836} INFO - DAG(s) dict_keys(['example_xcom_args', 'example_xcom_args_with_operators']) retrieved from /home/airflow/.local/lib/python3.7/site-packages/airflow/example_dags/example_xcomargs.py
[2023-05-29T22:44:35.767+0000] {logging_mixin.py:149} INFO - [2023-05-29T22:44:35.767+0000] {dag.py:2726} INFO - Sync 2 DAGs
[2023-05-29T22:44:35.784+0000] {logging_mixin.py:149} INFO - [2023-05-29T22:44:35.784+0000] {dag.py:3490} INFO - Setting next_dagrun for example_xcom_args to None, run_after=None
[2023-05-29T22:44:35.787+0000] {logging_mixin.py:149} INFO - [2023-05-29T22:44:35.786+0000] {dag.py:3490} INFO - Setting next_dagrun for example_xcom_args_with_operators to None, run_after=None
[2023-05-29T22:44:35.797+0000] {processor.py:179} INFO - Processing /home/airflow/.local/lib/python3.7/site-packages/airflow/example_dags/example_xcomargs.py took 0.066 seconds
[2023-05-29T22:45:06.620+0000] {processor.py:157} INFO - Started process (PID=358) to work on /home/airflow/.local/lib/python3.7/site-packages/airflow/example_dags/example_xcomargs.py
[2023-05-29T22:45:06.646+0000] {processor.py:826} INFO - Processing file /home/airflow/.local/lib/python3.7/site-packages/airflow/example_dags/example_xcomargs.py for tasks to queue
[2023-05-29T22:45:06.662+0000] {logging_mixin.py:149} INFO - [2023-05-29T22:45:06.662+0000] {dagbag.py:541} INFO - Filling up the DagBag from /home/airflow/.local/lib/python3.7/site-packages/airflow/example_dags/example_xcomargs.py
[2023-05-29T22:45:06.686+0000] {processor.py:836} INFO - DAG(s) dict_keys(['example_xcom_args', 'example_xcom_args_with_operators']) retrieved from /home/airflow/.local/lib/python3.7/site-packages/airflow/example_dags/example_xcomargs.py
[2023-05-29T22:45:06.722+0000] {logging_mixin.py:149} INFO - [2023-05-29T22:45:06.721+0000] {dag.py:2726} INFO - Sync 2 DAGs
[2023-05-29T22:45:06.744+0000] {logging_mixin.py:149} INFO - [2023-05-29T22:45:06.744+0000] {dag.py:3490} INFO - Setting next_dagrun for example_xcom_args to None, run_after=None
[2023-05-29T22:45:06.746+0000] {logging_mixin.py:149} INFO - [2023-05-29T22:45:06.746+0000] {dag.py:3490} INFO - Setting next_dagrun for example_xcom_args_with_operators to None, run_after=None
[2023-05-29T22:45:06.762+0000] {processor.py:179} INFO - Processing /home/airflow/.local/lib/python3.7/site-packages/airflow/example_dags/example_xcomargs.py took 0.145 seconds
[2023-05-29T22:45:38.037+0000] {processor.py:157} INFO - Started process (PID=414) to work on /home/airflow/.local/lib/python3.7/site-packages/airflow/example_dags/example_xcomargs.py
[2023-05-29T22:45:38.039+0000] {processor.py:826} INFO - Processing file /home/airflow/.local/lib/python3.7/site-packages/airflow/example_dags/example_xcomargs.py for tasks to queue
[2023-05-29T22:45:38.040+0000] {logging_mixin.py:149} INFO - [2023-05-29T22:45:38.040+0000] {dagbag.py:541} INFO - Filling up the DagBag from /home/airflow/.local/lib/python3.7/site-packages/airflow/example_dags/example_xcomargs.py
[2023-05-29T22:45:38.047+0000] {processor.py:836} INFO - DAG(s) dict_keys(['example_xcom_args_with_operators', 'example_xcom_args']) retrieved from /home/airflow/.local/lib/python3.7/site-packages/airflow/example_dags/example_xcomargs.py
[2023-05-29T22:45:38.073+0000] {logging_mixin.py:149} INFO - [2023-05-29T22:45:38.073+0000] {dag.py:2726} INFO - Sync 2 DAGs
[2023-05-29T22:45:38.092+0000] {logging_mixin.py:149} INFO - [2023-05-29T22:45:38.092+0000] {dag.py:3490} INFO - Setting next_dagrun for example_xcom_args to None, run_after=None
[2023-05-29T22:45:38.096+0000] {logging_mixin.py:149} INFO - [2023-05-29T22:45:38.096+0000] {dag.py:3490} INFO - Setting next_dagrun for example_xcom_args_with_operators to None, run_after=None
[2023-05-29T22:45:38.107+0000] {processor.py:179} INFO - Processing /home/airflow/.local/lib/python3.7/site-packages/airflow/example_dags/example_xcomargs.py took 0.074 seconds
[2023-05-29T22:46:09.339+0000] {processor.py:157} INFO - Started process (PID=470) to work on /home/airflow/.local/lib/python3.7/site-packages/airflow/example_dags/example_xcomargs.py
[2023-05-29T22:46:09.341+0000] {processor.py:826} INFO - Processing file /home/airflow/.local/lib/python3.7/site-packages/airflow/example_dags/example_xcomargs.py for tasks to queue
[2023-05-29T22:46:09.342+0000] {logging_mixin.py:149} INFO - [2023-05-29T22:46:09.342+0000] {dagbag.py:541} INFO - Filling up the DagBag from /home/airflow/.local/lib/python3.7/site-packages/airflow/example_dags/example_xcomargs.py
[2023-05-29T22:46:09.350+0000] {processor.py:836} INFO - DAG(s) dict_keys(['example_xcom_args_with_operators', 'example_xcom_args']) retrieved from /home/airflow/.local/lib/python3.7/site-packages/airflow/example_dags/example_xcomargs.py
[2023-05-29T22:46:09.381+0000] {logging_mixin.py:149} INFO - [2023-05-29T22:46:09.381+0000] {dag.py:2726} INFO - Sync 2 DAGs
[2023-05-29T22:46:09.402+0000] {logging_mixin.py:149} INFO - [2023-05-29T22:46:09.402+0000] {dag.py:3490} INFO - Setting next_dagrun for example_xcom_args to None, run_after=None
[2023-05-29T22:46:09.406+0000] {logging_mixin.py:149} INFO - [2023-05-29T22:46:09.406+0000] {dag.py:3490} INFO - Setting next_dagrun for example_xcom_args_with_operators to None, run_after=None
[2023-05-29T22:46:09.424+0000] {processor.py:179} INFO - Processing /home/airflow/.local/lib/python3.7/site-packages/airflow/example_dags/example_xcomargs.py took 0.088 seconds
[2023-05-29T22:46:40.154+0000] {processor.py:157} INFO - Started process (PID=526) to work on /home/airflow/.local/lib/python3.7/site-packages/airflow/example_dags/example_xcomargs.py
[2023-05-29T22:46:40.156+0000] {processor.py:826} INFO - Processing file /home/airflow/.local/lib/python3.7/site-packages/airflow/example_dags/example_xcomargs.py for tasks to queue
[2023-05-29T22:46:40.157+0000] {logging_mixin.py:149} INFO - [2023-05-29T22:46:40.157+0000] {dagbag.py:541} INFO - Filling up the DagBag from /home/airflow/.local/lib/python3.7/site-packages/airflow/example_dags/example_xcomargs.py
[2023-05-29T22:46:40.165+0000] {processor.py:836} INFO - DAG(s) dict_keys(['example_xcom_args_with_operators', 'example_xcom_args']) retrieved from /home/airflow/.local/lib/python3.7/site-packages/airflow/example_dags/example_xcomargs.py
[2023-05-29T22:46:40.196+0000] {logging_mixin.py:149} INFO - [2023-05-29T22:46:40.196+0000] {dag.py:2726} INFO - Sync 2 DAGs
[2023-05-29T22:46:40.219+0000] {logging_mixin.py:149} INFO - [2023-05-29T22:46:40.219+0000] {dag.py:3490} INFO - Setting next_dagrun for example_xcom_args to None, run_after=None
[2023-05-29T22:46:40.222+0000] {logging_mixin.py:149} INFO - [2023-05-29T22:46:40.222+0000] {dag.py:3490} INFO - Setting next_dagrun for example_xcom_args_with_operators to None, run_after=None
[2023-05-29T22:46:40.238+0000] {processor.py:179} INFO - Processing /home/airflow/.local/lib/python3.7/site-packages/airflow/example_dags/example_xcomargs.py took 0.089 seconds
[2023-05-29T22:47:11.597+0000] {processor.py:157} INFO - Started process (PID=582) to work on /home/airflow/.local/lib/python3.7/site-packages/airflow/example_dags/example_xcomargs.py
[2023-05-29T22:47:11.600+0000] {processor.py:826} INFO - Processing file /home/airflow/.local/lib/python3.7/site-packages/airflow/example_dags/example_xcomargs.py for tasks to queue
[2023-05-29T22:47:11.601+0000] {logging_mixin.py:149} INFO - [2023-05-29T22:47:11.601+0000] {dagbag.py:541} INFO - Filling up the DagBag from /home/airflow/.local/lib/python3.7/site-packages/airflow/example_dags/example_xcomargs.py
[2023-05-29T22:47:11.612+0000] {processor.py:836} INFO - DAG(s) dict_keys(['example_xcom_args', 'example_xcom_args_with_operators']) retrieved from /home/airflow/.local/lib/python3.7/site-packages/airflow/example_dags/example_xcomargs.py
[2023-05-29T22:47:11.643+0000] {logging_mixin.py:149} INFO - [2023-05-29T22:47:11.643+0000] {dag.py:2726} INFO - Sync 2 DAGs
[2023-05-29T22:47:11.661+0000] {logging_mixin.py:149} INFO - [2023-05-29T22:47:11.661+0000] {dag.py:3490} INFO - Setting next_dagrun for example_xcom_args to None, run_after=None
[2023-05-29T22:47:11.664+0000] {logging_mixin.py:149} INFO - [2023-05-29T22:47:11.664+0000] {dag.py:3490} INFO - Setting next_dagrun for example_xcom_args_with_operators to None, run_after=None
[2023-05-29T22:47:11.677+0000] {processor.py:179} INFO - Processing /home/airflow/.local/lib/python3.7/site-packages/airflow/example_dags/example_xcomargs.py took 0.084 seconds
[2023-05-29T22:47:42.516+0000] {processor.py:157} INFO - Started process (PID=637) to work on /home/airflow/.local/lib/python3.7/site-packages/airflow/example_dags/example_xcomargs.py
[2023-05-29T22:47:42.517+0000] {processor.py:826} INFO - Processing file /home/airflow/.local/lib/python3.7/site-packages/airflow/example_dags/example_xcomargs.py for tasks to queue
[2023-05-29T22:47:42.518+0000] {logging_mixin.py:149} INFO - [2023-05-29T22:47:42.518+0000] {dagbag.py:541} INFO - Filling up the DagBag from /home/airflow/.local/lib/python3.7/site-packages/airflow/example_dags/example_xcomargs.py
[2023-05-29T22:47:42.527+0000] {processor.py:836} INFO - DAG(s) dict_keys(['example_xcom_args', 'example_xcom_args_with_operators']) retrieved from /home/airflow/.local/lib/python3.7/site-packages/airflow/example_dags/example_xcomargs.py
[2023-05-29T22:47:42.556+0000] {logging_mixin.py:149} INFO - [2023-05-29T22:47:42.556+0000] {dag.py:2726} INFO - Sync 2 DAGs
[2023-05-29T22:47:42.576+0000] {logging_mixin.py:149} INFO - [2023-05-29T22:47:42.575+0000] {dag.py:3490} INFO - Setting next_dagrun for example_xcom_args to None, run_after=None
[2023-05-29T22:47:42.580+0000] {logging_mixin.py:149} INFO - [2023-05-29T22:47:42.580+0000] {dag.py:3490} INFO - Setting next_dagrun for example_xcom_args_with_operators to None, run_after=None
[2023-05-29T22:47:42.602+0000] {processor.py:179} INFO - Processing /home/airflow/.local/lib/python3.7/site-packages/airflow/example_dags/example_xcomargs.py took 0.089 seconds
[2023-05-29T22:48:13.477+0000] {processor.py:157} INFO - Started process (PID=693) to work on /home/airflow/.local/lib/python3.7/site-packages/airflow/example_dags/example_xcomargs.py
[2023-05-29T22:48:13.478+0000] {processor.py:826} INFO - Processing file /home/airflow/.local/lib/python3.7/site-packages/airflow/example_dags/example_xcomargs.py for tasks to queue
[2023-05-29T22:48:13.479+0000] {logging_mixin.py:149} INFO - [2023-05-29T22:48:13.479+0000] {dagbag.py:541} INFO - Filling up the DagBag from /home/airflow/.local/lib/python3.7/site-packages/airflow/example_dags/example_xcomargs.py
[2023-05-29T22:48:13.487+0000] {processor.py:836} INFO - DAG(s) dict_keys(['example_xcom_args_with_operators', 'example_xcom_args']) retrieved from /home/airflow/.local/lib/python3.7/site-packages/airflow/example_dags/example_xcomargs.py
[2023-05-29T22:48:13.509+0000] {logging_mixin.py:149} INFO - [2023-05-29T22:48:13.509+0000] {dag.py:2726} INFO - Sync 2 DAGs
[2023-05-29T22:48:13.525+0000] {logging_mixin.py:149} INFO - [2023-05-29T22:48:13.525+0000] {dag.py:3490} INFO - Setting next_dagrun for example_xcom_args to None, run_after=None
[2023-05-29T22:48:13.527+0000] {logging_mixin.py:149} INFO - [2023-05-29T22:48:13.527+0000] {dag.py:3490} INFO - Setting next_dagrun for example_xcom_args_with_operators to None, run_after=None
[2023-05-29T22:48:13.539+0000] {processor.py:179} INFO - Processing /home/airflow/.local/lib/python3.7/site-packages/airflow/example_dags/example_xcomargs.py took 0.067 seconds
[2023-05-29T22:49:28.734+0000] {processor.py:157} INFO - Started process (PID=71) to work on /home/airflow/.local/lib/python3.7/site-packages/airflow/example_dags/example_xcomargs.py
[2023-05-29T22:49:28.740+0000] {processor.py:826} INFO - Processing file /home/airflow/.local/lib/python3.7/site-packages/airflow/example_dags/example_xcomargs.py for tasks to queue
[2023-05-29T22:49:28.747+0000] {logging_mixin.py:149} INFO - [2023-05-29T22:49:28.746+0000] {dagbag.py:541} INFO - Filling up the DagBag from /home/airflow/.local/lib/python3.7/site-packages/airflow/example_dags/example_xcomargs.py
[2023-05-29T22:49:28.768+0000] {processor.py:836} INFO - DAG(s) dict_keys(['example_xcom_args_with_operators', 'example_xcom_args']) retrieved from /home/airflow/.local/lib/python3.7/site-packages/airflow/example_dags/example_xcomargs.py
[2023-05-29T22:49:28.802+0000] {logging_mixin.py:149} INFO - [2023-05-29T22:49:28.802+0000] {dag.py:2726} INFO - Sync 2 DAGs
[2023-05-29T22:49:28.886+0000] {logging_mixin.py:149} INFO - [2023-05-29T22:49:28.885+0000] {dag.py:3490} INFO - Setting next_dagrun for example_xcom_args to None, run_after=None
[2023-05-29T22:49:28.912+0000] {logging_mixin.py:149} INFO - [2023-05-29T22:49:28.905+0000] {dag.py:3490} INFO - Setting next_dagrun for example_xcom_args_with_operators to None, run_after=None
[2023-05-29T22:49:28.972+0000] {processor.py:179} INFO - Processing /home/airflow/.local/lib/python3.7/site-packages/airflow/example_dags/example_xcomargs.py took 0.248 seconds
[2023-05-29T22:49:59.086+0000] {processor.py:157} INFO - Started process (PID=127) to work on /home/airflow/.local/lib/python3.7/site-packages/airflow/example_dags/example_xcomargs.py
[2023-05-29T22:49:59.088+0000] {processor.py:826} INFO - Processing file /home/airflow/.local/lib/python3.7/site-packages/airflow/example_dags/example_xcomargs.py for tasks to queue
[2023-05-29T22:49:59.089+0000] {logging_mixin.py:149} INFO - [2023-05-29T22:49:59.089+0000] {dagbag.py:541} INFO - Filling up the DagBag from /home/airflow/.local/lib/python3.7/site-packages/airflow/example_dags/example_xcomargs.py
[2023-05-29T22:49:59.096+0000] {processor.py:836} INFO - DAG(s) dict_keys(['example_xcom_args_with_operators', 'example_xcom_args']) retrieved from /home/airflow/.local/lib/python3.7/site-packages/airflow/example_dags/example_xcomargs.py
[2023-05-29T22:49:59.117+0000] {logging_mixin.py:149} INFO - [2023-05-29T22:49:59.117+0000] {dag.py:2726} INFO - Sync 2 DAGs
[2023-05-29T22:49:59.132+0000] {logging_mixin.py:149} INFO - [2023-05-29T22:49:59.132+0000] {dag.py:3490} INFO - Setting next_dagrun for example_xcom_args to None, run_after=None
[2023-05-29T22:49:59.135+0000] {logging_mixin.py:149} INFO - [2023-05-29T22:49:59.135+0000] {dag.py:3490} INFO - Setting next_dagrun for example_xcom_args_with_operators to None, run_after=None
[2023-05-29T22:49:59.144+0000] {processor.py:179} INFO - Processing /home/airflow/.local/lib/python3.7/site-packages/airflow/example_dags/example_xcomargs.py took 0.061 seconds
[2023-05-29T22:51:44.773+0000] {processor.py:157} INFO - Started process (PID=71) to work on /home/airflow/.local/lib/python3.7/site-packages/airflow/example_dags/example_xcomargs.py
[2023-05-29T22:51:44.786+0000] {processor.py:826} INFO - Processing file /home/airflow/.local/lib/python3.7/site-packages/airflow/example_dags/example_xcomargs.py for tasks to queue
[2023-05-29T22:51:44.804+0000] {logging_mixin.py:149} INFO - [2023-05-29T22:51:44.803+0000] {dagbag.py:541} INFO - Filling up the DagBag from /home/airflow/.local/lib/python3.7/site-packages/airflow/example_dags/example_xcomargs.py
[2023-05-29T22:51:44.855+0000] {processor.py:836} INFO - DAG(s) dict_keys(['example_xcom_args', 'example_xcom_args_with_operators']) retrieved from /home/airflow/.local/lib/python3.7/site-packages/airflow/example_dags/example_xcomargs.py
[2023-05-29T22:51:44.922+0000] {logging_mixin.py:149} INFO - [2023-05-29T22:51:44.922+0000] {dag.py:2726} INFO - Sync 2 DAGs
[2023-05-29T22:51:44.977+0000] {logging_mixin.py:149} INFO - [2023-05-29T22:51:44.976+0000] {dag.py:3490} INFO - Setting next_dagrun for example_xcom_args to None, run_after=None
[2023-05-29T22:51:44.981+0000] {logging_mixin.py:149} INFO - [2023-05-29T22:51:44.981+0000] {dag.py:3490} INFO - Setting next_dagrun for example_xcom_args_with_operators to None, run_after=None
[2023-05-29T22:51:44.999+0000] {processor.py:179} INFO - Processing /home/airflow/.local/lib/python3.7/site-packages/airflow/example_dags/example_xcomargs.py took 0.239 seconds
[2023-05-29T22:52:15.667+0000] {processor.py:157} INFO - Started process (PID=127) to work on /home/airflow/.local/lib/python3.7/site-packages/airflow/example_dags/example_xcomargs.py
[2023-05-29T22:52:15.668+0000] {processor.py:826} INFO - Processing file /home/airflow/.local/lib/python3.7/site-packages/airflow/example_dags/example_xcomargs.py for tasks to queue
[2023-05-29T22:52:15.669+0000] {logging_mixin.py:149} INFO - [2023-05-29T22:52:15.669+0000] {dagbag.py:541} INFO - Filling up the DagBag from /home/airflow/.local/lib/python3.7/site-packages/airflow/example_dags/example_xcomargs.py
[2023-05-29T22:52:15.675+0000] {processor.py:836} INFO - DAG(s) dict_keys(['example_xcom_args_with_operators', 'example_xcom_args']) retrieved from /home/airflow/.local/lib/python3.7/site-packages/airflow/example_dags/example_xcomargs.py
[2023-05-29T22:52:15.697+0000] {logging_mixin.py:149} INFO - [2023-05-29T22:52:15.697+0000] {dag.py:2726} INFO - Sync 2 DAGs
[2023-05-29T22:52:15.713+0000] {logging_mixin.py:149} INFO - [2023-05-29T22:52:15.712+0000] {dag.py:3490} INFO - Setting next_dagrun for example_xcom_args to None, run_after=None
[2023-05-29T22:52:15.715+0000] {logging_mixin.py:149} INFO - [2023-05-29T22:52:15.715+0000] {dag.py:3490} INFO - Setting next_dagrun for example_xcom_args_with_operators to None, run_after=None
[2023-05-29T22:52:15.724+0000] {processor.py:179} INFO - Processing /home/airflow/.local/lib/python3.7/site-packages/airflow/example_dags/example_xcomargs.py took 0.060 seconds
[2023-05-29T22:52:46.896+0000] {processor.py:157} INFO - Started process (PID=183) to work on /home/airflow/.local/lib/python3.7/site-packages/airflow/example_dags/example_xcomargs.py
[2023-05-29T22:52:46.897+0000] {processor.py:826} INFO - Processing file /home/airflow/.local/lib/python3.7/site-packages/airflow/example_dags/example_xcomargs.py for tasks to queue
[2023-05-29T22:52:46.898+0000] {logging_mixin.py:149} INFO - [2023-05-29T22:52:46.898+0000] {dagbag.py:541} INFO - Filling up the DagBag from /home/airflow/.local/lib/python3.7/site-packages/airflow/example_dags/example_xcomargs.py
[2023-05-29T22:52:46.904+0000] {processor.py:836} INFO - DAG(s) dict_keys(['example_xcom_args', 'example_xcom_args_with_operators']) retrieved from /home/airflow/.local/lib/python3.7/site-packages/airflow/example_dags/example_xcomargs.py
[2023-05-29T22:52:46.927+0000] {logging_mixin.py:149} INFO - [2023-05-29T22:52:46.927+0000] {dag.py:2726} INFO - Sync 2 DAGs
[2023-05-29T22:52:46.945+0000] {logging_mixin.py:149} INFO - [2023-05-29T22:52:46.944+0000] {dag.py:3490} INFO - Setting next_dagrun for example_xcom_args to None, run_after=None
[2023-05-29T22:52:46.948+0000] {logging_mixin.py:149} INFO - [2023-05-29T22:52:46.948+0000] {dag.py:3490} INFO - Setting next_dagrun for example_xcom_args_with_operators to None, run_after=None
[2023-05-29T22:52:46.959+0000] {processor.py:179} INFO - Processing /home/airflow/.local/lib/python3.7/site-packages/airflow/example_dags/example_xcomargs.py took 0.066 seconds
