[2023-05-29T22:42:27.132+0000] {processor.py:157} INFO - Started process (PID=43) to work on /home/airflow/.local/lib/python3.7/site-packages/airflow/example_dags/example_skip_dag.py
[2023-05-29T22:42:27.133+0000] {processor.py:826} INFO - Processing file /home/airflow/.local/lib/python3.7/site-packages/airflow/example_dags/example_skip_dag.py for tasks to queue
[2023-05-29T22:42:27.135+0000] {logging_mixin.py:149} INFO - [2023-05-29T22:42:27.134+0000] {dagbag.py:541} INFO - Filling up the DagBag from /home/airflow/.local/lib/python3.7/site-packages/airflow/example_dags/example_skip_dag.py
[2023-05-29T22:42:27.143+0000] {processor.py:836} INFO - DAG(s) dict_keys(['example_skip_dag']) retrieved from /home/airflow/.local/lib/python3.7/site-packages/airflow/example_dags/example_skip_dag.py
[2023-05-29T22:42:27.167+0000] {logging_mixin.py:149} INFO - [2023-05-29T22:42:27.167+0000] {dag.py:2726} INFO - Sync 1 DAGs
[2023-05-29T22:42:27.191+0000] {logging_mixin.py:149} INFO - [2023-05-29T22:42:27.191+0000] {dag.py:3490} INFO - Setting next_dagrun for example_skip_dag to 2023-05-28T22:42:27.191008+00:00, run_after=2023-05-29T22:42:27.191008+00:00
[2023-05-29T22:42:27.221+0000] {processor.py:179} INFO - Processing /home/airflow/.local/lib/python3.7/site-packages/airflow/example_dags/example_skip_dag.py took 0.092 seconds
[2023-05-29T22:42:57.632+0000] {processor.py:157} INFO - Started process (PID=99) to work on /home/airflow/.local/lib/python3.7/site-packages/airflow/example_dags/example_skip_dag.py
[2023-05-29T22:42:57.633+0000] {processor.py:826} INFO - Processing file /home/airflow/.local/lib/python3.7/site-packages/airflow/example_dags/example_skip_dag.py for tasks to queue
[2023-05-29T22:42:57.634+0000] {logging_mixin.py:149} INFO - [2023-05-29T22:42:57.634+0000] {dagbag.py:541} INFO - Filling up the DagBag from /home/airflow/.local/lib/python3.7/site-packages/airflow/example_dags/example_skip_dag.py
[2023-05-29T22:42:57.641+0000] {processor.py:836} INFO - DAG(s) dict_keys(['example_skip_dag']) retrieved from /home/airflow/.local/lib/python3.7/site-packages/airflow/example_dags/example_skip_dag.py
[2023-05-29T22:42:57.661+0000] {logging_mixin.py:149} INFO - [2023-05-29T22:42:57.661+0000] {dag.py:2726} INFO - Sync 1 DAGs
[2023-05-29T22:42:57.685+0000] {logging_mixin.py:149} INFO - [2023-05-29T22:42:57.685+0000] {dag.py:3490} INFO - Setting next_dagrun for example_skip_dag to 2023-05-28T22:42:57.685094+00:00, run_after=2023-05-29T22:42:57.685094+00:00
[2023-05-29T22:42:57.699+0000] {processor.py:179} INFO - Processing /home/airflow/.local/lib/python3.7/site-packages/airflow/example_dags/example_skip_dag.py took 0.071 seconds
[2023-05-29T22:43:27.825+0000] {processor.py:157} INFO - Started process (PID=155) to work on /home/airflow/.local/lib/python3.7/site-packages/airflow/example_dags/example_skip_dag.py
[2023-05-29T22:43:27.827+0000] {processor.py:826} INFO - Processing file /home/airflow/.local/lib/python3.7/site-packages/airflow/example_dags/example_skip_dag.py for tasks to queue
[2023-05-29T22:43:27.827+0000] {logging_mixin.py:149} INFO - [2023-05-29T22:43:27.827+0000] {dagbag.py:541} INFO - Filling up the DagBag from /home/airflow/.local/lib/python3.7/site-packages/airflow/example_dags/example_skip_dag.py
[2023-05-29T22:43:27.841+0000] {processor.py:836} INFO - DAG(s) dict_keys(['example_skip_dag']) retrieved from /home/airflow/.local/lib/python3.7/site-packages/airflow/example_dags/example_skip_dag.py
[2023-05-29T22:43:27.861+0000] {logging_mixin.py:149} INFO - [2023-05-29T22:43:27.861+0000] {dag.py:2726} INFO - Sync 1 DAGs
[2023-05-29T22:43:27.876+0000] {logging_mixin.py:149} INFO - [2023-05-29T22:43:27.876+0000] {dag.py:3490} INFO - Setting next_dagrun for example_skip_dag to 2023-05-28T22:43:27.876521+00:00, run_after=2023-05-29T22:43:27.876521+00:00
[2023-05-29T22:43:27.887+0000] {processor.py:179} INFO - Processing /home/airflow/.local/lib/python3.7/site-packages/airflow/example_dags/example_skip_dag.py took 0.065 seconds
[2023-05-29T22:43:58.318+0000] {processor.py:157} INFO - Started process (PID=211) to work on /home/airflow/.local/lib/python3.7/site-packages/airflow/example_dags/example_skip_dag.py
[2023-05-29T22:43:58.320+0000] {processor.py:826} INFO - Processing file /home/airflow/.local/lib/python3.7/site-packages/airflow/example_dags/example_skip_dag.py for tasks to queue
[2023-05-29T22:43:58.320+0000] {logging_mixin.py:149} INFO - [2023-05-29T22:43:58.320+0000] {dagbag.py:541} INFO - Filling up the DagBag from /home/airflow/.local/lib/python3.7/site-packages/airflow/example_dags/example_skip_dag.py
[2023-05-29T22:43:58.326+0000] {processor.py:836} INFO - DAG(s) dict_keys(['example_skip_dag']) retrieved from /home/airflow/.local/lib/python3.7/site-packages/airflow/example_dags/example_skip_dag.py
[2023-05-29T22:43:58.345+0000] {logging_mixin.py:149} INFO - [2023-05-29T22:43:58.345+0000] {dag.py:2726} INFO - Sync 1 DAGs
[2023-05-29T22:43:58.361+0000] {logging_mixin.py:149} INFO - [2023-05-29T22:43:58.361+0000] {dag.py:3490} INFO - Setting next_dagrun for example_skip_dag to 2023-05-28T22:43:58.361440+00:00, run_after=2023-05-29T22:43:58.361440+00:00
[2023-05-29T22:43:58.374+0000] {processor.py:179} INFO - Processing /home/airflow/.local/lib/python3.7/site-packages/airflow/example_dags/example_skip_dag.py took 0.059 seconds
[2023-05-29T22:44:28.701+0000] {processor.py:157} INFO - Started process (PID=275) to work on /home/airflow/.local/lib/python3.7/site-packages/airflow/example_dags/example_skip_dag.py
[2023-05-29T22:44:28.702+0000] {processor.py:826} INFO - Processing file /home/airflow/.local/lib/python3.7/site-packages/airflow/example_dags/example_skip_dag.py for tasks to queue
[2023-05-29T22:44:28.703+0000] {logging_mixin.py:149} INFO - [2023-05-29T22:44:28.703+0000] {dagbag.py:541} INFO - Filling up the DagBag from /home/airflow/.local/lib/python3.7/site-packages/airflow/example_dags/example_skip_dag.py
[2023-05-29T22:44:28.708+0000] {processor.py:836} INFO - DAG(s) dict_keys(['example_skip_dag']) retrieved from /home/airflow/.local/lib/python3.7/site-packages/airflow/example_dags/example_skip_dag.py
[2023-05-29T22:44:28.727+0000] {logging_mixin.py:149} INFO - [2023-05-29T22:44:28.727+0000] {dag.py:2726} INFO - Sync 1 DAGs
[2023-05-29T22:44:28.743+0000] {logging_mixin.py:149} INFO - [2023-05-29T22:44:28.743+0000] {dag.py:3490} INFO - Setting next_dagrun for example_skip_dag to 2023-05-28T22:44:28.743386+00:00, run_after=2023-05-29T22:44:28.743386+00:00
[2023-05-29T22:44:28.753+0000] {processor.py:179} INFO - Processing /home/airflow/.local/lib/python3.7/site-packages/airflow/example_dags/example_skip_dag.py took 0.055 seconds
[2023-05-29T22:44:59.252+0000] {processor.py:157} INFO - Started process (PID=331) to work on /home/airflow/.local/lib/python3.7/site-packages/airflow/example_dags/example_skip_dag.py
[2023-05-29T22:44:59.259+0000] {processor.py:826} INFO - Processing file /home/airflow/.local/lib/python3.7/site-packages/airflow/example_dags/example_skip_dag.py for tasks to queue
[2023-05-29T22:44:59.262+0000] {logging_mixin.py:149} INFO - [2023-05-29T22:44:59.262+0000] {dagbag.py:541} INFO - Filling up the DagBag from /home/airflow/.local/lib/python3.7/site-packages/airflow/example_dags/example_skip_dag.py
[2023-05-29T22:44:59.273+0000] {processor.py:836} INFO - DAG(s) dict_keys(['example_skip_dag']) retrieved from /home/airflow/.local/lib/python3.7/site-packages/airflow/example_dags/example_skip_dag.py
[2023-05-29T22:44:59.302+0000] {logging_mixin.py:149} INFO - [2023-05-29T22:44:59.302+0000] {dag.py:2726} INFO - Sync 1 DAGs
[2023-05-29T22:44:59.318+0000] {logging_mixin.py:149} INFO - [2023-05-29T22:44:59.318+0000] {dag.py:3490} INFO - Setting next_dagrun for example_skip_dag to 2023-05-28T22:44:59.317925+00:00, run_after=2023-05-29T22:44:59.317925+00:00
[2023-05-29T22:44:59.328+0000] {processor.py:179} INFO - Processing /home/airflow/.local/lib/python3.7/site-packages/airflow/example_dags/example_skip_dag.py took 0.079 seconds
[2023-05-29T22:45:29.716+0000] {processor.py:157} INFO - Started process (PID=387) to work on /home/airflow/.local/lib/python3.7/site-packages/airflow/example_dags/example_skip_dag.py
[2023-05-29T22:45:29.717+0000] {processor.py:826} INFO - Processing file /home/airflow/.local/lib/python3.7/site-packages/airflow/example_dags/example_skip_dag.py for tasks to queue
[2023-05-29T22:45:29.718+0000] {logging_mixin.py:149} INFO - [2023-05-29T22:45:29.718+0000] {dagbag.py:541} INFO - Filling up the DagBag from /home/airflow/.local/lib/python3.7/site-packages/airflow/example_dags/example_skip_dag.py
[2023-05-29T22:45:29.725+0000] {processor.py:836} INFO - DAG(s) dict_keys(['example_skip_dag']) retrieved from /home/airflow/.local/lib/python3.7/site-packages/airflow/example_dags/example_skip_dag.py
[2023-05-29T22:45:29.754+0000] {logging_mixin.py:149} INFO - [2023-05-29T22:45:29.753+0000] {dag.py:2726} INFO - Sync 1 DAGs
[2023-05-29T22:45:29.771+0000] {logging_mixin.py:149} INFO - [2023-05-29T22:45:29.771+0000] {dag.py:3490} INFO - Setting next_dagrun for example_skip_dag to 2023-05-28T22:45:29.771164+00:00, run_after=2023-05-29T22:45:29.771164+00:00
[2023-05-29T22:45:29.783+0000] {processor.py:179} INFO - Processing /home/airflow/.local/lib/python3.7/site-packages/airflow/example_dags/example_skip_dag.py took 0.070 seconds
[2023-05-29T22:46:00.287+0000] {processor.py:157} INFO - Started process (PID=443) to work on /home/airflow/.local/lib/python3.7/site-packages/airflow/example_dags/example_skip_dag.py
[2023-05-29T22:46:00.290+0000] {processor.py:826} INFO - Processing file /home/airflow/.local/lib/python3.7/site-packages/airflow/example_dags/example_skip_dag.py for tasks to queue
[2023-05-29T22:46:00.291+0000] {logging_mixin.py:149} INFO - [2023-05-29T22:46:00.291+0000] {dagbag.py:541} INFO - Filling up the DagBag from /home/airflow/.local/lib/python3.7/site-packages/airflow/example_dags/example_skip_dag.py
[2023-05-29T22:46:00.299+0000] {processor.py:836} INFO - DAG(s) dict_keys(['example_skip_dag']) retrieved from /home/airflow/.local/lib/python3.7/site-packages/airflow/example_dags/example_skip_dag.py
[2023-05-29T22:46:00.361+0000] {logging_mixin.py:149} INFO - [2023-05-29T22:46:00.361+0000] {dag.py:2726} INFO - Sync 1 DAGs
[2023-05-29T22:46:00.391+0000] {logging_mixin.py:149} INFO - [2023-05-29T22:46:00.391+0000] {dag.py:3490} INFO - Setting next_dagrun for example_skip_dag to 2023-05-28T22:46:00.390818+00:00, run_after=2023-05-29T22:46:00.390818+00:00
[2023-05-29T22:46:00.420+0000] {processor.py:179} INFO - Processing /home/airflow/.local/lib/python3.7/site-packages/airflow/example_dags/example_skip_dag.py took 0.136 seconds
[2023-05-29T22:46:30.664+0000] {processor.py:157} INFO - Started process (PID=499) to work on /home/airflow/.local/lib/python3.7/site-packages/airflow/example_dags/example_skip_dag.py
[2023-05-29T22:46:30.666+0000] {processor.py:826} INFO - Processing file /home/airflow/.local/lib/python3.7/site-packages/airflow/example_dags/example_skip_dag.py for tasks to queue
[2023-05-29T22:46:30.667+0000] {logging_mixin.py:149} INFO - [2023-05-29T22:46:30.667+0000] {dagbag.py:541} INFO - Filling up the DagBag from /home/airflow/.local/lib/python3.7/site-packages/airflow/example_dags/example_skip_dag.py
[2023-05-29T22:46:30.678+0000] {processor.py:836} INFO - DAG(s) dict_keys(['example_skip_dag']) retrieved from /home/airflow/.local/lib/python3.7/site-packages/airflow/example_dags/example_skip_dag.py
[2023-05-29T22:46:30.701+0000] {logging_mixin.py:149} INFO - [2023-05-29T22:46:30.701+0000] {dag.py:2726} INFO - Sync 1 DAGs
[2023-05-29T22:46:30.720+0000] {logging_mixin.py:149} INFO - [2023-05-29T22:46:30.720+0000] {dag.py:3490} INFO - Setting next_dagrun for example_skip_dag to 2023-05-28T22:46:30.720279+00:00, run_after=2023-05-29T22:46:30.720279+00:00
[2023-05-29T22:46:30.732+0000] {processor.py:179} INFO - Processing /home/airflow/.local/lib/python3.7/site-packages/airflow/example_dags/example_skip_dag.py took 0.070 seconds
[2023-05-29T22:47:00.919+0000] {processor.py:157} INFO - Started process (PID=555) to work on /home/airflow/.local/lib/python3.7/site-packages/airflow/example_dags/example_skip_dag.py
[2023-05-29T22:47:00.920+0000] {processor.py:826} INFO - Processing file /home/airflow/.local/lib/python3.7/site-packages/airflow/example_dags/example_skip_dag.py for tasks to queue
[2023-05-29T22:47:00.921+0000] {logging_mixin.py:149} INFO - [2023-05-29T22:47:00.921+0000] {dagbag.py:541} INFO - Filling up the DagBag from /home/airflow/.local/lib/python3.7/site-packages/airflow/example_dags/example_skip_dag.py
[2023-05-29T22:47:00.928+0000] {processor.py:836} INFO - DAG(s) dict_keys(['example_skip_dag']) retrieved from /home/airflow/.local/lib/python3.7/site-packages/airflow/example_dags/example_skip_dag.py
[2023-05-29T22:47:00.948+0000] {logging_mixin.py:149} INFO - [2023-05-29T22:47:00.948+0000] {dag.py:2726} INFO - Sync 1 DAGs
[2023-05-29T22:47:00.966+0000] {logging_mixin.py:149} INFO - [2023-05-29T22:47:00.966+0000] {dag.py:3490} INFO - Setting next_dagrun for example_skip_dag to 2023-05-28T22:47:00.966325+00:00, run_after=2023-05-29T22:47:00.966325+00:00
[2023-05-29T22:47:00.982+0000] {processor.py:179} INFO - Processing /home/airflow/.local/lib/python3.7/site-packages/airflow/example_dags/example_skip_dag.py took 0.067 seconds
[2023-05-29T22:47:32.239+0000] {processor.py:157} INFO - Started process (PID=610) to work on /home/airflow/.local/lib/python3.7/site-packages/airflow/example_dags/example_skip_dag.py
[2023-05-29T22:47:32.240+0000] {processor.py:826} INFO - Processing file /home/airflow/.local/lib/python3.7/site-packages/airflow/example_dags/example_skip_dag.py for tasks to queue
[2023-05-29T22:47:32.240+0000] {logging_mixin.py:149} INFO - [2023-05-29T22:47:32.240+0000] {dagbag.py:541} INFO - Filling up the DagBag from /home/airflow/.local/lib/python3.7/site-packages/airflow/example_dags/example_skip_dag.py
[2023-05-29T22:47:32.248+0000] {processor.py:836} INFO - DAG(s) dict_keys(['example_skip_dag']) retrieved from /home/airflow/.local/lib/python3.7/site-packages/airflow/example_dags/example_skip_dag.py
[2023-05-29T22:47:32.275+0000] {logging_mixin.py:149} INFO - [2023-05-29T22:47:32.275+0000] {dag.py:2726} INFO - Sync 1 DAGs
[2023-05-29T22:47:32.301+0000] {logging_mixin.py:149} INFO - [2023-05-29T22:47:32.301+0000] {dag.py:3490} INFO - Setting next_dagrun for example_skip_dag to 2023-05-28T22:47:32.300772+00:00, run_after=2023-05-29T22:47:32.300772+00:00
[2023-05-29T22:47:32.314+0000] {processor.py:179} INFO - Processing /home/airflow/.local/lib/python3.7/site-packages/airflow/example_dags/example_skip_dag.py took 0.078 seconds
[2023-05-29T22:48:02.448+0000] {processor.py:157} INFO - Started process (PID=666) to work on /home/airflow/.local/lib/python3.7/site-packages/airflow/example_dags/example_skip_dag.py
[2023-05-29T22:48:02.450+0000] {processor.py:826} INFO - Processing file /home/airflow/.local/lib/python3.7/site-packages/airflow/example_dags/example_skip_dag.py for tasks to queue
[2023-05-29T22:48:02.450+0000] {logging_mixin.py:149} INFO - [2023-05-29T22:48:02.450+0000] {dagbag.py:541} INFO - Filling up the DagBag from /home/airflow/.local/lib/python3.7/site-packages/airflow/example_dags/example_skip_dag.py
[2023-05-29T22:48:02.456+0000] {processor.py:836} INFO - DAG(s) dict_keys(['example_skip_dag']) retrieved from /home/airflow/.local/lib/python3.7/site-packages/airflow/example_dags/example_skip_dag.py
[2023-05-29T22:48:02.477+0000] {logging_mixin.py:149} INFO - [2023-05-29T22:48:02.477+0000] {dag.py:2726} INFO - Sync 1 DAGs
[2023-05-29T22:48:02.498+0000] {logging_mixin.py:149} INFO - [2023-05-29T22:48:02.498+0000] {dag.py:3490} INFO - Setting next_dagrun for example_skip_dag to 2023-05-28T22:48:02.497941+00:00, run_after=2023-05-29T22:48:02.497941+00:00
[2023-05-29T22:48:02.513+0000] {processor.py:179} INFO - Processing /home/airflow/.local/lib/python3.7/site-packages/airflow/example_dags/example_skip_dag.py took 0.067 seconds
[2023-05-29T22:49:24.658+0000] {processor.py:157} INFO - Started process (PID=44) to work on /home/airflow/.local/lib/python3.7/site-packages/airflow/example_dags/example_skip_dag.py
[2023-05-29T22:49:24.660+0000] {processor.py:826} INFO - Processing file /home/airflow/.local/lib/python3.7/site-packages/airflow/example_dags/example_skip_dag.py for tasks to queue
[2023-05-29T22:49:24.661+0000] {logging_mixin.py:149} INFO - [2023-05-29T22:49:24.661+0000] {dagbag.py:541} INFO - Filling up the DagBag from /home/airflow/.local/lib/python3.7/site-packages/airflow/example_dags/example_skip_dag.py
[2023-05-29T22:49:24.679+0000] {processor.py:836} INFO - DAG(s) dict_keys(['example_skip_dag']) retrieved from /home/airflow/.local/lib/python3.7/site-packages/airflow/example_dags/example_skip_dag.py
[2023-05-29T22:49:24.709+0000] {logging_mixin.py:149} INFO - [2023-05-29T22:49:24.709+0000] {dag.py:2726} INFO - Sync 1 DAGs
[2023-05-29T22:49:24.731+0000] {logging_mixin.py:149} INFO - [2023-05-29T22:49:24.730+0000] {dag.py:3490} INFO - Setting next_dagrun for example_skip_dag to 2023-05-28T22:49:24.730648+00:00, run_after=2023-05-29T22:49:24.730648+00:00
[2023-05-29T22:49:24.747+0000] {processor.py:179} INFO - Processing /home/airflow/.local/lib/python3.7/site-packages/airflow/example_dags/example_skip_dag.py took 0.093 seconds
[2023-05-29T22:49:55.181+0000] {processor.py:157} INFO - Started process (PID=100) to work on /home/airflow/.local/lib/python3.7/site-packages/airflow/example_dags/example_skip_dag.py
[2023-05-29T22:49:55.183+0000] {processor.py:826} INFO - Processing file /home/airflow/.local/lib/python3.7/site-packages/airflow/example_dags/example_skip_dag.py for tasks to queue
[2023-05-29T22:49:55.183+0000] {logging_mixin.py:149} INFO - [2023-05-29T22:49:55.183+0000] {dagbag.py:541} INFO - Filling up the DagBag from /home/airflow/.local/lib/python3.7/site-packages/airflow/example_dags/example_skip_dag.py
[2023-05-29T22:49:55.190+0000] {processor.py:836} INFO - DAG(s) dict_keys(['example_skip_dag']) retrieved from /home/airflow/.local/lib/python3.7/site-packages/airflow/example_dags/example_skip_dag.py
[2023-05-29T22:49:55.214+0000] {logging_mixin.py:149} INFO - [2023-05-29T22:49:55.214+0000] {dag.py:2726} INFO - Sync 1 DAGs
[2023-05-29T22:49:55.233+0000] {logging_mixin.py:149} INFO - [2023-05-29T22:49:55.233+0000] {dag.py:3490} INFO - Setting next_dagrun for example_skip_dag to 2023-05-28T22:49:55.233383+00:00, run_after=2023-05-29T22:49:55.233383+00:00
[2023-05-29T22:49:55.245+0000] {processor.py:179} INFO - Processing /home/airflow/.local/lib/python3.7/site-packages/airflow/example_dags/example_skip_dag.py took 0.067 seconds
[2023-05-29T22:50:30.101+0000] {processor.py:157} INFO - Started process (PID=156) to work on /home/airflow/.local/lib/python3.7/site-packages/airflow/example_dags/example_skip_dag.py
[2023-05-29T22:50:30.102+0000] {processor.py:826} INFO - Processing file /home/airflow/.local/lib/python3.7/site-packages/airflow/example_dags/example_skip_dag.py for tasks to queue
[2023-05-29T22:50:30.103+0000] {logging_mixin.py:149} INFO - [2023-05-29T22:50:30.103+0000] {dagbag.py:541} INFO - Filling up the DagBag from /home/airflow/.local/lib/python3.7/site-packages/airflow/example_dags/example_skip_dag.py
[2023-05-29T22:50:30.115+0000] {processor.py:836} INFO - DAG(s) dict_keys(['example_skip_dag']) retrieved from /home/airflow/.local/lib/python3.7/site-packages/airflow/example_dags/example_skip_dag.py
[2023-05-29T22:50:30.133+0000] {logging_mixin.py:149} INFO - [2023-05-29T22:50:30.132+0000] {dag.py:2726} INFO - Sync 1 DAGs
[2023-05-29T22:50:30.159+0000] {logging_mixin.py:149} INFO - [2023-05-29T22:50:30.159+0000] {dag.py:3490} INFO - Setting next_dagrun for example_skip_dag to 2023-05-28T22:50:30.159365+00:00, run_after=2023-05-29T22:50:30.159365+00:00
[2023-05-29T22:50:30.177+0000] {processor.py:179} INFO - Processing /home/airflow/.local/lib/python3.7/site-packages/airflow/example_dags/example_skip_dag.py took 0.079 seconds
[2023-05-29T22:51:40.677+0000] {processor.py:157} INFO - Started process (PID=44) to work on /home/airflow/.local/lib/python3.7/site-packages/airflow/example_dags/example_skip_dag.py
[2023-05-29T22:51:40.678+0000] {processor.py:826} INFO - Processing file /home/airflow/.local/lib/python3.7/site-packages/airflow/example_dags/example_skip_dag.py for tasks to queue
[2023-05-29T22:51:40.679+0000] {logging_mixin.py:149} INFO - [2023-05-29T22:51:40.679+0000] {dagbag.py:541} INFO - Filling up the DagBag from /home/airflow/.local/lib/python3.7/site-packages/airflow/example_dags/example_skip_dag.py
[2023-05-29T22:51:40.694+0000] {processor.py:836} INFO - DAG(s) dict_keys(['example_skip_dag']) retrieved from /home/airflow/.local/lib/python3.7/site-packages/airflow/example_dags/example_skip_dag.py
[2023-05-29T22:51:40.714+0000] {logging_mixin.py:149} INFO - [2023-05-29T22:51:40.714+0000] {dag.py:2726} INFO - Sync 1 DAGs
[2023-05-29T22:51:40.742+0000] {logging_mixin.py:149} INFO - [2023-05-29T22:51:40.741+0000] {dag.py:3490} INFO - Setting next_dagrun for example_skip_dag to 2023-05-28T22:51:40.741216+00:00, run_after=2023-05-29T22:51:40.741216+00:00
[2023-05-29T22:51:40.769+0000] {processor.py:179} INFO - Processing /home/airflow/.local/lib/python3.7/site-packages/airflow/example_dags/example_skip_dag.py took 0.096 seconds
[2023-05-29T22:52:11.586+0000] {processor.py:157} INFO - Started process (PID=100) to work on /home/airflow/.local/lib/python3.7/site-packages/airflow/example_dags/example_skip_dag.py
[2023-05-29T22:52:11.587+0000] {processor.py:826} INFO - Processing file /home/airflow/.local/lib/python3.7/site-packages/airflow/example_dags/example_skip_dag.py for tasks to queue
[2023-05-29T22:52:11.588+0000] {logging_mixin.py:149} INFO - [2023-05-29T22:52:11.588+0000] {dagbag.py:541} INFO - Filling up the DagBag from /home/airflow/.local/lib/python3.7/site-packages/airflow/example_dags/example_skip_dag.py
[2023-05-29T22:52:11.594+0000] {processor.py:836} INFO - DAG(s) dict_keys(['example_skip_dag']) retrieved from /home/airflow/.local/lib/python3.7/site-packages/airflow/example_dags/example_skip_dag.py
[2023-05-29T22:52:11.614+0000] {logging_mixin.py:149} INFO - [2023-05-29T22:52:11.614+0000] {dag.py:2726} INFO - Sync 1 DAGs
[2023-05-29T22:52:11.631+0000] {logging_mixin.py:149} INFO - [2023-05-29T22:52:11.631+0000] {dag.py:3490} INFO - Setting next_dagrun for example_skip_dag to 2023-05-28T22:52:11.631151+00:00, run_after=2023-05-29T22:52:11.631151+00:00
[2023-05-29T22:52:11.642+0000] {processor.py:179} INFO - Processing /home/airflow/.local/lib/python3.7/site-packages/airflow/example_dags/example_skip_dag.py took 0.059 seconds
[2023-05-29T22:52:42.108+0000] {processor.py:157} INFO - Started process (PID=156) to work on /home/airflow/.local/lib/python3.7/site-packages/airflow/example_dags/example_skip_dag.py
[2023-05-29T22:52:42.109+0000] {processor.py:826} INFO - Processing file /home/airflow/.local/lib/python3.7/site-packages/airflow/example_dags/example_skip_dag.py for tasks to queue
[2023-05-29T22:52:42.110+0000] {logging_mixin.py:149} INFO - [2023-05-29T22:52:42.110+0000] {dagbag.py:541} INFO - Filling up the DagBag from /home/airflow/.local/lib/python3.7/site-packages/airflow/example_dags/example_skip_dag.py
[2023-05-29T22:52:42.116+0000] {processor.py:836} INFO - DAG(s) dict_keys(['example_skip_dag']) retrieved from /home/airflow/.local/lib/python3.7/site-packages/airflow/example_dags/example_skip_dag.py
[2023-05-29T22:52:42.140+0000] {logging_mixin.py:149} INFO - [2023-05-29T22:52:42.140+0000] {dag.py:2726} INFO - Sync 1 DAGs
[2023-05-29T22:52:42.157+0000] {logging_mixin.py:149} INFO - [2023-05-29T22:52:42.157+0000] {dag.py:3490} INFO - Setting next_dagrun for example_skip_dag to 2023-05-28T22:52:42.157510+00:00, run_after=2023-05-29T22:52:42.157510+00:00
[2023-05-29T22:52:42.170+0000] {processor.py:179} INFO - Processing /home/airflow/.local/lib/python3.7/site-packages/airflow/example_dags/example_skip_dag.py took 0.065 seconds
