[2023-05-29T22:42:31.954+0000] {processor.py:157} INFO - Started process (PID=66) to work on /home/airflow/.local/lib/python3.7/site-packages/airflow/example_dags/example_nested_branch_dag.py
[2023-05-29T22:42:31.964+0000] {processor.py:826} INFO - Processing file /home/airflow/.local/lib/python3.7/site-packages/airflow/example_dags/example_nested_branch_dag.py for tasks to queue
[2023-05-29T22:42:31.969+0000] {logging_mixin.py:149} INFO - [2023-05-29T22:42:31.968+0000] {dagbag.py:541} INFO - Filling up the DagBag from /home/airflow/.local/lib/python3.7/site-packages/airflow/example_dags/example_nested_branch_dag.py
[2023-05-29T22:42:32.122+0000] {processor.py:836} INFO - DAG(s) dict_keys(['example_nested_branch_dag']) retrieved from /home/airflow/.local/lib/python3.7/site-packages/airflow/example_dags/example_nested_branch_dag.py
[2023-05-29T22:42:32.284+0000] {logging_mixin.py:149} INFO - [2023-05-29T22:42:32.284+0000] {dag.py:2726} INFO - Sync 1 DAGs
[2023-05-29T22:42:32.483+0000] {logging_mixin.py:149} INFO - [2023-05-29T22:42:32.482+0000] {dag.py:3490} INFO - Setting next_dagrun for example_nested_branch_dag to 2023-05-28T00:00:00+00:00, run_after=2023-05-29T00:00:00+00:00
[2023-05-29T22:42:32.630+0000] {processor.py:179} INFO - Processing /home/airflow/.local/lib/python3.7/site-packages/airflow/example_dags/example_nested_branch_dag.py took 0.703 seconds
[2023-05-29T22:43:03.136+0000] {processor.py:157} INFO - Started process (PID=122) to work on /home/airflow/.local/lib/python3.7/site-packages/airflow/example_dags/example_nested_branch_dag.py
[2023-05-29T22:43:03.138+0000] {processor.py:826} INFO - Processing file /home/airflow/.local/lib/python3.7/site-packages/airflow/example_dags/example_nested_branch_dag.py for tasks to queue
[2023-05-29T22:43:03.140+0000] {logging_mixin.py:149} INFO - [2023-05-29T22:43:03.140+0000] {dagbag.py:541} INFO - Filling up the DagBag from /home/airflow/.local/lib/python3.7/site-packages/airflow/example_dags/example_nested_branch_dag.py
[2023-05-29T22:43:03.163+0000] {processor.py:836} INFO - DAG(s) dict_keys(['example_nested_branch_dag']) retrieved from /home/airflow/.local/lib/python3.7/site-packages/airflow/example_dags/example_nested_branch_dag.py
[2023-05-29T22:43:03.223+0000] {logging_mixin.py:149} INFO - [2023-05-29T22:43:03.223+0000] {dag.py:2726} INFO - Sync 1 DAGs
[2023-05-29T22:43:03.253+0000] {logging_mixin.py:149} INFO - [2023-05-29T22:43:03.253+0000] {dag.py:3490} INFO - Setting next_dagrun for example_nested_branch_dag to 2023-05-28T00:00:00+00:00, run_after=2023-05-29T00:00:00+00:00
[2023-05-29T22:43:03.267+0000] {processor.py:179} INFO - Processing /home/airflow/.local/lib/python3.7/site-packages/airflow/example_dags/example_nested_branch_dag.py took 0.139 seconds
[2023-05-29T22:43:33.330+0000] {processor.py:157} INFO - Started process (PID=178) to work on /home/airflow/.local/lib/python3.7/site-packages/airflow/example_dags/example_nested_branch_dag.py
[2023-05-29T22:43:33.331+0000] {processor.py:826} INFO - Processing file /home/airflow/.local/lib/python3.7/site-packages/airflow/example_dags/example_nested_branch_dag.py for tasks to queue
[2023-05-29T22:43:33.332+0000] {logging_mixin.py:149} INFO - [2023-05-29T22:43:33.331+0000] {dagbag.py:541} INFO - Filling up the DagBag from /home/airflow/.local/lib/python3.7/site-packages/airflow/example_dags/example_nested_branch_dag.py
[2023-05-29T22:43:33.343+0000] {processor.py:836} INFO - DAG(s) dict_keys(['example_nested_branch_dag']) retrieved from /home/airflow/.local/lib/python3.7/site-packages/airflow/example_dags/example_nested_branch_dag.py
[2023-05-29T22:43:33.363+0000] {logging_mixin.py:149} INFO - [2023-05-29T22:43:33.363+0000] {dag.py:2726} INFO - Sync 1 DAGs
[2023-05-29T22:43:33.379+0000] {logging_mixin.py:149} INFO - [2023-05-29T22:43:33.379+0000] {dag.py:3490} INFO - Setting next_dagrun for example_nested_branch_dag to 2023-05-28T00:00:00+00:00, run_after=2023-05-29T00:00:00+00:00
[2023-05-29T22:43:33.389+0000] {processor.py:179} INFO - Processing /home/airflow/.local/lib/python3.7/site-packages/airflow/example_dags/example_nested_branch_dag.py took 0.062 seconds
[2023-05-29T22:44:04.132+0000] {processor.py:157} INFO - Started process (PID=234) to work on /home/airflow/.local/lib/python3.7/site-packages/airflow/example_dags/example_nested_branch_dag.py
[2023-05-29T22:44:04.136+0000] {processor.py:826} INFO - Processing file /home/airflow/.local/lib/python3.7/site-packages/airflow/example_dags/example_nested_branch_dag.py for tasks to queue
[2023-05-29T22:44:04.158+0000] {logging_mixin.py:149} INFO - [2023-05-29T22:44:04.157+0000] {dagbag.py:541} INFO - Filling up the DagBag from /home/airflow/.local/lib/python3.7/site-packages/airflow/example_dags/example_nested_branch_dag.py
[2023-05-29T22:44:04.262+0000] {processor.py:836} INFO - DAG(s) dict_keys(['example_nested_branch_dag']) retrieved from /home/airflow/.local/lib/python3.7/site-packages/airflow/example_dags/example_nested_branch_dag.py
[2023-05-29T22:44:04.432+0000] {logging_mixin.py:149} INFO - [2023-05-29T22:44:04.432+0000] {dag.py:2726} INFO - Sync 1 DAGs
[2023-05-29T22:44:04.517+0000] {logging_mixin.py:149} INFO - [2023-05-29T22:44:04.517+0000] {dag.py:3490} INFO - Setting next_dagrun for example_nested_branch_dag to 2023-05-28T00:00:00+00:00, run_after=2023-05-29T00:00:00+00:00
[2023-05-29T22:44:04.555+0000] {processor.py:179} INFO - Processing /home/airflow/.local/lib/python3.7/site-packages/airflow/example_dags/example_nested_branch_dag.py took 0.429 seconds
[2023-05-29T22:44:35.520+0000] {processor.py:157} INFO - Started process (PID=298) to work on /home/airflow/.local/lib/python3.7/site-packages/airflow/example_dags/example_nested_branch_dag.py
[2023-05-29T22:44:35.525+0000] {processor.py:826} INFO - Processing file /home/airflow/.local/lib/python3.7/site-packages/airflow/example_dags/example_nested_branch_dag.py for tasks to queue
[2023-05-29T22:44:35.526+0000] {logging_mixin.py:149} INFO - [2023-05-29T22:44:35.526+0000] {dagbag.py:541} INFO - Filling up the DagBag from /home/airflow/.local/lib/python3.7/site-packages/airflow/example_dags/example_nested_branch_dag.py
[2023-05-29T22:44:35.534+0000] {processor.py:836} INFO - DAG(s) dict_keys(['example_nested_branch_dag']) retrieved from /home/airflow/.local/lib/python3.7/site-packages/airflow/example_dags/example_nested_branch_dag.py
[2023-05-29T22:44:35.555+0000] {logging_mixin.py:149} INFO - [2023-05-29T22:44:35.555+0000] {dag.py:2726} INFO - Sync 1 DAGs
[2023-05-29T22:44:35.573+0000] {logging_mixin.py:149} INFO - [2023-05-29T22:44:35.573+0000] {dag.py:3490} INFO - Setting next_dagrun for example_nested_branch_dag to 2023-05-28T00:00:00+00:00, run_after=2023-05-29T00:00:00+00:00
[2023-05-29T22:44:35.586+0000] {processor.py:179} INFO - Processing /home/airflow/.local/lib/python3.7/site-packages/airflow/example_dags/example_nested_branch_dag.py took 0.069 seconds
[2023-05-29T22:45:06.429+0000] {processor.py:157} INFO - Started process (PID=354) to work on /home/airflow/.local/lib/python3.7/site-packages/airflow/example_dags/example_nested_branch_dag.py
[2023-05-29T22:45:06.431+0000] {processor.py:826} INFO - Processing file /home/airflow/.local/lib/python3.7/site-packages/airflow/example_dags/example_nested_branch_dag.py for tasks to queue
[2023-05-29T22:45:06.431+0000] {logging_mixin.py:149} INFO - [2023-05-29T22:45:06.431+0000] {dagbag.py:541} INFO - Filling up the DagBag from /home/airflow/.local/lib/python3.7/site-packages/airflow/example_dags/example_nested_branch_dag.py
[2023-05-29T22:45:06.440+0000] {processor.py:836} INFO - DAG(s) dict_keys(['example_nested_branch_dag']) retrieved from /home/airflow/.local/lib/python3.7/site-packages/airflow/example_dags/example_nested_branch_dag.py
[2023-05-29T22:45:06.467+0000] {logging_mixin.py:149} INFO - [2023-05-29T22:45:06.467+0000] {dag.py:2726} INFO - Sync 1 DAGs
[2023-05-29T22:45:06.489+0000] {logging_mixin.py:149} INFO - [2023-05-29T22:45:06.489+0000] {dag.py:3490} INFO - Setting next_dagrun for example_nested_branch_dag to 2023-05-28T00:00:00+00:00, run_after=2023-05-29T00:00:00+00:00
[2023-05-29T22:45:06.502+0000] {processor.py:179} INFO - Processing /home/airflow/.local/lib/python3.7/site-packages/airflow/example_dags/example_nested_branch_dag.py took 0.076 seconds
[2023-05-29T22:45:37.744+0000] {processor.py:157} INFO - Started process (PID=410) to work on /home/airflow/.local/lib/python3.7/site-packages/airflow/example_dags/example_nested_branch_dag.py
[2023-05-29T22:45:37.746+0000] {processor.py:826} INFO - Processing file /home/airflow/.local/lib/python3.7/site-packages/airflow/example_dags/example_nested_branch_dag.py for tasks to queue
[2023-05-29T22:45:37.746+0000] {logging_mixin.py:149} INFO - [2023-05-29T22:45:37.746+0000] {dagbag.py:541} INFO - Filling up the DagBag from /home/airflow/.local/lib/python3.7/site-packages/airflow/example_dags/example_nested_branch_dag.py
[2023-05-29T22:45:37.755+0000] {processor.py:836} INFO - DAG(s) dict_keys(['example_nested_branch_dag']) retrieved from /home/airflow/.local/lib/python3.7/site-packages/airflow/example_dags/example_nested_branch_dag.py
[2023-05-29T22:45:37.780+0000] {logging_mixin.py:149} INFO - [2023-05-29T22:45:37.780+0000] {dag.py:2726} INFO - Sync 1 DAGs
[2023-05-29T22:45:37.799+0000] {logging_mixin.py:149} INFO - [2023-05-29T22:45:37.799+0000] {dag.py:3490} INFO - Setting next_dagrun for example_nested_branch_dag to 2023-05-28T00:00:00+00:00, run_after=2023-05-29T00:00:00+00:00
[2023-05-29T22:45:37.814+0000] {processor.py:179} INFO - Processing /home/airflow/.local/lib/python3.7/site-packages/airflow/example_dags/example_nested_branch_dag.py took 0.074 seconds
[2023-05-29T22:46:09.094+0000] {processor.py:157} INFO - Started process (PID=466) to work on /home/airflow/.local/lib/python3.7/site-packages/airflow/example_dags/example_nested_branch_dag.py
[2023-05-29T22:46:09.095+0000] {processor.py:826} INFO - Processing file /home/airflow/.local/lib/python3.7/site-packages/airflow/example_dags/example_nested_branch_dag.py for tasks to queue
[2023-05-29T22:46:09.096+0000] {logging_mixin.py:149} INFO - [2023-05-29T22:46:09.096+0000] {dagbag.py:541} INFO - Filling up the DagBag from /home/airflow/.local/lib/python3.7/site-packages/airflow/example_dags/example_nested_branch_dag.py
[2023-05-29T22:46:09.104+0000] {processor.py:836} INFO - DAG(s) dict_keys(['example_nested_branch_dag']) retrieved from /home/airflow/.local/lib/python3.7/site-packages/airflow/example_dags/example_nested_branch_dag.py
[2023-05-29T22:46:09.125+0000] {logging_mixin.py:149} INFO - [2023-05-29T22:46:09.125+0000] {dag.py:2726} INFO - Sync 1 DAGs
[2023-05-29T22:46:09.148+0000] {logging_mixin.py:149} INFO - [2023-05-29T22:46:09.148+0000] {dag.py:3490} INFO - Setting next_dagrun for example_nested_branch_dag to 2023-05-28T00:00:00+00:00, run_after=2023-05-29T00:00:00+00:00
[2023-05-29T22:46:09.163+0000] {processor.py:179} INFO - Processing /home/airflow/.local/lib/python3.7/site-packages/airflow/example_dags/example_nested_branch_dag.py took 0.072 seconds
[2023-05-29T22:46:39.919+0000] {processor.py:157} INFO - Started process (PID=522) to work on /home/airflow/.local/lib/python3.7/site-packages/airflow/example_dags/example_nested_branch_dag.py
[2023-05-29T22:46:39.923+0000] {processor.py:826} INFO - Processing file /home/airflow/.local/lib/python3.7/site-packages/airflow/example_dags/example_nested_branch_dag.py for tasks to queue
[2023-05-29T22:46:39.926+0000] {logging_mixin.py:149} INFO - [2023-05-29T22:46:39.926+0000] {dagbag.py:541} INFO - Filling up the DagBag from /home/airflow/.local/lib/python3.7/site-packages/airflow/example_dags/example_nested_branch_dag.py
[2023-05-29T22:46:39.943+0000] {processor.py:836} INFO - DAG(s) dict_keys(['example_nested_branch_dag']) retrieved from /home/airflow/.local/lib/python3.7/site-packages/airflow/example_dags/example_nested_branch_dag.py
[2023-05-29T22:46:39.982+0000] {logging_mixin.py:149} INFO - [2023-05-29T22:46:39.981+0000] {dag.py:2726} INFO - Sync 1 DAGs
[2023-05-29T22:46:40.018+0000] {logging_mixin.py:149} INFO - [2023-05-29T22:46:40.017+0000] {dag.py:3490} INFO - Setting next_dagrun for example_nested_branch_dag to 2023-05-28T00:00:00+00:00, run_after=2023-05-29T00:00:00+00:00
[2023-05-29T22:46:40.035+0000] {processor.py:179} INFO - Processing /home/airflow/.local/lib/python3.7/site-packages/airflow/example_dags/example_nested_branch_dag.py took 0.120 seconds
[2023-05-29T22:47:10.743+0000] {processor.py:157} INFO - Started process (PID=578) to work on /home/airflow/.local/lib/python3.7/site-packages/airflow/example_dags/example_nested_branch_dag.py
[2023-05-29T22:47:10.744+0000] {processor.py:826} INFO - Processing file /home/airflow/.local/lib/python3.7/site-packages/airflow/example_dags/example_nested_branch_dag.py for tasks to queue
[2023-05-29T22:47:10.745+0000] {logging_mixin.py:149} INFO - [2023-05-29T22:47:10.745+0000] {dagbag.py:541} INFO - Filling up the DagBag from /home/airflow/.local/lib/python3.7/site-packages/airflow/example_dags/example_nested_branch_dag.py
[2023-05-29T22:47:10.753+0000] {processor.py:836} INFO - DAG(s) dict_keys(['example_nested_branch_dag']) retrieved from /home/airflow/.local/lib/python3.7/site-packages/airflow/example_dags/example_nested_branch_dag.py
[2023-05-29T22:47:10.820+0000] {logging_mixin.py:149} INFO - [2023-05-29T22:47:10.818+0000] {dag.py:2726} INFO - Sync 1 DAGs
[2023-05-29T22:47:10.943+0000] {logging_mixin.py:149} INFO - [2023-05-29T22:47:10.942+0000] {dag.py:3490} INFO - Setting next_dagrun for example_nested_branch_dag to 2023-05-28T00:00:00+00:00, run_after=2023-05-29T00:00:00+00:00
[2023-05-29T22:47:10.998+0000] {processor.py:179} INFO - Processing /home/airflow/.local/lib/python3.7/site-packages/airflow/example_dags/example_nested_branch_dag.py took 0.259 seconds
[2023-05-29T22:47:41.279+0000] {processor.py:157} INFO - Started process (PID=634) to work on /home/airflow/.local/lib/python3.7/site-packages/airflow/example_dags/example_nested_branch_dag.py
[2023-05-29T22:47:41.293+0000] {processor.py:826} INFO - Processing file /home/airflow/.local/lib/python3.7/site-packages/airflow/example_dags/example_nested_branch_dag.py for tasks to queue
[2023-05-29T22:47:41.299+0000] {logging_mixin.py:149} INFO - [2023-05-29T22:47:41.299+0000] {dagbag.py:541} INFO - Filling up the DagBag from /home/airflow/.local/lib/python3.7/site-packages/airflow/example_dags/example_nested_branch_dag.py
[2023-05-29T22:47:41.307+0000] {processor.py:836} INFO - DAG(s) dict_keys(['example_nested_branch_dag']) retrieved from /home/airflow/.local/lib/python3.7/site-packages/airflow/example_dags/example_nested_branch_dag.py
[2023-05-29T22:47:41.353+0000] {logging_mixin.py:149} INFO - [2023-05-29T22:47:41.352+0000] {dag.py:2726} INFO - Sync 1 DAGs
[2023-05-29T22:47:41.401+0000] {logging_mixin.py:149} INFO - [2023-05-29T22:47:41.400+0000] {dag.py:3490} INFO - Setting next_dagrun for example_nested_branch_dag to 2023-05-28T00:00:00+00:00, run_after=2023-05-29T00:00:00+00:00
[2023-05-29T22:47:41.427+0000] {processor.py:179} INFO - Processing /home/airflow/.local/lib/python3.7/site-packages/airflow/example_dags/example_nested_branch_dag.py took 0.151 seconds
[2023-05-29T22:48:12.015+0000] {processor.py:157} INFO - Started process (PID=689) to work on /home/airflow/.local/lib/python3.7/site-packages/airflow/example_dags/example_nested_branch_dag.py
[2023-05-29T22:48:12.024+0000] {processor.py:826} INFO - Processing file /home/airflow/.local/lib/python3.7/site-packages/airflow/example_dags/example_nested_branch_dag.py for tasks to queue
[2023-05-29T22:48:12.032+0000] {logging_mixin.py:149} INFO - [2023-05-29T22:48:12.032+0000] {dagbag.py:541} INFO - Filling up the DagBag from /home/airflow/.local/lib/python3.7/site-packages/airflow/example_dags/example_nested_branch_dag.py
[2023-05-29T22:48:12.052+0000] {processor.py:836} INFO - DAG(s) dict_keys(['example_nested_branch_dag']) retrieved from /home/airflow/.local/lib/python3.7/site-packages/airflow/example_dags/example_nested_branch_dag.py
[2023-05-29T22:48:12.169+0000] {logging_mixin.py:149} INFO - [2023-05-29T22:48:12.168+0000] {dag.py:2726} INFO - Sync 1 DAGs
[2023-05-29T22:48:12.246+0000] {logging_mixin.py:149} INFO - [2023-05-29T22:48:12.245+0000] {dag.py:3490} INFO - Setting next_dagrun for example_nested_branch_dag to 2023-05-28T00:00:00+00:00, run_after=2023-05-29T00:00:00+00:00
[2023-05-29T22:48:12.269+0000] {processor.py:179} INFO - Processing /home/airflow/.local/lib/python3.7/site-packages/airflow/example_dags/example_nested_branch_dag.py took 0.262 seconds
[2023-05-29T22:49:28.249+0000] {processor.py:157} INFO - Started process (PID=67) to work on /home/airflow/.local/lib/python3.7/site-packages/airflow/example_dags/example_nested_branch_dag.py
[2023-05-29T22:49:28.251+0000] {processor.py:826} INFO - Processing file /home/airflow/.local/lib/python3.7/site-packages/airflow/example_dags/example_nested_branch_dag.py for tasks to queue
[2023-05-29T22:49:28.256+0000] {logging_mixin.py:149} INFO - [2023-05-29T22:49:28.255+0000] {dagbag.py:541} INFO - Filling up the DagBag from /home/airflow/.local/lib/python3.7/site-packages/airflow/example_dags/example_nested_branch_dag.py
[2023-05-29T22:49:28.277+0000] {processor.py:836} INFO - DAG(s) dict_keys(['example_nested_branch_dag']) retrieved from /home/airflow/.local/lib/python3.7/site-packages/airflow/example_dags/example_nested_branch_dag.py
[2023-05-29T22:49:28.306+0000] {logging_mixin.py:149} INFO - [2023-05-29T22:49:28.306+0000] {dag.py:2726} INFO - Sync 1 DAGs
[2023-05-29T22:49:28.347+0000] {logging_mixin.py:149} INFO - [2023-05-29T22:49:28.347+0000] {dag.py:3490} INFO - Setting next_dagrun for example_nested_branch_dag to 2023-05-28T00:00:00+00:00, run_after=2023-05-29T00:00:00+00:00
[2023-05-29T22:49:28.383+0000] {processor.py:179} INFO - Processing /home/airflow/.local/lib/python3.7/site-packages/airflow/example_dags/example_nested_branch_dag.py took 0.140 seconds
[2023-05-29T22:49:58.854+0000] {processor.py:157} INFO - Started process (PID=123) to work on /home/airflow/.local/lib/python3.7/site-packages/airflow/example_dags/example_nested_branch_dag.py
[2023-05-29T22:49:58.856+0000] {processor.py:826} INFO - Processing file /home/airflow/.local/lib/python3.7/site-packages/airflow/example_dags/example_nested_branch_dag.py for tasks to queue
[2023-05-29T22:49:58.857+0000] {logging_mixin.py:149} INFO - [2023-05-29T22:49:58.857+0000] {dagbag.py:541} INFO - Filling up the DagBag from /home/airflow/.local/lib/python3.7/site-packages/airflow/example_dags/example_nested_branch_dag.py
[2023-05-29T22:49:58.865+0000] {processor.py:836} INFO - DAG(s) dict_keys(['example_nested_branch_dag']) retrieved from /home/airflow/.local/lib/python3.7/site-packages/airflow/example_dags/example_nested_branch_dag.py
[2023-05-29T22:49:58.884+0000] {logging_mixin.py:149} INFO - [2023-05-29T22:49:58.884+0000] {dag.py:2726} INFO - Sync 1 DAGs
[2023-05-29T22:49:58.904+0000] {logging_mixin.py:149} INFO - [2023-05-29T22:49:58.904+0000] {dag.py:3490} INFO - Setting next_dagrun for example_nested_branch_dag to 2023-05-28T00:00:00+00:00, run_after=2023-05-29T00:00:00+00:00
[2023-05-29T22:49:58.915+0000] {processor.py:179} INFO - Processing /home/airflow/.local/lib/python3.7/site-packages/airflow/example_dags/example_nested_branch_dag.py took 0.064 seconds
[2023-05-29T22:51:44.158+0000] {processor.py:157} INFO - Started process (PID=67) to work on /home/airflow/.local/lib/python3.7/site-packages/airflow/example_dags/example_nested_branch_dag.py
[2023-05-29T22:51:44.167+0000] {processor.py:826} INFO - Processing file /home/airflow/.local/lib/python3.7/site-packages/airflow/example_dags/example_nested_branch_dag.py for tasks to queue
[2023-05-29T22:51:44.175+0000] {logging_mixin.py:149} INFO - [2023-05-29T22:51:44.174+0000] {dagbag.py:541} INFO - Filling up the DagBag from /home/airflow/.local/lib/python3.7/site-packages/airflow/example_dags/example_nested_branch_dag.py
[2023-05-29T22:51:44.195+0000] {processor.py:836} INFO - DAG(s) dict_keys(['example_nested_branch_dag']) retrieved from /home/airflow/.local/lib/python3.7/site-packages/airflow/example_dags/example_nested_branch_dag.py
[2023-05-29T22:51:44.231+0000] {logging_mixin.py:149} INFO - [2023-05-29T22:51:44.231+0000] {dag.py:2726} INFO - Sync 1 DAGs
[2023-05-29T22:51:44.293+0000] {logging_mixin.py:149} INFO - [2023-05-29T22:51:44.293+0000] {dag.py:3490} INFO - Setting next_dagrun for example_nested_branch_dag to 2023-05-28T00:00:00+00:00, run_after=2023-05-29T00:00:00+00:00
[2023-05-29T22:51:44.320+0000] {processor.py:179} INFO - Processing /home/airflow/.local/lib/python3.7/site-packages/airflow/example_dags/example_nested_branch_dag.py took 0.175 seconds
[2023-05-29T22:52:15.376+0000] {processor.py:157} INFO - Started process (PID=123) to work on /home/airflow/.local/lib/python3.7/site-packages/airflow/example_dags/example_nested_branch_dag.py
[2023-05-29T22:52:15.381+0000] {processor.py:826} INFO - Processing file /home/airflow/.local/lib/python3.7/site-packages/airflow/example_dags/example_nested_branch_dag.py for tasks to queue
[2023-05-29T22:52:15.384+0000] {logging_mixin.py:149} INFO - [2023-05-29T22:52:15.383+0000] {dagbag.py:541} INFO - Filling up the DagBag from /home/airflow/.local/lib/python3.7/site-packages/airflow/example_dags/example_nested_branch_dag.py
[2023-05-29T22:52:15.394+0000] {processor.py:836} INFO - DAG(s) dict_keys(['example_nested_branch_dag']) retrieved from /home/airflow/.local/lib/python3.7/site-packages/airflow/example_dags/example_nested_branch_dag.py
[2023-05-29T22:52:15.423+0000] {logging_mixin.py:149} INFO - [2023-05-29T22:52:15.423+0000] {dag.py:2726} INFO - Sync 1 DAGs
[2023-05-29T22:52:15.440+0000] {logging_mixin.py:149} INFO - [2023-05-29T22:52:15.440+0000] {dag.py:3490} INFO - Setting next_dagrun for example_nested_branch_dag to 2023-05-28T00:00:00+00:00, run_after=2023-05-29T00:00:00+00:00
[2023-05-29T22:52:15.456+0000] {processor.py:179} INFO - Processing /home/airflow/.local/lib/python3.7/site-packages/airflow/example_dags/example_nested_branch_dag.py took 0.084 seconds
[2023-05-29T22:52:46.693+0000] {processor.py:157} INFO - Started process (PID=179) to work on /home/airflow/.local/lib/python3.7/site-packages/airflow/example_dags/example_nested_branch_dag.py
[2023-05-29T22:52:46.694+0000] {processor.py:826} INFO - Processing file /home/airflow/.local/lib/python3.7/site-packages/airflow/example_dags/example_nested_branch_dag.py for tasks to queue
[2023-05-29T22:52:46.694+0000] {logging_mixin.py:149} INFO - [2023-05-29T22:52:46.694+0000] {dagbag.py:541} INFO - Filling up the DagBag from /home/airflow/.local/lib/python3.7/site-packages/airflow/example_dags/example_nested_branch_dag.py
[2023-05-29T22:52:46.702+0000] {processor.py:836} INFO - DAG(s) dict_keys(['example_nested_branch_dag']) retrieved from /home/airflow/.local/lib/python3.7/site-packages/airflow/example_dags/example_nested_branch_dag.py
[2023-05-29T22:52:46.723+0000] {logging_mixin.py:149} INFO - [2023-05-29T22:52:46.722+0000] {dag.py:2726} INFO - Sync 1 DAGs
[2023-05-29T22:52:46.744+0000] {logging_mixin.py:149} INFO - [2023-05-29T22:52:46.744+0000] {dag.py:3490} INFO - Setting next_dagrun for example_nested_branch_dag to 2023-05-28T00:00:00+00:00, run_after=2023-05-29T00:00:00+00:00
[2023-05-29T22:52:46.758+0000] {processor.py:179} INFO - Processing /home/airflow/.local/lib/python3.7/site-packages/airflow/example_dags/example_nested_branch_dag.py took 0.068 seconds
