[2023-05-29T22:42:28.267+0000] {processor.py:157} INFO - Started process (PID=56) to work on /home/airflow/.local/lib/python3.7/site-packages/airflow/example_dags/example_python_operator.py
[2023-05-29T22:42:28.269+0000] {processor.py:826} INFO - Processing file /home/airflow/.local/lib/python3.7/site-packages/airflow/example_dags/example_python_operator.py for tasks to queue
[2023-05-29T22:42:28.270+0000] {logging_mixin.py:149} INFO - [2023-05-29T22:42:28.270+0000] {dagbag.py:541} INFO - Filling up the DagBag from /home/airflow/.local/lib/python3.7/site-packages/airflow/example_dags/example_python_operator.py
[2023-05-29T22:42:28.284+0000] {logging_mixin.py:149} INFO - [2023-05-29T22:42:28.283+0000] {taskmixin.py:211} WARNING - Dependency <Task(_PythonDecoratedOperator): print_the_context>, log_sql_query already registered for DAG: example_python_operator
[2023-05-29T22:42:28.284+0000] {logging_mixin.py:149} INFO - [2023-05-29T22:42:28.284+0000] {taskmixin.py:211} WARNING - Dependency <Task(_PythonDecoratedOperator): log_sql_query>, print_the_context already registered for DAG: example_python_operator
[2023-05-29T22:42:28.286+0000] {logging_mixin.py:149} INFO - [2023-05-29T22:42:28.285+0000] {taskmixin.py:211} WARNING - Dependency <Task(_PythonDecoratedOperator): print_the_context>, log_sql_query already registered for DAG: example_python_operator
[2023-05-29T22:42:28.286+0000] {logging_mixin.py:149} INFO - [2023-05-29T22:42:28.286+0000] {taskmixin.py:211} WARNING - Dependency <Task(_PythonDecoratedOperator): log_sql_query>, print_the_context already registered for DAG: example_python_operator
[2023-05-29T22:42:28.288+0000] {logging_mixin.py:149} INFO - [2023-05-29T22:42:28.288+0000] {taskmixin.py:211} WARNING - Dependency <Task(_PythonDecoratedOperator): print_the_context>, log_sql_query already registered for DAG: example_python_operator
[2023-05-29T22:42:28.289+0000] {logging_mixin.py:149} INFO - [2023-05-29T22:42:28.289+0000] {taskmixin.py:211} WARNING - Dependency <Task(_PythonDecoratedOperator): log_sql_query>, print_the_context already registered for DAG: example_python_operator
[2023-05-29T22:42:28.300+0000] {logging_mixin.py:149} INFO - [2023-05-29T22:42:28.300+0000] {taskmixin.py:211} WARNING - Dependency <Task(_PythonDecoratedOperator): print_the_context>, log_sql_query already registered for DAG: example_python_operator
[2023-05-29T22:42:28.304+0000] {logging_mixin.py:149} INFO - [2023-05-29T22:42:28.304+0000] {taskmixin.py:211} WARNING - Dependency <Task(_PythonDecoratedOperator): log_sql_query>, print_the_context already registered for DAG: example_python_operator
[2023-05-29T22:42:28.311+0000] {processor.py:836} INFO - DAG(s) dict_keys(['example_python_operator']) retrieved from /home/airflow/.local/lib/python3.7/site-packages/airflow/example_dags/example_python_operator.py
[2023-05-29T22:42:28.348+0000] {logging_mixin.py:149} INFO - [2023-05-29T22:42:28.347+0000] {dag.py:2726} INFO - Sync 1 DAGs
[2023-05-29T22:42:28.409+0000] {logging_mixin.py:149} INFO - [2023-05-29T22:42:28.409+0000] {dag.py:3490} INFO - Setting next_dagrun for example_python_operator to None, run_after=None
[2023-05-29T22:42:28.437+0000] {processor.py:179} INFO - Processing /home/airflow/.local/lib/python3.7/site-packages/airflow/example_dags/example_python_operator.py took 0.173 seconds
[2023-05-29T22:42:58.843+0000] {processor.py:157} INFO - Started process (PID=112) to work on /home/airflow/.local/lib/python3.7/site-packages/airflow/example_dags/example_python_operator.py
[2023-05-29T22:42:58.847+0000] {processor.py:826} INFO - Processing file /home/airflow/.local/lib/python3.7/site-packages/airflow/example_dags/example_python_operator.py for tasks to queue
[2023-05-29T22:42:58.850+0000] {logging_mixin.py:149} INFO - [2023-05-29T22:42:58.850+0000] {dagbag.py:541} INFO - Filling up the DagBag from /home/airflow/.local/lib/python3.7/site-packages/airflow/example_dags/example_python_operator.py
[2023-05-29T22:42:58.864+0000] {logging_mixin.py:149} INFO - [2023-05-29T22:42:58.864+0000] {taskmixin.py:211} WARNING - Dependency <Task(_PythonDecoratedOperator): print_the_context>, log_sql_query already registered for DAG: example_python_operator
[2023-05-29T22:42:58.865+0000] {logging_mixin.py:149} INFO - [2023-05-29T22:42:58.865+0000] {taskmixin.py:211} WARNING - Dependency <Task(_PythonDecoratedOperator): log_sql_query>, print_the_context already registered for DAG: example_python_operator
[2023-05-29T22:42:58.866+0000] {logging_mixin.py:149} INFO - [2023-05-29T22:42:58.866+0000] {taskmixin.py:211} WARNING - Dependency <Task(_PythonDecoratedOperator): print_the_context>, log_sql_query already registered for DAG: example_python_operator
[2023-05-29T22:42:58.866+0000] {logging_mixin.py:149} INFO - [2023-05-29T22:42:58.866+0000] {taskmixin.py:211} WARNING - Dependency <Task(_PythonDecoratedOperator): log_sql_query>, print_the_context already registered for DAG: example_python_operator
[2023-05-29T22:42:58.867+0000] {logging_mixin.py:149} INFO - [2023-05-29T22:42:58.867+0000] {taskmixin.py:211} WARNING - Dependency <Task(_PythonDecoratedOperator): print_the_context>, log_sql_query already registered for DAG: example_python_operator
[2023-05-29T22:42:58.867+0000] {logging_mixin.py:149} INFO - [2023-05-29T22:42:58.867+0000] {taskmixin.py:211} WARNING - Dependency <Task(_PythonDecoratedOperator): log_sql_query>, print_the_context already registered for DAG: example_python_operator
[2023-05-29T22:42:58.868+0000] {logging_mixin.py:149} INFO - [2023-05-29T22:42:58.868+0000] {taskmixin.py:211} WARNING - Dependency <Task(_PythonDecoratedOperator): print_the_context>, log_sql_query already registered for DAG: example_python_operator
[2023-05-29T22:42:58.869+0000] {logging_mixin.py:149} INFO - [2023-05-29T22:42:58.868+0000] {taskmixin.py:211} WARNING - Dependency <Task(_PythonDecoratedOperator): log_sql_query>, print_the_context already registered for DAG: example_python_operator
[2023-05-29T22:42:58.871+0000] {processor.py:836} INFO - DAG(s) dict_keys(['example_python_operator']) retrieved from /home/airflow/.local/lib/python3.7/site-packages/airflow/example_dags/example_python_operator.py
[2023-05-29T22:42:58.948+0000] {logging_mixin.py:149} INFO - [2023-05-29T22:42:58.948+0000] {dag.py:2726} INFO - Sync 1 DAGs
[2023-05-29T22:42:58.974+0000] {logging_mixin.py:149} INFO - [2023-05-29T22:42:58.973+0000] {dag.py:3490} INFO - Setting next_dagrun for example_python_operator to None, run_after=None
[2023-05-29T22:42:59.001+0000] {processor.py:179} INFO - Processing /home/airflow/.local/lib/python3.7/site-packages/airflow/example_dags/example_python_operator.py took 0.162 seconds
[2023-05-29T22:43:29.480+0000] {processor.py:157} INFO - Started process (PID=168) to work on /home/airflow/.local/lib/python3.7/site-packages/airflow/example_dags/example_python_operator.py
[2023-05-29T22:43:29.481+0000] {processor.py:826} INFO - Processing file /home/airflow/.local/lib/python3.7/site-packages/airflow/example_dags/example_python_operator.py for tasks to queue
[2023-05-29T22:43:29.482+0000] {logging_mixin.py:149} INFO - [2023-05-29T22:43:29.482+0000] {dagbag.py:541} INFO - Filling up the DagBag from /home/airflow/.local/lib/python3.7/site-packages/airflow/example_dags/example_python_operator.py
[2023-05-29T22:43:29.488+0000] {logging_mixin.py:149} INFO - [2023-05-29T22:43:29.488+0000] {taskmixin.py:211} WARNING - Dependency <Task(_PythonDecoratedOperator): print_the_context>, log_sql_query already registered for DAG: example_python_operator
[2023-05-29T22:43:29.489+0000] {logging_mixin.py:149} INFO - [2023-05-29T22:43:29.489+0000] {taskmixin.py:211} WARNING - Dependency <Task(_PythonDecoratedOperator): log_sql_query>, print_the_context already registered for DAG: example_python_operator
[2023-05-29T22:43:29.489+0000] {logging_mixin.py:149} INFO - [2023-05-29T22:43:29.489+0000] {taskmixin.py:211} WARNING - Dependency <Task(_PythonDecoratedOperator): print_the_context>, log_sql_query already registered for DAG: example_python_operator
[2023-05-29T22:43:29.490+0000] {logging_mixin.py:149} INFO - [2023-05-29T22:43:29.490+0000] {taskmixin.py:211} WARNING - Dependency <Task(_PythonDecoratedOperator): log_sql_query>, print_the_context already registered for DAG: example_python_operator
[2023-05-29T22:43:29.491+0000] {logging_mixin.py:149} INFO - [2023-05-29T22:43:29.491+0000] {taskmixin.py:211} WARNING - Dependency <Task(_PythonDecoratedOperator): print_the_context>, log_sql_query already registered for DAG: example_python_operator
[2023-05-29T22:43:29.491+0000] {logging_mixin.py:149} INFO - [2023-05-29T22:43:29.491+0000] {taskmixin.py:211} WARNING - Dependency <Task(_PythonDecoratedOperator): log_sql_query>, print_the_context already registered for DAG: example_python_operator
[2023-05-29T22:43:29.492+0000] {logging_mixin.py:149} INFO - [2023-05-29T22:43:29.492+0000] {taskmixin.py:211} WARNING - Dependency <Task(_PythonDecoratedOperator): print_the_context>, log_sql_query already registered for DAG: example_python_operator
[2023-05-29T22:43:29.493+0000] {logging_mixin.py:149} INFO - [2023-05-29T22:43:29.493+0000] {taskmixin.py:211} WARNING - Dependency <Task(_PythonDecoratedOperator): log_sql_query>, print_the_context already registered for DAG: example_python_operator
[2023-05-29T22:43:29.495+0000] {processor.py:836} INFO - DAG(s) dict_keys(['example_python_operator']) retrieved from /home/airflow/.local/lib/python3.7/site-packages/airflow/example_dags/example_python_operator.py
[2023-05-29T22:43:29.523+0000] {logging_mixin.py:149} INFO - [2023-05-29T22:43:29.522+0000] {dag.py:2726} INFO - Sync 1 DAGs
[2023-05-29T22:43:29.540+0000] {logging_mixin.py:149} INFO - [2023-05-29T22:43:29.540+0000] {dag.py:3490} INFO - Setting next_dagrun for example_python_operator to None, run_after=None
[2023-05-29T22:43:29.553+0000] {processor.py:179} INFO - Processing /home/airflow/.local/lib/python3.7/site-packages/airflow/example_dags/example_python_operator.py took 0.076 seconds
[2023-05-29T22:44:00.007+0000] {processor.py:157} INFO - Started process (PID=224) to work on /home/airflow/.local/lib/python3.7/site-packages/airflow/example_dags/example_python_operator.py
[2023-05-29T22:44:00.008+0000] {processor.py:826} INFO - Processing file /home/airflow/.local/lib/python3.7/site-packages/airflow/example_dags/example_python_operator.py for tasks to queue
[2023-05-29T22:44:00.009+0000] {logging_mixin.py:149} INFO - [2023-05-29T22:44:00.009+0000] {dagbag.py:541} INFO - Filling up the DagBag from /home/airflow/.local/lib/python3.7/site-packages/airflow/example_dags/example_python_operator.py
[2023-05-29T22:44:00.016+0000] {logging_mixin.py:149} INFO - [2023-05-29T22:44:00.016+0000] {taskmixin.py:211} WARNING - Dependency <Task(_PythonDecoratedOperator): print_the_context>, log_sql_query already registered for DAG: example_python_operator
[2023-05-29T22:44:00.017+0000] {logging_mixin.py:149} INFO - [2023-05-29T22:44:00.017+0000] {taskmixin.py:211} WARNING - Dependency <Task(_PythonDecoratedOperator): log_sql_query>, print_the_context already registered for DAG: example_python_operator
[2023-05-29T22:44:00.018+0000] {logging_mixin.py:149} INFO - [2023-05-29T22:44:00.017+0000] {taskmixin.py:211} WARNING - Dependency <Task(_PythonDecoratedOperator): print_the_context>, log_sql_query already registered for DAG: example_python_operator
[2023-05-29T22:44:00.018+0000] {logging_mixin.py:149} INFO - [2023-05-29T22:44:00.018+0000] {taskmixin.py:211} WARNING - Dependency <Task(_PythonDecoratedOperator): log_sql_query>, print_the_context already registered for DAG: example_python_operator
[2023-05-29T22:44:00.018+0000] {logging_mixin.py:149} INFO - [2023-05-29T22:44:00.018+0000] {taskmixin.py:211} WARNING - Dependency <Task(_PythonDecoratedOperator): print_the_context>, log_sql_query already registered for DAG: example_python_operator
[2023-05-29T22:44:00.019+0000] {logging_mixin.py:149} INFO - [2023-05-29T22:44:00.019+0000] {taskmixin.py:211} WARNING - Dependency <Task(_PythonDecoratedOperator): log_sql_query>, print_the_context already registered for DAG: example_python_operator
[2023-05-29T22:44:00.019+0000] {logging_mixin.py:149} INFO - [2023-05-29T22:44:00.019+0000] {taskmixin.py:211} WARNING - Dependency <Task(_PythonDecoratedOperator): print_the_context>, log_sql_query already registered for DAG: example_python_operator
[2023-05-29T22:44:00.020+0000] {logging_mixin.py:149} INFO - [2023-05-29T22:44:00.020+0000] {taskmixin.py:211} WARNING - Dependency <Task(_PythonDecoratedOperator): log_sql_query>, print_the_context already registered for DAG: example_python_operator
[2023-05-29T22:44:00.022+0000] {processor.py:836} INFO - DAG(s) dict_keys(['example_python_operator']) retrieved from /home/airflow/.local/lib/python3.7/site-packages/airflow/example_dags/example_python_operator.py
[2023-05-29T22:44:00.042+0000] {logging_mixin.py:149} INFO - [2023-05-29T22:44:00.041+0000] {dag.py:2726} INFO - Sync 1 DAGs
[2023-05-29T22:44:00.056+0000] {logging_mixin.py:149} INFO - [2023-05-29T22:44:00.056+0000] {dag.py:3490} INFO - Setting next_dagrun for example_python_operator to None, run_after=None
[2023-05-29T22:44:00.067+0000] {processor.py:179} INFO - Processing /home/airflow/.local/lib/python3.7/site-packages/airflow/example_dags/example_python_operator.py took 0.063 seconds
[2023-05-29T22:44:30.422+0000] {processor.py:157} INFO - Started process (PID=288) to work on /home/airflow/.local/lib/python3.7/site-packages/airflow/example_dags/example_python_operator.py
[2023-05-29T22:44:30.423+0000] {processor.py:826} INFO - Processing file /home/airflow/.local/lib/python3.7/site-packages/airflow/example_dags/example_python_operator.py for tasks to queue
[2023-05-29T22:44:30.424+0000] {logging_mixin.py:149} INFO - [2023-05-29T22:44:30.424+0000] {dagbag.py:541} INFO - Filling up the DagBag from /home/airflow/.local/lib/python3.7/site-packages/airflow/example_dags/example_python_operator.py
[2023-05-29T22:44:30.430+0000] {logging_mixin.py:149} INFO - [2023-05-29T22:44:30.429+0000] {taskmixin.py:211} WARNING - Dependency <Task(_PythonDecoratedOperator): print_the_context>, log_sql_query already registered for DAG: example_python_operator
[2023-05-29T22:44:30.430+0000] {logging_mixin.py:149} INFO - [2023-05-29T22:44:30.430+0000] {taskmixin.py:211} WARNING - Dependency <Task(_PythonDecoratedOperator): log_sql_query>, print_the_context already registered for DAG: example_python_operator
[2023-05-29T22:44:30.431+0000] {logging_mixin.py:149} INFO - [2023-05-29T22:44:30.431+0000] {taskmixin.py:211} WARNING - Dependency <Task(_PythonDecoratedOperator): print_the_context>, log_sql_query already registered for DAG: example_python_operator
[2023-05-29T22:44:30.431+0000] {logging_mixin.py:149} INFO - [2023-05-29T22:44:30.431+0000] {taskmixin.py:211} WARNING - Dependency <Task(_PythonDecoratedOperator): log_sql_query>, print_the_context already registered for DAG: example_python_operator
[2023-05-29T22:44:30.432+0000] {logging_mixin.py:149} INFO - [2023-05-29T22:44:30.432+0000] {taskmixin.py:211} WARNING - Dependency <Task(_PythonDecoratedOperator): print_the_context>, log_sql_query already registered for DAG: example_python_operator
[2023-05-29T22:44:30.432+0000] {logging_mixin.py:149} INFO - [2023-05-29T22:44:30.432+0000] {taskmixin.py:211} WARNING - Dependency <Task(_PythonDecoratedOperator): log_sql_query>, print_the_context already registered for DAG: example_python_operator
[2023-05-29T22:44:30.433+0000] {logging_mixin.py:149} INFO - [2023-05-29T22:44:30.433+0000] {taskmixin.py:211} WARNING - Dependency <Task(_PythonDecoratedOperator): print_the_context>, log_sql_query already registered for DAG: example_python_operator
[2023-05-29T22:44:30.434+0000] {logging_mixin.py:149} INFO - [2023-05-29T22:44:30.433+0000] {taskmixin.py:211} WARNING - Dependency <Task(_PythonDecoratedOperator): log_sql_query>, print_the_context already registered for DAG: example_python_operator
[2023-05-29T22:44:30.435+0000] {processor.py:836} INFO - DAG(s) dict_keys(['example_python_operator']) retrieved from /home/airflow/.local/lib/python3.7/site-packages/airflow/example_dags/example_python_operator.py
[2023-05-29T22:44:30.455+0000] {logging_mixin.py:149} INFO - [2023-05-29T22:44:30.455+0000] {dag.py:2726} INFO - Sync 1 DAGs
[2023-05-29T22:44:30.471+0000] {logging_mixin.py:149} INFO - [2023-05-29T22:44:30.471+0000] {dag.py:3490} INFO - Setting next_dagrun for example_python_operator to None, run_after=None
[2023-05-29T22:44:30.485+0000] {processor.py:179} INFO - Processing /home/airflow/.local/lib/python3.7/site-packages/airflow/example_dags/example_python_operator.py took 0.067 seconds
[2023-05-29T22:45:01.054+0000] {processor.py:157} INFO - Started process (PID=344) to work on /home/airflow/.local/lib/python3.7/site-packages/airflow/example_dags/example_python_operator.py
[2023-05-29T22:45:01.055+0000] {processor.py:826} INFO - Processing file /home/airflow/.local/lib/python3.7/site-packages/airflow/example_dags/example_python_operator.py for tasks to queue
[2023-05-29T22:45:01.056+0000] {logging_mixin.py:149} INFO - [2023-05-29T22:45:01.056+0000] {dagbag.py:541} INFO - Filling up the DagBag from /home/airflow/.local/lib/python3.7/site-packages/airflow/example_dags/example_python_operator.py
[2023-05-29T22:45:01.062+0000] {logging_mixin.py:149} INFO - [2023-05-29T22:45:01.062+0000] {taskmixin.py:211} WARNING - Dependency <Task(_PythonDecoratedOperator): print_the_context>, log_sql_query already registered for DAG: example_python_operator
[2023-05-29T22:45:01.062+0000] {logging_mixin.py:149} INFO - [2023-05-29T22:45:01.062+0000] {taskmixin.py:211} WARNING - Dependency <Task(_PythonDecoratedOperator): log_sql_query>, print_the_context already registered for DAG: example_python_operator
[2023-05-29T22:45:01.063+0000] {logging_mixin.py:149} INFO - [2023-05-29T22:45:01.063+0000] {taskmixin.py:211} WARNING - Dependency <Task(_PythonDecoratedOperator): print_the_context>, log_sql_query already registered for DAG: example_python_operator
[2023-05-29T22:45:01.064+0000] {logging_mixin.py:149} INFO - [2023-05-29T22:45:01.064+0000] {taskmixin.py:211} WARNING - Dependency <Task(_PythonDecoratedOperator): log_sql_query>, print_the_context already registered for DAG: example_python_operator
[2023-05-29T22:45:01.065+0000] {logging_mixin.py:149} INFO - [2023-05-29T22:45:01.064+0000] {taskmixin.py:211} WARNING - Dependency <Task(_PythonDecoratedOperator): print_the_context>, log_sql_query already registered for DAG: example_python_operator
[2023-05-29T22:45:01.065+0000] {logging_mixin.py:149} INFO - [2023-05-29T22:45:01.065+0000] {taskmixin.py:211} WARNING - Dependency <Task(_PythonDecoratedOperator): log_sql_query>, print_the_context already registered for DAG: example_python_operator
[2023-05-29T22:45:01.065+0000] {logging_mixin.py:149} INFO - [2023-05-29T22:45:01.065+0000] {taskmixin.py:211} WARNING - Dependency <Task(_PythonDecoratedOperator): print_the_context>, log_sql_query already registered for DAG: example_python_operator
[2023-05-29T22:45:01.066+0000] {logging_mixin.py:149} INFO - [2023-05-29T22:45:01.066+0000] {taskmixin.py:211} WARNING - Dependency <Task(_PythonDecoratedOperator): log_sql_query>, print_the_context already registered for DAG: example_python_operator
[2023-05-29T22:45:01.068+0000] {processor.py:836} INFO - DAG(s) dict_keys(['example_python_operator']) retrieved from /home/airflow/.local/lib/python3.7/site-packages/airflow/example_dags/example_python_operator.py
[2023-05-29T22:45:01.087+0000] {logging_mixin.py:149} INFO - [2023-05-29T22:45:01.087+0000] {dag.py:2726} INFO - Sync 1 DAGs
[2023-05-29T22:45:01.103+0000] {logging_mixin.py:149} INFO - [2023-05-29T22:45:01.103+0000] {dag.py:3490} INFO - Setting next_dagrun for example_python_operator to None, run_after=None
[2023-05-29T22:45:01.118+0000] {processor.py:179} INFO - Processing /home/airflow/.local/lib/python3.7/site-packages/airflow/example_dags/example_python_operator.py took 0.067 seconds
[2023-05-29T22:45:31.593+0000] {processor.py:157} INFO - Started process (PID=400) to work on /home/airflow/.local/lib/python3.7/site-packages/airflow/example_dags/example_python_operator.py
[2023-05-29T22:45:31.594+0000] {processor.py:826} INFO - Processing file /home/airflow/.local/lib/python3.7/site-packages/airflow/example_dags/example_python_operator.py for tasks to queue
[2023-05-29T22:45:31.595+0000] {logging_mixin.py:149} INFO - [2023-05-29T22:45:31.595+0000] {dagbag.py:541} INFO - Filling up the DagBag from /home/airflow/.local/lib/python3.7/site-packages/airflow/example_dags/example_python_operator.py
[2023-05-29T22:45:31.601+0000] {logging_mixin.py:149} INFO - [2023-05-29T22:45:31.601+0000] {taskmixin.py:211} WARNING - Dependency <Task(_PythonDecoratedOperator): print_the_context>, log_sql_query already registered for DAG: example_python_operator
[2023-05-29T22:45:31.602+0000] {logging_mixin.py:149} INFO - [2023-05-29T22:45:31.602+0000] {taskmixin.py:211} WARNING - Dependency <Task(_PythonDecoratedOperator): log_sql_query>, print_the_context already registered for DAG: example_python_operator
[2023-05-29T22:45:31.602+0000] {logging_mixin.py:149} INFO - [2023-05-29T22:45:31.602+0000] {taskmixin.py:211} WARNING - Dependency <Task(_PythonDecoratedOperator): print_the_context>, log_sql_query already registered for DAG: example_python_operator
[2023-05-29T22:45:31.603+0000] {logging_mixin.py:149} INFO - [2023-05-29T22:45:31.603+0000] {taskmixin.py:211} WARNING - Dependency <Task(_PythonDecoratedOperator): log_sql_query>, print_the_context already registered for DAG: example_python_operator
[2023-05-29T22:45:31.603+0000] {logging_mixin.py:149} INFO - [2023-05-29T22:45:31.603+0000] {taskmixin.py:211} WARNING - Dependency <Task(_PythonDecoratedOperator): print_the_context>, log_sql_query already registered for DAG: example_python_operator
[2023-05-29T22:45:31.604+0000] {logging_mixin.py:149} INFO - [2023-05-29T22:45:31.604+0000] {taskmixin.py:211} WARNING - Dependency <Task(_PythonDecoratedOperator): log_sql_query>, print_the_context already registered for DAG: example_python_operator
[2023-05-29T22:45:31.604+0000] {logging_mixin.py:149} INFO - [2023-05-29T22:45:31.604+0000] {taskmixin.py:211} WARNING - Dependency <Task(_PythonDecoratedOperator): print_the_context>, log_sql_query already registered for DAG: example_python_operator
[2023-05-29T22:45:31.605+0000] {logging_mixin.py:149} INFO - [2023-05-29T22:45:31.604+0000] {taskmixin.py:211} WARNING - Dependency <Task(_PythonDecoratedOperator): log_sql_query>, print_the_context already registered for DAG: example_python_operator
[2023-05-29T22:45:31.606+0000] {processor.py:836} INFO - DAG(s) dict_keys(['example_python_operator']) retrieved from /home/airflow/.local/lib/python3.7/site-packages/airflow/example_dags/example_python_operator.py
[2023-05-29T22:45:31.626+0000] {logging_mixin.py:149} INFO - [2023-05-29T22:45:31.626+0000] {dag.py:2726} INFO - Sync 1 DAGs
[2023-05-29T22:45:31.642+0000] {logging_mixin.py:149} INFO - [2023-05-29T22:45:31.642+0000] {dag.py:3490} INFO - Setting next_dagrun for example_python_operator to None, run_after=None
[2023-05-29T22:45:31.652+0000] {processor.py:179} INFO - Processing /home/airflow/.local/lib/python3.7/site-packages/airflow/example_dags/example_python_operator.py took 0.062 seconds
[2023-05-29T22:46:02.744+0000] {processor.py:157} INFO - Started process (PID=456) to work on /home/airflow/.local/lib/python3.7/site-packages/airflow/example_dags/example_python_operator.py
[2023-05-29T22:46:02.751+0000] {processor.py:826} INFO - Processing file /home/airflow/.local/lib/python3.7/site-packages/airflow/example_dags/example_python_operator.py for tasks to queue
[2023-05-29T22:46:02.753+0000] {logging_mixin.py:149} INFO - [2023-05-29T22:46:02.752+0000] {dagbag.py:541} INFO - Filling up the DagBag from /home/airflow/.local/lib/python3.7/site-packages/airflow/example_dags/example_python_operator.py
[2023-05-29T22:46:02.778+0000] {logging_mixin.py:149} INFO - [2023-05-29T22:46:02.778+0000] {taskmixin.py:211} WARNING - Dependency <Task(_PythonDecoratedOperator): print_the_context>, log_sql_query already registered for DAG: example_python_operator
[2023-05-29T22:46:02.781+0000] {logging_mixin.py:149} INFO - [2023-05-29T22:46:02.781+0000] {taskmixin.py:211} WARNING - Dependency <Task(_PythonDecoratedOperator): log_sql_query>, print_the_context already registered for DAG: example_python_operator
[2023-05-29T22:46:02.790+0000] {logging_mixin.py:149} INFO - [2023-05-29T22:46:02.789+0000] {taskmixin.py:211} WARNING - Dependency <Task(_PythonDecoratedOperator): print_the_context>, log_sql_query already registered for DAG: example_python_operator
[2023-05-29T22:46:02.793+0000] {logging_mixin.py:149} INFO - [2023-05-29T22:46:02.792+0000] {taskmixin.py:211} WARNING - Dependency <Task(_PythonDecoratedOperator): log_sql_query>, print_the_context already registered for DAG: example_python_operator
[2023-05-29T22:46:02.795+0000] {logging_mixin.py:149} INFO - [2023-05-29T22:46:02.795+0000] {taskmixin.py:211} WARNING - Dependency <Task(_PythonDecoratedOperator): print_the_context>, log_sql_query already registered for DAG: example_python_operator
[2023-05-29T22:46:02.797+0000] {logging_mixin.py:149} INFO - [2023-05-29T22:46:02.796+0000] {taskmixin.py:211} WARNING - Dependency <Task(_PythonDecoratedOperator): log_sql_query>, print_the_context already registered for DAG: example_python_operator
[2023-05-29T22:46:02.805+0000] {logging_mixin.py:149} INFO - [2023-05-29T22:46:02.805+0000] {taskmixin.py:211} WARNING - Dependency <Task(_PythonDecoratedOperator): print_the_context>, log_sql_query already registered for DAG: example_python_operator
[2023-05-29T22:46:02.809+0000] {logging_mixin.py:149} INFO - [2023-05-29T22:46:02.808+0000] {taskmixin.py:211} WARNING - Dependency <Task(_PythonDecoratedOperator): log_sql_query>, print_the_context already registered for DAG: example_python_operator
[2023-05-29T22:46:02.815+0000] {processor.py:836} INFO - DAG(s) dict_keys(['example_python_operator']) retrieved from /home/airflow/.local/lib/python3.7/site-packages/airflow/example_dags/example_python_operator.py
[2023-05-29T22:46:02.858+0000] {logging_mixin.py:149} INFO - [2023-05-29T22:46:02.858+0000] {dag.py:2726} INFO - Sync 1 DAGs
[2023-05-29T22:46:02.877+0000] {logging_mixin.py:149} INFO - [2023-05-29T22:46:02.877+0000] {dag.py:3490} INFO - Setting next_dagrun for example_python_operator to None, run_after=None
[2023-05-29T22:46:02.891+0000] {processor.py:179} INFO - Processing /home/airflow/.local/lib/python3.7/site-packages/airflow/example_dags/example_python_operator.py took 0.156 seconds
[2023-05-29T22:46:33.509+0000] {processor.py:157} INFO - Started process (PID=512) to work on /home/airflow/.local/lib/python3.7/site-packages/airflow/example_dags/example_python_operator.py
[2023-05-29T22:46:33.512+0000] {processor.py:826} INFO - Processing file /home/airflow/.local/lib/python3.7/site-packages/airflow/example_dags/example_python_operator.py for tasks to queue
[2023-05-29T22:46:33.514+0000] {logging_mixin.py:149} INFO - [2023-05-29T22:46:33.514+0000] {dagbag.py:541} INFO - Filling up the DagBag from /home/airflow/.local/lib/python3.7/site-packages/airflow/example_dags/example_python_operator.py
[2023-05-29T22:46:33.530+0000] {logging_mixin.py:149} INFO - [2023-05-29T22:46:33.530+0000] {taskmixin.py:211} WARNING - Dependency <Task(_PythonDecoratedOperator): print_the_context>, log_sql_query already registered for DAG: example_python_operator
[2023-05-29T22:46:33.532+0000] {logging_mixin.py:149} INFO - [2023-05-29T22:46:33.532+0000] {taskmixin.py:211} WARNING - Dependency <Task(_PythonDecoratedOperator): log_sql_query>, print_the_context already registered for DAG: example_python_operator
[2023-05-29T22:46:33.535+0000] {logging_mixin.py:149} INFO - [2023-05-29T22:46:33.535+0000] {taskmixin.py:211} WARNING - Dependency <Task(_PythonDecoratedOperator): print_the_context>, log_sql_query already registered for DAG: example_python_operator
[2023-05-29T22:46:33.539+0000] {logging_mixin.py:149} INFO - [2023-05-29T22:46:33.539+0000] {taskmixin.py:211} WARNING - Dependency <Task(_PythonDecoratedOperator): log_sql_query>, print_the_context already registered for DAG: example_python_operator
[2023-05-29T22:46:33.547+0000] {logging_mixin.py:149} INFO - [2023-05-29T22:46:33.546+0000] {taskmixin.py:211} WARNING - Dependency <Task(_PythonDecoratedOperator): print_the_context>, log_sql_query already registered for DAG: example_python_operator
[2023-05-29T22:46:33.549+0000] {logging_mixin.py:149} INFO - [2023-05-29T22:46:33.548+0000] {taskmixin.py:211} WARNING - Dependency <Task(_PythonDecoratedOperator): log_sql_query>, print_the_context already registered for DAG: example_python_operator
[2023-05-29T22:46:33.554+0000] {logging_mixin.py:149} INFO - [2023-05-29T22:46:33.554+0000] {taskmixin.py:211} WARNING - Dependency <Task(_PythonDecoratedOperator): print_the_context>, log_sql_query already registered for DAG: example_python_operator
[2023-05-29T22:46:33.555+0000] {logging_mixin.py:149} INFO - [2023-05-29T22:46:33.555+0000] {taskmixin.py:211} WARNING - Dependency <Task(_PythonDecoratedOperator): log_sql_query>, print_the_context already registered for DAG: example_python_operator
[2023-05-29T22:46:33.560+0000] {processor.py:836} INFO - DAG(s) dict_keys(['example_python_operator']) retrieved from /home/airflow/.local/lib/python3.7/site-packages/airflow/example_dags/example_python_operator.py
[2023-05-29T22:46:33.587+0000] {logging_mixin.py:149} INFO - [2023-05-29T22:46:33.587+0000] {dag.py:2726} INFO - Sync 1 DAGs
[2023-05-29T22:46:33.615+0000] {logging_mixin.py:149} INFO - [2023-05-29T22:46:33.615+0000] {dag.py:3490} INFO - Setting next_dagrun for example_python_operator to None, run_after=None
[2023-05-29T22:46:33.631+0000] {processor.py:179} INFO - Processing /home/airflow/.local/lib/python3.7/site-packages/airflow/example_dags/example_python_operator.py took 0.126 seconds
[2023-05-29T22:47:03.791+0000] {processor.py:157} INFO - Started process (PID=568) to work on /home/airflow/.local/lib/python3.7/site-packages/airflow/example_dags/example_python_operator.py
[2023-05-29T22:47:03.792+0000] {processor.py:826} INFO - Processing file /home/airflow/.local/lib/python3.7/site-packages/airflow/example_dags/example_python_operator.py for tasks to queue
[2023-05-29T22:47:03.793+0000] {logging_mixin.py:149} INFO - [2023-05-29T22:47:03.793+0000] {dagbag.py:541} INFO - Filling up the DagBag from /home/airflow/.local/lib/python3.7/site-packages/airflow/example_dags/example_python_operator.py
[2023-05-29T22:47:03.799+0000] {logging_mixin.py:149} INFO - [2023-05-29T22:47:03.799+0000] {taskmixin.py:211} WARNING - Dependency <Task(_PythonDecoratedOperator): print_the_context>, log_sql_query already registered for DAG: example_python_operator
[2023-05-29T22:47:03.800+0000] {logging_mixin.py:149} INFO - [2023-05-29T22:47:03.800+0000] {taskmixin.py:211} WARNING - Dependency <Task(_PythonDecoratedOperator): log_sql_query>, print_the_context already registered for DAG: example_python_operator
[2023-05-29T22:47:03.801+0000] {logging_mixin.py:149} INFO - [2023-05-29T22:47:03.800+0000] {taskmixin.py:211} WARNING - Dependency <Task(_PythonDecoratedOperator): print_the_context>, log_sql_query already registered for DAG: example_python_operator
[2023-05-29T22:47:03.801+0000] {logging_mixin.py:149} INFO - [2023-05-29T22:47:03.801+0000] {taskmixin.py:211} WARNING - Dependency <Task(_PythonDecoratedOperator): log_sql_query>, print_the_context already registered for DAG: example_python_operator
[2023-05-29T22:47:03.802+0000] {logging_mixin.py:149} INFO - [2023-05-29T22:47:03.802+0000] {taskmixin.py:211} WARNING - Dependency <Task(_PythonDecoratedOperator): print_the_context>, log_sql_query already registered for DAG: example_python_operator
[2023-05-29T22:47:03.802+0000] {logging_mixin.py:149} INFO - [2023-05-29T22:47:03.802+0000] {taskmixin.py:211} WARNING - Dependency <Task(_PythonDecoratedOperator): log_sql_query>, print_the_context already registered for DAG: example_python_operator
[2023-05-29T22:47:03.803+0000] {logging_mixin.py:149} INFO - [2023-05-29T22:47:03.803+0000] {taskmixin.py:211} WARNING - Dependency <Task(_PythonDecoratedOperator): print_the_context>, log_sql_query already registered for DAG: example_python_operator
[2023-05-29T22:47:03.804+0000] {logging_mixin.py:149} INFO - [2023-05-29T22:47:03.804+0000] {taskmixin.py:211} WARNING - Dependency <Task(_PythonDecoratedOperator): log_sql_query>, print_the_context already registered for DAG: example_python_operator
[2023-05-29T22:47:03.806+0000] {processor.py:836} INFO - DAG(s) dict_keys(['example_python_operator']) retrieved from /home/airflow/.local/lib/python3.7/site-packages/airflow/example_dags/example_python_operator.py
[2023-05-29T22:47:03.829+0000] {logging_mixin.py:149} INFO - [2023-05-29T22:47:03.828+0000] {dag.py:2726} INFO - Sync 1 DAGs
[2023-05-29T22:47:03.846+0000] {logging_mixin.py:149} INFO - [2023-05-29T22:47:03.846+0000] {dag.py:3490} INFO - Setting next_dagrun for example_python_operator to None, run_after=None
[2023-05-29T22:47:03.858+0000] {processor.py:179} INFO - Processing /home/airflow/.local/lib/python3.7/site-packages/airflow/example_dags/example_python_operator.py took 0.070 seconds
[2023-05-29T22:47:34.933+0000] {processor.py:157} INFO - Started process (PID=623) to work on /home/airflow/.local/lib/python3.7/site-packages/airflow/example_dags/example_python_operator.py
[2023-05-29T22:47:34.937+0000] {processor.py:826} INFO - Processing file /home/airflow/.local/lib/python3.7/site-packages/airflow/example_dags/example_python_operator.py for tasks to queue
[2023-05-29T22:47:34.939+0000] {logging_mixin.py:149} INFO - [2023-05-29T22:47:34.939+0000] {dagbag.py:541} INFO - Filling up the DagBag from /home/airflow/.local/lib/python3.7/site-packages/airflow/example_dags/example_python_operator.py
[2023-05-29T22:47:34.960+0000] {logging_mixin.py:149} INFO - [2023-05-29T22:47:34.960+0000] {taskmixin.py:211} WARNING - Dependency <Task(_PythonDecoratedOperator): print_the_context>, log_sql_query already registered for DAG: example_python_operator
[2023-05-29T22:47:34.961+0000] {logging_mixin.py:149} INFO - [2023-05-29T22:47:34.961+0000] {taskmixin.py:211} WARNING - Dependency <Task(_PythonDecoratedOperator): log_sql_query>, print_the_context already registered for DAG: example_python_operator
[2023-05-29T22:47:34.962+0000] {logging_mixin.py:149} INFO - [2023-05-29T22:47:34.962+0000] {taskmixin.py:211} WARNING - Dependency <Task(_PythonDecoratedOperator): print_the_context>, log_sql_query already registered for DAG: example_python_operator
[2023-05-29T22:47:34.963+0000] {logging_mixin.py:149} INFO - [2023-05-29T22:47:34.963+0000] {taskmixin.py:211} WARNING - Dependency <Task(_PythonDecoratedOperator): log_sql_query>, print_the_context already registered for DAG: example_python_operator
[2023-05-29T22:47:34.964+0000] {logging_mixin.py:149} INFO - [2023-05-29T22:47:34.964+0000] {taskmixin.py:211} WARNING - Dependency <Task(_PythonDecoratedOperator): print_the_context>, log_sql_query already registered for DAG: example_python_operator
[2023-05-29T22:47:34.966+0000] {logging_mixin.py:149} INFO - [2023-05-29T22:47:34.966+0000] {taskmixin.py:211} WARNING - Dependency <Task(_PythonDecoratedOperator): log_sql_query>, print_the_context already registered for DAG: example_python_operator
[2023-05-29T22:47:34.968+0000] {logging_mixin.py:149} INFO - [2023-05-29T22:47:34.968+0000] {taskmixin.py:211} WARNING - Dependency <Task(_PythonDecoratedOperator): print_the_context>, log_sql_query already registered for DAG: example_python_operator
[2023-05-29T22:47:34.969+0000] {logging_mixin.py:149} INFO - [2023-05-29T22:47:34.969+0000] {taskmixin.py:211} WARNING - Dependency <Task(_PythonDecoratedOperator): log_sql_query>, print_the_context already registered for DAG: example_python_operator
[2023-05-29T22:47:34.973+0000] {processor.py:836} INFO - DAG(s) dict_keys(['example_python_operator']) retrieved from /home/airflow/.local/lib/python3.7/site-packages/airflow/example_dags/example_python_operator.py
[2023-05-29T22:47:35.048+0000] {logging_mixin.py:149} INFO - [2023-05-29T22:47:35.047+0000] {dag.py:2726} INFO - Sync 1 DAGs
[2023-05-29T22:47:35.076+0000] {logging_mixin.py:149} INFO - [2023-05-29T22:47:35.076+0000] {dag.py:3490} INFO - Setting next_dagrun for example_python_operator to None, run_after=None
[2023-05-29T22:47:35.097+0000] {processor.py:179} INFO - Processing /home/airflow/.local/lib/python3.7/site-packages/airflow/example_dags/example_python_operator.py took 0.197 seconds
[2023-05-29T22:48:06.088+0000] {processor.py:157} INFO - Started process (PID=679) to work on /home/airflow/.local/lib/python3.7/site-packages/airflow/example_dags/example_python_operator.py
[2023-05-29T22:48:06.090+0000] {processor.py:826} INFO - Processing file /home/airflow/.local/lib/python3.7/site-packages/airflow/example_dags/example_python_operator.py for tasks to queue
[2023-05-29T22:48:06.092+0000] {logging_mixin.py:149} INFO - [2023-05-29T22:48:06.092+0000] {dagbag.py:541} INFO - Filling up the DagBag from /home/airflow/.local/lib/python3.7/site-packages/airflow/example_dags/example_python_operator.py
[2023-05-29T22:48:06.108+0000] {logging_mixin.py:149} INFO - [2023-05-29T22:48:06.108+0000] {taskmixin.py:211} WARNING - Dependency <Task(_PythonDecoratedOperator): print_the_context>, log_sql_query already registered for DAG: example_python_operator
[2023-05-29T22:48:06.109+0000] {logging_mixin.py:149} INFO - [2023-05-29T22:48:06.109+0000] {taskmixin.py:211} WARNING - Dependency <Task(_PythonDecoratedOperator): log_sql_query>, print_the_context already registered for DAG: example_python_operator
[2023-05-29T22:48:06.110+0000] {logging_mixin.py:149} INFO - [2023-05-29T22:48:06.110+0000] {taskmixin.py:211} WARNING - Dependency <Task(_PythonDecoratedOperator): print_the_context>, log_sql_query already registered for DAG: example_python_operator
[2023-05-29T22:48:06.111+0000] {logging_mixin.py:149} INFO - [2023-05-29T22:48:06.111+0000] {taskmixin.py:211} WARNING - Dependency <Task(_PythonDecoratedOperator): log_sql_query>, print_the_context already registered for DAG: example_python_operator
[2023-05-29T22:48:06.112+0000] {logging_mixin.py:149} INFO - [2023-05-29T22:48:06.112+0000] {taskmixin.py:211} WARNING - Dependency <Task(_PythonDecoratedOperator): print_the_context>, log_sql_query already registered for DAG: example_python_operator
[2023-05-29T22:48:06.113+0000] {logging_mixin.py:149} INFO - [2023-05-29T22:48:06.113+0000] {taskmixin.py:211} WARNING - Dependency <Task(_PythonDecoratedOperator): log_sql_query>, print_the_context already registered for DAG: example_python_operator
[2023-05-29T22:48:06.114+0000] {logging_mixin.py:149} INFO - [2023-05-29T22:48:06.114+0000] {taskmixin.py:211} WARNING - Dependency <Task(_PythonDecoratedOperator): print_the_context>, log_sql_query already registered for DAG: example_python_operator
[2023-05-29T22:48:06.115+0000] {logging_mixin.py:149} INFO - [2023-05-29T22:48:06.114+0000] {taskmixin.py:211} WARNING - Dependency <Task(_PythonDecoratedOperator): log_sql_query>, print_the_context already registered for DAG: example_python_operator
[2023-05-29T22:48:06.117+0000] {processor.py:836} INFO - DAG(s) dict_keys(['example_python_operator']) retrieved from /home/airflow/.local/lib/python3.7/site-packages/airflow/example_dags/example_python_operator.py
[2023-05-29T22:48:06.144+0000] {logging_mixin.py:149} INFO - [2023-05-29T22:48:06.144+0000] {dag.py:2726} INFO - Sync 1 DAGs
[2023-05-29T22:48:06.171+0000] {logging_mixin.py:149} INFO - [2023-05-29T22:48:06.171+0000] {dag.py:3490} INFO - Setting next_dagrun for example_python_operator to None, run_after=None
[2023-05-29T22:48:06.185+0000] {processor.py:179} INFO - Processing /home/airflow/.local/lib/python3.7/site-packages/airflow/example_dags/example_python_operator.py took 0.106 seconds
[2023-05-29T22:49:25.650+0000] {processor.py:157} INFO - Started process (PID=57) to work on /home/airflow/.local/lib/python3.7/site-packages/airflow/example_dags/example_python_operator.py
[2023-05-29T22:49:25.653+0000] {processor.py:826} INFO - Processing file /home/airflow/.local/lib/python3.7/site-packages/airflow/example_dags/example_python_operator.py for tasks to queue
[2023-05-29T22:49:25.656+0000] {logging_mixin.py:149} INFO - [2023-05-29T22:49:25.655+0000] {dagbag.py:541} INFO - Filling up the DagBag from /home/airflow/.local/lib/python3.7/site-packages/airflow/example_dags/example_python_operator.py
[2023-05-29T22:49:25.668+0000] {logging_mixin.py:149} INFO - [2023-05-29T22:49:25.668+0000] {taskmixin.py:211} WARNING - Dependency <Task(_PythonDecoratedOperator): print_the_context>, log_sql_query already registered for DAG: example_python_operator
[2023-05-29T22:49:25.669+0000] {logging_mixin.py:149} INFO - [2023-05-29T22:49:25.669+0000] {taskmixin.py:211} WARNING - Dependency <Task(_PythonDecoratedOperator): log_sql_query>, print_the_context already registered for DAG: example_python_operator
[2023-05-29T22:49:25.671+0000] {logging_mixin.py:149} INFO - [2023-05-29T22:49:25.671+0000] {taskmixin.py:211} WARNING - Dependency <Task(_PythonDecoratedOperator): print_the_context>, log_sql_query already registered for DAG: example_python_operator
[2023-05-29T22:49:25.672+0000] {logging_mixin.py:149} INFO - [2023-05-29T22:49:25.672+0000] {taskmixin.py:211} WARNING - Dependency <Task(_PythonDecoratedOperator): log_sql_query>, print_the_context already registered for DAG: example_python_operator
[2023-05-29T22:49:25.673+0000] {logging_mixin.py:149} INFO - [2023-05-29T22:49:25.673+0000] {taskmixin.py:211} WARNING - Dependency <Task(_PythonDecoratedOperator): print_the_context>, log_sql_query already registered for DAG: example_python_operator
[2023-05-29T22:49:25.674+0000] {logging_mixin.py:149} INFO - [2023-05-29T22:49:25.674+0000] {taskmixin.py:211} WARNING - Dependency <Task(_PythonDecoratedOperator): log_sql_query>, print_the_context already registered for DAG: example_python_operator
[2023-05-29T22:49:25.675+0000] {logging_mixin.py:149} INFO - [2023-05-29T22:49:25.675+0000] {taskmixin.py:211} WARNING - Dependency <Task(_PythonDecoratedOperator): print_the_context>, log_sql_query already registered for DAG: example_python_operator
[2023-05-29T22:49:25.676+0000] {logging_mixin.py:149} INFO - [2023-05-29T22:49:25.676+0000] {taskmixin.py:211} WARNING - Dependency <Task(_PythonDecoratedOperator): log_sql_query>, print_the_context already registered for DAG: example_python_operator
[2023-05-29T22:49:25.681+0000] {processor.py:836} INFO - DAG(s) dict_keys(['example_python_operator']) retrieved from /home/airflow/.local/lib/python3.7/site-packages/airflow/example_dags/example_python_operator.py
[2023-05-29T22:49:25.699+0000] {logging_mixin.py:149} INFO - [2023-05-29T22:49:25.699+0000] {dag.py:2726} INFO - Sync 1 DAGs
[2023-05-29T22:49:25.758+0000] {logging_mixin.py:149} INFO - [2023-05-29T22:49:25.758+0000] {dag.py:3490} INFO - Setting next_dagrun for example_python_operator to None, run_after=None
[2023-05-29T22:49:25.802+0000] {processor.py:179} INFO - Processing /home/airflow/.local/lib/python3.7/site-packages/airflow/example_dags/example_python_operator.py took 0.157 seconds
[2023-05-29T22:49:55.846+0000] {processor.py:157} INFO - Started process (PID=113) to work on /home/airflow/.local/lib/python3.7/site-packages/airflow/example_dags/example_python_operator.py
[2023-05-29T22:49:55.848+0000] {processor.py:826} INFO - Processing file /home/airflow/.local/lib/python3.7/site-packages/airflow/example_dags/example_python_operator.py for tasks to queue
[2023-05-29T22:49:55.866+0000] {logging_mixin.py:149} INFO - [2023-05-29T22:49:55.866+0000] {dagbag.py:541} INFO - Filling up the DagBag from /home/airflow/.local/lib/python3.7/site-packages/airflow/example_dags/example_python_operator.py
[2023-05-29T22:49:55.873+0000] {logging_mixin.py:149} INFO - [2023-05-29T22:49:55.873+0000] {taskmixin.py:211} WARNING - Dependency <Task(_PythonDecoratedOperator): print_the_context>, log_sql_query already registered for DAG: example_python_operator
[2023-05-29T22:49:55.874+0000] {logging_mixin.py:149} INFO - [2023-05-29T22:49:55.874+0000] {taskmixin.py:211} WARNING - Dependency <Task(_PythonDecoratedOperator): log_sql_query>, print_the_context already registered for DAG: example_python_operator
[2023-05-29T22:49:55.874+0000] {logging_mixin.py:149} INFO - [2023-05-29T22:49:55.874+0000] {taskmixin.py:211} WARNING - Dependency <Task(_PythonDecoratedOperator): print_the_context>, log_sql_query already registered for DAG: example_python_operator
[2023-05-29T22:49:55.875+0000] {logging_mixin.py:149} INFO - [2023-05-29T22:49:55.875+0000] {taskmixin.py:211} WARNING - Dependency <Task(_PythonDecoratedOperator): log_sql_query>, print_the_context already registered for DAG: example_python_operator
[2023-05-29T22:49:55.876+0000] {logging_mixin.py:149} INFO - [2023-05-29T22:49:55.876+0000] {taskmixin.py:211} WARNING - Dependency <Task(_PythonDecoratedOperator): print_the_context>, log_sql_query already registered for DAG: example_python_operator
[2023-05-29T22:49:55.876+0000] {logging_mixin.py:149} INFO - [2023-05-29T22:49:55.876+0000] {taskmixin.py:211} WARNING - Dependency <Task(_PythonDecoratedOperator): log_sql_query>, print_the_context already registered for DAG: example_python_operator
[2023-05-29T22:49:55.877+0000] {logging_mixin.py:149} INFO - [2023-05-29T22:49:55.877+0000] {taskmixin.py:211} WARNING - Dependency <Task(_PythonDecoratedOperator): print_the_context>, log_sql_query already registered for DAG: example_python_operator
[2023-05-29T22:49:55.877+0000] {logging_mixin.py:149} INFO - [2023-05-29T22:49:55.877+0000] {taskmixin.py:211} WARNING - Dependency <Task(_PythonDecoratedOperator): log_sql_query>, print_the_context already registered for DAG: example_python_operator
[2023-05-29T22:49:55.879+0000] {processor.py:836} INFO - DAG(s) dict_keys(['example_python_operator']) retrieved from /home/airflow/.local/lib/python3.7/site-packages/airflow/example_dags/example_python_operator.py
[2023-05-29T22:49:55.927+0000] {logging_mixin.py:149} INFO - [2023-05-29T22:49:55.927+0000] {dag.py:2726} INFO - Sync 1 DAGs
[2023-05-29T22:49:55.942+0000] {logging_mixin.py:149} INFO - [2023-05-29T22:49:55.942+0000] {dag.py:3490} INFO - Setting next_dagrun for example_python_operator to None, run_after=None
[2023-05-29T22:49:55.954+0000] {processor.py:179} INFO - Processing /home/airflow/.local/lib/python3.7/site-packages/airflow/example_dags/example_python_operator.py took 0.111 seconds
[2023-05-29T22:50:34.270+0000] {processor.py:157} INFO - Started process (PID=169) to work on /home/airflow/.local/lib/python3.7/site-packages/airflow/example_dags/example_python_operator.py
[2023-05-29T22:50:34.272+0000] {processor.py:826} INFO - Processing file /home/airflow/.local/lib/python3.7/site-packages/airflow/example_dags/example_python_operator.py for tasks to queue
[2023-05-29T22:50:34.274+0000] {logging_mixin.py:149} INFO - [2023-05-29T22:50:34.273+0000] {dagbag.py:541} INFO - Filling up the DagBag from /home/airflow/.local/lib/python3.7/site-packages/airflow/example_dags/example_python_operator.py
[2023-05-29T22:50:34.289+0000] {logging_mixin.py:149} INFO - [2023-05-29T22:50:34.289+0000] {taskmixin.py:211} WARNING - Dependency <Task(_PythonDecoratedOperator): print_the_context>, log_sql_query already registered for DAG: example_python_operator
[2023-05-29T22:50:34.290+0000] {logging_mixin.py:149} INFO - [2023-05-29T22:50:34.290+0000] {taskmixin.py:211} WARNING - Dependency <Task(_PythonDecoratedOperator): log_sql_query>, print_the_context already registered for DAG: example_python_operator
[2023-05-29T22:50:34.291+0000] {logging_mixin.py:149} INFO - [2023-05-29T22:50:34.291+0000] {taskmixin.py:211} WARNING - Dependency <Task(_PythonDecoratedOperator): print_the_context>, log_sql_query already registered for DAG: example_python_operator
[2023-05-29T22:50:34.292+0000] {logging_mixin.py:149} INFO - [2023-05-29T22:50:34.292+0000] {taskmixin.py:211} WARNING - Dependency <Task(_PythonDecoratedOperator): log_sql_query>, print_the_context already registered for DAG: example_python_operator
[2023-05-29T22:50:34.293+0000] {logging_mixin.py:149} INFO - [2023-05-29T22:50:34.293+0000] {taskmixin.py:211} WARNING - Dependency <Task(_PythonDecoratedOperator): print_the_context>, log_sql_query already registered for DAG: example_python_operator
[2023-05-29T22:50:34.294+0000] {logging_mixin.py:149} INFO - [2023-05-29T22:50:34.294+0000] {taskmixin.py:211} WARNING - Dependency <Task(_PythonDecoratedOperator): log_sql_query>, print_the_context already registered for DAG: example_python_operator
[2023-05-29T22:50:34.294+0000] {logging_mixin.py:149} INFO - [2023-05-29T22:50:34.294+0000] {taskmixin.py:211} WARNING - Dependency <Task(_PythonDecoratedOperator): print_the_context>, log_sql_query already registered for DAG: example_python_operator
[2023-05-29T22:50:34.299+0000] {logging_mixin.py:149} INFO - [2023-05-29T22:50:34.299+0000] {taskmixin.py:211} WARNING - Dependency <Task(_PythonDecoratedOperator): log_sql_query>, print_the_context already registered for DAG: example_python_operator
[2023-05-29T22:50:34.303+0000] {processor.py:836} INFO - DAG(s) dict_keys(['example_python_operator']) retrieved from /home/airflow/.local/lib/python3.7/site-packages/airflow/example_dags/example_python_operator.py
[2023-05-29T22:50:34.318+0000] {logging_mixin.py:149} INFO - [2023-05-29T22:50:34.318+0000] {dag.py:2726} INFO - Sync 1 DAGs
[2023-05-29T22:50:34.342+0000] {logging_mixin.py:149} INFO - [2023-05-29T22:50:34.342+0000] {dag.py:3490} INFO - Setting next_dagrun for example_python_operator to None, run_after=None
[2023-05-29T22:50:34.360+0000] {processor.py:179} INFO - Processing /home/airflow/.local/lib/python3.7/site-packages/airflow/example_dags/example_python_operator.py took 0.095 seconds
[2023-05-29T22:51:41.909+0000] {processor.py:157} INFO - Started process (PID=57) to work on /home/airflow/.local/lib/python3.7/site-packages/airflow/example_dags/example_python_operator.py
[2023-05-29T22:51:41.917+0000] {processor.py:826} INFO - Processing file /home/airflow/.local/lib/python3.7/site-packages/airflow/example_dags/example_python_operator.py for tasks to queue
[2023-05-29T22:51:41.918+0000] {logging_mixin.py:149} INFO - [2023-05-29T22:51:41.918+0000] {dagbag.py:541} INFO - Filling up the DagBag from /home/airflow/.local/lib/python3.7/site-packages/airflow/example_dags/example_python_operator.py
[2023-05-29T22:51:41.932+0000] {logging_mixin.py:149} INFO - [2023-05-29T22:51:41.932+0000] {taskmixin.py:211} WARNING - Dependency <Task(_PythonDecoratedOperator): print_the_context>, log_sql_query already registered for DAG: example_python_operator
[2023-05-29T22:51:41.933+0000] {logging_mixin.py:149} INFO - [2023-05-29T22:51:41.933+0000] {taskmixin.py:211} WARNING - Dependency <Task(_PythonDecoratedOperator): log_sql_query>, print_the_context already registered for DAG: example_python_operator
[2023-05-29T22:51:41.934+0000] {logging_mixin.py:149} INFO - [2023-05-29T22:51:41.934+0000] {taskmixin.py:211} WARNING - Dependency <Task(_PythonDecoratedOperator): print_the_context>, log_sql_query already registered for DAG: example_python_operator
[2023-05-29T22:51:41.935+0000] {logging_mixin.py:149} INFO - [2023-05-29T22:51:41.935+0000] {taskmixin.py:211} WARNING - Dependency <Task(_PythonDecoratedOperator): log_sql_query>, print_the_context already registered for DAG: example_python_operator
[2023-05-29T22:51:41.937+0000] {logging_mixin.py:149} INFO - [2023-05-29T22:51:41.937+0000] {taskmixin.py:211} WARNING - Dependency <Task(_PythonDecoratedOperator): print_the_context>, log_sql_query already registered for DAG: example_python_operator
[2023-05-29T22:51:41.939+0000] {logging_mixin.py:149} INFO - [2023-05-29T22:51:41.938+0000] {taskmixin.py:211} WARNING - Dependency <Task(_PythonDecoratedOperator): log_sql_query>, print_the_context already registered for DAG: example_python_operator
[2023-05-29T22:51:41.941+0000] {logging_mixin.py:149} INFO - [2023-05-29T22:51:41.941+0000] {taskmixin.py:211} WARNING - Dependency <Task(_PythonDecoratedOperator): print_the_context>, log_sql_query already registered for DAG: example_python_operator
[2023-05-29T22:51:41.942+0000] {logging_mixin.py:149} INFO - [2023-05-29T22:51:41.942+0000] {taskmixin.py:211} WARNING - Dependency <Task(_PythonDecoratedOperator): log_sql_query>, print_the_context already registered for DAG: example_python_operator
[2023-05-29T22:51:41.948+0000] {processor.py:836} INFO - DAG(s) dict_keys(['example_python_operator']) retrieved from /home/airflow/.local/lib/python3.7/site-packages/airflow/example_dags/example_python_operator.py
[2023-05-29T22:51:41.988+0000] {logging_mixin.py:149} INFO - [2023-05-29T22:51:41.988+0000] {dag.py:2726} INFO - Sync 1 DAGs
[2023-05-29T22:51:42.029+0000] {logging_mixin.py:149} INFO - [2023-05-29T22:51:42.029+0000] {dag.py:3490} INFO - Setting next_dagrun for example_python_operator to None, run_after=None
[2023-05-29T22:51:42.058+0000] {processor.py:179} INFO - Processing /home/airflow/.local/lib/python3.7/site-packages/airflow/example_dags/example_python_operator.py took 0.162 seconds
[2023-05-29T22:52:12.342+0000] {processor.py:157} INFO - Started process (PID=113) to work on /home/airflow/.local/lib/python3.7/site-packages/airflow/example_dags/example_python_operator.py
[2023-05-29T22:52:12.343+0000] {processor.py:826} INFO - Processing file /home/airflow/.local/lib/python3.7/site-packages/airflow/example_dags/example_python_operator.py for tasks to queue
[2023-05-29T22:52:12.344+0000] {logging_mixin.py:149} INFO - [2023-05-29T22:52:12.344+0000] {dagbag.py:541} INFO - Filling up the DagBag from /home/airflow/.local/lib/python3.7/site-packages/airflow/example_dags/example_python_operator.py
[2023-05-29T22:52:12.351+0000] {logging_mixin.py:149} INFO - [2023-05-29T22:52:12.351+0000] {taskmixin.py:211} WARNING - Dependency <Task(_PythonDecoratedOperator): print_the_context>, log_sql_query already registered for DAG: example_python_operator
[2023-05-29T22:52:12.351+0000] {logging_mixin.py:149} INFO - [2023-05-29T22:52:12.351+0000] {taskmixin.py:211} WARNING - Dependency <Task(_PythonDecoratedOperator): log_sql_query>, print_the_context already registered for DAG: example_python_operator
[2023-05-29T22:52:12.352+0000] {logging_mixin.py:149} INFO - [2023-05-29T22:52:12.352+0000] {taskmixin.py:211} WARNING - Dependency <Task(_PythonDecoratedOperator): print_the_context>, log_sql_query already registered for DAG: example_python_operator
[2023-05-29T22:52:12.353+0000] {logging_mixin.py:149} INFO - [2023-05-29T22:52:12.353+0000] {taskmixin.py:211} WARNING - Dependency <Task(_PythonDecoratedOperator): log_sql_query>, print_the_context already registered for DAG: example_python_operator
[2023-05-29T22:52:12.353+0000] {logging_mixin.py:149} INFO - [2023-05-29T22:52:12.353+0000] {taskmixin.py:211} WARNING - Dependency <Task(_PythonDecoratedOperator): print_the_context>, log_sql_query already registered for DAG: example_python_operator
[2023-05-29T22:52:12.354+0000] {logging_mixin.py:149} INFO - [2023-05-29T22:52:12.354+0000] {taskmixin.py:211} WARNING - Dependency <Task(_PythonDecoratedOperator): log_sql_query>, print_the_context already registered for DAG: example_python_operator
[2023-05-29T22:52:12.354+0000] {logging_mixin.py:149} INFO - [2023-05-29T22:52:12.354+0000] {taskmixin.py:211} WARNING - Dependency <Task(_PythonDecoratedOperator): print_the_context>, log_sql_query already registered for DAG: example_python_operator
[2023-05-29T22:52:12.355+0000] {logging_mixin.py:149} INFO - [2023-05-29T22:52:12.355+0000] {taskmixin.py:211} WARNING - Dependency <Task(_PythonDecoratedOperator): log_sql_query>, print_the_context already registered for DAG: example_python_operator
[2023-05-29T22:52:12.357+0000] {processor.py:836} INFO - DAG(s) dict_keys(['example_python_operator']) retrieved from /home/airflow/.local/lib/python3.7/site-packages/airflow/example_dags/example_python_operator.py
[2023-05-29T22:52:12.400+0000] {logging_mixin.py:149} INFO - [2023-05-29T22:52:12.400+0000] {dag.py:2726} INFO - Sync 1 DAGs
[2023-05-29T22:52:12.415+0000] {logging_mixin.py:149} INFO - [2023-05-29T22:52:12.415+0000] {dag.py:3490} INFO - Setting next_dagrun for example_python_operator to None, run_after=None
[2023-05-29T22:52:12.427+0000] {processor.py:179} INFO - Processing /home/airflow/.local/lib/python3.7/site-packages/airflow/example_dags/example_python_operator.py took 0.088 seconds
[2023-05-29T22:52:42.814+0000] {processor.py:157} INFO - Started process (PID=169) to work on /home/airflow/.local/lib/python3.7/site-packages/airflow/example_dags/example_python_operator.py
[2023-05-29T22:52:42.815+0000] {processor.py:826} INFO - Processing file /home/airflow/.local/lib/python3.7/site-packages/airflow/example_dags/example_python_operator.py for tasks to queue
[2023-05-29T22:52:42.816+0000] {logging_mixin.py:149} INFO - [2023-05-29T22:52:42.816+0000] {dagbag.py:541} INFO - Filling up the DagBag from /home/airflow/.local/lib/python3.7/site-packages/airflow/example_dags/example_python_operator.py
[2023-05-29T22:52:42.822+0000] {logging_mixin.py:149} INFO - [2023-05-29T22:52:42.822+0000] {taskmixin.py:211} WARNING - Dependency <Task(_PythonDecoratedOperator): print_the_context>, log_sql_query already registered for DAG: example_python_operator
[2023-05-29T22:52:42.823+0000] {logging_mixin.py:149} INFO - [2023-05-29T22:52:42.823+0000] {taskmixin.py:211} WARNING - Dependency <Task(_PythonDecoratedOperator): log_sql_query>, print_the_context already registered for DAG: example_python_operator
[2023-05-29T22:52:42.823+0000] {logging_mixin.py:149} INFO - [2023-05-29T22:52:42.823+0000] {taskmixin.py:211} WARNING - Dependency <Task(_PythonDecoratedOperator): print_the_context>, log_sql_query already registered for DAG: example_python_operator
[2023-05-29T22:52:42.825+0000] {logging_mixin.py:149} INFO - [2023-05-29T22:52:42.825+0000] {taskmixin.py:211} WARNING - Dependency <Task(_PythonDecoratedOperator): log_sql_query>, print_the_context already registered for DAG: example_python_operator
[2023-05-29T22:52:42.825+0000] {logging_mixin.py:149} INFO - [2023-05-29T22:52:42.825+0000] {taskmixin.py:211} WARNING - Dependency <Task(_PythonDecoratedOperator): print_the_context>, log_sql_query already registered for DAG: example_python_operator
[2023-05-29T22:52:42.826+0000] {logging_mixin.py:149} INFO - [2023-05-29T22:52:42.826+0000] {taskmixin.py:211} WARNING - Dependency <Task(_PythonDecoratedOperator): log_sql_query>, print_the_context already registered for DAG: example_python_operator
[2023-05-29T22:52:42.826+0000] {logging_mixin.py:149} INFO - [2023-05-29T22:52:42.826+0000] {taskmixin.py:211} WARNING - Dependency <Task(_PythonDecoratedOperator): print_the_context>, log_sql_query already registered for DAG: example_python_operator
[2023-05-29T22:52:42.827+0000] {logging_mixin.py:149} INFO - [2023-05-29T22:52:42.827+0000] {taskmixin.py:211} WARNING - Dependency <Task(_PythonDecoratedOperator): log_sql_query>, print_the_context already registered for DAG: example_python_operator
[2023-05-29T22:52:42.829+0000] {processor.py:836} INFO - DAG(s) dict_keys(['example_python_operator']) retrieved from /home/airflow/.local/lib/python3.7/site-packages/airflow/example_dags/example_python_operator.py
[2023-05-29T22:52:42.848+0000] {logging_mixin.py:149} INFO - [2023-05-29T22:52:42.848+0000] {dag.py:2726} INFO - Sync 1 DAGs
[2023-05-29T22:52:42.864+0000] {logging_mixin.py:149} INFO - [2023-05-29T22:52:42.864+0000] {dag.py:3490} INFO - Setting next_dagrun for example_python_operator to None, run_after=None
[2023-05-29T22:52:42.878+0000] {processor.py:179} INFO - Processing /home/airflow/.local/lib/python3.7/site-packages/airflow/example_dags/example_python_operator.py took 0.066 seconds
