[2023-05-29T22:42:31.882+0000] {processor.py:157} INFO - Started process (PID=65) to work on /home/airflow/.local/lib/python3.7/site-packages/airflow/example_dags/example_short_circuit_decorator.py
[2023-05-29T22:42:31.901+0000] {processor.py:826} INFO - Processing file /home/airflow/.local/lib/python3.7/site-packages/airflow/example_dags/example_short_circuit_decorator.py for tasks to queue
[2023-05-29T22:42:31.908+0000] {logging_mixin.py:149} INFO - [2023-05-29T22:42:31.907+0000] {dagbag.py:541} INFO - Filling up the DagBag from /home/airflow/.local/lib/python3.7/site-packages/airflow/example_dags/example_short_circuit_decorator.py
[2023-05-29T22:42:32.084+0000] {processor.py:836} INFO - DAG(s) dict_keys(['example_short_circuit_decorator']) retrieved from /home/airflow/.local/lib/python3.7/site-packages/airflow/example_dags/example_short_circuit_decorator.py
[2023-05-29T22:42:32.281+0000] {logging_mixin.py:149} INFO - [2023-05-29T22:42:32.281+0000] {dag.py:2726} INFO - Sync 1 DAGs
[2023-05-29T22:42:32.487+0000] {logging_mixin.py:149} INFO - [2023-05-29T22:42:32.487+0000] {dag.py:3490} INFO - Setting next_dagrun for example_short_circuit_decorator to 2023-05-28T22:42:32.486779+00:00, run_after=2023-05-29T22:42:32.486779+00:00
[2023-05-29T22:42:32.628+0000] {processor.py:179} INFO - Processing /home/airflow/.local/lib/python3.7/site-packages/airflow/example_dags/example_short_circuit_decorator.py took 0.763 seconds
[2023-05-29T22:43:03.121+0000] {processor.py:157} INFO - Started process (PID=121) to work on /home/airflow/.local/lib/python3.7/site-packages/airflow/example_dags/example_short_circuit_decorator.py
[2023-05-29T22:43:03.133+0000] {processor.py:826} INFO - Processing file /home/airflow/.local/lib/python3.7/site-packages/airflow/example_dags/example_short_circuit_decorator.py for tasks to queue
[2023-05-29T22:43:03.136+0000] {logging_mixin.py:149} INFO - [2023-05-29T22:43:03.136+0000] {dagbag.py:541} INFO - Filling up the DagBag from /home/airflow/.local/lib/python3.7/site-packages/airflow/example_dags/example_short_circuit_decorator.py
[2023-05-29T22:43:03.162+0000] {processor.py:836} INFO - DAG(s) dict_keys(['example_short_circuit_decorator']) retrieved from /home/airflow/.local/lib/python3.7/site-packages/airflow/example_dags/example_short_circuit_decorator.py
[2023-05-29T22:43:03.221+0000] {logging_mixin.py:149} INFO - [2023-05-29T22:43:03.221+0000] {dag.py:2726} INFO - Sync 1 DAGs
[2023-05-29T22:43:03.252+0000] {logging_mixin.py:149} INFO - [2023-05-29T22:43:03.251+0000] {dag.py:3490} INFO - Setting next_dagrun for example_short_circuit_decorator to 2023-05-28T22:43:03.251661+00:00, run_after=2023-05-29T22:43:03.251661+00:00
[2023-05-29T22:43:03.267+0000] {processor.py:179} INFO - Processing /home/airflow/.local/lib/python3.7/site-packages/airflow/example_dags/example_short_circuit_decorator.py took 0.161 seconds
[2023-05-29T22:43:33.326+0000] {processor.py:157} INFO - Started process (PID=177) to work on /home/airflow/.local/lib/python3.7/site-packages/airflow/example_dags/example_short_circuit_decorator.py
[2023-05-29T22:43:33.327+0000] {processor.py:826} INFO - Processing file /home/airflow/.local/lib/python3.7/site-packages/airflow/example_dags/example_short_circuit_decorator.py for tasks to queue
[2023-05-29T22:43:33.328+0000] {logging_mixin.py:149} INFO - [2023-05-29T22:43:33.328+0000] {dagbag.py:541} INFO - Filling up the DagBag from /home/airflow/.local/lib/python3.7/site-packages/airflow/example_dags/example_short_circuit_decorator.py
[2023-05-29T22:43:33.340+0000] {processor.py:836} INFO - DAG(s) dict_keys(['example_short_circuit_decorator']) retrieved from /home/airflow/.local/lib/python3.7/site-packages/airflow/example_dags/example_short_circuit_decorator.py
[2023-05-29T22:43:33.361+0000] {logging_mixin.py:149} INFO - [2023-05-29T22:43:33.361+0000] {dag.py:2726} INFO - Sync 1 DAGs
[2023-05-29T22:43:33.377+0000] {logging_mixin.py:149} INFO - [2023-05-29T22:43:33.377+0000] {dag.py:3490} INFO - Setting next_dagrun for example_short_circuit_decorator to 2023-05-28T22:43:33.377139+00:00, run_after=2023-05-29T22:43:33.377139+00:00
[2023-05-29T22:43:33.389+0000] {processor.py:179} INFO - Processing /home/airflow/.local/lib/python3.7/site-packages/airflow/example_dags/example_short_circuit_decorator.py took 0.066 seconds
[2023-05-29T22:44:04.120+0000] {processor.py:157} INFO - Started process (PID=233) to work on /home/airflow/.local/lib/python3.7/site-packages/airflow/example_dags/example_short_circuit_decorator.py
[2023-05-29T22:44:04.125+0000] {processor.py:826} INFO - Processing file /home/airflow/.local/lib/python3.7/site-packages/airflow/example_dags/example_short_circuit_decorator.py for tasks to queue
[2023-05-29T22:44:04.126+0000] {logging_mixin.py:149} INFO - [2023-05-29T22:44:04.126+0000] {dagbag.py:541} INFO - Filling up the DagBag from /home/airflow/.local/lib/python3.7/site-packages/airflow/example_dags/example_short_circuit_decorator.py
[2023-05-29T22:44:04.198+0000] {processor.py:836} INFO - DAG(s) dict_keys(['example_short_circuit_decorator']) retrieved from /home/airflow/.local/lib/python3.7/site-packages/airflow/example_dags/example_short_circuit_decorator.py
[2023-05-29T22:44:04.345+0000] {logging_mixin.py:149} INFO - [2023-05-29T22:44:04.344+0000] {dag.py:2726} INFO - Sync 1 DAGs
[2023-05-29T22:44:04.495+0000] {logging_mixin.py:149} INFO - [2023-05-29T22:44:04.495+0000] {dag.py:3490} INFO - Setting next_dagrun for example_short_circuit_decorator to 2023-05-28T22:44:04.494130+00:00, run_after=2023-05-29T22:44:04.494130+00:00
[2023-05-29T22:44:04.530+0000] {processor.py:179} INFO - Processing /home/airflow/.local/lib/python3.7/site-packages/airflow/example_dags/example_short_circuit_decorator.py took 0.417 seconds
[2023-05-29T22:44:35.511+0000] {processor.py:157} INFO - Started process (PID=297) to work on /home/airflow/.local/lib/python3.7/site-packages/airflow/example_dags/example_short_circuit_decorator.py
[2023-05-29T22:44:35.513+0000] {processor.py:826} INFO - Processing file /home/airflow/.local/lib/python3.7/site-packages/airflow/example_dags/example_short_circuit_decorator.py for tasks to queue
[2023-05-29T22:44:35.516+0000] {logging_mixin.py:149} INFO - [2023-05-29T22:44:35.516+0000] {dagbag.py:541} INFO - Filling up the DagBag from /home/airflow/.local/lib/python3.7/site-packages/airflow/example_dags/example_short_circuit_decorator.py
[2023-05-29T22:44:35.525+0000] {processor.py:836} INFO - DAG(s) dict_keys(['example_short_circuit_decorator']) retrieved from /home/airflow/.local/lib/python3.7/site-packages/airflow/example_dags/example_short_circuit_decorator.py
[2023-05-29T22:44:35.548+0000] {logging_mixin.py:149} INFO - [2023-05-29T22:44:35.548+0000] {dag.py:2726} INFO - Sync 1 DAGs
[2023-05-29T22:44:35.565+0000] {logging_mixin.py:149} INFO - [2023-05-29T22:44:35.565+0000] {dag.py:3490} INFO - Setting next_dagrun for example_short_circuit_decorator to 2023-05-28T22:44:35.565510+00:00, run_after=2023-05-29T22:44:35.565510+00:00
[2023-05-29T22:44:35.578+0000] {processor.py:179} INFO - Processing /home/airflow/.local/lib/python3.7/site-packages/airflow/example_dags/example_short_circuit_decorator.py took 0.070 seconds
[2023-05-29T22:45:06.348+0000] {processor.py:157} INFO - Started process (PID=353) to work on /home/airflow/.local/lib/python3.7/site-packages/airflow/example_dags/example_short_circuit_decorator.py
[2023-05-29T22:45:06.349+0000] {processor.py:826} INFO - Processing file /home/airflow/.local/lib/python3.7/site-packages/airflow/example_dags/example_short_circuit_decorator.py for tasks to queue
[2023-05-29T22:45:06.350+0000] {logging_mixin.py:149} INFO - [2023-05-29T22:45:06.350+0000] {dagbag.py:541} INFO - Filling up the DagBag from /home/airflow/.local/lib/python3.7/site-packages/airflow/example_dags/example_short_circuit_decorator.py
[2023-05-29T22:45:06.359+0000] {processor.py:836} INFO - DAG(s) dict_keys(['example_short_circuit_decorator']) retrieved from /home/airflow/.local/lib/python3.7/site-packages/airflow/example_dags/example_short_circuit_decorator.py
[2023-05-29T22:45:06.382+0000] {logging_mixin.py:149} INFO - [2023-05-29T22:45:06.382+0000] {dag.py:2726} INFO - Sync 1 DAGs
[2023-05-29T22:45:06.400+0000] {logging_mixin.py:149} INFO - [2023-05-29T22:45:06.400+0000] {dag.py:3490} INFO - Setting next_dagrun for example_short_circuit_decorator to 2023-05-28T22:45:06.400508+00:00, run_after=2023-05-29T22:45:06.400508+00:00
[2023-05-29T22:45:06.413+0000] {processor.py:179} INFO - Processing /home/airflow/.local/lib/python3.7/site-packages/airflow/example_dags/example_short_circuit_decorator.py took 0.071 seconds
[2023-05-29T22:45:37.733+0000] {processor.py:157} INFO - Started process (PID=409) to work on /home/airflow/.local/lib/python3.7/site-packages/airflow/example_dags/example_short_circuit_decorator.py
[2023-05-29T22:45:37.736+0000] {processor.py:826} INFO - Processing file /home/airflow/.local/lib/python3.7/site-packages/airflow/example_dags/example_short_circuit_decorator.py for tasks to queue
[2023-05-29T22:45:37.738+0000] {logging_mixin.py:149} INFO - [2023-05-29T22:45:37.738+0000] {dagbag.py:541} INFO - Filling up the DagBag from /home/airflow/.local/lib/python3.7/site-packages/airflow/example_dags/example_short_circuit_decorator.py
[2023-05-29T22:45:37.748+0000] {processor.py:836} INFO - DAG(s) dict_keys(['example_short_circuit_decorator']) retrieved from /home/airflow/.local/lib/python3.7/site-packages/airflow/example_dags/example_short_circuit_decorator.py
[2023-05-29T22:45:37.772+0000] {logging_mixin.py:149} INFO - [2023-05-29T22:45:37.772+0000] {dag.py:2726} INFO - Sync 1 DAGs
[2023-05-29T22:45:37.793+0000] {logging_mixin.py:149} INFO - [2023-05-29T22:45:37.793+0000] {dag.py:3490} INFO - Setting next_dagrun for example_short_circuit_decorator to 2023-05-28T22:45:37.792788+00:00, run_after=2023-05-29T22:45:37.792788+00:00
[2023-05-29T22:45:37.807+0000] {processor.py:179} INFO - Processing /home/airflow/.local/lib/python3.7/site-packages/airflow/example_dags/example_short_circuit_decorator.py took 0.076 seconds
[2023-05-29T22:46:08.980+0000] {processor.py:157} INFO - Started process (PID=465) to work on /home/airflow/.local/lib/python3.7/site-packages/airflow/example_dags/example_short_circuit_decorator.py
[2023-05-29T22:46:08.982+0000] {processor.py:826} INFO - Processing file /home/airflow/.local/lib/python3.7/site-packages/airflow/example_dags/example_short_circuit_decorator.py for tasks to queue
[2023-05-29T22:46:08.983+0000] {logging_mixin.py:149} INFO - [2023-05-29T22:46:08.983+0000] {dagbag.py:541} INFO - Filling up the DagBag from /home/airflow/.local/lib/python3.7/site-packages/airflow/example_dags/example_short_circuit_decorator.py
[2023-05-29T22:46:08.992+0000] {processor.py:836} INFO - DAG(s) dict_keys(['example_short_circuit_decorator']) retrieved from /home/airflow/.local/lib/python3.7/site-packages/airflow/example_dags/example_short_circuit_decorator.py
[2023-05-29T22:46:09.031+0000] {logging_mixin.py:149} INFO - [2023-05-29T22:46:09.031+0000] {dag.py:2726} INFO - Sync 1 DAGs
[2023-05-29T22:46:09.055+0000] {logging_mixin.py:149} INFO - [2023-05-29T22:46:09.055+0000] {dag.py:3490} INFO - Setting next_dagrun for example_short_circuit_decorator to 2023-05-28T22:46:09.055065+00:00, run_after=2023-05-29T22:46:09.055065+00:00
[2023-05-29T22:46:09.073+0000] {processor.py:179} INFO - Processing /home/airflow/.local/lib/python3.7/site-packages/airflow/example_dags/example_short_circuit_decorator.py took 0.100 seconds
[2023-05-29T22:46:39.692+0000] {processor.py:157} INFO - Started process (PID=521) to work on /home/airflow/.local/lib/python3.7/site-packages/airflow/example_dags/example_short_circuit_decorator.py
[2023-05-29T22:46:39.696+0000] {processor.py:826} INFO - Processing file /home/airflow/.local/lib/python3.7/site-packages/airflow/example_dags/example_short_circuit_decorator.py for tasks to queue
[2023-05-29T22:46:39.702+0000] {logging_mixin.py:149} INFO - [2023-05-29T22:46:39.702+0000] {dagbag.py:541} INFO - Filling up the DagBag from /home/airflow/.local/lib/python3.7/site-packages/airflow/example_dags/example_short_circuit_decorator.py
[2023-05-29T22:46:39.737+0000] {processor.py:836} INFO - DAG(s) dict_keys(['example_short_circuit_decorator']) retrieved from /home/airflow/.local/lib/python3.7/site-packages/airflow/example_dags/example_short_circuit_decorator.py
[2023-05-29T22:46:39.825+0000] {logging_mixin.py:149} INFO - [2023-05-29T22:46:39.824+0000] {dag.py:2726} INFO - Sync 1 DAGs
[2023-05-29T22:46:39.855+0000] {logging_mixin.py:149} INFO - [2023-05-29T22:46:39.855+0000] {dag.py:3490} INFO - Setting next_dagrun for example_short_circuit_decorator to 2023-05-28T22:46:39.854750+00:00, run_after=2023-05-29T22:46:39.854750+00:00
[2023-05-29T22:46:39.893+0000] {processor.py:179} INFO - Processing /home/airflow/.local/lib/python3.7/site-packages/airflow/example_dags/example_short_circuit_decorator.py took 0.211 seconds
[2023-05-29T22:47:10.656+0000] {processor.py:157} INFO - Started process (PID=577) to work on /home/airflow/.local/lib/python3.7/site-packages/airflow/example_dags/example_short_circuit_decorator.py
[2023-05-29T22:47:10.657+0000] {processor.py:826} INFO - Processing file /home/airflow/.local/lib/python3.7/site-packages/airflow/example_dags/example_short_circuit_decorator.py for tasks to queue
[2023-05-29T22:47:10.658+0000] {logging_mixin.py:149} INFO - [2023-05-29T22:47:10.658+0000] {dagbag.py:541} INFO - Filling up the DagBag from /home/airflow/.local/lib/python3.7/site-packages/airflow/example_dags/example_short_circuit_decorator.py
[2023-05-29T22:47:10.667+0000] {processor.py:836} INFO - DAG(s) dict_keys(['example_short_circuit_decorator']) retrieved from /home/airflow/.local/lib/python3.7/site-packages/airflow/example_dags/example_short_circuit_decorator.py
[2023-05-29T22:47:10.690+0000] {logging_mixin.py:149} INFO - [2023-05-29T22:47:10.690+0000] {dag.py:2726} INFO - Sync 1 DAGs
[2023-05-29T22:47:10.707+0000] {logging_mixin.py:149} INFO - [2023-05-29T22:47:10.707+0000] {dag.py:3490} INFO - Setting next_dagrun for example_short_circuit_decorator to 2023-05-28T22:47:10.706924+00:00, run_after=2023-05-29T22:47:10.706924+00:00
[2023-05-29T22:47:10.719+0000] {processor.py:179} INFO - Processing /home/airflow/.local/lib/python3.7/site-packages/airflow/example_dags/example_short_circuit_decorator.py took 0.067 seconds
[2023-05-29T22:47:41.199+0000] {processor.py:157} INFO - Started process (PID=632) to work on /home/airflow/.local/lib/python3.7/site-packages/airflow/example_dags/example_short_circuit_decorator.py
[2023-05-29T22:47:41.200+0000] {processor.py:826} INFO - Processing file /home/airflow/.local/lib/python3.7/site-packages/airflow/example_dags/example_short_circuit_decorator.py for tasks to queue
[2023-05-29T22:47:41.200+0000] {logging_mixin.py:149} INFO - [2023-05-29T22:47:41.200+0000] {dagbag.py:541} INFO - Filling up the DagBag from /home/airflow/.local/lib/python3.7/site-packages/airflow/example_dags/example_short_circuit_decorator.py
[2023-05-29T22:47:41.208+0000] {processor.py:836} INFO - DAG(s) dict_keys(['example_short_circuit_decorator']) retrieved from /home/airflow/.local/lib/python3.7/site-packages/airflow/example_dags/example_short_circuit_decorator.py
[2023-05-29T22:47:41.228+0000] {logging_mixin.py:149} INFO - [2023-05-29T22:47:41.228+0000] {dag.py:2726} INFO - Sync 1 DAGs
[2023-05-29T22:47:41.243+0000] {logging_mixin.py:149} INFO - [2023-05-29T22:47:41.243+0000] {dag.py:3490} INFO - Setting next_dagrun for example_short_circuit_decorator to 2023-05-28T22:47:41.242985+00:00, run_after=2023-05-29T22:47:41.242985+00:00
[2023-05-29T22:47:41.253+0000] {processor.py:179} INFO - Processing /home/airflow/.local/lib/python3.7/site-packages/airflow/example_dags/example_short_circuit_decorator.py took 0.058 seconds
[2023-05-29T22:48:12.002+0000] {processor.py:157} INFO - Started process (PID=688) to work on /home/airflow/.local/lib/python3.7/site-packages/airflow/example_dags/example_short_circuit_decorator.py
[2023-05-29T22:48:12.005+0000] {processor.py:826} INFO - Processing file /home/airflow/.local/lib/python3.7/site-packages/airflow/example_dags/example_short_circuit_decorator.py for tasks to queue
[2023-05-29T22:48:12.007+0000] {logging_mixin.py:149} INFO - [2023-05-29T22:48:12.007+0000] {dagbag.py:541} INFO - Filling up the DagBag from /home/airflow/.local/lib/python3.7/site-packages/airflow/example_dags/example_short_circuit_decorator.py
[2023-05-29T22:48:12.038+0000] {processor.py:836} INFO - DAG(s) dict_keys(['example_short_circuit_decorator']) retrieved from /home/airflow/.local/lib/python3.7/site-packages/airflow/example_dags/example_short_circuit_decorator.py
[2023-05-29T22:48:12.108+0000] {logging_mixin.py:149} INFO - [2023-05-29T22:48:12.108+0000] {dag.py:2726} INFO - Sync 1 DAGs
[2023-05-29T22:48:12.243+0000] {logging_mixin.py:149} INFO - [2023-05-29T22:48:12.242+0000] {dag.py:3490} INFO - Setting next_dagrun for example_short_circuit_decorator to 2023-05-28T22:48:12.242210+00:00, run_after=2023-05-29T22:48:12.242210+00:00
[2023-05-29T22:48:12.262+0000] {processor.py:179} INFO - Processing /home/airflow/.local/lib/python3.7/site-packages/airflow/example_dags/example_short_circuit_decorator.py took 0.266 seconds
[2023-05-29T22:49:27.985+0000] {processor.py:157} INFO - Started process (PID=66) to work on /home/airflow/.local/lib/python3.7/site-packages/airflow/example_dags/example_short_circuit_decorator.py
[2023-05-29T22:49:27.991+0000] {processor.py:826} INFO - Processing file /home/airflow/.local/lib/python3.7/site-packages/airflow/example_dags/example_short_circuit_decorator.py for tasks to queue
[2023-05-29T22:49:27.994+0000] {logging_mixin.py:149} INFO - [2023-05-29T22:49:27.993+0000] {dagbag.py:541} INFO - Filling up the DagBag from /home/airflow/.local/lib/python3.7/site-packages/airflow/example_dags/example_short_circuit_decorator.py
[2023-05-29T22:49:28.026+0000] {processor.py:836} INFO - DAG(s) dict_keys(['example_short_circuit_decorator']) retrieved from /home/airflow/.local/lib/python3.7/site-packages/airflow/example_dags/example_short_circuit_decorator.py
[2023-05-29T22:49:28.086+0000] {logging_mixin.py:149} INFO - [2023-05-29T22:49:28.085+0000] {dag.py:2726} INFO - Sync 1 DAGs
[2023-05-29T22:49:28.136+0000] {logging_mixin.py:149} INFO - [2023-05-29T22:49:28.136+0000] {dag.py:3490} INFO - Setting next_dagrun for example_short_circuit_decorator to 2023-05-28T22:49:28.135978+00:00, run_after=2023-05-29T22:49:28.135978+00:00
[2023-05-29T22:49:28.165+0000] {processor.py:179} INFO - Processing /home/airflow/.local/lib/python3.7/site-packages/airflow/example_dags/example_short_circuit_decorator.py took 0.185 seconds
[2023-05-29T22:49:58.780+0000] {processor.py:157} INFO - Started process (PID=122) to work on /home/airflow/.local/lib/python3.7/site-packages/airflow/example_dags/example_short_circuit_decorator.py
[2023-05-29T22:49:58.781+0000] {processor.py:826} INFO - Processing file /home/airflow/.local/lib/python3.7/site-packages/airflow/example_dags/example_short_circuit_decorator.py for tasks to queue
[2023-05-29T22:49:58.782+0000] {logging_mixin.py:149} INFO - [2023-05-29T22:49:58.782+0000] {dagbag.py:541} INFO - Filling up the DagBag from /home/airflow/.local/lib/python3.7/site-packages/airflow/example_dags/example_short_circuit_decorator.py
[2023-05-29T22:49:58.789+0000] {processor.py:836} INFO - DAG(s) dict_keys(['example_short_circuit_decorator']) retrieved from /home/airflow/.local/lib/python3.7/site-packages/airflow/example_dags/example_short_circuit_decorator.py
[2023-05-29T22:49:58.807+0000] {logging_mixin.py:149} INFO - [2023-05-29T22:49:58.807+0000] {dag.py:2726} INFO - Sync 1 DAGs
[2023-05-29T22:49:58.823+0000] {logging_mixin.py:149} INFO - [2023-05-29T22:49:58.823+0000] {dag.py:3490} INFO - Setting next_dagrun for example_short_circuit_decorator to 2023-05-28T22:49:58.823451+00:00, run_after=2023-05-29T22:49:58.823451+00:00
[2023-05-29T22:49:58.834+0000] {processor.py:179} INFO - Processing /home/airflow/.local/lib/python3.7/site-packages/airflow/example_dags/example_short_circuit_decorator.py took 0.056 seconds
[2023-05-29T22:50:36.729+0000] {processor.py:157} INFO - Started process (PID=178) to work on /home/airflow/.local/lib/python3.7/site-packages/airflow/example_dags/example_short_circuit_decorator.py
[2023-05-29T22:50:36.756+0000] {processor.py:826} INFO - Processing file /home/airflow/.local/lib/python3.7/site-packages/airflow/example_dags/example_short_circuit_decorator.py for tasks to queue
[2023-05-29T22:50:36.761+0000] {logging_mixin.py:149} INFO - [2023-05-29T22:50:36.761+0000] {dagbag.py:541} INFO - Filling up the DagBag from /home/airflow/.local/lib/python3.7/site-packages/airflow/example_dags/example_short_circuit_decorator.py
[2023-05-29T22:50:36.832+0000] {processor.py:836} INFO - DAG(s) dict_keys(['example_short_circuit_decorator']) retrieved from /home/airflow/.local/lib/python3.7/site-packages/airflow/example_dags/example_short_circuit_decorator.py
[2023-05-29T22:50:36.967+0000] {logging_mixin.py:149} INFO - [2023-05-29T22:50:36.967+0000] {dag.py:2726} INFO - Sync 1 DAGs
[2023-05-29T22:50:37.290+0000] {logging_mixin.py:149} INFO - [2023-05-29T22:50:37.282+0000] {dag.py:3490} INFO - Setting next_dagrun for example_short_circuit_decorator to 2023-05-28T22:50:37.274328+00:00, run_after=2023-05-29T22:50:37.274328+00:00
[2023-05-29T22:50:37.588+0000] {processor.py:179} INFO - Processing /home/airflow/.local/lib/python3.7/site-packages/airflow/example_dags/example_short_circuit_decorator.py took 0.863 seconds
[2023-05-29T22:51:43.979+0000] {processor.py:157} INFO - Started process (PID=66) to work on /home/airflow/.local/lib/python3.7/site-packages/airflow/example_dags/example_short_circuit_decorator.py
[2023-05-29T22:51:43.985+0000] {processor.py:826} INFO - Processing file /home/airflow/.local/lib/python3.7/site-packages/airflow/example_dags/example_short_circuit_decorator.py for tasks to queue
[2023-05-29T22:51:43.987+0000] {logging_mixin.py:149} INFO - [2023-05-29T22:51:43.987+0000] {dagbag.py:541} INFO - Filling up the DagBag from /home/airflow/.local/lib/python3.7/site-packages/airflow/example_dags/example_short_circuit_decorator.py
[2023-05-29T22:51:44.014+0000] {processor.py:836} INFO - DAG(s) dict_keys(['example_short_circuit_decorator']) retrieved from /home/airflow/.local/lib/python3.7/site-packages/airflow/example_dags/example_short_circuit_decorator.py
[2023-05-29T22:51:44.044+0000] {logging_mixin.py:149} INFO - [2023-05-29T22:51:44.044+0000] {dag.py:2726} INFO - Sync 1 DAGs
[2023-05-29T22:51:44.111+0000] {logging_mixin.py:149} INFO - [2023-05-29T22:51:44.111+0000] {dag.py:3490} INFO - Setting next_dagrun for example_short_circuit_decorator to 2023-05-28T22:51:44.111297+00:00, run_after=2023-05-29T22:51:44.111297+00:00
[2023-05-29T22:51:44.165+0000] {processor.py:179} INFO - Processing /home/airflow/.local/lib/python3.7/site-packages/airflow/example_dags/example_short_circuit_decorator.py took 0.190 seconds
[2023-05-29T22:52:15.240+0000] {processor.py:157} INFO - Started process (PID=122) to work on /home/airflow/.local/lib/python3.7/site-packages/airflow/example_dags/example_short_circuit_decorator.py
[2023-05-29T22:52:15.241+0000] {processor.py:826} INFO - Processing file /home/airflow/.local/lib/python3.7/site-packages/airflow/example_dags/example_short_circuit_decorator.py for tasks to queue
[2023-05-29T22:52:15.244+0000] {logging_mixin.py:149} INFO - [2023-05-29T22:52:15.243+0000] {dagbag.py:541} INFO - Filling up the DagBag from /home/airflow/.local/lib/python3.7/site-packages/airflow/example_dags/example_short_circuit_decorator.py
[2023-05-29T22:52:15.254+0000] {processor.py:836} INFO - DAG(s) dict_keys(['example_short_circuit_decorator']) retrieved from /home/airflow/.local/lib/python3.7/site-packages/airflow/example_dags/example_short_circuit_decorator.py
[2023-05-29T22:52:15.276+0000] {logging_mixin.py:149} INFO - [2023-05-29T22:52:15.276+0000] {dag.py:2726} INFO - Sync 1 DAGs
[2023-05-29T22:52:15.320+0000] {logging_mixin.py:149} INFO - [2023-05-29T22:52:15.319+0000] {dag.py:3490} INFO - Setting next_dagrun for example_short_circuit_decorator to 2023-05-28T22:52:15.319548+00:00, run_after=2023-05-29T22:52:15.319548+00:00
[2023-05-29T22:52:15.347+0000] {processor.py:179} INFO - Processing /home/airflow/.local/lib/python3.7/site-packages/airflow/example_dags/example_short_circuit_decorator.py took 0.110 seconds
[2023-05-29T22:52:46.614+0000] {processor.py:157} INFO - Started process (PID=178) to work on /home/airflow/.local/lib/python3.7/site-packages/airflow/example_dags/example_short_circuit_decorator.py
[2023-05-29T22:52:46.615+0000] {processor.py:826} INFO - Processing file /home/airflow/.local/lib/python3.7/site-packages/airflow/example_dags/example_short_circuit_decorator.py for tasks to queue
[2023-05-29T22:52:46.616+0000] {logging_mixin.py:149} INFO - [2023-05-29T22:52:46.616+0000] {dagbag.py:541} INFO - Filling up the DagBag from /home/airflow/.local/lib/python3.7/site-packages/airflow/example_dags/example_short_circuit_decorator.py
[2023-05-29T22:52:46.624+0000] {processor.py:836} INFO - DAG(s) dict_keys(['example_short_circuit_decorator']) retrieved from /home/airflow/.local/lib/python3.7/site-packages/airflow/example_dags/example_short_circuit_decorator.py
[2023-05-29T22:52:46.643+0000] {logging_mixin.py:149} INFO - [2023-05-29T22:52:46.643+0000] {dag.py:2726} INFO - Sync 1 DAGs
[2023-05-29T22:52:46.658+0000] {logging_mixin.py:149} INFO - [2023-05-29T22:52:46.658+0000] {dag.py:3490} INFO - Setting next_dagrun for example_short_circuit_decorator to 2023-05-28T22:52:46.658576+00:00, run_after=2023-05-29T22:52:46.658576+00:00
[2023-05-29T22:52:46.673+0000] {processor.py:179} INFO - Processing /home/airflow/.local/lib/python3.7/site-packages/airflow/example_dags/example_short_circuit_decorator.py took 0.062 seconds
