[2023-05-29T22:42:28.290+0000] {processor.py:157} INFO - Started process (PID=57) to work on /home/airflow/.local/lib/python3.7/site-packages/airflow/example_dags/example_branch_operator_decorator.py
[2023-05-29T22:42:28.293+0000] {processor.py:826} INFO - Processing file /home/airflow/.local/lib/python3.7/site-packages/airflow/example_dags/example_branch_operator_decorator.py for tasks to queue
[2023-05-29T22:42:28.295+0000] {logging_mixin.py:149} INFO - [2023-05-29T22:42:28.295+0000] {dagbag.py:541} INFO - Filling up the DagBag from /home/airflow/.local/lib/python3.7/site-packages/airflow/example_dags/example_branch_operator_decorator.py
[2023-05-29T22:42:28.322+0000] {processor.py:836} INFO - DAG(s) dict_keys(['example_branch_python_operator_decorator']) retrieved from /home/airflow/.local/lib/python3.7/site-packages/airflow/example_dags/example_branch_operator_decorator.py
[2023-05-29T22:42:28.362+0000] {logging_mixin.py:149} INFO - [2023-05-29T22:42:28.361+0000] {dag.py:2726} INFO - Sync 1 DAGs
[2023-05-29T22:42:28.436+0000] {logging_mixin.py:149} INFO - [2023-05-29T22:42:28.435+0000] {dag.py:3490} INFO - Setting next_dagrun for example_branch_python_operator_decorator to 2023-05-28T00:00:00+00:00, run_after=2023-05-29T00:00:00+00:00
[2023-05-29T22:42:28.457+0000] {processor.py:179} INFO - Processing /home/airflow/.local/lib/python3.7/site-packages/airflow/example_dags/example_branch_operator_decorator.py took 0.173 seconds
[2023-05-29T22:42:58.936+0000] {processor.py:157} INFO - Started process (PID=113) to work on /home/airflow/.local/lib/python3.7/site-packages/airflow/example_dags/example_branch_operator_decorator.py
[2023-05-29T22:42:58.940+0000] {processor.py:826} INFO - Processing file /home/airflow/.local/lib/python3.7/site-packages/airflow/example_dags/example_branch_operator_decorator.py for tasks to queue
[2023-05-29T22:42:58.943+0000] {logging_mixin.py:149} INFO - [2023-05-29T22:42:58.943+0000] {dagbag.py:541} INFO - Filling up the DagBag from /home/airflow/.local/lib/python3.7/site-packages/airflow/example_dags/example_branch_operator_decorator.py
[2023-05-29T22:42:58.953+0000] {processor.py:836} INFO - DAG(s) dict_keys(['example_branch_python_operator_decorator']) retrieved from /home/airflow/.local/lib/python3.7/site-packages/airflow/example_dags/example_branch_operator_decorator.py
[2023-05-29T22:42:58.989+0000] {logging_mixin.py:149} INFO - [2023-05-29T22:42:58.989+0000] {dag.py:2726} INFO - Sync 1 DAGs
[2023-05-29T22:42:59.059+0000] {logging_mixin.py:149} INFO - [2023-05-29T22:42:59.058+0000] {dag.py:3490} INFO - Setting next_dagrun for example_branch_python_operator_decorator to 2023-05-28T00:00:00+00:00, run_after=2023-05-29T00:00:00+00:00
[2023-05-29T22:42:59.100+0000] {processor.py:179} INFO - Processing /home/airflow/.local/lib/python3.7/site-packages/airflow/example_dags/example_branch_operator_decorator.py took 0.168 seconds
[2023-05-29T22:43:29.561+0000] {processor.py:157} INFO - Started process (PID=169) to work on /home/airflow/.local/lib/python3.7/site-packages/airflow/example_dags/example_branch_operator_decorator.py
[2023-05-29T22:43:29.562+0000] {processor.py:826} INFO - Processing file /home/airflow/.local/lib/python3.7/site-packages/airflow/example_dags/example_branch_operator_decorator.py for tasks to queue
[2023-05-29T22:43:29.563+0000] {logging_mixin.py:149} INFO - [2023-05-29T22:43:29.563+0000] {dagbag.py:541} INFO - Filling up the DagBag from /home/airflow/.local/lib/python3.7/site-packages/airflow/example_dags/example_branch_operator_decorator.py
[2023-05-29T22:43:29.571+0000] {processor.py:836} INFO - DAG(s) dict_keys(['example_branch_python_operator_decorator']) retrieved from /home/airflow/.local/lib/python3.7/site-packages/airflow/example_dags/example_branch_operator_decorator.py
[2023-05-29T22:43:29.593+0000] {logging_mixin.py:149} INFO - [2023-05-29T22:43:29.593+0000] {dag.py:2726} INFO - Sync 1 DAGs
[2023-05-29T22:43:29.610+0000] {logging_mixin.py:149} INFO - [2023-05-29T22:43:29.610+0000] {dag.py:3490} INFO - Setting next_dagrun for example_branch_python_operator_decorator to 2023-05-28T00:00:00+00:00, run_after=2023-05-29T00:00:00+00:00
[2023-05-29T22:43:29.622+0000] {processor.py:179} INFO - Processing /home/airflow/.local/lib/python3.7/site-packages/airflow/example_dags/example_branch_operator_decorator.py took 0.064 seconds
[2023-05-29T22:44:00.089+0000] {processor.py:157} INFO - Started process (PID=225) to work on /home/airflow/.local/lib/python3.7/site-packages/airflow/example_dags/example_branch_operator_decorator.py
[2023-05-29T22:44:00.090+0000] {processor.py:826} INFO - Processing file /home/airflow/.local/lib/python3.7/site-packages/airflow/example_dags/example_branch_operator_decorator.py for tasks to queue
[2023-05-29T22:44:00.091+0000] {logging_mixin.py:149} INFO - [2023-05-29T22:44:00.091+0000] {dagbag.py:541} INFO - Filling up the DagBag from /home/airflow/.local/lib/python3.7/site-packages/airflow/example_dags/example_branch_operator_decorator.py
[2023-05-29T22:44:00.098+0000] {processor.py:836} INFO - DAG(s) dict_keys(['example_branch_python_operator_decorator']) retrieved from /home/airflow/.local/lib/python3.7/site-packages/airflow/example_dags/example_branch_operator_decorator.py
[2023-05-29T22:44:00.118+0000] {logging_mixin.py:149} INFO - [2023-05-29T22:44:00.118+0000] {dag.py:2726} INFO - Sync 1 DAGs
[2023-05-29T22:44:00.133+0000] {logging_mixin.py:149} INFO - [2023-05-29T22:44:00.133+0000] {dag.py:3490} INFO - Setting next_dagrun for example_branch_python_operator_decorator to 2023-05-28T00:00:00+00:00, run_after=2023-05-29T00:00:00+00:00
[2023-05-29T22:44:00.144+0000] {processor.py:179} INFO - Processing /home/airflow/.local/lib/python3.7/site-packages/airflow/example_dags/example_branch_operator_decorator.py took 0.058 seconds
[2023-05-29T22:44:30.499+0000] {processor.py:157} INFO - Started process (PID=289) to work on /home/airflow/.local/lib/python3.7/site-packages/airflow/example_dags/example_branch_operator_decorator.py
[2023-05-29T22:44:30.500+0000] {processor.py:826} INFO - Processing file /home/airflow/.local/lib/python3.7/site-packages/airflow/example_dags/example_branch_operator_decorator.py for tasks to queue
[2023-05-29T22:44:30.501+0000] {logging_mixin.py:149} INFO - [2023-05-29T22:44:30.501+0000] {dagbag.py:541} INFO - Filling up the DagBag from /home/airflow/.local/lib/python3.7/site-packages/airflow/example_dags/example_branch_operator_decorator.py
[2023-05-29T22:44:30.509+0000] {processor.py:836} INFO - DAG(s) dict_keys(['example_branch_python_operator_decorator']) retrieved from /home/airflow/.local/lib/python3.7/site-packages/airflow/example_dags/example_branch_operator_decorator.py
[2023-05-29T22:44:30.532+0000] {logging_mixin.py:149} INFO - [2023-05-29T22:44:30.532+0000] {dag.py:2726} INFO - Sync 1 DAGs
[2023-05-29T22:44:30.549+0000] {logging_mixin.py:149} INFO - [2023-05-29T22:44:30.549+0000] {dag.py:3490} INFO - Setting next_dagrun for example_branch_python_operator_decorator to 2023-05-28T00:00:00+00:00, run_after=2023-05-29T00:00:00+00:00
[2023-05-29T22:44:30.562+0000] {processor.py:179} INFO - Processing /home/airflow/.local/lib/python3.7/site-packages/airflow/example_dags/example_branch_operator_decorator.py took 0.066 seconds
[2023-05-29T22:45:01.057+0000] {processor.py:157} INFO - Started process (PID=345) to work on /home/airflow/.local/lib/python3.7/site-packages/airflow/example_dags/example_branch_operator_decorator.py
[2023-05-29T22:45:01.058+0000] {processor.py:826} INFO - Processing file /home/airflow/.local/lib/python3.7/site-packages/airflow/example_dags/example_branch_operator_decorator.py for tasks to queue
[2023-05-29T22:45:01.059+0000] {logging_mixin.py:149} INFO - [2023-05-29T22:45:01.059+0000] {dagbag.py:541} INFO - Filling up the DagBag from /home/airflow/.local/lib/python3.7/site-packages/airflow/example_dags/example_branch_operator_decorator.py
[2023-05-29T22:45:01.066+0000] {processor.py:836} INFO - DAG(s) dict_keys(['example_branch_python_operator_decorator']) retrieved from /home/airflow/.local/lib/python3.7/site-packages/airflow/example_dags/example_branch_operator_decorator.py
[2023-05-29T22:45:01.087+0000] {logging_mixin.py:149} INFO - [2023-05-29T22:45:01.087+0000] {dag.py:2726} INFO - Sync 1 DAGs
[2023-05-29T22:45:01.104+0000] {logging_mixin.py:149} INFO - [2023-05-29T22:45:01.104+0000] {dag.py:3490} INFO - Setting next_dagrun for example_branch_python_operator_decorator to 2023-05-28T00:00:00+00:00, run_after=2023-05-29T00:00:00+00:00
[2023-05-29T22:45:01.118+0000] {processor.py:179} INFO - Processing /home/airflow/.local/lib/python3.7/site-packages/airflow/example_dags/example_branch_operator_decorator.py took 0.063 seconds
[2023-05-29T22:45:31.674+0000] {processor.py:157} INFO - Started process (PID=401) to work on /home/airflow/.local/lib/python3.7/site-packages/airflow/example_dags/example_branch_operator_decorator.py
[2023-05-29T22:45:31.675+0000] {processor.py:826} INFO - Processing file /home/airflow/.local/lib/python3.7/site-packages/airflow/example_dags/example_branch_operator_decorator.py for tasks to queue
[2023-05-29T22:45:31.676+0000] {logging_mixin.py:149} INFO - [2023-05-29T22:45:31.676+0000] {dagbag.py:541} INFO - Filling up the DagBag from /home/airflow/.local/lib/python3.7/site-packages/airflow/example_dags/example_branch_operator_decorator.py
[2023-05-29T22:45:31.683+0000] {processor.py:836} INFO - DAG(s) dict_keys(['example_branch_python_operator_decorator']) retrieved from /home/airflow/.local/lib/python3.7/site-packages/airflow/example_dags/example_branch_operator_decorator.py
[2023-05-29T22:45:31.704+0000] {logging_mixin.py:149} INFO - [2023-05-29T22:45:31.704+0000] {dag.py:2726} INFO - Sync 1 DAGs
[2023-05-29T22:45:31.721+0000] {logging_mixin.py:149} INFO - [2023-05-29T22:45:31.721+0000] {dag.py:3490} INFO - Setting next_dagrun for example_branch_python_operator_decorator to 2023-05-28T00:00:00+00:00, run_after=2023-05-29T00:00:00+00:00
[2023-05-29T22:45:31.735+0000] {processor.py:179} INFO - Processing /home/airflow/.local/lib/python3.7/site-packages/airflow/example_dags/example_branch_operator_decorator.py took 0.064 seconds
[2023-05-29T22:46:02.759+0000] {processor.py:157} INFO - Started process (PID=457) to work on /home/airflow/.local/lib/python3.7/site-packages/airflow/example_dags/example_branch_operator_decorator.py
[2023-05-29T22:46:02.768+0000] {processor.py:826} INFO - Processing file /home/airflow/.local/lib/python3.7/site-packages/airflow/example_dags/example_branch_operator_decorator.py for tasks to queue
[2023-05-29T22:46:02.774+0000] {logging_mixin.py:149} INFO - [2023-05-29T22:46:02.773+0000] {dagbag.py:541} INFO - Filling up the DagBag from /home/airflow/.local/lib/python3.7/site-packages/airflow/example_dags/example_branch_operator_decorator.py
[2023-05-29T22:46:02.808+0000] {processor.py:836} INFO - DAG(s) dict_keys(['example_branch_python_operator_decorator']) retrieved from /home/airflow/.local/lib/python3.7/site-packages/airflow/example_dags/example_branch_operator_decorator.py
[2023-05-29T22:46:02.855+0000] {logging_mixin.py:149} INFO - [2023-05-29T22:46:02.855+0000] {dag.py:2726} INFO - Sync 1 DAGs
[2023-05-29T22:46:02.877+0000] {logging_mixin.py:149} INFO - [2023-05-29T22:46:02.877+0000] {dag.py:3490} INFO - Setting next_dagrun for example_branch_python_operator_decorator to 2023-05-28T00:00:00+00:00, run_after=2023-05-29T00:00:00+00:00
[2023-05-29T22:46:02.891+0000] {processor.py:179} INFO - Processing /home/airflow/.local/lib/python3.7/site-packages/airflow/example_dags/example_branch_operator_decorator.py took 0.143 seconds
[2023-05-29T22:46:33.633+0000] {processor.py:157} INFO - Started process (PID=513) to work on /home/airflow/.local/lib/python3.7/site-packages/airflow/example_dags/example_branch_operator_decorator.py
[2023-05-29T22:46:33.635+0000] {processor.py:826} INFO - Processing file /home/airflow/.local/lib/python3.7/site-packages/airflow/example_dags/example_branch_operator_decorator.py for tasks to queue
[2023-05-29T22:46:33.637+0000] {logging_mixin.py:149} INFO - [2023-05-29T22:46:33.637+0000] {dagbag.py:541} INFO - Filling up the DagBag from /home/airflow/.local/lib/python3.7/site-packages/airflow/example_dags/example_branch_operator_decorator.py
[2023-05-29T22:46:33.646+0000] {processor.py:836} INFO - DAG(s) dict_keys(['example_branch_python_operator_decorator']) retrieved from /home/airflow/.local/lib/python3.7/site-packages/airflow/example_dags/example_branch_operator_decorator.py
[2023-05-29T22:46:33.676+0000] {logging_mixin.py:149} INFO - [2023-05-29T22:46:33.676+0000] {dag.py:2726} INFO - Sync 1 DAGs
[2023-05-29T22:46:33.696+0000] {logging_mixin.py:149} INFO - [2023-05-29T22:46:33.696+0000] {dag.py:3490} INFO - Setting next_dagrun for example_branch_python_operator_decorator to 2023-05-28T00:00:00+00:00, run_after=2023-05-29T00:00:00+00:00
[2023-05-29T22:46:33.718+0000] {processor.py:179} INFO - Processing /home/airflow/.local/lib/python3.7/site-packages/airflow/example_dags/example_branch_operator_decorator.py took 0.087 seconds
[2023-05-29T22:47:03.880+0000] {processor.py:157} INFO - Started process (PID=569) to work on /home/airflow/.local/lib/python3.7/site-packages/airflow/example_dags/example_branch_operator_decorator.py
[2023-05-29T22:47:03.882+0000] {processor.py:826} INFO - Processing file /home/airflow/.local/lib/python3.7/site-packages/airflow/example_dags/example_branch_operator_decorator.py for tasks to queue
[2023-05-29T22:47:03.882+0000] {logging_mixin.py:149} INFO - [2023-05-29T22:47:03.882+0000] {dagbag.py:541} INFO - Filling up the DagBag from /home/airflow/.local/lib/python3.7/site-packages/airflow/example_dags/example_branch_operator_decorator.py
[2023-05-29T22:47:03.891+0000] {processor.py:836} INFO - DAG(s) dict_keys(['example_branch_python_operator_decorator']) retrieved from /home/airflow/.local/lib/python3.7/site-packages/airflow/example_dags/example_branch_operator_decorator.py
[2023-05-29T22:47:03.915+0000] {logging_mixin.py:149} INFO - [2023-05-29T22:47:03.915+0000] {dag.py:2726} INFO - Sync 1 DAGs
[2023-05-29T22:47:03.949+0000] {logging_mixin.py:149} INFO - [2023-05-29T22:47:03.949+0000] {dag.py:3490} INFO - Setting next_dagrun for example_branch_python_operator_decorator to 2023-05-28T00:00:00+00:00, run_after=2023-05-29T00:00:00+00:00
[2023-05-29T22:47:03.975+0000] {processor.py:179} INFO - Processing /home/airflow/.local/lib/python3.7/site-packages/airflow/example_dags/example_branch_operator_decorator.py took 0.098 seconds
[2023-05-29T22:47:34.935+0000] {processor.py:157} INFO - Started process (PID=624) to work on /home/airflow/.local/lib/python3.7/site-packages/airflow/example_dags/example_branch_operator_decorator.py
[2023-05-29T22:47:34.937+0000] {processor.py:826} INFO - Processing file /home/airflow/.local/lib/python3.7/site-packages/airflow/example_dags/example_branch_operator_decorator.py for tasks to queue
[2023-05-29T22:47:34.939+0000] {logging_mixin.py:149} INFO - [2023-05-29T22:47:34.939+0000] {dagbag.py:541} INFO - Filling up the DagBag from /home/airflow/.local/lib/python3.7/site-packages/airflow/example_dags/example_branch_operator_decorator.py
[2023-05-29T22:47:34.968+0000] {processor.py:836} INFO - DAG(s) dict_keys(['example_branch_python_operator_decorator']) retrieved from /home/airflow/.local/lib/python3.7/site-packages/airflow/example_dags/example_branch_operator_decorator.py
[2023-05-29T22:47:35.048+0000] {logging_mixin.py:149} INFO - [2023-05-29T22:47:35.047+0000] {dag.py:2726} INFO - Sync 1 DAGs
[2023-05-29T22:47:35.079+0000] {logging_mixin.py:149} INFO - [2023-05-29T22:47:35.079+0000] {dag.py:3490} INFO - Setting next_dagrun for example_branch_python_operator_decorator to 2023-05-28T00:00:00+00:00, run_after=2023-05-29T00:00:00+00:00
[2023-05-29T22:47:35.099+0000] {processor.py:179} INFO - Processing /home/airflow/.local/lib/python3.7/site-packages/airflow/example_dags/example_branch_operator_decorator.py took 0.176 seconds
[2023-05-29T22:48:06.092+0000] {processor.py:157} INFO - Started process (PID=680) to work on /home/airflow/.local/lib/python3.7/site-packages/airflow/example_dags/example_branch_operator_decorator.py
[2023-05-29T22:48:06.094+0000] {processor.py:826} INFO - Processing file /home/airflow/.local/lib/python3.7/site-packages/airflow/example_dags/example_branch_operator_decorator.py for tasks to queue
[2023-05-29T22:48:06.095+0000] {logging_mixin.py:149} INFO - [2023-05-29T22:48:06.095+0000] {dagbag.py:541} INFO - Filling up the DagBag from /home/airflow/.local/lib/python3.7/site-packages/airflow/example_dags/example_branch_operator_decorator.py
[2023-05-29T22:48:06.110+0000] {processor.py:836} INFO - DAG(s) dict_keys(['example_branch_python_operator_decorator']) retrieved from /home/airflow/.local/lib/python3.7/site-packages/airflow/example_dags/example_branch_operator_decorator.py
[2023-05-29T22:48:06.144+0000] {logging_mixin.py:149} INFO - [2023-05-29T22:48:06.144+0000] {dag.py:2726} INFO - Sync 1 DAGs
[2023-05-29T22:48:06.172+0000] {logging_mixin.py:149} INFO - [2023-05-29T22:48:06.172+0000] {dag.py:3490} INFO - Setting next_dagrun for example_branch_python_operator_decorator to 2023-05-28T00:00:00+00:00, run_after=2023-05-29T00:00:00+00:00
[2023-05-29T22:48:06.185+0000] {processor.py:179} INFO - Processing /home/airflow/.local/lib/python3.7/site-packages/airflow/example_dags/example_branch_operator_decorator.py took 0.098 seconds
[2023-05-29T22:49:25.710+0000] {processor.py:157} INFO - Started process (PID=58) to work on /home/airflow/.local/lib/python3.7/site-packages/airflow/example_dags/example_branch_operator_decorator.py
[2023-05-29T22:49:25.714+0000] {processor.py:826} INFO - Processing file /home/airflow/.local/lib/python3.7/site-packages/airflow/example_dags/example_branch_operator_decorator.py for tasks to queue
[2023-05-29T22:49:25.717+0000] {logging_mixin.py:149} INFO - [2023-05-29T22:49:25.717+0000] {dagbag.py:541} INFO - Filling up the DagBag from /home/airflow/.local/lib/python3.7/site-packages/airflow/example_dags/example_branch_operator_decorator.py
[2023-05-29T22:49:25.746+0000] {processor.py:836} INFO - DAG(s) dict_keys(['example_branch_python_operator_decorator']) retrieved from /home/airflow/.local/lib/python3.7/site-packages/airflow/example_dags/example_branch_operator_decorator.py
[2023-05-29T22:49:25.786+0000] {logging_mixin.py:149} INFO - [2023-05-29T22:49:25.786+0000] {dag.py:2726} INFO - Sync 1 DAGs
[2023-05-29T22:49:25.897+0000] {logging_mixin.py:149} INFO - [2023-05-29T22:49:25.897+0000] {dag.py:3490} INFO - Setting next_dagrun for example_branch_python_operator_decorator to 2023-05-28T00:00:00+00:00, run_after=2023-05-29T00:00:00+00:00
[2023-05-29T22:49:25.941+0000] {processor.py:179} INFO - Processing /home/airflow/.local/lib/python3.7/site-packages/airflow/example_dags/example_branch_operator_decorator.py took 0.235 seconds
[2023-05-29T22:49:55.976+0000] {processor.py:157} INFO - Started process (PID=114) to work on /home/airflow/.local/lib/python3.7/site-packages/airflow/example_dags/example_branch_operator_decorator.py
[2023-05-29T22:49:55.977+0000] {processor.py:826} INFO - Processing file /home/airflow/.local/lib/python3.7/site-packages/airflow/example_dags/example_branch_operator_decorator.py for tasks to queue
[2023-05-29T22:49:55.977+0000] {logging_mixin.py:149} INFO - [2023-05-29T22:49:55.977+0000] {dagbag.py:541} INFO - Filling up the DagBag from /home/airflow/.local/lib/python3.7/site-packages/airflow/example_dags/example_branch_operator_decorator.py
[2023-05-29T22:49:55.985+0000] {processor.py:836} INFO - DAG(s) dict_keys(['example_branch_python_operator_decorator']) retrieved from /home/airflow/.local/lib/python3.7/site-packages/airflow/example_dags/example_branch_operator_decorator.py
[2023-05-29T22:49:56.004+0000] {logging_mixin.py:149} INFO - [2023-05-29T22:49:56.004+0000] {dag.py:2726} INFO - Sync 1 DAGs
[2023-05-29T22:49:56.019+0000] {logging_mixin.py:149} INFO - [2023-05-29T22:49:56.019+0000] {dag.py:3490} INFO - Setting next_dagrun for example_branch_python_operator_decorator to 2023-05-28T00:00:00+00:00, run_after=2023-05-29T00:00:00+00:00
[2023-05-29T22:49:56.029+0000] {processor.py:179} INFO - Processing /home/airflow/.local/lib/python3.7/site-packages/airflow/example_dags/example_branch_operator_decorator.py took 0.057 seconds
[2023-05-29T22:50:34.327+0000] {processor.py:157} INFO - Started process (PID=170) to work on /home/airflow/.local/lib/python3.7/site-packages/airflow/example_dags/example_branch_operator_decorator.py
[2023-05-29T22:50:34.329+0000] {processor.py:826} INFO - Processing file /home/airflow/.local/lib/python3.7/site-packages/airflow/example_dags/example_branch_operator_decorator.py for tasks to queue
[2023-05-29T22:50:34.330+0000] {logging_mixin.py:149} INFO - [2023-05-29T22:50:34.330+0000] {dagbag.py:541} INFO - Filling up the DagBag from /home/airflow/.local/lib/python3.7/site-packages/airflow/example_dags/example_branch_operator_decorator.py
[2023-05-29T22:50:34.339+0000] {processor.py:836} INFO - DAG(s) dict_keys(['example_branch_python_operator_decorator']) retrieved from /home/airflow/.local/lib/python3.7/site-packages/airflow/example_dags/example_branch_operator_decorator.py
[2023-05-29T22:50:34.359+0000] {logging_mixin.py:149} INFO - [2023-05-29T22:50:34.359+0000] {dag.py:2726} INFO - Sync 1 DAGs
[2023-05-29T22:50:34.390+0000] {logging_mixin.py:149} INFO - [2023-05-29T22:50:34.390+0000] {dag.py:3490} INFO - Setting next_dagrun for example_branch_python_operator_decorator to 2023-05-28T00:00:00+00:00, run_after=2023-05-29T00:00:00+00:00
[2023-05-29T22:50:34.402+0000] {processor.py:179} INFO - Processing /home/airflow/.local/lib/python3.7/site-packages/airflow/example_dags/example_branch_operator_decorator.py took 0.079 seconds
[2023-05-29T22:51:41.907+0000] {processor.py:157} INFO - Started process (PID=58) to work on /home/airflow/.local/lib/python3.7/site-packages/airflow/example_dags/example_branch_operator_decorator.py
[2023-05-29T22:51:41.915+0000] {processor.py:826} INFO - Processing file /home/airflow/.local/lib/python3.7/site-packages/airflow/example_dags/example_branch_operator_decorator.py for tasks to queue
[2023-05-29T22:51:41.917+0000] {logging_mixin.py:149} INFO - [2023-05-29T22:51:41.916+0000] {dagbag.py:541} INFO - Filling up the DagBag from /home/airflow/.local/lib/python3.7/site-packages/airflow/example_dags/example_branch_operator_decorator.py
[2023-05-29T22:51:41.957+0000] {processor.py:836} INFO - DAG(s) dict_keys(['example_branch_python_operator_decorator']) retrieved from /home/airflow/.local/lib/python3.7/site-packages/airflow/example_dags/example_branch_operator_decorator.py
[2023-05-29T22:51:41.998+0000] {logging_mixin.py:149} INFO - [2023-05-29T22:51:41.998+0000] {dag.py:2726} INFO - Sync 1 DAGs
[2023-05-29T22:51:42.037+0000] {logging_mixin.py:149} INFO - [2023-05-29T22:51:42.037+0000] {dag.py:3490} INFO - Setting next_dagrun for example_branch_python_operator_decorator to 2023-05-28T00:00:00+00:00, run_after=2023-05-29T00:00:00+00:00
[2023-05-29T22:51:42.102+0000] {processor.py:179} INFO - Processing /home/airflow/.local/lib/python3.7/site-packages/airflow/example_dags/example_branch_operator_decorator.py took 0.200 seconds
[2023-05-29T22:52:12.400+0000] {processor.py:157} INFO - Started process (PID=114) to work on /home/airflow/.local/lib/python3.7/site-packages/airflow/example_dags/example_branch_operator_decorator.py
[2023-05-29T22:52:12.401+0000] {processor.py:826} INFO - Processing file /home/airflow/.local/lib/python3.7/site-packages/airflow/example_dags/example_branch_operator_decorator.py for tasks to queue
[2023-05-29T22:52:12.402+0000] {logging_mixin.py:149} INFO - [2023-05-29T22:52:12.401+0000] {dagbag.py:541} INFO - Filling up the DagBag from /home/airflow/.local/lib/python3.7/site-packages/airflow/example_dags/example_branch_operator_decorator.py
[2023-05-29T22:52:12.409+0000] {processor.py:836} INFO - DAG(s) dict_keys(['example_branch_python_operator_decorator']) retrieved from /home/airflow/.local/lib/python3.7/site-packages/airflow/example_dags/example_branch_operator_decorator.py
[2023-05-29T22:52:12.429+0000] {logging_mixin.py:149} INFO - [2023-05-29T22:52:12.429+0000] {dag.py:2726} INFO - Sync 1 DAGs
[2023-05-29T22:52:12.447+0000] {logging_mixin.py:149} INFO - [2023-05-29T22:52:12.447+0000] {dag.py:3490} INFO - Setting next_dagrun for example_branch_python_operator_decorator to 2023-05-28T00:00:00+00:00, run_after=2023-05-29T00:00:00+00:00
[2023-05-29T22:52:12.458+0000] {processor.py:179} INFO - Processing /home/airflow/.local/lib/python3.7/site-packages/airflow/example_dags/example_branch_operator_decorator.py took 0.062 seconds
[2023-05-29T22:52:42.824+0000] {processor.py:157} INFO - Started process (PID=170) to work on /home/airflow/.local/lib/python3.7/site-packages/airflow/example_dags/example_branch_operator_decorator.py
[2023-05-29T22:52:42.825+0000] {processor.py:826} INFO - Processing file /home/airflow/.local/lib/python3.7/site-packages/airflow/example_dags/example_branch_operator_decorator.py for tasks to queue
[2023-05-29T22:52:42.825+0000] {logging_mixin.py:149} INFO - [2023-05-29T22:52:42.825+0000] {dagbag.py:541} INFO - Filling up the DagBag from /home/airflow/.local/lib/python3.7/site-packages/airflow/example_dags/example_branch_operator_decorator.py
[2023-05-29T22:52:42.833+0000] {processor.py:836} INFO - DAG(s) dict_keys(['example_branch_python_operator_decorator']) retrieved from /home/airflow/.local/lib/python3.7/site-packages/airflow/example_dags/example_branch_operator_decorator.py
[2023-05-29T22:52:42.852+0000] {logging_mixin.py:149} INFO - [2023-05-29T22:52:42.852+0000] {dag.py:2726} INFO - Sync 1 DAGs
[2023-05-29T22:52:42.869+0000] {logging_mixin.py:149} INFO - [2023-05-29T22:52:42.869+0000] {dag.py:3490} INFO - Setting next_dagrun for example_branch_python_operator_decorator to 2023-05-28T00:00:00+00:00, run_after=2023-05-29T00:00:00+00:00
[2023-05-29T22:52:42.886+0000] {processor.py:179} INFO - Processing /home/airflow/.local/lib/python3.7/site-packages/airflow/example_dags/example_branch_operator_decorator.py took 0.065 seconds
