[2023-05-29T22:42:26.702+0000] {processor.py:157} INFO - Started process (PID=37) to work on /home/airflow/.local/lib/python3.7/site-packages/airflow/example_dags/example_branch_python_dop_operator_3.py
[2023-05-29T22:42:26.705+0000] {processor.py:826} INFO - Processing file /home/airflow/.local/lib/python3.7/site-packages/airflow/example_dags/example_branch_python_dop_operator_3.py for tasks to queue
[2023-05-29T22:42:26.706+0000] {logging_mixin.py:149} INFO - [2023-05-29T22:42:26.706+0000] {dagbag.py:541} INFO - Filling up the DagBag from /home/airflow/.local/lib/python3.7/site-packages/airflow/example_dags/example_branch_python_dop_operator_3.py
[2023-05-29T22:42:26.721+0000] {processor.py:836} INFO - DAG(s) dict_keys(['example_branch_dop_operator_v3']) retrieved from /home/airflow/.local/lib/python3.7/site-packages/airflow/example_dags/example_branch_python_dop_operator_3.py
[2023-05-29T22:42:26.739+0000] {logging_mixin.py:149} INFO - [2023-05-29T22:42:26.739+0000] {dag.py:2726} INFO - Sync 1 DAGs
[2023-05-29T22:42:26.764+0000] {logging_mixin.py:149} INFO - [2023-05-29T22:42:26.763+0000] {dag.py:3490} INFO - Setting next_dagrun for example_branch_dop_operator_v3 to 2023-05-29T22:41:00+00:00, run_after=2023-05-29T22:42:00+00:00
[2023-05-29T22:42:26.785+0000] {processor.py:179} INFO - Processing /home/airflow/.local/lib/python3.7/site-packages/airflow/example_dags/example_branch_python_dop_operator_3.py took 0.102 seconds
[2023-05-29T22:42:57.113+0000] {processor.py:157} INFO - Started process (PID=93) to work on /home/airflow/.local/lib/python3.7/site-packages/airflow/example_dags/example_branch_python_dop_operator_3.py
[2023-05-29T22:42:57.115+0000] {processor.py:826} INFO - Processing file /home/airflow/.local/lib/python3.7/site-packages/airflow/example_dags/example_branch_python_dop_operator_3.py for tasks to queue
[2023-05-29T22:42:57.115+0000] {logging_mixin.py:149} INFO - [2023-05-29T22:42:57.115+0000] {dagbag.py:541} INFO - Filling up the DagBag from /home/airflow/.local/lib/python3.7/site-packages/airflow/example_dags/example_branch_python_dop_operator_3.py
[2023-05-29T22:42:57.122+0000] {processor.py:836} INFO - DAG(s) dict_keys(['example_branch_dop_operator_v3']) retrieved from /home/airflow/.local/lib/python3.7/site-packages/airflow/example_dags/example_branch_python_dop_operator_3.py
[2023-05-29T22:42:57.145+0000] {logging_mixin.py:149} INFO - [2023-05-29T22:42:57.145+0000] {dag.py:2726} INFO - Sync 1 DAGs
[2023-05-29T22:42:57.165+0000] {logging_mixin.py:149} INFO - [2023-05-29T22:42:57.165+0000] {dag.py:3490} INFO - Setting next_dagrun for example_branch_dop_operator_v3 to 2023-05-29T22:41:00+00:00, run_after=2023-05-29T22:42:00+00:00
[2023-05-29T22:42:57.184+0000] {processor.py:179} INFO - Processing /home/airflow/.local/lib/python3.7/site-packages/airflow/example_dags/example_branch_python_dop_operator_3.py took 0.074 seconds
[2023-05-29T22:43:27.495+0000] {processor.py:157} INFO - Started process (PID=149) to work on /home/airflow/.local/lib/python3.7/site-packages/airflow/example_dags/example_branch_python_dop_operator_3.py
[2023-05-29T22:43:27.496+0000] {processor.py:826} INFO - Processing file /home/airflow/.local/lib/python3.7/site-packages/airflow/example_dags/example_branch_python_dop_operator_3.py for tasks to queue
[2023-05-29T22:43:27.497+0000] {logging_mixin.py:149} INFO - [2023-05-29T22:43:27.497+0000] {dagbag.py:541} INFO - Filling up the DagBag from /home/airflow/.local/lib/python3.7/site-packages/airflow/example_dags/example_branch_python_dop_operator_3.py
[2023-05-29T22:43:27.502+0000] {processor.py:836} INFO - DAG(s) dict_keys(['example_branch_dop_operator_v3']) retrieved from /home/airflow/.local/lib/python3.7/site-packages/airflow/example_dags/example_branch_python_dop_operator_3.py
[2023-05-29T22:43:27.521+0000] {logging_mixin.py:149} INFO - [2023-05-29T22:43:27.521+0000] {dag.py:2726} INFO - Sync 1 DAGs
[2023-05-29T22:43:27.538+0000] {logging_mixin.py:149} INFO - [2023-05-29T22:43:27.538+0000] {dag.py:3490} INFO - Setting next_dagrun for example_branch_dop_operator_v3 to 2023-05-29T22:42:00+00:00, run_after=2023-05-29T22:43:00+00:00
[2023-05-29T22:43:27.549+0000] {processor.py:179} INFO - Processing /home/airflow/.local/lib/python3.7/site-packages/airflow/example_dags/example_branch_python_dop_operator_3.py took 0.057 seconds
[2023-05-29T22:43:58.057+0000] {processor.py:157} INFO - Started process (PID=205) to work on /home/airflow/.local/lib/python3.7/site-packages/airflow/example_dags/example_branch_python_dop_operator_3.py
[2023-05-29T22:43:58.059+0000] {processor.py:826} INFO - Processing file /home/airflow/.local/lib/python3.7/site-packages/airflow/example_dags/example_branch_python_dop_operator_3.py for tasks to queue
[2023-05-29T22:43:58.059+0000] {logging_mixin.py:149} INFO - [2023-05-29T22:43:58.059+0000] {dagbag.py:541} INFO - Filling up the DagBag from /home/airflow/.local/lib/python3.7/site-packages/airflow/example_dags/example_branch_python_dop_operator_3.py
[2023-05-29T22:43:58.066+0000] {processor.py:836} INFO - DAG(s) dict_keys(['example_branch_dop_operator_v3']) retrieved from /home/airflow/.local/lib/python3.7/site-packages/airflow/example_dags/example_branch_python_dop_operator_3.py
[2023-05-29T22:43:58.084+0000] {logging_mixin.py:149} INFO - [2023-05-29T22:43:58.084+0000] {dag.py:2726} INFO - Sync 1 DAGs
[2023-05-29T22:43:58.102+0000] {logging_mixin.py:149} INFO - [2023-05-29T22:43:58.102+0000] {dag.py:3490} INFO - Setting next_dagrun for example_branch_dop_operator_v3 to 2023-05-29T22:42:00+00:00, run_after=2023-05-29T22:43:00+00:00
[2023-05-29T22:43:58.114+0000] {processor.py:179} INFO - Processing /home/airflow/.local/lib/python3.7/site-packages/airflow/example_dags/example_branch_python_dop_operator_3.py took 0.059 seconds
[2023-05-29T22:44:28.439+0000] {processor.py:157} INFO - Started process (PID=269) to work on /home/airflow/.local/lib/python3.7/site-packages/airflow/example_dags/example_branch_python_dop_operator_3.py
[2023-05-29T22:44:28.440+0000] {processor.py:826} INFO - Processing file /home/airflow/.local/lib/python3.7/site-packages/airflow/example_dags/example_branch_python_dop_operator_3.py for tasks to queue
[2023-05-29T22:44:28.441+0000] {logging_mixin.py:149} INFO - [2023-05-29T22:44:28.441+0000] {dagbag.py:541} INFO - Filling up the DagBag from /home/airflow/.local/lib/python3.7/site-packages/airflow/example_dags/example_branch_python_dop_operator_3.py
[2023-05-29T22:44:28.446+0000] {processor.py:836} INFO - DAG(s) dict_keys(['example_branch_dop_operator_v3']) retrieved from /home/airflow/.local/lib/python3.7/site-packages/airflow/example_dags/example_branch_python_dop_operator_3.py
[2023-05-29T22:44:28.466+0000] {logging_mixin.py:149} INFO - [2023-05-29T22:44:28.465+0000] {dag.py:2726} INFO - Sync 1 DAGs
[2023-05-29T22:44:28.483+0000] {logging_mixin.py:149} INFO - [2023-05-29T22:44:28.483+0000] {dag.py:3490} INFO - Setting next_dagrun for example_branch_dop_operator_v3 to 2023-05-29T22:43:00+00:00, run_after=2023-05-29T22:44:00+00:00
[2023-05-29T22:44:28.496+0000] {processor.py:179} INFO - Processing /home/airflow/.local/lib/python3.7/site-packages/airflow/example_dags/example_branch_python_dop_operator_3.py took 0.060 seconds
[2023-05-29T22:44:58.955+0000] {processor.py:157} INFO - Started process (PID=325) to work on /home/airflow/.local/lib/python3.7/site-packages/airflow/example_dags/example_branch_python_dop_operator_3.py
[2023-05-29T22:44:58.956+0000] {processor.py:826} INFO - Processing file /home/airflow/.local/lib/python3.7/site-packages/airflow/example_dags/example_branch_python_dop_operator_3.py for tasks to queue
[2023-05-29T22:44:58.957+0000] {logging_mixin.py:149} INFO - [2023-05-29T22:44:58.957+0000] {dagbag.py:541} INFO - Filling up the DagBag from /home/airflow/.local/lib/python3.7/site-packages/airflow/example_dags/example_branch_python_dop_operator_3.py
[2023-05-29T22:44:58.964+0000] {processor.py:836} INFO - DAG(s) dict_keys(['example_branch_dop_operator_v3']) retrieved from /home/airflow/.local/lib/python3.7/site-packages/airflow/example_dags/example_branch_python_dop_operator_3.py
[2023-05-29T22:44:58.990+0000] {logging_mixin.py:149} INFO - [2023-05-29T22:44:58.990+0000] {dag.py:2726} INFO - Sync 1 DAGs
[2023-05-29T22:44:59.015+0000] {logging_mixin.py:149} INFO - [2023-05-29T22:44:59.015+0000] {dag.py:3490} INFO - Setting next_dagrun for example_branch_dop_operator_v3 to 2023-05-29T22:43:00+00:00, run_after=2023-05-29T22:44:00+00:00
[2023-05-29T22:44:59.030+0000] {processor.py:179} INFO - Processing /home/airflow/.local/lib/python3.7/site-packages/airflow/example_dags/example_branch_python_dop_operator_3.py took 0.078 seconds
[2023-05-29T22:45:29.407+0000] {processor.py:157} INFO - Started process (PID=381) to work on /home/airflow/.local/lib/python3.7/site-packages/airflow/example_dags/example_branch_python_dop_operator_3.py
[2023-05-29T22:45:29.408+0000] {processor.py:826} INFO - Processing file /home/airflow/.local/lib/python3.7/site-packages/airflow/example_dags/example_branch_python_dop_operator_3.py for tasks to queue
[2023-05-29T22:45:29.409+0000] {logging_mixin.py:149} INFO - [2023-05-29T22:45:29.409+0000] {dagbag.py:541} INFO - Filling up the DagBag from /home/airflow/.local/lib/python3.7/site-packages/airflow/example_dags/example_branch_python_dop_operator_3.py
[2023-05-29T22:45:29.415+0000] {processor.py:836} INFO - DAG(s) dict_keys(['example_branch_dop_operator_v3']) retrieved from /home/airflow/.local/lib/python3.7/site-packages/airflow/example_dags/example_branch_python_dop_operator_3.py
[2023-05-29T22:45:29.436+0000] {logging_mixin.py:149} INFO - [2023-05-29T22:45:29.436+0000] {dag.py:2726} INFO - Sync 1 DAGs
[2023-05-29T22:45:29.454+0000] {logging_mixin.py:149} INFO - [2023-05-29T22:45:29.454+0000] {dag.py:3490} INFO - Setting next_dagrun for example_branch_dop_operator_v3 to 2023-05-29T22:44:00+00:00, run_after=2023-05-29T22:45:00+00:00
[2023-05-29T22:45:29.465+0000] {processor.py:179} INFO - Processing /home/airflow/.local/lib/python3.7/site-packages/airflow/example_dags/example_branch_python_dop_operator_3.py took 0.061 seconds
[2023-05-29T22:45:59.988+0000] {processor.py:157} INFO - Started process (PID=437) to work on /home/airflow/.local/lib/python3.7/site-packages/airflow/example_dags/example_branch_python_dop_operator_3.py
[2023-05-29T22:45:59.989+0000] {processor.py:826} INFO - Processing file /home/airflow/.local/lib/python3.7/site-packages/airflow/example_dags/example_branch_python_dop_operator_3.py for tasks to queue
[2023-05-29T22:45:59.990+0000] {logging_mixin.py:149} INFO - [2023-05-29T22:45:59.990+0000] {dagbag.py:541} INFO - Filling up the DagBag from /home/airflow/.local/lib/python3.7/site-packages/airflow/example_dags/example_branch_python_dop_operator_3.py
[2023-05-29T22:45:59.996+0000] {processor.py:836} INFO - DAG(s) dict_keys(['example_branch_dop_operator_v3']) retrieved from /home/airflow/.local/lib/python3.7/site-packages/airflow/example_dags/example_branch_python_dop_operator_3.py
[2023-05-29T22:46:00.020+0000] {logging_mixin.py:149} INFO - [2023-05-29T22:46:00.020+0000] {dag.py:2726} INFO - Sync 1 DAGs
[2023-05-29T22:46:00.041+0000] {logging_mixin.py:149} INFO - [2023-05-29T22:46:00.040+0000] {dag.py:3490} INFO - Setting next_dagrun for example_branch_dop_operator_v3 to 2023-05-29T22:45:00+00:00, run_after=2023-05-29T22:46:00+00:00
[2023-05-29T22:46:00.052+0000] {processor.py:179} INFO - Processing /home/airflow/.local/lib/python3.7/site-packages/airflow/example_dags/example_branch_python_dop_operator_3.py took 0.067 seconds
[2023-05-29T22:46:30.339+0000] {processor.py:157} INFO - Started process (PID=493) to work on /home/airflow/.local/lib/python3.7/site-packages/airflow/example_dags/example_branch_python_dop_operator_3.py
[2023-05-29T22:46:30.342+0000] {processor.py:826} INFO - Processing file /home/airflow/.local/lib/python3.7/site-packages/airflow/example_dags/example_branch_python_dop_operator_3.py for tasks to queue
[2023-05-29T22:46:30.343+0000] {logging_mixin.py:149} INFO - [2023-05-29T22:46:30.343+0000] {dagbag.py:541} INFO - Filling up the DagBag from /home/airflow/.local/lib/python3.7/site-packages/airflow/example_dags/example_branch_python_dop_operator_3.py
[2023-05-29T22:46:30.349+0000] {processor.py:836} INFO - DAG(s) dict_keys(['example_branch_dop_operator_v3']) retrieved from /home/airflow/.local/lib/python3.7/site-packages/airflow/example_dags/example_branch_python_dop_operator_3.py
[2023-05-29T22:46:30.369+0000] {logging_mixin.py:149} INFO - [2023-05-29T22:46:30.369+0000] {dag.py:2726} INFO - Sync 1 DAGs
[2023-05-29T22:46:30.387+0000] {logging_mixin.py:149} INFO - [2023-05-29T22:46:30.387+0000] {dag.py:3490} INFO - Setting next_dagrun for example_branch_dop_operator_v3 to 2023-05-29T22:45:00+00:00, run_after=2023-05-29T22:46:00+00:00
[2023-05-29T22:46:30.399+0000] {processor.py:179} INFO - Processing /home/airflow/.local/lib/python3.7/site-packages/airflow/example_dags/example_branch_python_dop_operator_3.py took 0.063 seconds
[2023-05-29T22:47:00.637+0000] {processor.py:157} INFO - Started process (PID=549) to work on /home/airflow/.local/lib/python3.7/site-packages/airflow/example_dags/example_branch_python_dop_operator_3.py
[2023-05-29T22:47:00.639+0000] {processor.py:826} INFO - Processing file /home/airflow/.local/lib/python3.7/site-packages/airflow/example_dags/example_branch_python_dop_operator_3.py for tasks to queue
[2023-05-29T22:47:00.640+0000] {logging_mixin.py:149} INFO - [2023-05-29T22:47:00.640+0000] {dagbag.py:541} INFO - Filling up the DagBag from /home/airflow/.local/lib/python3.7/site-packages/airflow/example_dags/example_branch_python_dop_operator_3.py
[2023-05-29T22:47:00.646+0000] {processor.py:836} INFO - DAG(s) dict_keys(['example_branch_dop_operator_v3']) retrieved from /home/airflow/.local/lib/python3.7/site-packages/airflow/example_dags/example_branch_python_dop_operator_3.py
[2023-05-29T22:47:00.668+0000] {logging_mixin.py:149} INFO - [2023-05-29T22:47:00.668+0000] {dag.py:2726} INFO - Sync 1 DAGs
[2023-05-29T22:47:00.687+0000] {logging_mixin.py:149} INFO - [2023-05-29T22:47:00.687+0000] {dag.py:3490} INFO - Setting next_dagrun for example_branch_dop_operator_v3 to 2023-05-29T22:46:00+00:00, run_after=2023-05-29T22:47:00+00:00
[2023-05-29T22:47:00.699+0000] {processor.py:179} INFO - Processing /home/airflow/.local/lib/python3.7/site-packages/airflow/example_dags/example_branch_python_dop_operator_3.py took 0.066 seconds
[2023-05-29T22:47:31.924+0000] {processor.py:157} INFO - Started process (PID=604) to work on /home/airflow/.local/lib/python3.7/site-packages/airflow/example_dags/example_branch_python_dop_operator_3.py
[2023-05-29T22:47:31.925+0000] {processor.py:826} INFO - Processing file /home/airflow/.local/lib/python3.7/site-packages/airflow/example_dags/example_branch_python_dop_operator_3.py for tasks to queue
[2023-05-29T22:47:31.926+0000] {logging_mixin.py:149} INFO - [2023-05-29T22:47:31.926+0000] {dagbag.py:541} INFO - Filling up the DagBag from /home/airflow/.local/lib/python3.7/site-packages/airflow/example_dags/example_branch_python_dop_operator_3.py
[2023-05-29T22:47:31.937+0000] {processor.py:836} INFO - DAG(s) dict_keys(['example_branch_dop_operator_v3']) retrieved from /home/airflow/.local/lib/python3.7/site-packages/airflow/example_dags/example_branch_python_dop_operator_3.py
[2023-05-29T22:47:31.960+0000] {logging_mixin.py:149} INFO - [2023-05-29T22:47:31.960+0000] {dag.py:2726} INFO - Sync 1 DAGs
[2023-05-29T22:47:31.984+0000] {logging_mixin.py:149} INFO - [2023-05-29T22:47:31.984+0000] {dag.py:3490} INFO - Setting next_dagrun for example_branch_dop_operator_v3 to 2023-05-29T22:46:00+00:00, run_after=2023-05-29T22:47:00+00:00
[2023-05-29T22:47:31.996+0000] {processor.py:179} INFO - Processing /home/airflow/.local/lib/python3.7/site-packages/airflow/example_dags/example_branch_python_dop_operator_3.py took 0.076 seconds
[2023-05-29T22:48:02.171+0000] {processor.py:157} INFO - Started process (PID=660) to work on /home/airflow/.local/lib/python3.7/site-packages/airflow/example_dags/example_branch_python_dop_operator_3.py
[2023-05-29T22:48:02.172+0000] {processor.py:826} INFO - Processing file /home/airflow/.local/lib/python3.7/site-packages/airflow/example_dags/example_branch_python_dop_operator_3.py for tasks to queue
[2023-05-29T22:48:02.173+0000] {logging_mixin.py:149} INFO - [2023-05-29T22:48:02.173+0000] {dagbag.py:541} INFO - Filling up the DagBag from /home/airflow/.local/lib/python3.7/site-packages/airflow/example_dags/example_branch_python_dop_operator_3.py
[2023-05-29T22:48:02.179+0000] {processor.py:836} INFO - DAG(s) dict_keys(['example_branch_dop_operator_v3']) retrieved from /home/airflow/.local/lib/python3.7/site-packages/airflow/example_dags/example_branch_python_dop_operator_3.py
[2023-05-29T22:48:02.198+0000] {logging_mixin.py:149} INFO - [2023-05-29T22:48:02.198+0000] {dag.py:2726} INFO - Sync 1 DAGs
[2023-05-29T22:48:02.215+0000] {logging_mixin.py:149} INFO - [2023-05-29T22:48:02.214+0000] {dag.py:3490} INFO - Setting next_dagrun for example_branch_dop_operator_v3 to 2023-05-29T22:47:00+00:00, run_after=2023-05-29T22:48:00+00:00
[2023-05-29T22:48:02.225+0000] {processor.py:179} INFO - Processing /home/airflow/.local/lib/python3.7/site-packages/airflow/example_dags/example_branch_python_dop_operator_3.py took 0.056 seconds
[2023-05-29T22:49:24.308+0000] {processor.py:157} INFO - Started process (PID=38) to work on /home/airflow/.local/lib/python3.7/site-packages/airflow/example_dags/example_branch_python_dop_operator_3.py
[2023-05-29T22:49:24.312+0000] {processor.py:826} INFO - Processing file /home/airflow/.local/lib/python3.7/site-packages/airflow/example_dags/example_branch_python_dop_operator_3.py for tasks to queue
[2023-05-29T22:49:24.313+0000] {logging_mixin.py:149} INFO - [2023-05-29T22:49:24.313+0000] {dagbag.py:541} INFO - Filling up the DagBag from /home/airflow/.local/lib/python3.7/site-packages/airflow/example_dags/example_branch_python_dop_operator_3.py
[2023-05-29T22:49:24.326+0000] {processor.py:836} INFO - DAG(s) dict_keys(['example_branch_dop_operator_v3']) retrieved from /home/airflow/.local/lib/python3.7/site-packages/airflow/example_dags/example_branch_python_dop_operator_3.py
[2023-05-29T22:49:24.361+0000] {logging_mixin.py:149} INFO - [2023-05-29T22:49:24.361+0000] {dag.py:2726} INFO - Sync 1 DAGs
[2023-05-29T22:49:24.384+0000] {logging_mixin.py:149} INFO - [2023-05-29T22:49:24.384+0000] {dag.py:3490} INFO - Setting next_dagrun for example_branch_dop_operator_v3 to 2023-05-29T22:48:00+00:00, run_after=2023-05-29T22:49:00+00:00
[2023-05-29T22:49:24.402+0000] {processor.py:179} INFO - Processing /home/airflow/.local/lib/python3.7/site-packages/airflow/example_dags/example_branch_python_dop_operator_3.py took 0.097 seconds
[2023-05-29T22:49:54.898+0000] {processor.py:157} INFO - Started process (PID=94) to work on /home/airflow/.local/lib/python3.7/site-packages/airflow/example_dags/example_branch_python_dop_operator_3.py
[2023-05-29T22:49:54.899+0000] {processor.py:826} INFO - Processing file /home/airflow/.local/lib/python3.7/site-packages/airflow/example_dags/example_branch_python_dop_operator_3.py for tasks to queue
[2023-05-29T22:49:54.899+0000] {logging_mixin.py:149} INFO - [2023-05-29T22:49:54.899+0000] {dagbag.py:541} INFO - Filling up the DagBag from /home/airflow/.local/lib/python3.7/site-packages/airflow/example_dags/example_branch_python_dop_operator_3.py
[2023-05-29T22:49:54.905+0000] {processor.py:836} INFO - DAG(s) dict_keys(['example_branch_dop_operator_v3']) retrieved from /home/airflow/.local/lib/python3.7/site-packages/airflow/example_dags/example_branch_python_dop_operator_3.py
[2023-05-29T22:49:54.924+0000] {logging_mixin.py:149} INFO - [2023-05-29T22:49:54.924+0000] {dag.py:2726} INFO - Sync 1 DAGs
[2023-05-29T22:49:54.941+0000] {logging_mixin.py:149} INFO - [2023-05-29T22:49:54.941+0000] {dag.py:3490} INFO - Setting next_dagrun for example_branch_dop_operator_v3 to 2023-05-29T22:48:00+00:00, run_after=2023-05-29T22:49:00+00:00
[2023-05-29T22:49:54.953+0000] {processor.py:179} INFO - Processing /home/airflow/.local/lib/python3.7/site-packages/airflow/example_dags/example_branch_python_dop_operator_3.py took 0.058 seconds
[2023-05-29T22:50:25.945+0000] {processor.py:157} INFO - Started process (PID=150) to work on /home/airflow/.local/lib/python3.7/site-packages/airflow/example_dags/example_branch_python_dop_operator_3.py
[2023-05-29T22:50:25.953+0000] {processor.py:826} INFO - Processing file /home/airflow/.local/lib/python3.7/site-packages/airflow/example_dags/example_branch_python_dop_operator_3.py for tasks to queue
[2023-05-29T22:50:25.955+0000] {logging_mixin.py:149} INFO - [2023-05-29T22:50:25.955+0000] {dagbag.py:541} INFO - Filling up the DagBag from /home/airflow/.local/lib/python3.7/site-packages/airflow/example_dags/example_branch_python_dop_operator_3.py
[2023-05-29T22:50:25.979+0000] {processor.py:836} INFO - DAG(s) dict_keys(['example_branch_dop_operator_v3']) retrieved from /home/airflow/.local/lib/python3.7/site-packages/airflow/example_dags/example_branch_python_dop_operator_3.py
[2023-05-29T22:50:26.066+0000] {logging_mixin.py:149} INFO - [2023-05-29T22:50:26.066+0000] {dag.py:2726} INFO - Sync 1 DAGs
[2023-05-29T22:50:26.173+0000] {logging_mixin.py:149} INFO - [2023-05-29T22:50:26.172+0000] {dag.py:3490} INFO - Setting next_dagrun for example_branch_dop_operator_v3 to 2023-05-29T22:49:00+00:00, run_after=2023-05-29T22:50:00+00:00
[2023-05-29T22:50:26.251+0000] {processor.py:179} INFO - Processing /home/airflow/.local/lib/python3.7/site-packages/airflow/example_dags/example_branch_python_dop_operator_3.py took 0.317 seconds
[2023-05-29T22:51:40.216+0000] {processor.py:157} INFO - Started process (PID=38) to work on /home/airflow/.local/lib/python3.7/site-packages/airflow/example_dags/example_branch_python_dop_operator_3.py
[2023-05-29T22:51:40.219+0000] {processor.py:826} INFO - Processing file /home/airflow/.local/lib/python3.7/site-packages/airflow/example_dags/example_branch_python_dop_operator_3.py for tasks to queue
[2023-05-29T22:51:40.222+0000] {logging_mixin.py:149} INFO - [2023-05-29T22:51:40.221+0000] {dagbag.py:541} INFO - Filling up the DagBag from /home/airflow/.local/lib/python3.7/site-packages/airflow/example_dags/example_branch_python_dop_operator_3.py
[2023-05-29T22:51:40.241+0000] {processor.py:836} INFO - DAG(s) dict_keys(['example_branch_dop_operator_v3']) retrieved from /home/airflow/.local/lib/python3.7/site-packages/airflow/example_dags/example_branch_python_dop_operator_3.py
[2023-05-29T22:51:40.281+0000] {logging_mixin.py:149} INFO - [2023-05-29T22:51:40.280+0000] {dag.py:2726} INFO - Sync 1 DAGs
[2023-05-29T22:51:40.309+0000] {logging_mixin.py:149} INFO - [2023-05-29T22:51:40.309+0000] {dag.py:3490} INFO - Setting next_dagrun for example_branch_dop_operator_v3 to 2023-05-29T22:50:00+00:00, run_after=2023-05-29T22:51:00+00:00
[2023-05-29T22:51:40.322+0000] {processor.py:179} INFO - Processing /home/airflow/.local/lib/python3.7/site-packages/airflow/example_dags/example_branch_python_dop_operator_3.py took 0.112 seconds
[2023-05-29T22:52:11.318+0000] {processor.py:157} INFO - Started process (PID=94) to work on /home/airflow/.local/lib/python3.7/site-packages/airflow/example_dags/example_branch_python_dop_operator_3.py
[2023-05-29T22:52:11.319+0000] {processor.py:826} INFO - Processing file /home/airflow/.local/lib/python3.7/site-packages/airflow/example_dags/example_branch_python_dop_operator_3.py for tasks to queue
[2023-05-29T22:52:11.320+0000] {logging_mixin.py:149} INFO - [2023-05-29T22:52:11.320+0000] {dagbag.py:541} INFO - Filling up the DagBag from /home/airflow/.local/lib/python3.7/site-packages/airflow/example_dags/example_branch_python_dop_operator_3.py
[2023-05-29T22:52:11.327+0000] {processor.py:836} INFO - DAG(s) dict_keys(['example_branch_dop_operator_v3']) retrieved from /home/airflow/.local/lib/python3.7/site-packages/airflow/example_dags/example_branch_python_dop_operator_3.py
[2023-05-29T22:52:11.346+0000] {logging_mixin.py:149} INFO - [2023-05-29T22:52:11.346+0000] {dag.py:2726} INFO - Sync 1 DAGs
[2023-05-29T22:52:11.367+0000] {logging_mixin.py:149} INFO - [2023-05-29T22:52:11.367+0000] {dag.py:3490} INFO - Setting next_dagrun for example_branch_dop_operator_v3 to 2023-05-29T22:51:00+00:00, run_after=2023-05-29T22:52:00+00:00
[2023-05-29T22:52:11.379+0000] {processor.py:179} INFO - Processing /home/airflow/.local/lib/python3.7/site-packages/airflow/example_dags/example_branch_python_dop_operator_3.py took 0.063 seconds
[2023-05-29T22:52:41.797+0000] {processor.py:157} INFO - Started process (PID=150) to work on /home/airflow/.local/lib/python3.7/site-packages/airflow/example_dags/example_branch_python_dop_operator_3.py
[2023-05-29T22:52:41.798+0000] {processor.py:826} INFO - Processing file /home/airflow/.local/lib/python3.7/site-packages/airflow/example_dags/example_branch_python_dop_operator_3.py for tasks to queue
[2023-05-29T22:52:41.799+0000] {logging_mixin.py:149} INFO - [2023-05-29T22:52:41.799+0000] {dagbag.py:541} INFO - Filling up the DagBag from /home/airflow/.local/lib/python3.7/site-packages/airflow/example_dags/example_branch_python_dop_operator_3.py
[2023-05-29T22:52:41.805+0000] {processor.py:836} INFO - DAG(s) dict_keys(['example_branch_dop_operator_v3']) retrieved from /home/airflow/.local/lib/python3.7/site-packages/airflow/example_dags/example_branch_python_dop_operator_3.py
[2023-05-29T22:52:41.823+0000] {logging_mixin.py:149} INFO - [2023-05-29T22:52:41.823+0000] {dag.py:2726} INFO - Sync 1 DAGs
[2023-05-29T22:52:41.841+0000] {logging_mixin.py:149} INFO - [2023-05-29T22:52:41.841+0000] {dag.py:3490} INFO - Setting next_dagrun for example_branch_dop_operator_v3 to 2023-05-29T22:51:00+00:00, run_after=2023-05-29T22:52:00+00:00
[2023-05-29T22:52:41.852+0000] {processor.py:179} INFO - Processing /home/airflow/.local/lib/python3.7/site-packages/airflow/example_dags/example_branch_python_dop_operator_3.py took 0.057 seconds
