[2023-05-29T22:42:33.074+0000] {processor.py:157} INFO - Started process (PID=68) to work on /home/airflow/.local/lib/python3.7/site-packages/airflow/example_dags/example_task_group.py
[2023-05-29T22:42:33.090+0000] {processor.py:826} INFO - Processing file /home/airflow/.local/lib/python3.7/site-packages/airflow/example_dags/example_task_group.py for tasks to queue
[2023-05-29T22:42:33.095+0000] {logging_mixin.py:149} INFO - [2023-05-29T22:42:33.094+0000] {dagbag.py:541} INFO - Filling up the DagBag from /home/airflow/.local/lib/python3.7/site-packages/airflow/example_dags/example_task_group.py
[2023-05-29T22:42:33.164+0000] {processor.py:836} INFO - DAG(s) dict_keys(['example_task_group']) retrieved from /home/airflow/.local/lib/python3.7/site-packages/airflow/example_dags/example_task_group.py
[2023-05-29T22:42:33.247+0000] {logging_mixin.py:149} INFO - [2023-05-29T22:42:33.247+0000] {dag.py:2726} INFO - Sync 1 DAGs
[2023-05-29T22:42:33.324+0000] {logging_mixin.py:149} INFO - [2023-05-29T22:42:33.324+0000] {dag.py:3490} INFO - Setting next_dagrun for example_task_group to 2023-05-28T22:42:33.320136+00:00, run_after=2023-05-29T22:42:33.320136+00:00
[2023-05-29T22:42:33.400+0000] {processor.py:179} INFO - Processing /home/airflow/.local/lib/python3.7/site-packages/airflow/example_dags/example_task_group.py took 0.360 seconds
[2023-05-29T22:43:04.348+0000] {processor.py:157} INFO - Started process (PID=124) to work on /home/airflow/.local/lib/python3.7/site-packages/airflow/example_dags/example_task_group.py
[2023-05-29T22:43:04.350+0000] {processor.py:826} INFO - Processing file /home/airflow/.local/lib/python3.7/site-packages/airflow/example_dags/example_task_group.py for tasks to queue
[2023-05-29T22:43:04.352+0000] {logging_mixin.py:149} INFO - [2023-05-29T22:43:04.352+0000] {dagbag.py:541} INFO - Filling up the DagBag from /home/airflow/.local/lib/python3.7/site-packages/airflow/example_dags/example_task_group.py
[2023-05-29T22:43:04.364+0000] {processor.py:836} INFO - DAG(s) dict_keys(['example_task_group']) retrieved from /home/airflow/.local/lib/python3.7/site-packages/airflow/example_dags/example_task_group.py
[2023-05-29T22:43:04.391+0000] {logging_mixin.py:149} INFO - [2023-05-29T22:43:04.391+0000] {dag.py:2726} INFO - Sync 1 DAGs
[2023-05-29T22:43:04.422+0000] {logging_mixin.py:149} INFO - [2023-05-29T22:43:04.421+0000] {dag.py:3490} INFO - Setting next_dagrun for example_task_group to 2023-05-28T22:43:04.421485+00:00, run_after=2023-05-29T22:43:04.421485+00:00
[2023-05-29T22:43:04.436+0000] {processor.py:179} INFO - Processing /home/airflow/.local/lib/python3.7/site-packages/airflow/example_dags/example_task_group.py took 0.094 seconds
[2023-05-29T22:43:34.582+0000] {processor.py:157} INFO - Started process (PID=180) to work on /home/airflow/.local/lib/python3.7/site-packages/airflow/example_dags/example_task_group.py
[2023-05-29T22:43:34.586+0000] {processor.py:826} INFO - Processing file /home/airflow/.local/lib/python3.7/site-packages/airflow/example_dags/example_task_group.py for tasks to queue
[2023-05-29T22:43:34.587+0000] {logging_mixin.py:149} INFO - [2023-05-29T22:43:34.587+0000] {dagbag.py:541} INFO - Filling up the DagBag from /home/airflow/.local/lib/python3.7/site-packages/airflow/example_dags/example_task_group.py
[2023-05-29T22:43:34.614+0000] {processor.py:836} INFO - DAG(s) dict_keys(['example_task_group']) retrieved from /home/airflow/.local/lib/python3.7/site-packages/airflow/example_dags/example_task_group.py
[2023-05-29T22:43:34.670+0000] {logging_mixin.py:149} INFO - [2023-05-29T22:43:34.669+0000] {dag.py:2726} INFO - Sync 1 DAGs
[2023-05-29T22:43:34.699+0000] {logging_mixin.py:149} INFO - [2023-05-29T22:43:34.699+0000] {dag.py:3490} INFO - Setting next_dagrun for example_task_group to 2023-05-28T22:43:34.698618+00:00, run_after=2023-05-29T22:43:34.698618+00:00
[2023-05-29T22:43:34.720+0000] {processor.py:179} INFO - Processing /home/airflow/.local/lib/python3.7/site-packages/airflow/example_dags/example_task_group.py took 0.156 seconds
[2023-05-29T22:44:04.751+0000] {processor.py:157} INFO - Started process (PID=236) to work on /home/airflow/.local/lib/python3.7/site-packages/airflow/example_dags/example_task_group.py
[2023-05-29T22:44:04.753+0000] {processor.py:826} INFO - Processing file /home/airflow/.local/lib/python3.7/site-packages/airflow/example_dags/example_task_group.py for tasks to queue
[2023-05-29T22:44:04.754+0000] {logging_mixin.py:149} INFO - [2023-05-29T22:44:04.754+0000] {dagbag.py:541} INFO - Filling up the DagBag from /home/airflow/.local/lib/python3.7/site-packages/airflow/example_dags/example_task_group.py
[2023-05-29T22:44:04.763+0000] {processor.py:836} INFO - DAG(s) dict_keys(['example_task_group']) retrieved from /home/airflow/.local/lib/python3.7/site-packages/airflow/example_dags/example_task_group.py
[2023-05-29T22:44:04.798+0000] {logging_mixin.py:149} INFO - [2023-05-29T22:44:04.798+0000] {dag.py:2726} INFO - Sync 1 DAGs
[2023-05-29T22:44:04.826+0000] {logging_mixin.py:149} INFO - [2023-05-29T22:44:04.825+0000] {dag.py:3490} INFO - Setting next_dagrun for example_task_group to 2023-05-28T22:44:04.825416+00:00, run_after=2023-05-29T22:44:04.825416+00:00
[2023-05-29T22:44:04.900+0000] {processor.py:179} INFO - Processing /home/airflow/.local/lib/python3.7/site-packages/airflow/example_dags/example_task_group.py took 0.154 seconds
[2023-05-29T22:44:35.618+0000] {processor.py:157} INFO - Started process (PID=300) to work on /home/airflow/.local/lib/python3.7/site-packages/airflow/example_dags/example_task_group.py
[2023-05-29T22:44:35.619+0000] {processor.py:826} INFO - Processing file /home/airflow/.local/lib/python3.7/site-packages/airflow/example_dags/example_task_group.py for tasks to queue
[2023-05-29T22:44:35.620+0000] {logging_mixin.py:149} INFO - [2023-05-29T22:44:35.620+0000] {dagbag.py:541} INFO - Filling up the DagBag from /home/airflow/.local/lib/python3.7/site-packages/airflow/example_dags/example_task_group.py
[2023-05-29T22:44:35.627+0000] {processor.py:836} INFO - DAG(s) dict_keys(['example_task_group']) retrieved from /home/airflow/.local/lib/python3.7/site-packages/airflow/example_dags/example_task_group.py
[2023-05-29T22:44:35.661+0000] {logging_mixin.py:149} INFO - [2023-05-29T22:44:35.661+0000] {dag.py:2726} INFO - Sync 1 DAGs
[2023-05-29T22:44:35.682+0000] {logging_mixin.py:149} INFO - [2023-05-29T22:44:35.682+0000] {dag.py:3490} INFO - Setting next_dagrun for example_task_group to 2023-05-28T22:44:35.681797+00:00, run_after=2023-05-29T22:44:35.681797+00:00
[2023-05-29T22:44:35.703+0000] {processor.py:179} INFO - Processing /home/airflow/.local/lib/python3.7/site-packages/airflow/example_dags/example_task_group.py took 0.088 seconds
[2023-05-29T22:45:06.530+0000] {processor.py:157} INFO - Started process (PID=356) to work on /home/airflow/.local/lib/python3.7/site-packages/airflow/example_dags/example_task_group.py
[2023-05-29T22:45:06.531+0000] {processor.py:826} INFO - Processing file /home/airflow/.local/lib/python3.7/site-packages/airflow/example_dags/example_task_group.py for tasks to queue
[2023-05-29T22:45:06.532+0000] {logging_mixin.py:149} INFO - [2023-05-29T22:45:06.531+0000] {dagbag.py:541} INFO - Filling up the DagBag from /home/airflow/.local/lib/python3.7/site-packages/airflow/example_dags/example_task_group.py
[2023-05-29T22:45:06.538+0000] {processor.py:836} INFO - DAG(s) dict_keys(['example_task_group']) retrieved from /home/airflow/.local/lib/python3.7/site-packages/airflow/example_dags/example_task_group.py
[2023-05-29T22:45:06.562+0000] {logging_mixin.py:149} INFO - [2023-05-29T22:45:06.562+0000] {dag.py:2726} INFO - Sync 1 DAGs
[2023-05-29T22:45:06.581+0000] {logging_mixin.py:149} INFO - [2023-05-29T22:45:06.581+0000] {dag.py:3490} INFO - Setting next_dagrun for example_task_group to 2023-05-28T22:45:06.581039+00:00, run_after=2023-05-29T22:45:06.581039+00:00
[2023-05-29T22:45:06.596+0000] {processor.py:179} INFO - Processing /home/airflow/.local/lib/python3.7/site-packages/airflow/example_dags/example_task_group.py took 0.068 seconds
[2023-05-29T22:45:37.920+0000] {processor.py:157} INFO - Started process (PID=412) to work on /home/airflow/.local/lib/python3.7/site-packages/airflow/example_dags/example_task_group.py
[2023-05-29T22:45:37.922+0000] {processor.py:826} INFO - Processing file /home/airflow/.local/lib/python3.7/site-packages/airflow/example_dags/example_task_group.py for tasks to queue
[2023-05-29T22:45:37.922+0000] {logging_mixin.py:149} INFO - [2023-05-29T22:45:37.922+0000] {dagbag.py:541} INFO - Filling up the DagBag from /home/airflow/.local/lib/python3.7/site-packages/airflow/example_dags/example_task_group.py
[2023-05-29T22:45:37.932+0000] {processor.py:836} INFO - DAG(s) dict_keys(['example_task_group']) retrieved from /home/airflow/.local/lib/python3.7/site-packages/airflow/example_dags/example_task_group.py
[2023-05-29T22:45:37.957+0000] {logging_mixin.py:149} INFO - [2023-05-29T22:45:37.956+0000] {dag.py:2726} INFO - Sync 1 DAGs
[2023-05-29T22:45:37.986+0000] {logging_mixin.py:149} INFO - [2023-05-29T22:45:37.985+0000] {dag.py:3490} INFO - Setting next_dagrun for example_task_group to 2023-05-28T22:45:37.985483+00:00, run_after=2023-05-29T22:45:37.985483+00:00
[2023-05-29T22:45:38.006+0000] {processor.py:179} INFO - Processing /home/airflow/.local/lib/python3.7/site-packages/airflow/example_dags/example_task_group.py took 0.090 seconds
[2023-05-29T22:46:09.200+0000] {processor.py:157} INFO - Started process (PID=468) to work on /home/airflow/.local/lib/python3.7/site-packages/airflow/example_dags/example_task_group.py
[2023-05-29T22:46:09.203+0000] {processor.py:826} INFO - Processing file /home/airflow/.local/lib/python3.7/site-packages/airflow/example_dags/example_task_group.py for tasks to queue
[2023-05-29T22:46:09.209+0000] {logging_mixin.py:149} INFO - [2023-05-29T22:46:09.208+0000] {dagbag.py:541} INFO - Filling up the DagBag from /home/airflow/.local/lib/python3.7/site-packages/airflow/example_dags/example_task_group.py
[2023-05-29T22:46:09.223+0000] {processor.py:836} INFO - DAG(s) dict_keys(['example_task_group']) retrieved from /home/airflow/.local/lib/python3.7/site-packages/airflow/example_dags/example_task_group.py
[2023-05-29T22:46:09.262+0000] {logging_mixin.py:149} INFO - [2023-05-29T22:46:09.262+0000] {dag.py:2726} INFO - Sync 1 DAGs
[2023-05-29T22:46:09.286+0000] {logging_mixin.py:149} INFO - [2023-05-29T22:46:09.286+0000] {dag.py:3490} INFO - Setting next_dagrun for example_task_group to 2023-05-28T22:46:09.285887+00:00, run_after=2023-05-29T22:46:09.285887+00:00
[2023-05-29T22:46:09.307+0000] {processor.py:179} INFO - Processing /home/airflow/.local/lib/python3.7/site-packages/airflow/example_dags/example_task_group.py took 0.112 seconds
[2023-05-29T22:46:40.061+0000] {processor.py:157} INFO - Started process (PID=524) to work on /home/airflow/.local/lib/python3.7/site-packages/airflow/example_dags/example_task_group.py
[2023-05-29T22:46:40.062+0000] {processor.py:826} INFO - Processing file /home/airflow/.local/lib/python3.7/site-packages/airflow/example_dags/example_task_group.py for tasks to queue
[2023-05-29T22:46:40.063+0000] {logging_mixin.py:149} INFO - [2023-05-29T22:46:40.063+0000] {dagbag.py:541} INFO - Filling up the DagBag from /home/airflow/.local/lib/python3.7/site-packages/airflow/example_dags/example_task_group.py
[2023-05-29T22:46:40.069+0000] {processor.py:836} INFO - DAG(s) dict_keys(['example_task_group']) retrieved from /home/airflow/.local/lib/python3.7/site-packages/airflow/example_dags/example_task_group.py
[2023-05-29T22:46:40.096+0000] {logging_mixin.py:149} INFO - [2023-05-29T22:46:40.096+0000] {dag.py:2726} INFO - Sync 1 DAGs
[2023-05-29T22:46:40.112+0000] {logging_mixin.py:149} INFO - [2023-05-29T22:46:40.112+0000] {dag.py:3490} INFO - Setting next_dagrun for example_task_group to 2023-05-28T22:46:40.112503+00:00, run_after=2023-05-29T22:46:40.112503+00:00
[2023-05-29T22:46:40.125+0000] {processor.py:179} INFO - Processing /home/airflow/.local/lib/python3.7/site-packages/airflow/example_dags/example_task_group.py took 0.068 seconds
[2023-05-29T22:47:11.397+0000] {processor.py:157} INFO - Started process (PID=580) to work on /home/airflow/.local/lib/python3.7/site-packages/airflow/example_dags/example_task_group.py
[2023-05-29T22:47:11.403+0000] {processor.py:826} INFO - Processing file /home/airflow/.local/lib/python3.7/site-packages/airflow/example_dags/example_task_group.py for tasks to queue
[2023-05-29T22:47:11.409+0000] {logging_mixin.py:149} INFO - [2023-05-29T22:47:11.409+0000] {dagbag.py:541} INFO - Filling up the DagBag from /home/airflow/.local/lib/python3.7/site-packages/airflow/example_dags/example_task_group.py
[2023-05-29T22:47:11.433+0000] {processor.py:836} INFO - DAG(s) dict_keys(['example_task_group']) retrieved from /home/airflow/.local/lib/python3.7/site-packages/airflow/example_dags/example_task_group.py
[2023-05-29T22:47:11.498+0000] {logging_mixin.py:149} INFO - [2023-05-29T22:47:11.498+0000] {dag.py:2726} INFO - Sync 1 DAGs
[2023-05-29T22:47:11.534+0000] {logging_mixin.py:149} INFO - [2023-05-29T22:47:11.534+0000] {dag.py:3490} INFO - Setting next_dagrun for example_task_group to 2023-05-28T22:47:11.533496+00:00, run_after=2023-05-29T22:47:11.533496+00:00
[2023-05-29T22:47:11.559+0000] {processor.py:179} INFO - Processing /home/airflow/.local/lib/python3.7/site-packages/airflow/example_dags/example_task_group.py took 0.172 seconds
[2023-05-29T22:47:42.367+0000] {processor.py:157} INFO - Started process (PID=635) to work on /home/airflow/.local/lib/python3.7/site-packages/airflow/example_dags/example_task_group.py
[2023-05-29T22:47:42.370+0000] {processor.py:826} INFO - Processing file /home/airflow/.local/lib/python3.7/site-packages/airflow/example_dags/example_task_group.py for tasks to queue
[2023-05-29T22:47:42.373+0000] {logging_mixin.py:149} INFO - [2023-05-29T22:47:42.373+0000] {dagbag.py:541} INFO - Filling up the DagBag from /home/airflow/.local/lib/python3.7/site-packages/airflow/example_dags/example_task_group.py
[2023-05-29T22:47:42.399+0000] {processor.py:836} INFO - DAG(s) dict_keys(['example_task_group']) retrieved from /home/airflow/.local/lib/python3.7/site-packages/airflow/example_dags/example_task_group.py
[2023-05-29T22:47:42.440+0000] {logging_mixin.py:149} INFO - [2023-05-29T22:47:42.440+0000] {dag.py:2726} INFO - Sync 1 DAGs
[2023-05-29T22:47:42.469+0000] {logging_mixin.py:149} INFO - [2023-05-29T22:47:42.469+0000] {dag.py:3490} INFO - Setting next_dagrun for example_task_group to 2023-05-28T22:47:42.468946+00:00, run_after=2023-05-29T22:47:42.468946+00:00
[2023-05-29T22:47:42.488+0000] {processor.py:179} INFO - Processing /home/airflow/.local/lib/python3.7/site-packages/airflow/example_dags/example_task_group.py took 0.133 seconds
[2023-05-29T22:48:13.343+0000] {processor.py:157} INFO - Started process (PID=691) to work on /home/airflow/.local/lib/python3.7/site-packages/airflow/example_dags/example_task_group.py
[2023-05-29T22:48:13.346+0000] {processor.py:826} INFO - Processing file /home/airflow/.local/lib/python3.7/site-packages/airflow/example_dags/example_task_group.py for tasks to queue
[2023-05-29T22:48:13.351+0000] {logging_mixin.py:149} INFO - [2023-05-29T22:48:13.350+0000] {dagbag.py:541} INFO - Filling up the DagBag from /home/airflow/.local/lib/python3.7/site-packages/airflow/example_dags/example_task_group.py
[2023-05-29T22:48:13.367+0000] {processor.py:836} INFO - DAG(s) dict_keys(['example_task_group']) retrieved from /home/airflow/.local/lib/python3.7/site-packages/airflow/example_dags/example_task_group.py
[2023-05-29T22:48:13.404+0000] {logging_mixin.py:149} INFO - [2023-05-29T22:48:13.403+0000] {dag.py:2726} INFO - Sync 1 DAGs
[2023-05-29T22:48:13.430+0000] {logging_mixin.py:149} INFO - [2023-05-29T22:48:13.430+0000] {dag.py:3490} INFO - Setting next_dagrun for example_task_group to 2023-05-28T22:48:13.430045+00:00, run_after=2023-05-29T22:48:13.430045+00:00
[2023-05-29T22:48:13.446+0000] {processor.py:179} INFO - Processing /home/airflow/.local/lib/python3.7/site-packages/airflow/example_dags/example_task_group.py took 0.110 seconds
[2023-05-29T22:49:28.502+0000] {processor.py:157} INFO - Started process (PID=69) to work on /home/airflow/.local/lib/python3.7/site-packages/airflow/example_dags/example_task_group.py
[2023-05-29T22:49:28.506+0000] {processor.py:826} INFO - Processing file /home/airflow/.local/lib/python3.7/site-packages/airflow/example_dags/example_task_group.py for tasks to queue
[2023-05-29T22:49:28.508+0000] {logging_mixin.py:149} INFO - [2023-05-29T22:49:28.508+0000] {dagbag.py:541} INFO - Filling up the DagBag from /home/airflow/.local/lib/python3.7/site-packages/airflow/example_dags/example_task_group.py
[2023-05-29T22:49:28.526+0000] {processor.py:836} INFO - DAG(s) dict_keys(['example_task_group']) retrieved from /home/airflow/.local/lib/python3.7/site-packages/airflow/example_dags/example_task_group.py
[2023-05-29T22:49:28.563+0000] {logging_mixin.py:149} INFO - [2023-05-29T22:49:28.563+0000] {dag.py:2726} INFO - Sync 1 DAGs
[2023-05-29T22:49:28.625+0000] {logging_mixin.py:149} INFO - [2023-05-29T22:49:28.625+0000] {dag.py:3490} INFO - Setting next_dagrun for example_task_group to 2023-05-28T22:49:28.625016+00:00, run_after=2023-05-29T22:49:28.625016+00:00
[2023-05-29T22:49:28.666+0000] {processor.py:179} INFO - Processing /home/airflow/.local/lib/python3.7/site-packages/airflow/example_dags/example_task_group.py took 0.179 seconds
[2023-05-29T22:49:58.938+0000] {processor.py:157} INFO - Started process (PID=125) to work on /home/airflow/.local/lib/python3.7/site-packages/airflow/example_dags/example_task_group.py
[2023-05-29T22:49:58.940+0000] {processor.py:826} INFO - Processing file /home/airflow/.local/lib/python3.7/site-packages/airflow/example_dags/example_task_group.py for tasks to queue
[2023-05-29T22:49:58.940+0000] {logging_mixin.py:149} INFO - [2023-05-29T22:49:58.940+0000] {dagbag.py:541} INFO - Filling up the DagBag from /home/airflow/.local/lib/python3.7/site-packages/airflow/example_dags/example_task_group.py
[2023-05-29T22:49:58.946+0000] {processor.py:836} INFO - DAG(s) dict_keys(['example_task_group']) retrieved from /home/airflow/.local/lib/python3.7/site-packages/airflow/example_dags/example_task_group.py
[2023-05-29T22:49:58.965+0000] {logging_mixin.py:149} INFO - [2023-05-29T22:49:58.965+0000] {dag.py:2726} INFO - Sync 1 DAGs
[2023-05-29T22:49:58.980+0000] {logging_mixin.py:149} INFO - [2023-05-29T22:49:58.980+0000] {dag.py:3490} INFO - Setting next_dagrun for example_task_group to 2023-05-28T22:49:58.980157+00:00, run_after=2023-05-29T22:49:58.980157+00:00
[2023-05-29T22:49:58.990+0000] {processor.py:179} INFO - Processing /home/airflow/.local/lib/python3.7/site-packages/airflow/example_dags/example_task_group.py took 0.054 seconds
[2023-05-29T22:51:44.374+0000] {processor.py:157} INFO - Started process (PID=69) to work on /home/airflow/.local/lib/python3.7/site-packages/airflow/example_dags/example_task_group.py
[2023-05-29T22:51:44.387+0000] {processor.py:826} INFO - Processing file /home/airflow/.local/lib/python3.7/site-packages/airflow/example_dags/example_task_group.py for tasks to queue
[2023-05-29T22:51:44.389+0000] {logging_mixin.py:149} INFO - [2023-05-29T22:51:44.389+0000] {dagbag.py:541} INFO - Filling up the DagBag from /home/airflow/.local/lib/python3.7/site-packages/airflow/example_dags/example_task_group.py
[2023-05-29T22:51:44.413+0000] {processor.py:836} INFO - DAG(s) dict_keys(['example_task_group']) retrieved from /home/airflow/.local/lib/python3.7/site-packages/airflow/example_dags/example_task_group.py
[2023-05-29T22:51:44.460+0000] {logging_mixin.py:149} INFO - [2023-05-29T22:51:44.460+0000] {dag.py:2726} INFO - Sync 1 DAGs
[2023-05-29T22:51:44.537+0000] {logging_mixin.py:149} INFO - [2023-05-29T22:51:44.522+0000] {dag.py:3490} INFO - Setting next_dagrun for example_task_group to 2023-05-28T22:51:44.521993+00:00, run_after=2023-05-29T22:51:44.521993+00:00
[2023-05-29T22:51:44.644+0000] {processor.py:179} INFO - Processing /home/airflow/.local/lib/python3.7/site-packages/airflow/example_dags/example_task_group.py took 0.274 seconds
[2023-05-29T22:52:15.572+0000] {processor.py:157} INFO - Started process (PID=125) to work on /home/airflow/.local/lib/python3.7/site-packages/airflow/example_dags/example_task_group.py
[2023-05-29T22:52:15.574+0000] {processor.py:826} INFO - Processing file /home/airflow/.local/lib/python3.7/site-packages/airflow/example_dags/example_task_group.py for tasks to queue
[2023-05-29T22:52:15.576+0000] {logging_mixin.py:149} INFO - [2023-05-29T22:52:15.576+0000] {dagbag.py:541} INFO - Filling up the DagBag from /home/airflow/.local/lib/python3.7/site-packages/airflow/example_dags/example_task_group.py
[2023-05-29T22:52:15.587+0000] {processor.py:836} INFO - DAG(s) dict_keys(['example_task_group']) retrieved from /home/airflow/.local/lib/python3.7/site-packages/airflow/example_dags/example_task_group.py
[2023-05-29T22:52:15.607+0000] {logging_mixin.py:149} INFO - [2023-05-29T22:52:15.607+0000] {dag.py:2726} INFO - Sync 1 DAGs
[2023-05-29T22:52:15.628+0000] {logging_mixin.py:149} INFO - [2023-05-29T22:52:15.628+0000] {dag.py:3490} INFO - Setting next_dagrun for example_task_group to 2023-05-28T22:52:15.628151+00:00, run_after=2023-05-29T22:52:15.628151+00:00
[2023-05-29T22:52:15.641+0000] {processor.py:179} INFO - Processing /home/airflow/.local/lib/python3.7/site-packages/airflow/example_dags/example_task_group.py took 0.073 seconds
[2023-05-29T22:52:46.800+0000] {processor.py:157} INFO - Started process (PID=181) to work on /home/airflow/.local/lib/python3.7/site-packages/airflow/example_dags/example_task_group.py
[2023-05-29T22:52:46.804+0000] {processor.py:826} INFO - Processing file /home/airflow/.local/lib/python3.7/site-packages/airflow/example_dags/example_task_group.py for tasks to queue
[2023-05-29T22:52:46.805+0000] {logging_mixin.py:149} INFO - [2023-05-29T22:52:46.805+0000] {dagbag.py:541} INFO - Filling up the DagBag from /home/airflow/.local/lib/python3.7/site-packages/airflow/example_dags/example_task_group.py
[2023-05-29T22:52:46.813+0000] {processor.py:836} INFO - DAG(s) dict_keys(['example_task_group']) retrieved from /home/airflow/.local/lib/python3.7/site-packages/airflow/example_dags/example_task_group.py
[2023-05-29T22:52:46.835+0000] {logging_mixin.py:149} INFO - [2023-05-29T22:52:46.835+0000] {dag.py:2726} INFO - Sync 1 DAGs
[2023-05-29T22:52:46.857+0000] {logging_mixin.py:149} INFO - [2023-05-29T22:52:46.857+0000] {dag.py:3490} INFO - Setting next_dagrun for example_task_group to 2023-05-28T22:52:46.857010+00:00, run_after=2023-05-29T22:52:46.857010+00:00
[2023-05-29T22:52:46.870+0000] {processor.py:179} INFO - Processing /home/airflow/.local/lib/python3.7/site-packages/airflow/example_dags/example_task_group.py took 0.074 seconds
