[2023-05-29T22:42:26.884+0000] {processor.py:157} INFO - Started process (PID=40) to work on /home/airflow/.local/lib/python3.7/site-packages/airflow/example_dags/example_time_delta_sensor_async.py
[2023-05-29T22:42:26.887+0000] {processor.py:826} INFO - Processing file /home/airflow/.local/lib/python3.7/site-packages/airflow/example_dags/example_time_delta_sensor_async.py for tasks to queue
[2023-05-29T22:42:26.890+0000] {logging_mixin.py:149} INFO - [2023-05-29T22:42:26.889+0000] {dagbag.py:541} INFO - Filling up the DagBag from /home/airflow/.local/lib/python3.7/site-packages/airflow/example_dags/example_time_delta_sensor_async.py
[2023-05-29T22:42:26.898+0000] {processor.py:836} INFO - DAG(s) dict_keys(['example_time_delta_sensor_async']) retrieved from /home/airflow/.local/lib/python3.7/site-packages/airflow/example_dags/example_time_delta_sensor_async.py
[2023-05-29T22:42:26.927+0000] {logging_mixin.py:149} INFO - [2023-05-29T22:42:26.927+0000] {dag.py:2726} INFO - Sync 1 DAGs
[2023-05-29T22:42:26.965+0000] {logging_mixin.py:149} INFO - [2023-05-29T22:42:26.965+0000] {dag.py:3490} INFO - Setting next_dagrun for example_time_delta_sensor_async to None, run_after=None
[2023-05-29T22:42:26.986+0000] {processor.py:179} INFO - Processing /home/airflow/.local/lib/python3.7/site-packages/airflow/example_dags/example_time_delta_sensor_async.py took 0.111 seconds
[2023-05-29T22:42:57.343+0000] {processor.py:157} INFO - Started process (PID=96) to work on /home/airflow/.local/lib/python3.7/site-packages/airflow/example_dags/example_time_delta_sensor_async.py
[2023-05-29T22:42:57.349+0000] {processor.py:826} INFO - Processing file /home/airflow/.local/lib/python3.7/site-packages/airflow/example_dags/example_time_delta_sensor_async.py for tasks to queue
[2023-05-29T22:42:57.350+0000] {logging_mixin.py:149} INFO - [2023-05-29T22:42:57.350+0000] {dagbag.py:541} INFO - Filling up the DagBag from /home/airflow/.local/lib/python3.7/site-packages/airflow/example_dags/example_time_delta_sensor_async.py
[2023-05-29T22:42:57.358+0000] {processor.py:836} INFO - DAG(s) dict_keys(['example_time_delta_sensor_async']) retrieved from /home/airflow/.local/lib/python3.7/site-packages/airflow/example_dags/example_time_delta_sensor_async.py
[2023-05-29T22:42:57.400+0000] {logging_mixin.py:149} INFO - [2023-05-29T22:42:57.400+0000] {dag.py:2726} INFO - Sync 1 DAGs
[2023-05-29T22:42:57.427+0000] {logging_mixin.py:149} INFO - [2023-05-29T22:42:57.427+0000] {dag.py:3490} INFO - Setting next_dagrun for example_time_delta_sensor_async to None, run_after=None
[2023-05-29T22:42:57.442+0000] {processor.py:179} INFO - Processing /home/airflow/.local/lib/python3.7/site-packages/airflow/example_dags/example_time_delta_sensor_async.py took 0.112 seconds
[2023-05-29T22:43:27.650+0000] {processor.py:157} INFO - Started process (PID=152) to work on /home/airflow/.local/lib/python3.7/site-packages/airflow/example_dags/example_time_delta_sensor_async.py
[2023-05-29T22:43:27.651+0000] {processor.py:826} INFO - Processing file /home/airflow/.local/lib/python3.7/site-packages/airflow/example_dags/example_time_delta_sensor_async.py for tasks to queue
[2023-05-29T22:43:27.652+0000] {logging_mixin.py:149} INFO - [2023-05-29T22:43:27.651+0000] {dagbag.py:541} INFO - Filling up the DagBag from /home/airflow/.local/lib/python3.7/site-packages/airflow/example_dags/example_time_delta_sensor_async.py
[2023-05-29T22:43:27.655+0000] {processor.py:836} INFO - DAG(s) dict_keys(['example_time_delta_sensor_async']) retrieved from /home/airflow/.local/lib/python3.7/site-packages/airflow/example_dags/example_time_delta_sensor_async.py
[2023-05-29T22:43:27.674+0000] {logging_mixin.py:149} INFO - [2023-05-29T22:43:27.674+0000] {dag.py:2726} INFO - Sync 1 DAGs
[2023-05-29T22:43:27.690+0000] {logging_mixin.py:149} INFO - [2023-05-29T22:43:27.690+0000] {dag.py:3490} INFO - Setting next_dagrun for example_time_delta_sensor_async to None, run_after=None
[2023-05-29T22:43:27.702+0000] {processor.py:179} INFO - Processing /home/airflow/.local/lib/python3.7/site-packages/airflow/example_dags/example_time_delta_sensor_async.py took 0.056 seconds
[2023-05-29T22:43:58.225+0000] {processor.py:157} INFO - Started process (PID=208) to work on /home/airflow/.local/lib/python3.7/site-packages/airflow/example_dags/example_time_delta_sensor_async.py
[2023-05-29T22:43:58.226+0000] {processor.py:826} INFO - Processing file /home/airflow/.local/lib/python3.7/site-packages/airflow/example_dags/example_time_delta_sensor_async.py for tasks to queue
[2023-05-29T22:43:58.227+0000] {logging_mixin.py:149} INFO - [2023-05-29T22:43:58.227+0000] {dagbag.py:541} INFO - Filling up the DagBag from /home/airflow/.local/lib/python3.7/site-packages/airflow/example_dags/example_time_delta_sensor_async.py
[2023-05-29T22:43:58.230+0000] {processor.py:836} INFO - DAG(s) dict_keys(['example_time_delta_sensor_async']) retrieved from /home/airflow/.local/lib/python3.7/site-packages/airflow/example_dags/example_time_delta_sensor_async.py
[2023-05-29T22:43:58.251+0000] {logging_mixin.py:149} INFO - [2023-05-29T22:43:58.250+0000] {dag.py:2726} INFO - Sync 1 DAGs
[2023-05-29T22:43:58.266+0000] {logging_mixin.py:149} INFO - [2023-05-29T22:43:58.266+0000] {dag.py:3490} INFO - Setting next_dagrun for example_time_delta_sensor_async to None, run_after=None
[2023-05-29T22:43:58.277+0000] {processor.py:179} INFO - Processing /home/airflow/.local/lib/python3.7/site-packages/airflow/example_dags/example_time_delta_sensor_async.py took 0.054 seconds
[2023-05-29T22:44:28.595+0000] {processor.py:157} INFO - Started process (PID=272) to work on /home/airflow/.local/lib/python3.7/site-packages/airflow/example_dags/example_time_delta_sensor_async.py
[2023-05-29T22:44:28.596+0000] {processor.py:826} INFO - Processing file /home/airflow/.local/lib/python3.7/site-packages/airflow/example_dags/example_time_delta_sensor_async.py for tasks to queue
[2023-05-29T22:44:28.597+0000] {logging_mixin.py:149} INFO - [2023-05-29T22:44:28.597+0000] {dagbag.py:541} INFO - Filling up the DagBag from /home/airflow/.local/lib/python3.7/site-packages/airflow/example_dags/example_time_delta_sensor_async.py
[2023-05-29T22:44:28.601+0000] {processor.py:836} INFO - DAG(s) dict_keys(['example_time_delta_sensor_async']) retrieved from /home/airflow/.local/lib/python3.7/site-packages/airflow/example_dags/example_time_delta_sensor_async.py
[2023-05-29T22:44:28.620+0000] {logging_mixin.py:149} INFO - [2023-05-29T22:44:28.620+0000] {dag.py:2726} INFO - Sync 1 DAGs
[2023-05-29T22:44:28.636+0000] {logging_mixin.py:149} INFO - [2023-05-29T22:44:28.636+0000] {dag.py:3490} INFO - Setting next_dagrun for example_time_delta_sensor_async to None, run_after=None
[2023-05-29T22:44:28.647+0000] {processor.py:179} INFO - Processing /home/airflow/.local/lib/python3.7/site-packages/airflow/example_dags/example_time_delta_sensor_async.py took 0.055 seconds
[2023-05-29T22:44:59.107+0000] {processor.py:157} INFO - Started process (PID=328) to work on /home/airflow/.local/lib/python3.7/site-packages/airflow/example_dags/example_time_delta_sensor_async.py
[2023-05-29T22:44:59.108+0000] {processor.py:826} INFO - Processing file /home/airflow/.local/lib/python3.7/site-packages/airflow/example_dags/example_time_delta_sensor_async.py for tasks to queue
[2023-05-29T22:44:59.109+0000] {logging_mixin.py:149} INFO - [2023-05-29T22:44:59.109+0000] {dagbag.py:541} INFO - Filling up the DagBag from /home/airflow/.local/lib/python3.7/site-packages/airflow/example_dags/example_time_delta_sensor_async.py
[2023-05-29T22:44:59.113+0000] {processor.py:836} INFO - DAG(s) dict_keys(['example_time_delta_sensor_async']) retrieved from /home/airflow/.local/lib/python3.7/site-packages/airflow/example_dags/example_time_delta_sensor_async.py
[2023-05-29T22:44:59.133+0000] {logging_mixin.py:149} INFO - [2023-05-29T22:44:59.133+0000] {dag.py:2726} INFO - Sync 1 DAGs
[2023-05-29T22:44:59.152+0000] {logging_mixin.py:149} INFO - [2023-05-29T22:44:59.152+0000] {dag.py:3490} INFO - Setting next_dagrun for example_time_delta_sensor_async to None, run_after=None
[2023-05-29T22:44:59.166+0000] {processor.py:179} INFO - Processing /home/airflow/.local/lib/python3.7/site-packages/airflow/example_dags/example_time_delta_sensor_async.py took 0.062 seconds
[2023-05-29T22:45:29.585+0000] {processor.py:157} INFO - Started process (PID=384) to work on /home/airflow/.local/lib/python3.7/site-packages/airflow/example_dags/example_time_delta_sensor_async.py
[2023-05-29T22:45:29.587+0000] {processor.py:826} INFO - Processing file /home/airflow/.local/lib/python3.7/site-packages/airflow/example_dags/example_time_delta_sensor_async.py for tasks to queue
[2023-05-29T22:45:29.588+0000] {logging_mixin.py:149} INFO - [2023-05-29T22:45:29.588+0000] {dagbag.py:541} INFO - Filling up the DagBag from /home/airflow/.local/lib/python3.7/site-packages/airflow/example_dags/example_time_delta_sensor_async.py
[2023-05-29T22:45:29.591+0000] {processor.py:836} INFO - DAG(s) dict_keys(['example_time_delta_sensor_async']) retrieved from /home/airflow/.local/lib/python3.7/site-packages/airflow/example_dags/example_time_delta_sensor_async.py
[2023-05-29T22:45:29.614+0000] {logging_mixin.py:149} INFO - [2023-05-29T22:45:29.614+0000] {dag.py:2726} INFO - Sync 1 DAGs
[2023-05-29T22:45:29.631+0000] {logging_mixin.py:149} INFO - [2023-05-29T22:45:29.631+0000] {dag.py:3490} INFO - Setting next_dagrun for example_time_delta_sensor_async to None, run_after=None
[2023-05-29T22:45:29.648+0000] {processor.py:179} INFO - Processing /home/airflow/.local/lib/python3.7/site-packages/airflow/example_dags/example_time_delta_sensor_async.py took 0.066 seconds
[2023-05-29T22:46:00.105+0000] {processor.py:157} INFO - Started process (PID=440) to work on /home/airflow/.local/lib/python3.7/site-packages/airflow/example_dags/example_time_delta_sensor_async.py
[2023-05-29T22:46:00.108+0000] {processor.py:826} INFO - Processing file /home/airflow/.local/lib/python3.7/site-packages/airflow/example_dags/example_time_delta_sensor_async.py for tasks to queue
[2023-05-29T22:46:00.110+0000] {logging_mixin.py:149} INFO - [2023-05-29T22:46:00.109+0000] {dagbag.py:541} INFO - Filling up the DagBag from /home/airflow/.local/lib/python3.7/site-packages/airflow/example_dags/example_time_delta_sensor_async.py
[2023-05-29T22:46:00.115+0000] {processor.py:836} INFO - DAG(s) dict_keys(['example_time_delta_sensor_async']) retrieved from /home/airflow/.local/lib/python3.7/site-packages/airflow/example_dags/example_time_delta_sensor_async.py
[2023-05-29T22:46:00.136+0000] {logging_mixin.py:149} INFO - [2023-05-29T22:46:00.136+0000] {dag.py:2726} INFO - Sync 1 DAGs
[2023-05-29T22:46:00.152+0000] {logging_mixin.py:149} INFO - [2023-05-29T22:46:00.152+0000] {dag.py:3490} INFO - Setting next_dagrun for example_time_delta_sensor_async to None, run_after=None
[2023-05-29T22:46:00.167+0000] {processor.py:179} INFO - Processing /home/airflow/.local/lib/python3.7/site-packages/airflow/example_dags/example_time_delta_sensor_async.py took 0.065 seconds
[2023-05-29T22:46:30.528+0000] {processor.py:157} INFO - Started process (PID=496) to work on /home/airflow/.local/lib/python3.7/site-packages/airflow/example_dags/example_time_delta_sensor_async.py
[2023-05-29T22:46:30.529+0000] {processor.py:826} INFO - Processing file /home/airflow/.local/lib/python3.7/site-packages/airflow/example_dags/example_time_delta_sensor_async.py for tasks to queue
[2023-05-29T22:46:30.530+0000] {logging_mixin.py:149} INFO - [2023-05-29T22:46:30.530+0000] {dagbag.py:541} INFO - Filling up the DagBag from /home/airflow/.local/lib/python3.7/site-packages/airflow/example_dags/example_time_delta_sensor_async.py
[2023-05-29T22:46:30.534+0000] {processor.py:836} INFO - DAG(s) dict_keys(['example_time_delta_sensor_async']) retrieved from /home/airflow/.local/lib/python3.7/site-packages/airflow/example_dags/example_time_delta_sensor_async.py
[2023-05-29T22:46:30.559+0000] {logging_mixin.py:149} INFO - [2023-05-29T22:46:30.559+0000] {dag.py:2726} INFO - Sync 1 DAGs
[2023-05-29T22:46:30.579+0000] {logging_mixin.py:149} INFO - [2023-05-29T22:46:30.578+0000] {dag.py:3490} INFO - Setting next_dagrun for example_time_delta_sensor_async to None, run_after=None
[2023-05-29T22:46:30.590+0000] {processor.py:179} INFO - Processing /home/airflow/.local/lib/python3.7/site-packages/airflow/example_dags/example_time_delta_sensor_async.py took 0.065 seconds
[2023-05-29T22:47:00.749+0000] {processor.py:157} INFO - Started process (PID=552) to work on /home/airflow/.local/lib/python3.7/site-packages/airflow/example_dags/example_time_delta_sensor_async.py
[2023-05-29T22:47:00.750+0000] {processor.py:826} INFO - Processing file /home/airflow/.local/lib/python3.7/site-packages/airflow/example_dags/example_time_delta_sensor_async.py for tasks to queue
[2023-05-29T22:47:00.751+0000] {logging_mixin.py:149} INFO - [2023-05-29T22:47:00.751+0000] {dagbag.py:541} INFO - Filling up the DagBag from /home/airflow/.local/lib/python3.7/site-packages/airflow/example_dags/example_time_delta_sensor_async.py
[2023-05-29T22:47:00.757+0000] {processor.py:836} INFO - DAG(s) dict_keys(['example_time_delta_sensor_async']) retrieved from /home/airflow/.local/lib/python3.7/site-packages/airflow/example_dags/example_time_delta_sensor_async.py
[2023-05-29T22:47:00.778+0000] {logging_mixin.py:149} INFO - [2023-05-29T22:47:00.778+0000] {dag.py:2726} INFO - Sync 1 DAGs
[2023-05-29T22:47:00.793+0000] {logging_mixin.py:149} INFO - [2023-05-29T22:47:00.793+0000] {dag.py:3490} INFO - Setting next_dagrun for example_time_delta_sensor_async to None, run_after=None
[2023-05-29T22:47:00.805+0000] {processor.py:179} INFO - Processing /home/airflow/.local/lib/python3.7/site-packages/airflow/example_dags/example_time_delta_sensor_async.py took 0.060 seconds
[2023-05-29T22:47:32.058+0000] {processor.py:157} INFO - Started process (PID=607) to work on /home/airflow/.local/lib/python3.7/site-packages/airflow/example_dags/example_time_delta_sensor_async.py
[2023-05-29T22:47:32.060+0000] {processor.py:826} INFO - Processing file /home/airflow/.local/lib/python3.7/site-packages/airflow/example_dags/example_time_delta_sensor_async.py for tasks to queue
[2023-05-29T22:47:32.060+0000] {logging_mixin.py:149} INFO - [2023-05-29T22:47:32.060+0000] {dagbag.py:541} INFO - Filling up the DagBag from /home/airflow/.local/lib/python3.7/site-packages/airflow/example_dags/example_time_delta_sensor_async.py
[2023-05-29T22:47:32.064+0000] {processor.py:836} INFO - DAG(s) dict_keys(['example_time_delta_sensor_async']) retrieved from /home/airflow/.local/lib/python3.7/site-packages/airflow/example_dags/example_time_delta_sensor_async.py
[2023-05-29T22:47:32.091+0000] {logging_mixin.py:149} INFO - [2023-05-29T22:47:32.091+0000] {dag.py:2726} INFO - Sync 1 DAGs
[2023-05-29T22:47:32.113+0000] {logging_mixin.py:149} INFO - [2023-05-29T22:47:32.113+0000] {dag.py:3490} INFO - Setting next_dagrun for example_time_delta_sensor_async to None, run_after=None
[2023-05-29T22:47:32.139+0000] {processor.py:179} INFO - Processing /home/airflow/.local/lib/python3.7/site-packages/airflow/example_dags/example_time_delta_sensor_async.py took 0.083 seconds
[2023-05-29T22:48:02.322+0000] {processor.py:157} INFO - Started process (PID=663) to work on /home/airflow/.local/lib/python3.7/site-packages/airflow/example_dags/example_time_delta_sensor_async.py
[2023-05-29T22:48:02.324+0000] {processor.py:826} INFO - Processing file /home/airflow/.local/lib/python3.7/site-packages/airflow/example_dags/example_time_delta_sensor_async.py for tasks to queue
[2023-05-29T22:48:02.325+0000] {logging_mixin.py:149} INFO - [2023-05-29T22:48:02.325+0000] {dagbag.py:541} INFO - Filling up the DagBag from /home/airflow/.local/lib/python3.7/site-packages/airflow/example_dags/example_time_delta_sensor_async.py
[2023-05-29T22:48:02.329+0000] {processor.py:836} INFO - DAG(s) dict_keys(['example_time_delta_sensor_async']) retrieved from /home/airflow/.local/lib/python3.7/site-packages/airflow/example_dags/example_time_delta_sensor_async.py
[2023-05-29T22:48:02.349+0000] {logging_mixin.py:149} INFO - [2023-05-29T22:48:02.349+0000] {dag.py:2726} INFO - Sync 1 DAGs
[2023-05-29T22:48:02.366+0000] {logging_mixin.py:149} INFO - [2023-05-29T22:48:02.366+0000] {dag.py:3490} INFO - Setting next_dagrun for example_time_delta_sensor_async to None, run_after=None
[2023-05-29T22:48:02.378+0000] {processor.py:179} INFO - Processing /home/airflow/.local/lib/python3.7/site-packages/airflow/example_dags/example_time_delta_sensor_async.py took 0.059 seconds
[2023-05-29T22:49:24.469+0000] {processor.py:157} INFO - Started process (PID=41) to work on /home/airflow/.local/lib/python3.7/site-packages/airflow/example_dags/example_time_delta_sensor_async.py
[2023-05-29T22:49:24.472+0000] {processor.py:826} INFO - Processing file /home/airflow/.local/lib/python3.7/site-packages/airflow/example_dags/example_time_delta_sensor_async.py for tasks to queue
[2023-05-29T22:49:24.474+0000] {logging_mixin.py:149} INFO - [2023-05-29T22:49:24.474+0000] {dagbag.py:541} INFO - Filling up the DagBag from /home/airflow/.local/lib/python3.7/site-packages/airflow/example_dags/example_time_delta_sensor_async.py
[2023-05-29T22:49:24.484+0000] {processor.py:836} INFO - DAG(s) dict_keys(['example_time_delta_sensor_async']) retrieved from /home/airflow/.local/lib/python3.7/site-packages/airflow/example_dags/example_time_delta_sensor_async.py
[2023-05-29T22:49:24.498+0000] {logging_mixin.py:149} INFO - [2023-05-29T22:49:24.498+0000] {dag.py:2726} INFO - Sync 1 DAGs
[2023-05-29T22:49:24.523+0000] {logging_mixin.py:149} INFO - [2023-05-29T22:49:24.523+0000] {dag.py:3490} INFO - Setting next_dagrun for example_time_delta_sensor_async to None, run_after=None
[2023-05-29T22:49:24.538+0000] {processor.py:179} INFO - Processing /home/airflow/.local/lib/python3.7/site-packages/airflow/example_dags/example_time_delta_sensor_async.py took 0.075 seconds
[2023-05-29T22:49:55.063+0000] {processor.py:157} INFO - Started process (PID=97) to work on /home/airflow/.local/lib/python3.7/site-packages/airflow/example_dags/example_time_delta_sensor_async.py
[2023-05-29T22:49:55.065+0000] {processor.py:826} INFO - Processing file /home/airflow/.local/lib/python3.7/site-packages/airflow/example_dags/example_time_delta_sensor_async.py for tasks to queue
[2023-05-29T22:49:55.065+0000] {logging_mixin.py:149} INFO - [2023-05-29T22:49:55.065+0000] {dagbag.py:541} INFO - Filling up the DagBag from /home/airflow/.local/lib/python3.7/site-packages/airflow/example_dags/example_time_delta_sensor_async.py
[2023-05-29T22:49:55.069+0000] {processor.py:836} INFO - DAG(s) dict_keys(['example_time_delta_sensor_async']) retrieved from /home/airflow/.local/lib/python3.7/site-packages/airflow/example_dags/example_time_delta_sensor_async.py
[2023-05-29T22:49:55.090+0000] {logging_mixin.py:149} INFO - [2023-05-29T22:49:55.090+0000] {dag.py:2726} INFO - Sync 1 DAGs
[2023-05-29T22:49:55.112+0000] {logging_mixin.py:149} INFO - [2023-05-29T22:49:55.112+0000] {dag.py:3490} INFO - Setting next_dagrun for example_time_delta_sensor_async to None, run_after=None
[2023-05-29T22:49:55.126+0000] {processor.py:179} INFO - Processing /home/airflow/.local/lib/python3.7/site-packages/airflow/example_dags/example_time_delta_sensor_async.py took 0.066 seconds
[2023-05-29T22:50:29.210+0000] {processor.py:157} INFO - Started process (PID=153) to work on /home/airflow/.local/lib/python3.7/site-packages/airflow/example_dags/example_time_delta_sensor_async.py
[2023-05-29T22:50:29.303+0000] {processor.py:826} INFO - Processing file /home/airflow/.local/lib/python3.7/site-packages/airflow/example_dags/example_time_delta_sensor_async.py for tasks to queue
[2023-05-29T22:50:29.368+0000] {logging_mixin.py:149} INFO - [2023-05-29T22:50:29.367+0000] {dagbag.py:541} INFO - Filling up the DagBag from /home/airflow/.local/lib/python3.7/site-packages/airflow/example_dags/example_time_delta_sensor_async.py
[2023-05-29T22:50:29.469+0000] {processor.py:836} INFO - DAG(s) dict_keys(['example_time_delta_sensor_async']) retrieved from /home/airflow/.local/lib/python3.7/site-packages/airflow/example_dags/example_time_delta_sensor_async.py
[2023-05-29T22:50:29.665+0000] {logging_mixin.py:149} INFO - [2023-05-29T22:50:29.663+0000] {dag.py:2726} INFO - Sync 1 DAGs
[2023-05-29T22:50:29.858+0000] {logging_mixin.py:149} INFO - [2023-05-29T22:50:29.857+0000] {dag.py:3490} INFO - Setting next_dagrun for example_time_delta_sensor_async to None, run_after=None
[2023-05-29T22:50:29.942+0000] {processor.py:179} INFO - Processing /home/airflow/.local/lib/python3.7/site-packages/airflow/example_dags/example_time_delta_sensor_async.py took 0.821 seconds
[2023-05-29T22:51:40.410+0000] {processor.py:157} INFO - Started process (PID=41) to work on /home/airflow/.local/lib/python3.7/site-packages/airflow/example_dags/example_time_delta_sensor_async.py
[2023-05-29T22:51:40.415+0000] {processor.py:826} INFO - Processing file /home/airflow/.local/lib/python3.7/site-packages/airflow/example_dags/example_time_delta_sensor_async.py for tasks to queue
[2023-05-29T22:51:40.417+0000] {logging_mixin.py:149} INFO - [2023-05-29T22:51:40.417+0000] {dagbag.py:541} INFO - Filling up the DagBag from /home/airflow/.local/lib/python3.7/site-packages/airflow/example_dags/example_time_delta_sensor_async.py
[2023-05-29T22:51:40.424+0000] {processor.py:836} INFO - DAG(s) dict_keys(['example_time_delta_sensor_async']) retrieved from /home/airflow/.local/lib/python3.7/site-packages/airflow/example_dags/example_time_delta_sensor_async.py
[2023-05-29T22:51:40.442+0000] {logging_mixin.py:149} INFO - [2023-05-29T22:51:40.442+0000] {dag.py:2726} INFO - Sync 1 DAGs
[2023-05-29T22:51:40.465+0000] {logging_mixin.py:149} INFO - [2023-05-29T22:51:40.465+0000] {dag.py:3490} INFO - Setting next_dagrun for example_time_delta_sensor_async to None, run_after=None
[2023-05-29T22:51:40.503+0000] {processor.py:179} INFO - Processing /home/airflow/.local/lib/python3.7/site-packages/airflow/example_dags/example_time_delta_sensor_async.py took 0.102 seconds
[2023-05-29T22:52:11.415+0000] {processor.py:157} INFO - Started process (PID=97) to work on /home/airflow/.local/lib/python3.7/site-packages/airflow/example_dags/example_time_delta_sensor_async.py
[2023-05-29T22:52:11.417+0000] {processor.py:826} INFO - Processing file /home/airflow/.local/lib/python3.7/site-packages/airflow/example_dags/example_time_delta_sensor_async.py for tasks to queue
[2023-05-29T22:52:11.418+0000] {logging_mixin.py:149} INFO - [2023-05-29T22:52:11.418+0000] {dagbag.py:541} INFO - Filling up the DagBag from /home/airflow/.local/lib/python3.7/site-packages/airflow/example_dags/example_time_delta_sensor_async.py
[2023-05-29T22:52:11.422+0000] {processor.py:836} INFO - DAG(s) dict_keys(['example_time_delta_sensor_async']) retrieved from /home/airflow/.local/lib/python3.7/site-packages/airflow/example_dags/example_time_delta_sensor_async.py
[2023-05-29T22:52:11.441+0000] {logging_mixin.py:149} INFO - [2023-05-29T22:52:11.441+0000] {dag.py:2726} INFO - Sync 1 DAGs
[2023-05-29T22:52:11.458+0000] {logging_mixin.py:149} INFO - [2023-05-29T22:52:11.458+0000] {dag.py:3490} INFO - Setting next_dagrun for example_time_delta_sensor_async to None, run_after=None
[2023-05-29T22:52:11.469+0000] {processor.py:179} INFO - Processing /home/airflow/.local/lib/python3.7/site-packages/airflow/example_dags/example_time_delta_sensor_async.py took 0.057 seconds
[2023-05-29T22:52:41.955+0000] {processor.py:157} INFO - Started process (PID=153) to work on /home/airflow/.local/lib/python3.7/site-packages/airflow/example_dags/example_time_delta_sensor_async.py
[2023-05-29T22:52:41.956+0000] {processor.py:826} INFO - Processing file /home/airflow/.local/lib/python3.7/site-packages/airflow/example_dags/example_time_delta_sensor_async.py for tasks to queue
[2023-05-29T22:52:41.957+0000] {logging_mixin.py:149} INFO - [2023-05-29T22:52:41.957+0000] {dagbag.py:541} INFO - Filling up the DagBag from /home/airflow/.local/lib/python3.7/site-packages/airflow/example_dags/example_time_delta_sensor_async.py
[2023-05-29T22:52:41.961+0000] {processor.py:836} INFO - DAG(s) dict_keys(['example_time_delta_sensor_async']) retrieved from /home/airflow/.local/lib/python3.7/site-packages/airflow/example_dags/example_time_delta_sensor_async.py
[2023-05-29T22:52:41.985+0000] {logging_mixin.py:149} INFO - [2023-05-29T22:52:41.985+0000] {dag.py:2726} INFO - Sync 1 DAGs
[2023-05-29T22:52:42.007+0000] {logging_mixin.py:149} INFO - [2023-05-29T22:52:42.007+0000] {dag.py:3490} INFO - Setting next_dagrun for example_time_delta_sensor_async to None, run_after=None
[2023-05-29T22:52:42.020+0000] {processor.py:179} INFO - Processing /home/airflow/.local/lib/python3.7/site-packages/airflow/example_dags/example_time_delta_sensor_async.py took 0.068 seconds
