[2023-05-29T22:42:29.323+0000] {processor.py:157} INFO - Started process (PID=62) to work on /home/airflow/.local/lib/python3.7/site-packages/airflow/example_dags/example_bash_operator.py
[2023-05-29T22:42:29.352+0000] {processor.py:826} INFO - Processing file /home/airflow/.local/lib/python3.7/site-packages/airflow/example_dags/example_bash_operator.py for tasks to queue
[2023-05-29T22:42:29.363+0000] {logging_mixin.py:149} INFO - [2023-05-29T22:42:29.362+0000] {dagbag.py:541} INFO - Filling up the DagBag from /home/airflow/.local/lib/python3.7/site-packages/airflow/example_dags/example_bash_operator.py
[2023-05-29T22:42:29.482+0000] {processor.py:836} INFO - DAG(s) dict_keys(['example_bash_operator']) retrieved from /home/airflow/.local/lib/python3.7/site-packages/airflow/example_dags/example_bash_operator.py
[2023-05-29T22:42:29.507+0000] {logging_mixin.py:149} INFO - [2023-05-29T22:42:29.507+0000] {dag.py:2726} INFO - Sync 1 DAGs
[2023-05-29T22:42:29.590+0000] {logging_mixin.py:149} INFO - [2023-05-29T22:42:29.585+0000] {dag.py:3490} INFO - Setting next_dagrun for example_bash_operator to 2023-05-28T00:00:00+00:00, run_after=2023-05-29T00:00:00+00:00
[2023-05-29T22:42:29.671+0000] {processor.py:179} INFO - Processing /home/airflow/.local/lib/python3.7/site-packages/airflow/example_dags/example_bash_operator.py took 0.383 seconds
[2023-05-29T22:43:00.385+0000] {processor.py:157} INFO - Started process (PID=117) to work on /home/airflow/.local/lib/python3.7/site-packages/airflow/example_dags/example_bash_operator.py
[2023-05-29T22:43:00.392+0000] {processor.py:826} INFO - Processing file /home/airflow/.local/lib/python3.7/site-packages/airflow/example_dags/example_bash_operator.py for tasks to queue
[2023-05-29T22:43:00.394+0000] {logging_mixin.py:149} INFO - [2023-05-29T22:43:00.394+0000] {dagbag.py:541} INFO - Filling up the DagBag from /home/airflow/.local/lib/python3.7/site-packages/airflow/example_dags/example_bash_operator.py
[2023-05-29T22:43:00.423+0000] {processor.py:836} INFO - DAG(s) dict_keys(['example_bash_operator']) retrieved from /home/airflow/.local/lib/python3.7/site-packages/airflow/example_dags/example_bash_operator.py
[2023-05-29T22:43:00.466+0000] {logging_mixin.py:149} INFO - [2023-05-29T22:43:00.466+0000] {dag.py:2726} INFO - Sync 1 DAGs
[2023-05-29T22:43:00.496+0000] {logging_mixin.py:149} INFO - [2023-05-29T22:43:00.496+0000] {dag.py:3490} INFO - Setting next_dagrun for example_bash_operator to 2023-05-28T00:00:00+00:00, run_after=2023-05-29T00:00:00+00:00
[2023-05-29T22:43:00.510+0000] {processor.py:179} INFO - Processing /home/airflow/.local/lib/python3.7/site-packages/airflow/example_dags/example_bash_operator.py took 0.133 seconds
[2023-05-29T22:43:30.765+0000] {processor.py:157} INFO - Started process (PID=173) to work on /home/airflow/.local/lib/python3.7/site-packages/airflow/example_dags/example_bash_operator.py
[2023-05-29T22:43:30.767+0000] {processor.py:826} INFO - Processing file /home/airflow/.local/lib/python3.7/site-packages/airflow/example_dags/example_bash_operator.py for tasks to queue
[2023-05-29T22:43:30.768+0000] {logging_mixin.py:149} INFO - [2023-05-29T22:43:30.768+0000] {dagbag.py:541} INFO - Filling up the DagBag from /home/airflow/.local/lib/python3.7/site-packages/airflow/example_dags/example_bash_operator.py
[2023-05-29T22:43:30.781+0000] {processor.py:836} INFO - DAG(s) dict_keys(['example_bash_operator']) retrieved from /home/airflow/.local/lib/python3.7/site-packages/airflow/example_dags/example_bash_operator.py
[2023-05-29T22:43:30.806+0000] {logging_mixin.py:149} INFO - [2023-05-29T22:43:30.806+0000] {dag.py:2726} INFO - Sync 1 DAGs
[2023-05-29T22:43:30.822+0000] {logging_mixin.py:149} INFO - [2023-05-29T22:43:30.822+0000] {dag.py:3490} INFO - Setting next_dagrun for example_bash_operator to 2023-05-28T00:00:00+00:00, run_after=2023-05-29T00:00:00+00:00
[2023-05-29T22:43:30.834+0000] {processor.py:179} INFO - Processing /home/airflow/.local/lib/python3.7/site-packages/airflow/example_dags/example_bash_operator.py took 0.072 seconds
[2023-05-29T22:44:01.286+0000] {processor.py:157} INFO - Started process (PID=229) to work on /home/airflow/.local/lib/python3.7/site-packages/airflow/example_dags/example_bash_operator.py
[2023-05-29T22:44:01.289+0000] {processor.py:826} INFO - Processing file /home/airflow/.local/lib/python3.7/site-packages/airflow/example_dags/example_bash_operator.py for tasks to queue
[2023-05-29T22:44:01.291+0000] {logging_mixin.py:149} INFO - [2023-05-29T22:44:01.291+0000] {dagbag.py:541} INFO - Filling up the DagBag from /home/airflow/.local/lib/python3.7/site-packages/airflow/example_dags/example_bash_operator.py
[2023-05-29T22:44:01.310+0000] {processor.py:836} INFO - DAG(s) dict_keys(['example_bash_operator']) retrieved from /home/airflow/.local/lib/python3.7/site-packages/airflow/example_dags/example_bash_operator.py
[2023-05-29T22:44:01.338+0000] {logging_mixin.py:149} INFO - [2023-05-29T22:44:01.338+0000] {dag.py:2726} INFO - Sync 1 DAGs
[2023-05-29T22:44:01.356+0000] {logging_mixin.py:149} INFO - [2023-05-29T22:44:01.356+0000] {dag.py:3490} INFO - Setting next_dagrun for example_bash_operator to 2023-05-28T00:00:00+00:00, run_after=2023-05-29T00:00:00+00:00
[2023-05-29T22:44:01.367+0000] {processor.py:179} INFO - Processing /home/airflow/.local/lib/python3.7/site-packages/airflow/example_dags/example_bash_operator.py took 0.085 seconds
[2023-05-29T22:44:31.696+0000] {processor.py:157} INFO - Started process (PID=293) to work on /home/airflow/.local/lib/python3.7/site-packages/airflow/example_dags/example_bash_operator.py
[2023-05-29T22:44:31.702+0000] {processor.py:826} INFO - Processing file /home/airflow/.local/lib/python3.7/site-packages/airflow/example_dags/example_bash_operator.py for tasks to queue
[2023-05-29T22:44:31.707+0000] {logging_mixin.py:149} INFO - [2023-05-29T22:44:31.706+0000] {dagbag.py:541} INFO - Filling up the DagBag from /home/airflow/.local/lib/python3.7/site-packages/airflow/example_dags/example_bash_operator.py
[2023-05-29T22:44:31.784+0000] {processor.py:836} INFO - DAG(s) dict_keys(['example_bash_operator']) retrieved from /home/airflow/.local/lib/python3.7/site-packages/airflow/example_dags/example_bash_operator.py
[2023-05-29T22:44:31.874+0000] {logging_mixin.py:149} INFO - [2023-05-29T22:44:31.874+0000] {dag.py:2726} INFO - Sync 1 DAGs
[2023-05-29T22:44:31.899+0000] {logging_mixin.py:149} INFO - [2023-05-29T22:44:31.899+0000] {dag.py:3490} INFO - Setting next_dagrun for example_bash_operator to 2023-05-28T00:00:00+00:00, run_after=2023-05-29T00:00:00+00:00
[2023-05-29T22:44:31.914+0000] {processor.py:179} INFO - Processing /home/airflow/.local/lib/python3.7/site-packages/airflow/example_dags/example_bash_operator.py took 0.228 seconds
[2023-05-29T22:45:02.453+0000] {processor.py:157} INFO - Started process (PID=349) to work on /home/airflow/.local/lib/python3.7/site-packages/airflow/example_dags/example_bash_operator.py
[2023-05-29T22:45:02.456+0000] {processor.py:826} INFO - Processing file /home/airflow/.local/lib/python3.7/site-packages/airflow/example_dags/example_bash_operator.py for tasks to queue
[2023-05-29T22:45:02.457+0000] {logging_mixin.py:149} INFO - [2023-05-29T22:45:02.457+0000] {dagbag.py:541} INFO - Filling up the DagBag from /home/airflow/.local/lib/python3.7/site-packages/airflow/example_dags/example_bash_operator.py
[2023-05-29T22:45:02.481+0000] {processor.py:836} INFO - DAG(s) dict_keys(['example_bash_operator']) retrieved from /home/airflow/.local/lib/python3.7/site-packages/airflow/example_dags/example_bash_operator.py
[2023-05-29T22:45:02.516+0000] {logging_mixin.py:149} INFO - [2023-05-29T22:45:02.516+0000] {dag.py:2726} INFO - Sync 1 DAGs
[2023-05-29T22:45:02.542+0000] {logging_mixin.py:149} INFO - [2023-05-29T22:45:02.542+0000] {dag.py:3490} INFO - Setting next_dagrun for example_bash_operator to 2023-05-28T00:00:00+00:00, run_after=2023-05-29T00:00:00+00:00
[2023-05-29T22:45:02.556+0000] {processor.py:179} INFO - Processing /home/airflow/.local/lib/python3.7/site-packages/airflow/example_dags/example_bash_operator.py took 0.109 seconds
[2023-05-29T22:45:32.902+0000] {processor.py:157} INFO - Started process (PID=405) to work on /home/airflow/.local/lib/python3.7/site-packages/airflow/example_dags/example_bash_operator.py
[2023-05-29T22:45:32.905+0000] {processor.py:826} INFO - Processing file /home/airflow/.local/lib/python3.7/site-packages/airflow/example_dags/example_bash_operator.py for tasks to queue
[2023-05-29T22:45:32.907+0000] {logging_mixin.py:149} INFO - [2023-05-29T22:45:32.907+0000] {dagbag.py:541} INFO - Filling up the DagBag from /home/airflow/.local/lib/python3.7/site-packages/airflow/example_dags/example_bash_operator.py
[2023-05-29T22:45:32.927+0000] {processor.py:836} INFO - DAG(s) dict_keys(['example_bash_operator']) retrieved from /home/airflow/.local/lib/python3.7/site-packages/airflow/example_dags/example_bash_operator.py
[2023-05-29T22:45:32.968+0000] {logging_mixin.py:149} INFO - [2023-05-29T22:45:32.968+0000] {dag.py:2726} INFO - Sync 1 DAGs
[2023-05-29T22:45:33.000+0000] {logging_mixin.py:149} INFO - [2023-05-29T22:45:33.000+0000] {dag.py:3490} INFO - Setting next_dagrun for example_bash_operator to 2023-05-28T00:00:00+00:00, run_after=2023-05-29T00:00:00+00:00
[2023-05-29T22:45:33.011+0000] {processor.py:179} INFO - Processing /home/airflow/.local/lib/python3.7/site-packages/airflow/example_dags/example_bash_operator.py took 0.117 seconds
[2023-05-29T22:46:03.097+0000] {processor.py:157} INFO - Started process (PID=461) to work on /home/airflow/.local/lib/python3.7/site-packages/airflow/example_dags/example_bash_operator.py
[2023-05-29T22:46:03.100+0000] {processor.py:826} INFO - Processing file /home/airflow/.local/lib/python3.7/site-packages/airflow/example_dags/example_bash_operator.py for tasks to queue
[2023-05-29T22:46:03.101+0000] {logging_mixin.py:149} INFO - [2023-05-29T22:46:03.101+0000] {dagbag.py:541} INFO - Filling up the DagBag from /home/airflow/.local/lib/python3.7/site-packages/airflow/example_dags/example_bash_operator.py
[2023-05-29T22:46:03.117+0000] {processor.py:836} INFO - DAG(s) dict_keys(['example_bash_operator']) retrieved from /home/airflow/.local/lib/python3.7/site-packages/airflow/example_dags/example_bash_operator.py
[2023-05-29T22:46:03.144+0000] {logging_mixin.py:149} INFO - [2023-05-29T22:46:03.144+0000] {dag.py:2726} INFO - Sync 1 DAGs
[2023-05-29T22:46:03.161+0000] {logging_mixin.py:149} INFO - [2023-05-29T22:46:03.161+0000] {dag.py:3490} INFO - Setting next_dagrun for example_bash_operator to 2023-05-28T00:00:00+00:00, run_after=2023-05-29T00:00:00+00:00
[2023-05-29T22:46:03.172+0000] {processor.py:179} INFO - Processing /home/airflow/.local/lib/python3.7/site-packages/airflow/example_dags/example_bash_operator.py took 0.081 seconds
[2023-05-29T22:46:33.839+0000] {processor.py:157} INFO - Started process (PID=517) to work on /home/airflow/.local/lib/python3.7/site-packages/airflow/example_dags/example_bash_operator.py
[2023-05-29T22:46:33.841+0000] {processor.py:826} INFO - Processing file /home/airflow/.local/lib/python3.7/site-packages/airflow/example_dags/example_bash_operator.py for tasks to queue
[2023-05-29T22:46:33.842+0000] {logging_mixin.py:149} INFO - [2023-05-29T22:46:33.842+0000] {dagbag.py:541} INFO - Filling up the DagBag from /home/airflow/.local/lib/python3.7/site-packages/airflow/example_dags/example_bash_operator.py
[2023-05-29T22:46:33.853+0000] {processor.py:836} INFO - DAG(s) dict_keys(['example_bash_operator']) retrieved from /home/airflow/.local/lib/python3.7/site-packages/airflow/example_dags/example_bash_operator.py
[2023-05-29T22:46:33.883+0000] {logging_mixin.py:149} INFO - [2023-05-29T22:46:33.882+0000] {dag.py:2726} INFO - Sync 1 DAGs
[2023-05-29T22:46:33.906+0000] {logging_mixin.py:149} INFO - [2023-05-29T22:46:33.906+0000] {dag.py:3490} INFO - Setting next_dagrun for example_bash_operator to 2023-05-28T00:00:00+00:00, run_after=2023-05-29T00:00:00+00:00
[2023-05-29T22:46:33.920+0000] {processor.py:179} INFO - Processing /home/airflow/.local/lib/python3.7/site-packages/airflow/example_dags/example_bash_operator.py took 0.083 seconds
[2023-05-29T22:47:04.450+0000] {processor.py:157} INFO - Started process (PID=573) to work on /home/airflow/.local/lib/python3.7/site-packages/airflow/example_dags/example_bash_operator.py
[2023-05-29T22:47:04.453+0000] {processor.py:826} INFO - Processing file /home/airflow/.local/lib/python3.7/site-packages/airflow/example_dags/example_bash_operator.py for tasks to queue
[2023-05-29T22:47:04.454+0000] {logging_mixin.py:149} INFO - [2023-05-29T22:47:04.454+0000] {dagbag.py:541} INFO - Filling up the DagBag from /home/airflow/.local/lib/python3.7/site-packages/airflow/example_dags/example_bash_operator.py
[2023-05-29T22:47:04.473+0000] {processor.py:836} INFO - DAG(s) dict_keys(['example_bash_operator']) retrieved from /home/airflow/.local/lib/python3.7/site-packages/airflow/example_dags/example_bash_operator.py
[2023-05-29T22:47:04.518+0000] {logging_mixin.py:149} INFO - [2023-05-29T22:47:04.517+0000] {dag.py:2726} INFO - Sync 1 DAGs
[2023-05-29T22:47:04.827+0000] {logging_mixin.py:149} INFO - [2023-05-29T22:47:04.827+0000] {dag.py:3490} INFO - Setting next_dagrun for example_bash_operator to 2023-05-28T00:00:00+00:00, run_after=2023-05-29T00:00:00+00:00
[2023-05-29T22:47:04.908+0000] {processor.py:179} INFO - Processing /home/airflow/.local/lib/python3.7/site-packages/airflow/example_dags/example_bash_operator.py took 0.462 seconds
[2023-05-29T22:47:35.396+0000] {processor.py:157} INFO - Started process (PID=628) to work on /home/airflow/.local/lib/python3.7/site-packages/airflow/example_dags/example_bash_operator.py
[2023-05-29T22:47:35.398+0000] {processor.py:826} INFO - Processing file /home/airflow/.local/lib/python3.7/site-packages/airflow/example_dags/example_bash_operator.py for tasks to queue
[2023-05-29T22:47:35.400+0000] {logging_mixin.py:149} INFO - [2023-05-29T22:47:35.400+0000] {dagbag.py:541} INFO - Filling up the DagBag from /home/airflow/.local/lib/python3.7/site-packages/airflow/example_dags/example_bash_operator.py
[2023-05-29T22:47:35.414+0000] {processor.py:836} INFO - DAG(s) dict_keys(['example_bash_operator']) retrieved from /home/airflow/.local/lib/python3.7/site-packages/airflow/example_dags/example_bash_operator.py
[2023-05-29T22:47:35.439+0000] {logging_mixin.py:149} INFO - [2023-05-29T22:47:35.438+0000] {dag.py:2726} INFO - Sync 1 DAGs
[2023-05-29T22:47:35.455+0000] {logging_mixin.py:149} INFO - [2023-05-29T22:47:35.455+0000] {dag.py:3490} INFO - Setting next_dagrun for example_bash_operator to 2023-05-28T00:00:00+00:00, run_after=2023-05-29T00:00:00+00:00
[2023-05-29T22:47:35.465+0000] {processor.py:179} INFO - Processing /home/airflow/.local/lib/python3.7/site-packages/airflow/example_dags/example_bash_operator.py took 0.074 seconds
[2023-05-29T22:48:06.359+0000] {processor.py:157} INFO - Started process (PID=684) to work on /home/airflow/.local/lib/python3.7/site-packages/airflow/example_dags/example_bash_operator.py
[2023-05-29T22:48:06.361+0000] {processor.py:826} INFO - Processing file /home/airflow/.local/lib/python3.7/site-packages/airflow/example_dags/example_bash_operator.py for tasks to queue
[2023-05-29T22:48:06.362+0000] {logging_mixin.py:149} INFO - [2023-05-29T22:48:06.361+0000] {dagbag.py:541} INFO - Filling up the DagBag from /home/airflow/.local/lib/python3.7/site-packages/airflow/example_dags/example_bash_operator.py
[2023-05-29T22:48:06.371+0000] {processor.py:836} INFO - DAG(s) dict_keys(['example_bash_operator']) retrieved from /home/airflow/.local/lib/python3.7/site-packages/airflow/example_dags/example_bash_operator.py
[2023-05-29T22:48:06.394+0000] {logging_mixin.py:149} INFO - [2023-05-29T22:48:06.394+0000] {dag.py:2726} INFO - Sync 1 DAGs
[2023-05-29T22:48:06.409+0000] {logging_mixin.py:149} INFO - [2023-05-29T22:48:06.409+0000] {dag.py:3490} INFO - Setting next_dagrun for example_bash_operator to 2023-05-28T00:00:00+00:00, run_after=2023-05-29T00:00:00+00:00
[2023-05-29T22:48:06.420+0000] {processor.py:179} INFO - Processing /home/airflow/.local/lib/python3.7/site-packages/airflow/example_dags/example_bash_operator.py took 0.064 seconds
[2023-05-29T22:49:26.570+0000] {processor.py:157} INFO - Started process (PID=63) to work on /home/airflow/.local/lib/python3.7/site-packages/airflow/example_dags/example_bash_operator.py
[2023-05-29T22:49:26.592+0000] {processor.py:826} INFO - Processing file /home/airflow/.local/lib/python3.7/site-packages/airflow/example_dags/example_bash_operator.py for tasks to queue
[2023-05-29T22:49:26.598+0000] {logging_mixin.py:149} INFO - [2023-05-29T22:49:26.598+0000] {dagbag.py:541} INFO - Filling up the DagBag from /home/airflow/.local/lib/python3.7/site-packages/airflow/example_dags/example_bash_operator.py
[2023-05-29T22:49:26.643+0000] {processor.py:836} INFO - DAG(s) dict_keys(['example_bash_operator']) retrieved from /home/airflow/.local/lib/python3.7/site-packages/airflow/example_dags/example_bash_operator.py
[2023-05-29T22:49:26.679+0000] {logging_mixin.py:149} INFO - [2023-05-29T22:49:26.679+0000] {dag.py:2726} INFO - Sync 1 DAGs
[2023-05-29T22:49:26.733+0000] {logging_mixin.py:149} INFO - [2023-05-29T22:49:26.733+0000] {dag.py:3490} INFO - Setting next_dagrun for example_bash_operator to 2023-05-28T00:00:00+00:00, run_after=2023-05-29T00:00:00+00:00
[2023-05-29T22:49:26.785+0000] {processor.py:179} INFO - Processing /home/airflow/.local/lib/python3.7/site-packages/airflow/example_dags/example_bash_operator.py took 0.221 seconds
[2023-05-29T22:49:57.125+0000] {processor.py:157} INFO - Started process (PID=118) to work on /home/airflow/.local/lib/python3.7/site-packages/airflow/example_dags/example_bash_operator.py
[2023-05-29T22:49:57.127+0000] {processor.py:826} INFO - Processing file /home/airflow/.local/lib/python3.7/site-packages/airflow/example_dags/example_bash_operator.py for tasks to queue
[2023-05-29T22:49:57.128+0000] {logging_mixin.py:149} INFO - [2023-05-29T22:49:57.128+0000] {dagbag.py:541} INFO - Filling up the DagBag from /home/airflow/.local/lib/python3.7/site-packages/airflow/example_dags/example_bash_operator.py
[2023-05-29T22:49:57.140+0000] {processor.py:836} INFO - DAG(s) dict_keys(['example_bash_operator']) retrieved from /home/airflow/.local/lib/python3.7/site-packages/airflow/example_dags/example_bash_operator.py
[2023-05-29T22:49:57.171+0000] {logging_mixin.py:149} INFO - [2023-05-29T22:49:57.170+0000] {dag.py:2726} INFO - Sync 1 DAGs
[2023-05-29T22:49:57.193+0000] {logging_mixin.py:149} INFO - [2023-05-29T22:49:57.193+0000] {dag.py:3490} INFO - Setting next_dagrun for example_bash_operator to 2023-05-28T00:00:00+00:00, run_after=2023-05-29T00:00:00+00:00
[2023-05-29T22:49:57.208+0000] {processor.py:179} INFO - Processing /home/airflow/.local/lib/python3.7/site-packages/airflow/example_dags/example_bash_operator.py took 0.086 seconds
[2023-05-29T22:50:35.557+0000] {processor.py:157} INFO - Started process (PID=175) to work on /home/airflow/.local/lib/python3.7/site-packages/airflow/example_dags/example_bash_operator.py
[2023-05-29T22:50:35.566+0000] {processor.py:826} INFO - Processing file /home/airflow/.local/lib/python3.7/site-packages/airflow/example_dags/example_bash_operator.py for tasks to queue
[2023-05-29T22:50:35.574+0000] {logging_mixin.py:149} INFO - [2023-05-29T22:50:35.573+0000] {dagbag.py:541} INFO - Filling up the DagBag from /home/airflow/.local/lib/python3.7/site-packages/airflow/example_dags/example_bash_operator.py
[2023-05-29T22:50:35.702+0000] {processor.py:836} INFO - DAG(s) dict_keys(['example_bash_operator']) retrieved from /home/airflow/.local/lib/python3.7/site-packages/airflow/example_dags/example_bash_operator.py
[2023-05-29T22:50:35.863+0000] {logging_mixin.py:149} INFO - [2023-05-29T22:50:35.860+0000] {dag.py:2726} INFO - Sync 1 DAGs
[2023-05-29T22:50:36.030+0000] {logging_mixin.py:149} INFO - [2023-05-29T22:50:36.029+0000] {dag.py:3490} INFO - Setting next_dagrun for example_bash_operator to 2023-05-28T00:00:00+00:00, run_after=2023-05-29T00:00:00+00:00
[2023-05-29T22:50:36.096+0000] {processor.py:179} INFO - Processing /home/airflow/.local/lib/python3.7/site-packages/airflow/example_dags/example_bash_operator.py took 0.610 seconds
[2023-05-29T22:51:42.922+0000] {processor.py:157} INFO - Started process (PID=63) to work on /home/airflow/.local/lib/python3.7/site-packages/airflow/example_dags/example_bash_operator.py
[2023-05-29T22:51:42.933+0000] {processor.py:826} INFO - Processing file /home/airflow/.local/lib/python3.7/site-packages/airflow/example_dags/example_bash_operator.py for tasks to queue
[2023-05-29T22:51:42.936+0000] {logging_mixin.py:149} INFO - [2023-05-29T22:51:42.936+0000] {dagbag.py:541} INFO - Filling up the DagBag from /home/airflow/.local/lib/python3.7/site-packages/airflow/example_dags/example_bash_operator.py
[2023-05-29T22:51:42.981+0000] {processor.py:836} INFO - DAG(s) dict_keys(['example_bash_operator']) retrieved from /home/airflow/.local/lib/python3.7/site-packages/airflow/example_dags/example_bash_operator.py
[2023-05-29T22:51:43.064+0000] {logging_mixin.py:149} INFO - [2023-05-29T22:51:43.064+0000] {dag.py:2726} INFO - Sync 1 DAGs
[2023-05-29T22:51:43.127+0000] {logging_mixin.py:149} INFO - [2023-05-29T22:51:43.127+0000] {dag.py:3490} INFO - Setting next_dagrun for example_bash_operator to 2023-05-28T00:00:00+00:00, run_after=2023-05-29T00:00:00+00:00
[2023-05-29T22:51:43.169+0000] {processor.py:179} INFO - Processing /home/airflow/.local/lib/python3.7/site-packages/airflow/example_dags/example_bash_operator.py took 0.261 seconds
[2023-05-29T22:52:13.578+0000] {processor.py:157} INFO - Started process (PID=118) to work on /home/airflow/.local/lib/python3.7/site-packages/airflow/example_dags/example_bash_operator.py
[2023-05-29T22:52:13.579+0000] {processor.py:826} INFO - Processing file /home/airflow/.local/lib/python3.7/site-packages/airflow/example_dags/example_bash_operator.py for tasks to queue
[2023-05-29T22:52:13.580+0000] {logging_mixin.py:149} INFO - [2023-05-29T22:52:13.580+0000] {dagbag.py:541} INFO - Filling up the DagBag from /home/airflow/.local/lib/python3.7/site-packages/airflow/example_dags/example_bash_operator.py
[2023-05-29T22:52:13.596+0000] {processor.py:836} INFO - DAG(s) dict_keys(['example_bash_operator']) retrieved from /home/airflow/.local/lib/python3.7/site-packages/airflow/example_dags/example_bash_operator.py
[2023-05-29T22:52:13.622+0000] {logging_mixin.py:149} INFO - [2023-05-29T22:52:13.622+0000] {dag.py:2726} INFO - Sync 1 DAGs
[2023-05-29T22:52:13.638+0000] {logging_mixin.py:149} INFO - [2023-05-29T22:52:13.638+0000] {dag.py:3490} INFO - Setting next_dagrun for example_bash_operator to 2023-05-28T00:00:00+00:00, run_after=2023-05-29T00:00:00+00:00
[2023-05-29T22:52:13.649+0000] {processor.py:179} INFO - Processing /home/airflow/.local/lib/python3.7/site-packages/airflow/example_dags/example_bash_operator.py took 0.076 seconds
[2023-05-29T22:52:44.049+0000] {processor.py:157} INFO - Started process (PID=174) to work on /home/airflow/.local/lib/python3.7/site-packages/airflow/example_dags/example_bash_operator.py
[2023-05-29T22:52:44.050+0000] {processor.py:826} INFO - Processing file /home/airflow/.local/lib/python3.7/site-packages/airflow/example_dags/example_bash_operator.py for tasks to queue
[2023-05-29T22:52:44.051+0000] {logging_mixin.py:149} INFO - [2023-05-29T22:52:44.051+0000] {dagbag.py:541} INFO - Filling up the DagBag from /home/airflow/.local/lib/python3.7/site-packages/airflow/example_dags/example_bash_operator.py
[2023-05-29T22:52:44.071+0000] {processor.py:836} INFO - DAG(s) dict_keys(['example_bash_operator']) retrieved from /home/airflow/.local/lib/python3.7/site-packages/airflow/example_dags/example_bash_operator.py
[2023-05-29T22:52:44.101+0000] {logging_mixin.py:149} INFO - [2023-05-29T22:52:44.101+0000] {dag.py:2726} INFO - Sync 1 DAGs
[2023-05-29T22:52:44.120+0000] {logging_mixin.py:149} INFO - [2023-05-29T22:52:44.120+0000] {dag.py:3490} INFO - Setting next_dagrun for example_bash_operator to 2023-05-28T00:00:00+00:00, run_after=2023-05-29T00:00:00+00:00
[2023-05-29T22:52:44.131+0000] {processor.py:179} INFO - Processing /home/airflow/.local/lib/python3.7/site-packages/airflow/example_dags/example_bash_operator.py took 0.088 seconds
