[2023-05-29T22:42:32.727+0000] {processor.py:157} INFO - Started process (PID=67) to work on /home/airflow/.local/lib/python3.7/site-packages/airflow/example_dags/tutorial_dag.py
[2023-05-29T22:42:32.729+0000] {processor.py:826} INFO - Processing file /home/airflow/.local/lib/python3.7/site-packages/airflow/example_dags/tutorial_dag.py for tasks to queue
[2023-05-29T22:42:32.731+0000] {logging_mixin.py:149} INFO - [2023-05-29T22:42:32.731+0000] {dagbag.py:541} INFO - Filling up the DagBag from /home/airflow/.local/lib/python3.7/site-packages/airflow/example_dags/tutorial_dag.py
[2023-05-29T22:42:32.747+0000] {processor.py:836} INFO - DAG(s) dict_keys(['tutorial_dag']) retrieved from /home/airflow/.local/lib/python3.7/site-packages/airflow/example_dags/tutorial_dag.py
[2023-05-29T22:42:32.777+0000] {logging_mixin.py:149} INFO - [2023-05-29T22:42:32.776+0000] {dag.py:2726} INFO - Sync 1 DAGs
[2023-05-29T22:42:32.817+0000] {logging_mixin.py:149} INFO - [2023-05-29T22:42:32.817+0000] {dag.py:3490} INFO - Setting next_dagrun for tutorial_dag to None, run_after=None
[2023-05-29T22:42:32.899+0000] {processor.py:179} INFO - Processing /home/airflow/.local/lib/python3.7/site-packages/airflow/example_dags/tutorial_dag.py took 0.184 seconds
[2023-05-29T22:43:03.299+0000] {processor.py:157} INFO - Started process (PID=123) to work on /home/airflow/.local/lib/python3.7/site-packages/airflow/example_dags/tutorial_dag.py
[2023-05-29T22:43:03.300+0000] {processor.py:826} INFO - Processing file /home/airflow/.local/lib/python3.7/site-packages/airflow/example_dags/tutorial_dag.py for tasks to queue
[2023-05-29T22:43:03.301+0000] {logging_mixin.py:149} INFO - [2023-05-29T22:43:03.301+0000] {dagbag.py:541} INFO - Filling up the DagBag from /home/airflow/.local/lib/python3.7/site-packages/airflow/example_dags/tutorial_dag.py
[2023-05-29T22:43:03.306+0000] {processor.py:836} INFO - DAG(s) dict_keys(['tutorial_dag']) retrieved from /home/airflow/.local/lib/python3.7/site-packages/airflow/example_dags/tutorial_dag.py
[2023-05-29T22:43:03.330+0000] {logging_mixin.py:149} INFO - [2023-05-29T22:43:03.330+0000] {dag.py:2726} INFO - Sync 1 DAGs
[2023-05-29T22:43:03.348+0000] {logging_mixin.py:149} INFO - [2023-05-29T22:43:03.348+0000] {dag.py:3490} INFO - Setting next_dagrun for tutorial_dag to None, run_after=None
[2023-05-29T22:43:03.360+0000] {processor.py:179} INFO - Processing /home/airflow/.local/lib/python3.7/site-packages/airflow/example_dags/tutorial_dag.py took 0.064 seconds
[2023-05-29T22:43:33.417+0000] {processor.py:157} INFO - Started process (PID=179) to work on /home/airflow/.local/lib/python3.7/site-packages/airflow/example_dags/tutorial_dag.py
[2023-05-29T22:43:33.418+0000] {processor.py:826} INFO - Processing file /home/airflow/.local/lib/python3.7/site-packages/airflow/example_dags/tutorial_dag.py for tasks to queue
[2023-05-29T22:43:33.419+0000] {logging_mixin.py:149} INFO - [2023-05-29T22:43:33.419+0000] {dagbag.py:541} INFO - Filling up the DagBag from /home/airflow/.local/lib/python3.7/site-packages/airflow/example_dags/tutorial_dag.py
[2023-05-29T22:43:33.424+0000] {processor.py:836} INFO - DAG(s) dict_keys(['tutorial_dag']) retrieved from /home/airflow/.local/lib/python3.7/site-packages/airflow/example_dags/tutorial_dag.py
[2023-05-29T22:43:33.444+0000] {logging_mixin.py:149} INFO - [2023-05-29T22:43:33.444+0000] {dag.py:2726} INFO - Sync 1 DAGs
[2023-05-29T22:43:33.460+0000] {logging_mixin.py:149} INFO - [2023-05-29T22:43:33.460+0000] {dag.py:3490} INFO - Setting next_dagrun for tutorial_dag to None, run_after=None
[2023-05-29T22:43:33.472+0000] {processor.py:179} INFO - Processing /home/airflow/.local/lib/python3.7/site-packages/airflow/example_dags/tutorial_dag.py took 0.059 seconds
[2023-05-29T22:44:04.614+0000] {processor.py:157} INFO - Started process (PID=235) to work on /home/airflow/.local/lib/python3.7/site-packages/airflow/example_dags/tutorial_dag.py
[2023-05-29T22:44:04.623+0000] {processor.py:826} INFO - Processing file /home/airflow/.local/lib/python3.7/site-packages/airflow/example_dags/tutorial_dag.py for tasks to queue
[2023-05-29T22:44:04.626+0000] {logging_mixin.py:149} INFO - [2023-05-29T22:44:04.626+0000] {dagbag.py:541} INFO - Filling up the DagBag from /home/airflow/.local/lib/python3.7/site-packages/airflow/example_dags/tutorial_dag.py
[2023-05-29T22:44:04.632+0000] {processor.py:836} INFO - DAG(s) dict_keys(['tutorial_dag']) retrieved from /home/airflow/.local/lib/python3.7/site-packages/airflow/example_dags/tutorial_dag.py
[2023-05-29T22:44:04.680+0000] {logging_mixin.py:149} INFO - [2023-05-29T22:44:04.680+0000] {dag.py:2726} INFO - Sync 1 DAGs
[2023-05-29T22:44:04.702+0000] {logging_mixin.py:149} INFO - [2023-05-29T22:44:04.701+0000] {dag.py:3490} INFO - Setting next_dagrun for tutorial_dag to None, run_after=None
[2023-05-29T22:44:04.717+0000] {processor.py:179} INFO - Processing /home/airflow/.local/lib/python3.7/site-packages/airflow/example_dags/tutorial_dag.py took 0.108 seconds
[2023-05-29T22:44:35.606+0000] {processor.py:157} INFO - Started process (PID=299) to work on /home/airflow/.local/lib/python3.7/site-packages/airflow/example_dags/tutorial_dag.py
[2023-05-29T22:44:35.608+0000] {processor.py:826} INFO - Processing file /home/airflow/.local/lib/python3.7/site-packages/airflow/example_dags/tutorial_dag.py for tasks to queue
[2023-05-29T22:44:35.608+0000] {logging_mixin.py:149} INFO - [2023-05-29T22:44:35.608+0000] {dagbag.py:541} INFO - Filling up the DagBag from /home/airflow/.local/lib/python3.7/site-packages/airflow/example_dags/tutorial_dag.py
[2023-05-29T22:44:35.613+0000] {processor.py:836} INFO - DAG(s) dict_keys(['tutorial_dag']) retrieved from /home/airflow/.local/lib/python3.7/site-packages/airflow/example_dags/tutorial_dag.py
[2023-05-29T22:44:35.633+0000] {logging_mixin.py:149} INFO - [2023-05-29T22:44:35.633+0000] {dag.py:2726} INFO - Sync 1 DAGs
[2023-05-29T22:44:35.654+0000] {logging_mixin.py:149} INFO - [2023-05-29T22:44:35.654+0000] {dag.py:3490} INFO - Setting next_dagrun for tutorial_dag to None, run_after=None
[2023-05-29T22:44:35.675+0000] {processor.py:179} INFO - Processing /home/airflow/.local/lib/python3.7/site-packages/airflow/example_dags/tutorial_dag.py took 0.071 seconds
[2023-05-29T22:45:06.442+0000] {processor.py:157} INFO - Started process (PID=355) to work on /home/airflow/.local/lib/python3.7/site-packages/airflow/example_dags/tutorial_dag.py
[2023-05-29T22:45:06.443+0000] {processor.py:826} INFO - Processing file /home/airflow/.local/lib/python3.7/site-packages/airflow/example_dags/tutorial_dag.py for tasks to queue
[2023-05-29T22:45:06.444+0000] {logging_mixin.py:149} INFO - [2023-05-29T22:45:06.444+0000] {dagbag.py:541} INFO - Filling up the DagBag from /home/airflow/.local/lib/python3.7/site-packages/airflow/example_dags/tutorial_dag.py
[2023-05-29T22:45:06.449+0000] {processor.py:836} INFO - DAG(s) dict_keys(['tutorial_dag']) retrieved from /home/airflow/.local/lib/python3.7/site-packages/airflow/example_dags/tutorial_dag.py
[2023-05-29T22:45:06.479+0000] {logging_mixin.py:149} INFO - [2023-05-29T22:45:06.479+0000] {dag.py:2726} INFO - Sync 1 DAGs
[2023-05-29T22:45:06.497+0000] {logging_mixin.py:149} INFO - [2023-05-29T22:45:06.497+0000] {dag.py:3490} INFO - Setting next_dagrun for tutorial_dag to None, run_after=None
[2023-05-29T22:45:06.512+0000] {processor.py:179} INFO - Processing /home/airflow/.local/lib/python3.7/site-packages/airflow/example_dags/tutorial_dag.py took 0.074 seconds
[2023-05-29T22:45:37.833+0000] {processor.py:157} INFO - Started process (PID=411) to work on /home/airflow/.local/lib/python3.7/site-packages/airflow/example_dags/tutorial_dag.py
[2023-05-29T22:45:37.835+0000] {processor.py:826} INFO - Processing file /home/airflow/.local/lib/python3.7/site-packages/airflow/example_dags/tutorial_dag.py for tasks to queue
[2023-05-29T22:45:37.836+0000] {logging_mixin.py:149} INFO - [2023-05-29T22:45:37.836+0000] {dagbag.py:541} INFO - Filling up the DagBag from /home/airflow/.local/lib/python3.7/site-packages/airflow/example_dags/tutorial_dag.py
[2023-05-29T22:45:37.841+0000] {processor.py:836} INFO - DAG(s) dict_keys(['tutorial_dag']) retrieved from /home/airflow/.local/lib/python3.7/site-packages/airflow/example_dags/tutorial_dag.py
[2023-05-29T22:45:37.863+0000] {logging_mixin.py:149} INFO - [2023-05-29T22:45:37.862+0000] {dag.py:2726} INFO - Sync 1 DAGs
[2023-05-29T22:45:37.881+0000] {logging_mixin.py:149} INFO - [2023-05-29T22:45:37.881+0000] {dag.py:3490} INFO - Setting next_dagrun for tutorial_dag to None, run_after=None
[2023-05-29T22:45:37.894+0000] {processor.py:179} INFO - Processing /home/airflow/.local/lib/python3.7/site-packages/airflow/example_dags/tutorial_dag.py took 0.064 seconds
[2023-05-29T22:46:09.103+0000] {processor.py:157} INFO - Started process (PID=467) to work on /home/airflow/.local/lib/python3.7/site-packages/airflow/example_dags/tutorial_dag.py
[2023-05-29T22:46:09.104+0000] {processor.py:826} INFO - Processing file /home/airflow/.local/lib/python3.7/site-packages/airflow/example_dags/tutorial_dag.py for tasks to queue
[2023-05-29T22:46:09.105+0000] {logging_mixin.py:149} INFO - [2023-05-29T22:46:09.105+0000] {dagbag.py:541} INFO - Filling up the DagBag from /home/airflow/.local/lib/python3.7/site-packages/airflow/example_dags/tutorial_dag.py
[2023-05-29T22:46:09.110+0000] {processor.py:836} INFO - DAG(s) dict_keys(['tutorial_dag']) retrieved from /home/airflow/.local/lib/python3.7/site-packages/airflow/example_dags/tutorial_dag.py
[2023-05-29T22:46:09.133+0000] {logging_mixin.py:149} INFO - [2023-05-29T22:46:09.133+0000] {dag.py:2726} INFO - Sync 1 DAGs
[2023-05-29T22:46:09.151+0000] {logging_mixin.py:149} INFO - [2023-05-29T22:46:09.151+0000] {dag.py:3490} INFO - Setting next_dagrun for tutorial_dag to None, run_after=None
[2023-05-29T22:46:09.166+0000] {processor.py:179} INFO - Processing /home/airflow/.local/lib/python3.7/site-packages/airflow/example_dags/tutorial_dag.py took 0.066 seconds
[2023-05-29T22:46:39.942+0000] {processor.py:157} INFO - Started process (PID=523) to work on /home/airflow/.local/lib/python3.7/site-packages/airflow/example_dags/tutorial_dag.py
[2023-05-29T22:46:39.944+0000] {processor.py:826} INFO - Processing file /home/airflow/.local/lib/python3.7/site-packages/airflow/example_dags/tutorial_dag.py for tasks to queue
[2023-05-29T22:46:39.946+0000] {logging_mixin.py:149} INFO - [2023-05-29T22:46:39.946+0000] {dagbag.py:541} INFO - Filling up the DagBag from /home/airflow/.local/lib/python3.7/site-packages/airflow/example_dags/tutorial_dag.py
[2023-05-29T22:46:39.951+0000] {processor.py:836} INFO - DAG(s) dict_keys(['tutorial_dag']) retrieved from /home/airflow/.local/lib/python3.7/site-packages/airflow/example_dags/tutorial_dag.py
[2023-05-29T22:46:39.992+0000] {logging_mixin.py:149} INFO - [2023-05-29T22:46:39.992+0000] {dag.py:2726} INFO - Sync 1 DAGs
[2023-05-29T22:46:40.020+0000] {logging_mixin.py:149} INFO - [2023-05-29T22:46:40.020+0000] {dag.py:3490} INFO - Setting next_dagrun for tutorial_dag to None, run_after=None
[2023-05-29T22:46:40.035+0000] {processor.py:179} INFO - Processing /home/airflow/.local/lib/python3.7/site-packages/airflow/example_dags/tutorial_dag.py took 0.096 seconds
[2023-05-29T22:47:10.748+0000] {processor.py:157} INFO - Started process (PID=579) to work on /home/airflow/.local/lib/python3.7/site-packages/airflow/example_dags/tutorial_dag.py
[2023-05-29T22:47:10.749+0000] {processor.py:826} INFO - Processing file /home/airflow/.local/lib/python3.7/site-packages/airflow/example_dags/tutorial_dag.py for tasks to queue
[2023-05-29T22:47:10.750+0000] {logging_mixin.py:149} INFO - [2023-05-29T22:47:10.750+0000] {dagbag.py:541} INFO - Filling up the DagBag from /home/airflow/.local/lib/python3.7/site-packages/airflow/example_dags/tutorial_dag.py
[2023-05-29T22:47:10.755+0000] {processor.py:836} INFO - DAG(s) dict_keys(['tutorial_dag']) retrieved from /home/airflow/.local/lib/python3.7/site-packages/airflow/example_dags/tutorial_dag.py
[2023-05-29T22:47:10.862+0000] {logging_mixin.py:149} INFO - [2023-05-29T22:47:10.860+0000] {dag.py:2726} INFO - Sync 1 DAGs
[2023-05-29T22:47:10.942+0000] {logging_mixin.py:149} INFO - [2023-05-29T22:47:10.941+0000] {dag.py:3490} INFO - Setting next_dagrun for tutorial_dag to None, run_after=None
[2023-05-29T22:47:10.998+0000] {processor.py:179} INFO - Processing /home/airflow/.local/lib/python3.7/site-packages/airflow/example_dags/tutorial_dag.py took 0.253 seconds
[2023-05-29T22:47:41.203+0000] {processor.py:157} INFO - Started process (PID=633) to work on /home/airflow/.local/lib/python3.7/site-packages/airflow/example_dags/tutorial_dag.py
[2023-05-29T22:47:41.204+0000] {processor.py:826} INFO - Processing file /home/airflow/.local/lib/python3.7/site-packages/airflow/example_dags/tutorial_dag.py for tasks to queue
[2023-05-29T22:47:41.205+0000] {logging_mixin.py:149} INFO - [2023-05-29T22:47:41.205+0000] {dagbag.py:541} INFO - Filling up the DagBag from /home/airflow/.local/lib/python3.7/site-packages/airflow/example_dags/tutorial_dag.py
[2023-05-29T22:47:41.209+0000] {processor.py:836} INFO - DAG(s) dict_keys(['tutorial_dag']) retrieved from /home/airflow/.local/lib/python3.7/site-packages/airflow/example_dags/tutorial_dag.py
[2023-05-29T22:47:41.227+0000] {logging_mixin.py:149} INFO - [2023-05-29T22:47:41.227+0000] {dag.py:2726} INFO - Sync 1 DAGs
[2023-05-29T22:47:41.243+0000] {logging_mixin.py:149} INFO - [2023-05-29T22:47:41.242+0000] {dag.py:3490} INFO - Setting next_dagrun for tutorial_dag to None, run_after=None
[2023-05-29T22:47:41.253+0000] {processor.py:179} INFO - Processing /home/airflow/.local/lib/python3.7/site-packages/airflow/example_dags/tutorial_dag.py took 0.053 seconds
[2023-05-29T22:48:12.307+0000] {processor.py:157} INFO - Started process (PID=690) to work on /home/airflow/.local/lib/python3.7/site-packages/airflow/example_dags/tutorial_dag.py
[2023-05-29T22:48:12.309+0000] {processor.py:826} INFO - Processing file /home/airflow/.local/lib/python3.7/site-packages/airflow/example_dags/tutorial_dag.py for tasks to queue
[2023-05-29T22:48:12.309+0000] {logging_mixin.py:149} INFO - [2023-05-29T22:48:12.309+0000] {dagbag.py:541} INFO - Filling up the DagBag from /home/airflow/.local/lib/python3.7/site-packages/airflow/example_dags/tutorial_dag.py
[2023-05-29T22:48:12.314+0000] {processor.py:836} INFO - DAG(s) dict_keys(['tutorial_dag']) retrieved from /home/airflow/.local/lib/python3.7/site-packages/airflow/example_dags/tutorial_dag.py
[2023-05-29T22:48:12.343+0000] {logging_mixin.py:149} INFO - [2023-05-29T22:48:12.343+0000] {dag.py:2726} INFO - Sync 1 DAGs
[2023-05-29T22:48:12.361+0000] {logging_mixin.py:149} INFO - [2023-05-29T22:48:12.361+0000] {dag.py:3490} INFO - Setting next_dagrun for tutorial_dag to None, run_after=None
[2023-05-29T22:48:12.375+0000] {processor.py:179} INFO - Processing /home/airflow/.local/lib/python3.7/site-packages/airflow/example_dags/tutorial_dag.py took 0.072 seconds
[2023-05-29T22:49:28.463+0000] {processor.py:157} INFO - Started process (PID=68) to work on /home/airflow/.local/lib/python3.7/site-packages/airflow/example_dags/tutorial_dag.py
[2023-05-29T22:49:28.470+0000] {processor.py:826} INFO - Processing file /home/airflow/.local/lib/python3.7/site-packages/airflow/example_dags/tutorial_dag.py for tasks to queue
[2023-05-29T22:49:28.474+0000] {logging_mixin.py:149} INFO - [2023-05-29T22:49:28.473+0000] {dagbag.py:541} INFO - Filling up the DagBag from /home/airflow/.local/lib/python3.7/site-packages/airflow/example_dags/tutorial_dag.py
[2023-05-29T22:49:28.486+0000] {processor.py:836} INFO - DAG(s) dict_keys(['tutorial_dag']) retrieved from /home/airflow/.local/lib/python3.7/site-packages/airflow/example_dags/tutorial_dag.py
[2023-05-29T22:49:28.523+0000] {logging_mixin.py:149} INFO - [2023-05-29T22:49:28.523+0000] {dag.py:2726} INFO - Sync 1 DAGs
[2023-05-29T22:49:28.562+0000] {logging_mixin.py:149} INFO - [2023-05-29T22:49:28.562+0000] {dag.py:3490} INFO - Setting next_dagrun for tutorial_dag to None, run_after=None
[2023-05-29T22:49:28.604+0000] {processor.py:179} INFO - Processing /home/airflow/.local/lib/python3.7/site-packages/airflow/example_dags/tutorial_dag.py took 0.155 seconds
[2023-05-29T22:49:58.859+0000] {processor.py:157} INFO - Started process (PID=124) to work on /home/airflow/.local/lib/python3.7/site-packages/airflow/example_dags/tutorial_dag.py
[2023-05-29T22:49:58.861+0000] {processor.py:826} INFO - Processing file /home/airflow/.local/lib/python3.7/site-packages/airflow/example_dags/tutorial_dag.py for tasks to queue
[2023-05-29T22:49:58.862+0000] {logging_mixin.py:149} INFO - [2023-05-29T22:49:58.862+0000] {dagbag.py:541} INFO - Filling up the DagBag from /home/airflow/.local/lib/python3.7/site-packages/airflow/example_dags/tutorial_dag.py
[2023-05-29T22:49:58.867+0000] {processor.py:836} INFO - DAG(s) dict_keys(['tutorial_dag']) retrieved from /home/airflow/.local/lib/python3.7/site-packages/airflow/example_dags/tutorial_dag.py
[2023-05-29T22:49:58.884+0000] {logging_mixin.py:149} INFO - [2023-05-29T22:49:58.884+0000] {dag.py:2726} INFO - Sync 1 DAGs
[2023-05-29T22:49:58.903+0000] {logging_mixin.py:149} INFO - [2023-05-29T22:49:58.903+0000] {dag.py:3490} INFO - Setting next_dagrun for tutorial_dag to None, run_after=None
[2023-05-29T22:49:58.915+0000] {processor.py:179} INFO - Processing /home/airflow/.local/lib/python3.7/site-packages/airflow/example_dags/tutorial_dag.py took 0.059 seconds
[2023-05-29T22:51:44.270+0000] {processor.py:157} INFO - Started process (PID=68) to work on /home/airflow/.local/lib/python3.7/site-packages/airflow/example_dags/tutorial_dag.py
[2023-05-29T22:51:44.279+0000] {processor.py:826} INFO - Processing file /home/airflow/.local/lib/python3.7/site-packages/airflow/example_dags/tutorial_dag.py for tasks to queue
[2023-05-29T22:51:44.282+0000] {logging_mixin.py:149} INFO - [2023-05-29T22:51:44.282+0000] {dagbag.py:541} INFO - Filling up the DagBag from /home/airflow/.local/lib/python3.7/site-packages/airflow/example_dags/tutorial_dag.py
[2023-05-29T22:51:44.298+0000] {processor.py:836} INFO - DAG(s) dict_keys(['tutorial_dag']) retrieved from /home/airflow/.local/lib/python3.7/site-packages/airflow/example_dags/tutorial_dag.py
[2023-05-29T22:51:44.343+0000] {logging_mixin.py:149} INFO - [2023-05-29T22:51:44.342+0000] {dag.py:2726} INFO - Sync 1 DAGs
[2023-05-29T22:51:44.395+0000] {logging_mixin.py:149} INFO - [2023-05-29T22:51:44.395+0000] {dag.py:3490} INFO - Setting next_dagrun for tutorial_dag to None, run_after=None
[2023-05-29T22:51:44.442+0000] {processor.py:179} INFO - Processing /home/airflow/.local/lib/python3.7/site-packages/airflow/example_dags/tutorial_dag.py took 0.188 seconds
[2023-05-29T22:52:15.483+0000] {processor.py:157} INFO - Started process (PID=124) to work on /home/airflow/.local/lib/python3.7/site-packages/airflow/example_dags/tutorial_dag.py
[2023-05-29T22:52:15.484+0000] {processor.py:826} INFO - Processing file /home/airflow/.local/lib/python3.7/site-packages/airflow/example_dags/tutorial_dag.py for tasks to queue
[2023-05-29T22:52:15.485+0000] {logging_mixin.py:149} INFO - [2023-05-29T22:52:15.485+0000] {dagbag.py:541} INFO - Filling up the DagBag from /home/airflow/.local/lib/python3.7/site-packages/airflow/example_dags/tutorial_dag.py
[2023-05-29T22:52:15.489+0000] {processor.py:836} INFO - DAG(s) dict_keys(['tutorial_dag']) retrieved from /home/airflow/.local/lib/python3.7/site-packages/airflow/example_dags/tutorial_dag.py
[2023-05-29T22:52:15.509+0000] {logging_mixin.py:149} INFO - [2023-05-29T22:52:15.509+0000] {dag.py:2726} INFO - Sync 1 DAGs
[2023-05-29T22:52:15.525+0000] {logging_mixin.py:149} INFO - [2023-05-29T22:52:15.525+0000] {dag.py:3490} INFO - Setting next_dagrun for tutorial_dag to None, run_after=None
[2023-05-29T22:52:15.535+0000] {processor.py:179} INFO - Processing /home/airflow/.local/lib/python3.7/site-packages/airflow/example_dags/tutorial_dag.py took 0.055 seconds
[2023-05-29T22:52:46.787+0000] {processor.py:157} INFO - Started process (PID=180) to work on /home/airflow/.local/lib/python3.7/site-packages/airflow/example_dags/tutorial_dag.py
[2023-05-29T22:52:46.791+0000] {processor.py:826} INFO - Processing file /home/airflow/.local/lib/python3.7/site-packages/airflow/example_dags/tutorial_dag.py for tasks to queue
[2023-05-29T22:52:46.795+0000] {logging_mixin.py:149} INFO - [2023-05-29T22:52:46.795+0000] {dagbag.py:541} INFO - Filling up the DagBag from /home/airflow/.local/lib/python3.7/site-packages/airflow/example_dags/tutorial_dag.py
[2023-05-29T22:52:46.807+0000] {processor.py:836} INFO - DAG(s) dict_keys(['tutorial_dag']) retrieved from /home/airflow/.local/lib/python3.7/site-packages/airflow/example_dags/tutorial_dag.py
[2023-05-29T22:52:46.829+0000] {logging_mixin.py:149} INFO - [2023-05-29T22:52:46.829+0000] {dag.py:2726} INFO - Sync 1 DAGs
[2023-05-29T22:52:46.850+0000] {logging_mixin.py:149} INFO - [2023-05-29T22:52:46.850+0000] {dag.py:3490} INFO - Setting next_dagrun for tutorial_dag to None, run_after=None
[2023-05-29T22:52:46.863+0000] {processor.py:179} INFO - Processing /home/airflow/.local/lib/python3.7/site-packages/airflow/example_dags/tutorial_dag.py took 0.080 seconds
