[2023-05-29T22:42:27.373+0000] {processor.py:157} INFO - Started process (PID=45) to work on /home/airflow/.local/lib/python3.7/site-packages/airflow/example_dags/tutorial.py
[2023-05-29T22:42:27.374+0000] {processor.py:826} INFO - Processing file /home/airflow/.local/lib/python3.7/site-packages/airflow/example_dags/tutorial.py for tasks to queue
[2023-05-29T22:42:27.375+0000] {logging_mixin.py:149} INFO - [2023-05-29T22:42:27.375+0000] {dagbag.py:541} INFO - Filling up the DagBag from /home/airflow/.local/lib/python3.7/site-packages/airflow/example_dags/tutorial.py
[2023-05-29T22:42:27.383+0000] {processor.py:836} INFO - DAG(s) dict_keys(['tutorial']) retrieved from /home/airflow/.local/lib/python3.7/site-packages/airflow/example_dags/tutorial.py
[2023-05-29T22:42:27.402+0000] {logging_mixin.py:149} INFO - [2023-05-29T22:42:27.401+0000] {dag.py:2726} INFO - Sync 1 DAGs
[2023-05-29T22:42:27.429+0000] {logging_mixin.py:149} INFO - [2023-05-29T22:42:27.429+0000] {dag.py:3490} INFO - Setting next_dagrun for tutorial to 2023-05-28T22:42:27.429092+00:00, run_after=2023-05-29T22:42:27.429092+00:00
[2023-05-29T22:42:27.446+0000] {processor.py:179} INFO - Processing /home/airflow/.local/lib/python3.7/site-packages/airflow/example_dags/tutorial.py took 0.076 seconds
[2023-05-29T22:42:57.924+0000] {processor.py:157} INFO - Started process (PID=101) to work on /home/airflow/.local/lib/python3.7/site-packages/airflow/example_dags/tutorial.py
[2023-05-29T22:42:57.927+0000] {processor.py:826} INFO - Processing file /home/airflow/.local/lib/python3.7/site-packages/airflow/example_dags/tutorial.py for tasks to queue
[2023-05-29T22:42:57.927+0000] {logging_mixin.py:149} INFO - [2023-05-29T22:42:57.927+0000] {dagbag.py:541} INFO - Filling up the DagBag from /home/airflow/.local/lib/python3.7/site-packages/airflow/example_dags/tutorial.py
[2023-05-29T22:42:57.936+0000] {processor.py:836} INFO - DAG(s) dict_keys(['tutorial']) retrieved from /home/airflow/.local/lib/python3.7/site-packages/airflow/example_dags/tutorial.py
[2023-05-29T22:42:57.958+0000] {logging_mixin.py:149} INFO - [2023-05-29T22:42:57.958+0000] {dag.py:2726} INFO - Sync 1 DAGs
[2023-05-29T22:42:57.979+0000] {logging_mixin.py:149} INFO - [2023-05-29T22:42:57.979+0000] {dag.py:3490} INFO - Setting next_dagrun for tutorial to 2023-05-28T22:42:57.979237+00:00, run_after=2023-05-29T22:42:57.979237+00:00
[2023-05-29T22:42:57.996+0000] {processor.py:179} INFO - Processing /home/airflow/.local/lib/python3.7/site-packages/airflow/example_dags/tutorial.py took 0.074 seconds
[2023-05-29T22:43:28.881+0000] {processor.py:157} INFO - Started process (PID=157) to work on /home/airflow/.local/lib/python3.7/site-packages/airflow/example_dags/tutorial.py
[2023-05-29T22:43:28.884+0000] {processor.py:826} INFO - Processing file /home/airflow/.local/lib/python3.7/site-packages/airflow/example_dags/tutorial.py for tasks to queue
[2023-05-29T22:43:28.886+0000] {logging_mixin.py:149} INFO - [2023-05-29T22:43:28.886+0000] {dagbag.py:541} INFO - Filling up the DagBag from /home/airflow/.local/lib/python3.7/site-packages/airflow/example_dags/tutorial.py
[2023-05-29T22:43:28.896+0000] {processor.py:836} INFO - DAG(s) dict_keys(['tutorial']) retrieved from /home/airflow/.local/lib/python3.7/site-packages/airflow/example_dags/tutorial.py
[2023-05-29T22:43:28.921+0000] {logging_mixin.py:149} INFO - [2023-05-29T22:43:28.921+0000] {dag.py:2726} INFO - Sync 1 DAGs
[2023-05-29T22:43:28.937+0000] {logging_mixin.py:149} INFO - [2023-05-29T22:43:28.937+0000] {dag.py:3490} INFO - Setting next_dagrun for tutorial to 2023-05-28T22:43:28.937451+00:00, run_after=2023-05-29T22:43:28.937451+00:00
[2023-05-29T22:43:28.949+0000] {processor.py:179} INFO - Processing /home/airflow/.local/lib/python3.7/site-packages/airflow/example_dags/tutorial.py took 0.074 seconds
[2023-05-29T22:43:59.428+0000] {processor.py:157} INFO - Started process (PID=213) to work on /home/airflow/.local/lib/python3.7/site-packages/airflow/example_dags/tutorial.py
[2023-05-29T22:43:59.430+0000] {processor.py:826} INFO - Processing file /home/airflow/.local/lib/python3.7/site-packages/airflow/example_dags/tutorial.py for tasks to queue
[2023-05-29T22:43:59.432+0000] {logging_mixin.py:149} INFO - [2023-05-29T22:43:59.432+0000] {dagbag.py:541} INFO - Filling up the DagBag from /home/airflow/.local/lib/python3.7/site-packages/airflow/example_dags/tutorial.py
[2023-05-29T22:43:59.439+0000] {processor.py:836} INFO - DAG(s) dict_keys(['tutorial']) retrieved from /home/airflow/.local/lib/python3.7/site-packages/airflow/example_dags/tutorial.py
[2023-05-29T22:43:59.461+0000] {logging_mixin.py:149} INFO - [2023-05-29T22:43:59.460+0000] {dag.py:2726} INFO - Sync 1 DAGs
[2023-05-29T22:43:59.476+0000] {logging_mixin.py:149} INFO - [2023-05-29T22:43:59.476+0000] {dag.py:3490} INFO - Setting next_dagrun for tutorial to 2023-05-28T22:43:59.475806+00:00, run_after=2023-05-29T22:43:59.475806+00:00
[2023-05-29T22:43:59.486+0000] {processor.py:179} INFO - Processing /home/airflow/.local/lib/python3.7/site-packages/airflow/example_dags/tutorial.py took 0.062 seconds
[2023-05-29T22:44:29.796+0000] {processor.py:157} INFO - Started process (PID=277) to work on /home/airflow/.local/lib/python3.7/site-packages/airflow/example_dags/tutorial.py
[2023-05-29T22:44:29.797+0000] {processor.py:826} INFO - Processing file /home/airflow/.local/lib/python3.7/site-packages/airflow/example_dags/tutorial.py for tasks to queue
[2023-05-29T22:44:29.798+0000] {logging_mixin.py:149} INFO - [2023-05-29T22:44:29.798+0000] {dagbag.py:541} INFO - Filling up the DagBag from /home/airflow/.local/lib/python3.7/site-packages/airflow/example_dags/tutorial.py
[2023-05-29T22:44:29.806+0000] {processor.py:836} INFO - DAG(s) dict_keys(['tutorial']) retrieved from /home/airflow/.local/lib/python3.7/site-packages/airflow/example_dags/tutorial.py
[2023-05-29T22:44:29.830+0000] {logging_mixin.py:149} INFO - [2023-05-29T22:44:29.830+0000] {dag.py:2726} INFO - Sync 1 DAGs
[2023-05-29T22:44:29.846+0000] {logging_mixin.py:149} INFO - [2023-05-29T22:44:29.846+0000] {dag.py:3490} INFO - Setting next_dagrun for tutorial to 2023-05-28T22:44:29.846064+00:00, run_after=2023-05-29T22:44:29.846064+00:00
[2023-05-29T22:44:29.859+0000] {processor.py:179} INFO - Processing /home/airflow/.local/lib/python3.7/site-packages/airflow/example_dags/tutorial.py took 0.068 seconds
[2023-05-29T22:45:00.367+0000] {processor.py:157} INFO - Started process (PID=333) to work on /home/airflow/.local/lib/python3.7/site-packages/airflow/example_dags/tutorial.py
[2023-05-29T22:45:00.368+0000] {processor.py:826} INFO - Processing file /home/airflow/.local/lib/python3.7/site-packages/airflow/example_dags/tutorial.py for tasks to queue
[2023-05-29T22:45:00.369+0000] {logging_mixin.py:149} INFO - [2023-05-29T22:45:00.369+0000] {dagbag.py:541} INFO - Filling up the DagBag from /home/airflow/.local/lib/python3.7/site-packages/airflow/example_dags/tutorial.py
[2023-05-29T22:45:00.383+0000] {processor.py:836} INFO - DAG(s) dict_keys(['tutorial']) retrieved from /home/airflow/.local/lib/python3.7/site-packages/airflow/example_dags/tutorial.py
[2023-05-29T22:45:00.424+0000] {logging_mixin.py:149} INFO - [2023-05-29T22:45:00.423+0000] {dag.py:2726} INFO - Sync 1 DAGs
[2023-05-29T22:45:00.456+0000] {logging_mixin.py:149} INFO - [2023-05-29T22:45:00.456+0000] {dag.py:3490} INFO - Setting next_dagrun for tutorial to 2023-05-28T22:45:00.456127+00:00, run_after=2023-05-29T22:45:00.456127+00:00
[2023-05-29T22:45:00.478+0000] {processor.py:179} INFO - Processing /home/airflow/.local/lib/python3.7/site-packages/airflow/example_dags/tutorial.py took 0.116 seconds
[2023-05-29T22:45:30.817+0000] {processor.py:157} INFO - Started process (PID=389) to work on /home/airflow/.local/lib/python3.7/site-packages/airflow/example_dags/tutorial.py
[2023-05-29T22:45:30.819+0000] {processor.py:826} INFO - Processing file /home/airflow/.local/lib/python3.7/site-packages/airflow/example_dags/tutorial.py for tasks to queue
[2023-05-29T22:45:30.821+0000] {logging_mixin.py:149} INFO - [2023-05-29T22:45:30.821+0000] {dagbag.py:541} INFO - Filling up the DagBag from /home/airflow/.local/lib/python3.7/site-packages/airflow/example_dags/tutorial.py
[2023-05-29T22:45:30.836+0000] {processor.py:836} INFO - DAG(s) dict_keys(['tutorial']) retrieved from /home/airflow/.local/lib/python3.7/site-packages/airflow/example_dags/tutorial.py
[2023-05-29T22:45:30.880+0000] {logging_mixin.py:149} INFO - [2023-05-29T22:45:30.879+0000] {dag.py:2726} INFO - Sync 1 DAGs
[2023-05-29T22:45:30.958+0000] {logging_mixin.py:149} INFO - [2023-05-29T22:45:30.958+0000] {dag.py:3490} INFO - Setting next_dagrun for tutorial to 2023-05-28T22:45:30.957843+00:00, run_after=2023-05-29T22:45:30.957843+00:00
[2023-05-29T22:45:30.985+0000] {processor.py:179} INFO - Processing /home/airflow/.local/lib/python3.7/site-packages/airflow/example_dags/tutorial.py took 0.173 seconds
[2023-05-29T22:46:01.490+0000] {processor.py:157} INFO - Started process (PID=445) to work on /home/airflow/.local/lib/python3.7/site-packages/airflow/example_dags/tutorial.py
[2023-05-29T22:46:01.491+0000] {processor.py:826} INFO - Processing file /home/airflow/.local/lib/python3.7/site-packages/airflow/example_dags/tutorial.py for tasks to queue
[2023-05-29T22:46:01.492+0000] {logging_mixin.py:149} INFO - [2023-05-29T22:46:01.492+0000] {dagbag.py:541} INFO - Filling up the DagBag from /home/airflow/.local/lib/python3.7/site-packages/airflow/example_dags/tutorial.py
[2023-05-29T22:46:01.508+0000] {processor.py:836} INFO - DAG(s) dict_keys(['tutorial']) retrieved from /home/airflow/.local/lib/python3.7/site-packages/airflow/example_dags/tutorial.py
[2023-05-29T22:46:01.562+0000] {logging_mixin.py:149} INFO - [2023-05-29T22:46:01.562+0000] {dag.py:2726} INFO - Sync 1 DAGs
[2023-05-29T22:46:01.590+0000] {logging_mixin.py:149} INFO - [2023-05-29T22:46:01.590+0000] {dag.py:3490} INFO - Setting next_dagrun for tutorial to 2023-05-28T22:46:01.590128+00:00, run_after=2023-05-29T22:46:01.590128+00:00
[2023-05-29T22:46:01.612+0000] {processor.py:179} INFO - Processing /home/airflow/.local/lib/python3.7/site-packages/airflow/example_dags/tutorial.py took 0.126 seconds
[2023-05-29T22:46:31.820+0000] {processor.py:157} INFO - Started process (PID=501) to work on /home/airflow/.local/lib/python3.7/site-packages/airflow/example_dags/tutorial.py
[2023-05-29T22:46:31.831+0000] {processor.py:826} INFO - Processing file /home/airflow/.local/lib/python3.7/site-packages/airflow/example_dags/tutorial.py for tasks to queue
[2023-05-29T22:46:31.833+0000] {logging_mixin.py:149} INFO - [2023-05-29T22:46:31.833+0000] {dagbag.py:541} INFO - Filling up the DagBag from /home/airflow/.local/lib/python3.7/site-packages/airflow/example_dags/tutorial.py
[2023-05-29T22:46:31.849+0000] {processor.py:836} INFO - DAG(s) dict_keys(['tutorial']) retrieved from /home/airflow/.local/lib/python3.7/site-packages/airflow/example_dags/tutorial.py
[2023-05-29T22:46:31.887+0000] {logging_mixin.py:149} INFO - [2023-05-29T22:46:31.886+0000] {dag.py:2726} INFO - Sync 1 DAGs
[2023-05-29T22:46:31.906+0000] {logging_mixin.py:149} INFO - [2023-05-29T22:46:31.906+0000] {dag.py:3490} INFO - Setting next_dagrun for tutorial to 2023-05-28T22:46:31.905777+00:00, run_after=2023-05-29T22:46:31.905777+00:00
[2023-05-29T22:46:31.923+0000] {processor.py:179} INFO - Processing /home/airflow/.local/lib/python3.7/site-packages/airflow/example_dags/tutorial.py took 0.108 seconds
[2023-05-29T22:47:02.024+0000] {processor.py:157} INFO - Started process (PID=557) to work on /home/airflow/.local/lib/python3.7/site-packages/airflow/example_dags/tutorial.py
[2023-05-29T22:47:02.025+0000] {processor.py:826} INFO - Processing file /home/airflow/.local/lib/python3.7/site-packages/airflow/example_dags/tutorial.py for tasks to queue
[2023-05-29T22:47:02.026+0000] {logging_mixin.py:149} INFO - [2023-05-29T22:47:02.026+0000] {dagbag.py:541} INFO - Filling up the DagBag from /home/airflow/.local/lib/python3.7/site-packages/airflow/example_dags/tutorial.py
[2023-05-29T22:47:02.038+0000] {processor.py:836} INFO - DAG(s) dict_keys(['tutorial']) retrieved from /home/airflow/.local/lib/python3.7/site-packages/airflow/example_dags/tutorial.py
[2023-05-29T22:47:02.068+0000] {logging_mixin.py:149} INFO - [2023-05-29T22:47:02.068+0000] {dag.py:2726} INFO - Sync 1 DAGs
[2023-05-29T22:47:02.095+0000] {logging_mixin.py:149} INFO - [2023-05-29T22:47:02.094+0000] {dag.py:3490} INFO - Setting next_dagrun for tutorial to 2023-05-28T22:47:02.094669+00:00, run_after=2023-05-29T22:47:02.094669+00:00
[2023-05-29T22:47:02.111+0000] {processor.py:179} INFO - Processing /home/airflow/.local/lib/python3.7/site-packages/airflow/example_dags/tutorial.py took 0.091 seconds
[2023-05-29T22:47:32.349+0000] {processor.py:157} INFO - Started process (PID=612) to work on /home/airflow/.local/lib/python3.7/site-packages/airflow/example_dags/tutorial.py
[2023-05-29T22:47:32.350+0000] {processor.py:826} INFO - Processing file /home/airflow/.local/lib/python3.7/site-packages/airflow/example_dags/tutorial.py for tasks to queue
[2023-05-29T22:47:32.351+0000] {logging_mixin.py:149} INFO - [2023-05-29T22:47:32.351+0000] {dagbag.py:541} INFO - Filling up the DagBag from /home/airflow/.local/lib/python3.7/site-packages/airflow/example_dags/tutorial.py
[2023-05-29T22:47:32.357+0000] {processor.py:836} INFO - DAG(s) dict_keys(['tutorial']) retrieved from /home/airflow/.local/lib/python3.7/site-packages/airflow/example_dags/tutorial.py
[2023-05-29T22:47:32.377+0000] {logging_mixin.py:149} INFO - [2023-05-29T22:47:32.376+0000] {dag.py:2726} INFO - Sync 1 DAGs
[2023-05-29T22:47:32.392+0000] {logging_mixin.py:149} INFO - [2023-05-29T22:47:32.392+0000] {dag.py:3490} INFO - Setting next_dagrun for tutorial to 2023-05-28T22:47:32.391901+00:00, run_after=2023-05-29T22:47:32.391901+00:00
[2023-05-29T22:47:32.403+0000] {processor.py:179} INFO - Processing /home/airflow/.local/lib/python3.7/site-packages/airflow/example_dags/tutorial.py took 0.057 seconds
[2023-05-29T22:48:02.540+0000] {processor.py:157} INFO - Started process (PID=668) to work on /home/airflow/.local/lib/python3.7/site-packages/airflow/example_dags/tutorial.py
[2023-05-29T22:48:02.542+0000] {processor.py:826} INFO - Processing file /home/airflow/.local/lib/python3.7/site-packages/airflow/example_dags/tutorial.py for tasks to queue
[2023-05-29T22:48:02.542+0000] {logging_mixin.py:149} INFO - [2023-05-29T22:48:02.542+0000] {dagbag.py:541} INFO - Filling up the DagBag from /home/airflow/.local/lib/python3.7/site-packages/airflow/example_dags/tutorial.py
[2023-05-29T22:48:02.550+0000] {processor.py:836} INFO - DAG(s) dict_keys(['tutorial']) retrieved from /home/airflow/.local/lib/python3.7/site-packages/airflow/example_dags/tutorial.py
[2023-05-29T22:48:02.571+0000] {logging_mixin.py:149} INFO - [2023-05-29T22:48:02.571+0000] {dag.py:2726} INFO - Sync 1 DAGs
[2023-05-29T22:48:02.587+0000] {logging_mixin.py:149} INFO - [2023-05-29T22:48:02.587+0000] {dag.py:3490} INFO - Setting next_dagrun for tutorial to 2023-05-28T22:48:02.587542+00:00, run_after=2023-05-29T22:48:02.587542+00:00
[2023-05-29T22:48:02.600+0000] {processor.py:179} INFO - Processing /home/airflow/.local/lib/python3.7/site-packages/airflow/example_dags/tutorial.py took 0.062 seconds
[2023-05-29T22:49:24.778+0000] {processor.py:157} INFO - Started process (PID=46) to work on /home/airflow/.local/lib/python3.7/site-packages/airflow/example_dags/tutorial.py
[2023-05-29T22:49:24.780+0000] {processor.py:826} INFO - Processing file /home/airflow/.local/lib/python3.7/site-packages/airflow/example_dags/tutorial.py for tasks to queue
[2023-05-29T22:49:24.781+0000] {logging_mixin.py:149} INFO - [2023-05-29T22:49:24.781+0000] {dagbag.py:541} INFO - Filling up the DagBag from /home/airflow/.local/lib/python3.7/site-packages/airflow/example_dags/tutorial.py
[2023-05-29T22:49:24.812+0000] {processor.py:836} INFO - DAG(s) dict_keys(['tutorial']) retrieved from /home/airflow/.local/lib/python3.7/site-packages/airflow/example_dags/tutorial.py
[2023-05-29T22:49:24.830+0000] {logging_mixin.py:149} INFO - [2023-05-29T22:49:24.830+0000] {dag.py:2726} INFO - Sync 1 DAGs
[2023-05-29T22:49:24.855+0000] {logging_mixin.py:149} INFO - [2023-05-29T22:49:24.855+0000] {dag.py:3490} INFO - Setting next_dagrun for tutorial to 2023-05-28T22:49:24.854719+00:00, run_after=2023-05-29T22:49:24.854719+00:00
[2023-05-29T22:49:24.901+0000] {processor.py:179} INFO - Processing /home/airflow/.local/lib/python3.7/site-packages/airflow/example_dags/tutorial.py took 0.126 seconds
[2023-05-29T22:49:55.268+0000] {processor.py:157} INFO - Started process (PID=102) to work on /home/airflow/.local/lib/python3.7/site-packages/airflow/example_dags/tutorial.py
[2023-05-29T22:49:55.270+0000] {processor.py:826} INFO - Processing file /home/airflow/.local/lib/python3.7/site-packages/airflow/example_dags/tutorial.py for tasks to queue
[2023-05-29T22:49:55.270+0000] {logging_mixin.py:149} INFO - [2023-05-29T22:49:55.270+0000] {dagbag.py:541} INFO - Filling up the DagBag from /home/airflow/.local/lib/python3.7/site-packages/airflow/example_dags/tutorial.py
[2023-05-29T22:49:55.275+0000] {processor.py:836} INFO - DAG(s) dict_keys(['tutorial']) retrieved from /home/airflow/.local/lib/python3.7/site-packages/airflow/example_dags/tutorial.py
[2023-05-29T22:49:55.295+0000] {logging_mixin.py:149} INFO - [2023-05-29T22:49:55.295+0000] {dag.py:2726} INFO - Sync 1 DAGs
[2023-05-29T22:49:55.312+0000] {logging_mixin.py:149} INFO - [2023-05-29T22:49:55.311+0000] {dag.py:3490} INFO - Setting next_dagrun for tutorial to 2023-05-28T22:49:55.311708+00:00, run_after=2023-05-29T22:49:55.311708+00:00
[2023-05-29T22:49:55.323+0000] {processor.py:179} INFO - Processing /home/airflow/.local/lib/python3.7/site-packages/airflow/example_dags/tutorial.py took 0.057 seconds
[2023-05-29T22:50:30.216+0000] {processor.py:157} INFO - Started process (PID=158) to work on /home/airflow/.local/lib/python3.7/site-packages/airflow/example_dags/tutorial.py
[2023-05-29T22:50:30.218+0000] {processor.py:826} INFO - Processing file /home/airflow/.local/lib/python3.7/site-packages/airflow/example_dags/tutorial.py for tasks to queue
[2023-05-29T22:50:30.219+0000] {logging_mixin.py:149} INFO - [2023-05-29T22:50:30.219+0000] {dagbag.py:541} INFO - Filling up the DagBag from /home/airflow/.local/lib/python3.7/site-packages/airflow/example_dags/tutorial.py
[2023-05-29T22:50:30.225+0000] {processor.py:836} INFO - DAG(s) dict_keys(['tutorial']) retrieved from /home/airflow/.local/lib/python3.7/site-packages/airflow/example_dags/tutorial.py
[2023-05-29T22:50:30.240+0000] {logging_mixin.py:149} INFO - [2023-05-29T22:50:30.240+0000] {dag.py:2726} INFO - Sync 1 DAGs
[2023-05-29T22:50:30.267+0000] {logging_mixin.py:149} INFO - [2023-05-29T22:50:30.267+0000] {dag.py:3490} INFO - Setting next_dagrun for tutorial to 2023-05-28T22:50:30.267129+00:00, run_after=2023-05-29T22:50:30.267129+00:00
[2023-05-29T22:50:30.284+0000] {processor.py:179} INFO - Processing /home/airflow/.local/lib/python3.7/site-packages/airflow/example_dags/tutorial.py took 0.072 seconds
[2023-05-29T22:51:40.816+0000] {processor.py:157} INFO - Started process (PID=46) to work on /home/airflow/.local/lib/python3.7/site-packages/airflow/example_dags/tutorial.py
[2023-05-29T22:51:40.819+0000] {processor.py:826} INFO - Processing file /home/airflow/.local/lib/python3.7/site-packages/airflow/example_dags/tutorial.py for tasks to queue
[2023-05-29T22:51:40.820+0000] {logging_mixin.py:149} INFO - [2023-05-29T22:51:40.820+0000] {dagbag.py:541} INFO - Filling up the DagBag from /home/airflow/.local/lib/python3.7/site-packages/airflow/example_dags/tutorial.py
[2023-05-29T22:51:40.842+0000] {processor.py:836} INFO - DAG(s) dict_keys(['tutorial']) retrieved from /home/airflow/.local/lib/python3.7/site-packages/airflow/example_dags/tutorial.py
[2023-05-29T22:51:40.865+0000] {logging_mixin.py:149} INFO - [2023-05-29T22:51:40.865+0000] {dag.py:2726} INFO - Sync 1 DAGs
[2023-05-29T22:51:40.889+0000] {logging_mixin.py:149} INFO - [2023-05-29T22:51:40.889+0000] {dag.py:3490} INFO - Setting next_dagrun for tutorial to 2023-05-28T22:51:40.889123+00:00, run_after=2023-05-29T22:51:40.889123+00:00
[2023-05-29T22:51:40.910+0000] {processor.py:179} INFO - Processing /home/airflow/.local/lib/python3.7/site-packages/airflow/example_dags/tutorial.py took 0.101 seconds
[2023-05-29T22:52:11.784+0000] {processor.py:157} INFO - Started process (PID=102) to work on /home/airflow/.local/lib/python3.7/site-packages/airflow/example_dags/tutorial.py
[2023-05-29T22:52:11.788+0000] {processor.py:826} INFO - Processing file /home/airflow/.local/lib/python3.7/site-packages/airflow/example_dags/tutorial.py for tasks to queue
[2023-05-29T22:52:11.789+0000] {logging_mixin.py:149} INFO - [2023-05-29T22:52:11.789+0000] {dagbag.py:541} INFO - Filling up the DagBag from /home/airflow/.local/lib/python3.7/site-packages/airflow/example_dags/tutorial.py
[2023-05-29T22:52:11.809+0000] {processor.py:836} INFO - DAG(s) dict_keys(['tutorial']) retrieved from /home/airflow/.local/lib/python3.7/site-packages/airflow/example_dags/tutorial.py
[2023-05-29T22:52:11.840+0000] {logging_mixin.py:149} INFO - [2023-05-29T22:52:11.840+0000] {dag.py:2726} INFO - Sync 1 DAGs
[2023-05-29T22:52:11.856+0000] {logging_mixin.py:149} INFO - [2023-05-29T22:52:11.856+0000] {dag.py:3490} INFO - Setting next_dagrun for tutorial to 2023-05-28T22:52:11.856295+00:00, run_after=2023-05-29T22:52:11.856295+00:00
[2023-05-29T22:52:11.870+0000] {processor.py:179} INFO - Processing /home/airflow/.local/lib/python3.7/site-packages/airflow/example_dags/tutorial.py took 0.098 seconds
[2023-05-29T22:52:42.196+0000] {processor.py:157} INFO - Started process (PID=158) to work on /home/airflow/.local/lib/python3.7/site-packages/airflow/example_dags/tutorial.py
[2023-05-29T22:52:42.198+0000] {processor.py:826} INFO - Processing file /home/airflow/.local/lib/python3.7/site-packages/airflow/example_dags/tutorial.py for tasks to queue
[2023-05-29T22:52:42.199+0000] {logging_mixin.py:149} INFO - [2023-05-29T22:52:42.198+0000] {dagbag.py:541} INFO - Filling up the DagBag from /home/airflow/.local/lib/python3.7/site-packages/airflow/example_dags/tutorial.py
[2023-05-29T22:52:42.204+0000] {processor.py:836} INFO - DAG(s) dict_keys(['tutorial']) retrieved from /home/airflow/.local/lib/python3.7/site-packages/airflow/example_dags/tutorial.py
[2023-05-29T22:52:42.224+0000] {logging_mixin.py:149} INFO - [2023-05-29T22:52:42.224+0000] {dag.py:2726} INFO - Sync 1 DAGs
[2023-05-29T22:52:42.243+0000] {logging_mixin.py:149} INFO - [2023-05-29T22:52:42.243+0000] {dag.py:3490} INFO - Setting next_dagrun for tutorial to 2023-05-28T22:52:42.242934+00:00, run_after=2023-05-29T22:52:42.242934+00:00
[2023-05-29T22:52:42.260+0000] {processor.py:179} INFO - Processing /home/airflow/.local/lib/python3.7/site-packages/airflow/example_dags/tutorial.py took 0.067 seconds
